TpTrace Verbose: 0 : 20616, 1, 2022/05/22, 17:27:17.673, 7663268908988, testhost.dll, Version: 16.11.0
TpTrace Information: 0 : 20616, 1, 2022/05/22, 17:27:17.700, 7663269022503, testhost.dll, DefaultEngineInvoker.Invoke: Testhost process started with args :[--port, 56740],[--endpoint, 127.0.0.1:056740],[--role, client],[--parentprocessid, 11528],[--diag, D:\MyWorks\Assignment\Cognizant\BusinessLayer.Test\bin\Debug\net5.0\fine-code-coverage\coverage-tool-output\diagnostics.host.22-05-22_17-27-17_24104_5.log],[--tracelevel, 4],[--datacollectionport, 56739],[--telemetryoptedin, false]
TpTrace Information: 0 : 20616, 1, 2022/05/22, 17:27:17.704, 7663269061429, testhost.dll, Setting up debug trace listener.
TpTrace Verbose: 0 : 20616, 1, 2022/05/22, 17:27:17.705, 7663269071955, testhost.dll, TestPlatformTraceListener.Setup: Replacing listener 0 with TestHostTraceListener.
TpTrace Verbose: 0 : 20616, 1, 2022/05/22, 17:27:17.705, 7663269073999, testhost.dll, TestPlatformTraceListener.Setup: Added test platform trace listener.
TpTrace Information: 0 : 20616, 1, 2022/05/22, 17:27:17.706, 7663269083459, testhost.dll, DefaultEngineInvoker.SetParentProcessExitCallback: Monitoring parent process with id: '11528'
TpTrace Information: 0 : 20616, 1, 2022/05/22, 17:27:17.725, 7663269270360, testhost.dll, DefaultEngineInvoker.GetConnectionInfo: Initialize communication on endpoint address: '127.0.0.1:056740'
TpTrace Information: 0 : 20616, 1, 2022/05/22, 17:27:17.759, 7663269611490, testhost.dll, SocketClient.Start: connecting to server endpoint: 127.0.0.1:056740
TpTrace Information: 0 : 20616, 1, 2022/05/22, 17:27:17.775, 7663269770367, testhost.dll, DefaultEngineInvoker.ConnectToDatacollector: Connecting to datacollector, port: 56739
TpTrace Information: 0 : 20616, 4, 2022/05/22, 17:27:17.778, 7663269800485, testhost.dll, SocketClient.OnServerConnected: connected to server endpoint: 127.0.0.1:056740
TpTrace Verbose: 0 : 20616, 4, 2022/05/22, 17:27:17.782, 7663269841162, testhost.dll, Connected to server, and starting MessageLoopAsync
TpTrace Information: 0 : 20616, 1, 2022/05/22, 17:27:17.783, 7663269849794, testhost.dll, Trying to connect to server on socket : 127.0.0.1:56739 
TpTrace Verbose: 0 : 20616, 1, 2022/05/22, 17:27:17.784, 7663269858736, testhost.dll, SocketCommunicationManager : SetupClientAsync : Attempting to connect to the server.
TpTrace Information: 0 : 20616, 10, 2022/05/22, 17:27:17.787, 7663269891901, testhost.dll, Connected to the server successfully 
TpTrace Information: 0 : 20616, 10, 2022/05/22, 17:27:17.787, 7663269893972, testhost.dll, Using the buffer size of 16384 bytes
TpTrace Information: 0 : 20616, 1, 2022/05/22, 17:27:17.788, 7663269905202, testhost.dll, DefaultEngineInvoker.Invoke: Start Request Processing.
TpTrace Verbose: 0 : 20616, 4, 2022/05/22, 17:27:17.790, 7663269926724, testhost.dll, TcpClientExtensions.MessageLoopAsync: Polling on remoteEndPoint: [::ffff:127.0.0.1]:56740 localEndPoint: [::ffff:127.0.0.1]:56743
TpTrace Information: 0 : 20616, 11, 2022/05/22, 17:27:17.791, 7663269934997, testhost.dll, DefaultEngineInvoker.StartProcessingAsync: Connected to vstest.console, Starting process requests.
TpTrace Verbose: 0 : 20616, 4, 2022/05/22, 17:27:17.793, 7663269951589, testhost.dll, TcpClientExtensions.MessageLoopAsync: NotifyDataAvailable remoteEndPoint: [::ffff:127.0.0.1]:56740 localEndPoint: [::ffff:127.0.0.1]:56743
TpTrace Information: 0 : 20616, 4, 2022/05/22, 17:27:18.079, 7663272810505, testhost.dll, TestRequestHandler.OnMessageReceived: received message: (ProtocolVersion) -> 5
TpTrace Verbose: 0 : 20616, 4, 2022/05/22, 17:27:18.144, 7663273459544, testhost.dll, TestRequestHandler.SendData:  sending data from testhost: {"Version":5,"MessageType":"TestSession.Message","Payload":{"MessageLevel":0,"Message":"Logging TestHost Diagnostics in file: D:\\MyWorks\\Assignment\\Cognizant\\BusinessLayer.Test\\bin\\Debug\\net5.0\\fine-code-coverage\\coverage-tool-output\\diagnostics.host.22-05-22_17-27-17_24104_5.log"}}
TpTrace Verbose: 0 : 20616, 4, 2022/05/22, 17:27:18.144, 7663273463729, testhost.dll, TcpClientExtensions.MessageLoopAsync: Polling on remoteEndPoint: [::ffff:127.0.0.1]:56740 localEndPoint: [::ffff:127.0.0.1]:56743
TpTrace Verbose: 0 : 20616, 4, 2022/05/22, 17:27:18.145, 7663273467237, testhost.dll, TcpClientExtensions.MessageLoopAsync: NotifyDataAvailable remoteEndPoint: [::ffff:127.0.0.1]:56740 localEndPoint: [::ffff:127.0.0.1]:56743
TpTrace Information: 0 : 20616, 4, 2022/05/22, 17:27:18.154, 7663273565136, testhost.dll, TestRequestHandler.OnMessageReceived: received message: (TestExecution.Initialize) -> [
  "D:\\MyWorks\\Assignment\\Cognizant\\BusinessLayer.Test\\bin\\Debug\\net5.0\\fine-code-coverage\\build-output\\Microsoft.VisualStudio.TestPlatform.MSTest.TestAdapter.dll"
]
TpTrace Verbose: 0 : 20616, 4, 2022/05/22, 17:27:18.168, 7663273696819, testhost.dll, TcpClientExtensions.MessageLoopAsync: Polling on remoteEndPoint: [::ffff:127.0.0.1]:56740 localEndPoint: [::ffff:127.0.0.1]:56743
TpTrace Verbose: 0 : 20616, 4, 2022/05/22, 17:27:18.168, 7663273698660, testhost.dll, TcpClientExtensions.MessageLoopAsync: NotifyDataAvailable remoteEndPoint: [::ffff:127.0.0.1]:56740 localEndPoint: [::ffff:127.0.0.1]:56743
TpTrace Information: 0 : 20616, 5, 2022/05/22, 17:27:18.168, 7663273706184, testhost.dll, TestRequestHandler.OnMessageReceived: Running job 'TestExecution.Initialize'.
TpTrace Verbose: 0 : 20616, 5, 2022/05/22, 17:27:18.172, 7663273746297, testhost.dll, TestExecutorService: Loading the extensions
TpTrace Information: 0 : 20616, 4, 2022/05/22, 17:27:18.173, 7663273751621, testhost.dll, TestRequestHandler.OnMessageReceived: received message: (TestExecution.StartWithSources) -> {
  "AdapterSourceMap": {
    "_none_": [
      "D:\\MyWorks\\Assignment\\Cognizant\\BusinessLayer.Test\\bin\\Debug\\net5.0\\fine-code-coverage\\build-output\\BusinessLayer.Test.dll"
    ]
  },
  "RunSettings": "<RunSettings>\r\n  <RunConfiguration>\r\n    <ResultsDirectory>D:\\MyWorks\\Assignment\\Cognizant\\BusinessLayer.Test\\bin\\Debug\\net5.0\\fine-code-coverage\\coverage-tool-output</ResultsDirectory>\r\n    <TargetFrameworkVersion>.NETCoreApp,Version=v5.0</TargetFrameworkVersion>\r\n    <DesignMode>False</DesignMode>\r\n    <CollectSourceInformation>False</CollectSourceInformation>\r\n  </RunConfiguration>\r\n  <LoggerRunSettings>\r\n    <Loggers>\r\n      <Logger friendlyName=\"blame\" enabled=\"True\" />\r\n      <Logger friendlyName=\"Console\" uri=\"logger://microsoft/TestPlatform/ConsoleLogger/v1\" assemblyQualifiedName=\"Microsoft.VisualStudio.TestPlatform.CommandLine.Internal.ConsoleLogger, vstest.console, Version=15.0.0.0, Culture=neutral, PublicKeyToken=b03f5f7f11d50a3a\" codeBase=\"C:\\Program Files\\dotnet\\sdk\\6.0.300-preview.22204.3\\vstest.console.dll\" enabled=\"True\" />\r\n    </Loggers>\r\n  </LoggerRunSettings>\r\n  <DataCollectionRunSettings>\r\n    <DataCollectors>\r\n      <DataCollector friendlyName=\"blame\" enabled=\"True\">\r\n        <Configuration>\r\n          <ResultsDirectory>D:\\MyWorks\\Assignment\\Cognizant\\BusinessLayer.Test\\bin\\Debug\\net5.0\\fine-code-coverage\\coverage-tool-output</ResultsDirectory>\r\n        </Configuration>\r\n      </DataCollector>\r\n    </DataCollectors>\r\n  </DataCollectionRunSettings>\r\n</RunSettings>",
  "TestExecutionContext": {
    "FrequencyOfRunStatsChangeEvent": 10,
    "RunStatsChangeEventTimeout": "00:00:01.5000000",
    "InIsolation": false,
    "KeepAlive": false,
    "AreTestCaseLevelEventsRequired": false,
    "IsDebug": false,
    "TestCaseFilter": null,
    "FilterOptions": null
  },
  "Package": null
}
TpTrace Verbose: 0 : 20616, 5, 2022/05/22, 17:27:18.176, 7663273783841, testhost.dll, TestPluginCache.DiscoverTestExtensions: finding test extensions in assemblies ends with: TestAdapter.dll TPluginInfo: Microsoft.VisualStudio.TestPlatform.Common.ExtensionFramework.Utilities.TestExecutorPluginInformation TExtension: Microsoft.VisualStudio.TestPlatform.ObjectModel.Adapter.ITestExecutor
TpTrace Verbose: 0 : 20616, 5, 2022/05/22, 17:27:18.178, 7663273802139, testhost.dll, TestPluginCache.GetExtensionPaths: Filtered extension paths: 
TpTrace Verbose: 0 : 20616, 5, 2022/05/22, 17:27:18.179, 7663273811725, testhost.dll, TestPluginCache.GetExtensionPaths: Added default extension paths: D:\MyWorks\Assignment\Cognizant\BusinessLayer.Test\bin\Debug\net5.0\fine-code-coverage\build-output\Microsoft.VisualStudio.TestPlatform.MSTest.TestAdapter.dll
TpTrace Verbose: 0 : 20616, 5, 2022/05/22, 17:27:18.179, 7663273813073, testhost.dll, TestPluginCache.GetExtensionPaths: Added unfilterableExtensionPaths: 
TpTrace Information: 0 : 20616, 5, 2022/05/22, 17:27:18.184, 7663273857684, testhost.dll, AssemblyResolver.ctor: Creating AssemblyResolver with searchDirectories D:\MyWorks\Assignment\Cognizant\BusinessLayer.Test\bin\Debug\net5.0\fine-code-coverage\build-output
TpTrace Verbose: 0 : 20616, 5, 2022/05/22, 17:27:18.187, 7663273895192, testhost.dll, TestPluginCache.DiscoverTestExtensions: Discovering the extensions using extension path.
TpTrace Verbose: 0 : 20616, 5, 2022/05/22, 17:27:18.188, 7663273897828, testhost.dll, TestPluginCache.GetExtensionPaths: Filtered extension paths: 
TpTrace Verbose: 0 : 20616, 5, 2022/05/22, 17:27:18.188, 7663273898607, testhost.dll, TestPluginCache.GetExtensionPaths: Added default extension paths: D:\MyWorks\Assignment\Cognizant\BusinessLayer.Test\bin\Debug\net5.0\fine-code-coverage\build-output\Microsoft.VisualStudio.TestPlatform.MSTest.TestAdapter.dll
TpTrace Verbose: 0 : 20616, 5, 2022/05/22, 17:27:18.188, 7663273899267, testhost.dll, TestPluginCache.GetExtensionPaths: Added unfilterableExtensionPaths: 
TpTrace Verbose: 0 : 20616, 5, 2022/05/22, 17:27:18.188, 7663273900264, testhost.dll, TestPluginCache.DiscoverTestExtensions: Discovering the extensions using allExtensionPaths: D:\MyWorks\Assignment\Cognizant\BusinessLayer.Test\bin\Debug\net5.0\fine-code-coverage\build-output\Microsoft.VisualStudio.TestPlatform.MSTest.TestAdapter.dll
TpTrace Information: 0 : 20616, 5, 2022/05/22, 17:27:18.190, 7663273917263, testhost.dll, AssemblyResolver.AddSearchDirectories: Adding more searchDirectories D:\MyWorks\Assignment\Cognizant\BusinessLayer.Test\bin\Debug\net5.0\fine-code-coverage\build-output
TpTrace Information: 0 : 20616, 5, 2022/05/22, 17:27:18.200, 7663274020956, testhost.dll, AssemblyResolver.OnResolve: Microsoft.VisualStudio.TestPlatform.MSTest.TestAdapter: Resolving assembly.
TpTrace Information: 0 : 20616, 5, 2022/05/22, 17:27:18.200, 7663274023742, testhost.dll, AssemblyResolver.OnResolve: Microsoft.VisualStudio.TestPlatform.MSTest.TestAdapter: Searching in: 'D:\MyWorks\Assignment\Cognizant\BusinessLayer.Test\bin\Debug\net5.0\fine-code-coverage\build-output'.
TpTrace Information: 0 : 20616, 5, 2022/05/22, 17:27:18.202, 7663274040551, testhost.dll, AssemblyResolver.OnResolve: Microsoft.VisualStudio.TestPlatform.MSTest.TestAdapter: Loading assembly 'D:\MyWorks\Assignment\Cognizant\BusinessLayer.Test\bin\Debug\net5.0\fine-code-coverage\build-output\Microsoft.VisualStudio.TestPlatform.MSTest.TestAdapter.dll'.
TpTrace Information: 0 : 20616, 5, 2022/05/22, 17:27:18.204, 7663274056704, testhost.dll, AssemblyResolver.OnResolve: Resolved assembly: Microsoft.VisualStudio.TestPlatform.MSTest.TestAdapter, from path: D:\MyWorks\Assignment\Cognizant\BusinessLayer.Test\bin\Debug\net5.0\fine-code-coverage\build-output\Microsoft.VisualStudio.TestPlatform.MSTest.TestAdapter.dll
TpTrace Verbose: 0 : 20616, 5, 2022/05/22, 17:27:18.216, 7663274182379, testhost.dll, TestPluginCache: Discovered the extensions using extension path ''.
TpTrace Verbose: 0 : 20616, 5, 2022/05/22, 17:27:18.217, 7663274190953, testhost.dll, TestPluginCache: Discoverers are ''.
TpTrace Verbose: 0 : 20616, 5, 2022/05/22, 17:27:18.217, 7663274193160, testhost.dll, TestPluginCache: Executors are 'executor://MSTestAdapter/v2'.
TpTrace Verbose: 0 : 20616, 5, 2022/05/22, 17:27:18.217, 7663274195534, testhost.dll, TestPluginCache: Executors2 are ''.
TpTrace Verbose: 0 : 20616, 5, 2022/05/22, 17:27:18.218, 7663274197151, testhost.dll, TestPluginCache: Setting providers are ''.
TpTrace Verbose: 0 : 20616, 5, 2022/05/22, 17:27:18.218, 7663274198458, testhost.dll, TestPluginCache: Loggers are ''.
TpTrace Verbose: 0 : 20616, 4, 2022/05/22, 17:27:18.218, 7663274204639, testhost.dll, TcpClientExtensions.MessageLoopAsync: Polling on remoteEndPoint: [::ffff:127.0.0.1]:56740 localEndPoint: [::ffff:127.0.0.1]:56743
TpTrace Verbose: 0 : 20616, 5, 2022/05/22, 17:27:18.223, 7663274250555, testhost.dll, TestPluginCache.DiscoverTestExtensions: finding test extensions in assemblies ends with: TestAdapter.dll TPluginInfo: Microsoft.VisualStudio.TestPlatform.Common.ExtensionFramework.Utilities.TestExecutorPluginInformation2 TExtension: Microsoft.VisualStudio.TestPlatform.ObjectModel.Adapter.ITestExecutor2
TpTrace Verbose: 0 : 20616, 5, 2022/05/22, 17:27:18.223, 7663274255263, testhost.dll, TestPluginCache.GetExtensionPaths: Filtered extension paths: 
TpTrace Verbose: 0 : 20616, 5, 2022/05/22, 17:27:18.224, 7663274256356, testhost.dll, TestPluginCache.GetExtensionPaths: Added default extension paths: D:\MyWorks\Assignment\Cognizant\BusinessLayer.Test\bin\Debug\net5.0\fine-code-coverage\build-output\Microsoft.VisualStudio.TestPlatform.MSTest.TestAdapter.dll
TpTrace Verbose: 0 : 20616, 5, 2022/05/22, 17:27:18.224, 7663274256839, testhost.dll, TestPluginCache.GetExtensionPaths: Added unfilterableExtensionPaths: 
TpTrace Information: 0 : 20616, 5, 2022/05/22, 17:27:18.224, 7663274259267, testhost.dll, AssemblyResolver.AddSearchDirectories: Adding more searchDirectories D:\MyWorks\Assignment\Cognizant\BusinessLayer.Test\bin\Debug\net5.0\fine-code-coverage\build-output
TpTrace Verbose: 0 : 20616, 5, 2022/05/22, 17:27:18.224, 7663274260030, testhost.dll, TestPluginCache.DiscoverTestExtensions: Discovering the extensions using extension path.
TpTrace Verbose: 0 : 20616, 5, 2022/05/22, 17:27:18.224, 7663274260509, testhost.dll, TestPluginCache.GetExtensionPaths: Filtered extension paths: 
TpTrace Verbose: 0 : 20616, 5, 2022/05/22, 17:27:18.224, 7663274260906, testhost.dll, TestPluginCache.GetExtensionPaths: Added default extension paths: D:\MyWorks\Assignment\Cognizant\BusinessLayer.Test\bin\Debug\net5.0\fine-code-coverage\build-output\Microsoft.VisualStudio.TestPlatform.MSTest.TestAdapter.dll
TpTrace Verbose: 0 : 20616, 5, 2022/05/22, 17:27:18.224, 7663274261319, testhost.dll, TestPluginCache.GetExtensionPaths: Added unfilterableExtensionPaths: 
TpTrace Verbose: 0 : 20616, 5, 2022/05/22, 17:27:18.224, 7663274261858, testhost.dll, TestPluginCache.DiscoverTestExtensions: Discovering the extensions using allExtensionPaths: D:\MyWorks\Assignment\Cognizant\BusinessLayer.Test\bin\Debug\net5.0\fine-code-coverage\build-output\Microsoft.VisualStudio.TestPlatform.MSTest.TestAdapter.dll
TpTrace Information: 0 : 20616, 5, 2022/05/22, 17:27:18.224, 7663274262480, testhost.dll, AssemblyResolver.AddSearchDirectories: Adding more searchDirectories D:\MyWorks\Assignment\Cognizant\BusinessLayer.Test\bin\Debug\net5.0\fine-code-coverage\build-output
TpTrace Verbose: 0 : 20616, 5, 2022/05/22, 17:27:18.224, 7663274265908, testhost.dll, TestPluginCache: Discovered the extensions using extension path ''.
TpTrace Verbose: 0 : 20616, 5, 2022/05/22, 17:27:18.225, 7663274266674, testhost.dll, TestPluginCache: Discoverers are ''.
TpTrace Verbose: 0 : 20616, 5, 2022/05/22, 17:27:18.225, 7663274267261, testhost.dll, TestPluginCache: Executors are 'executor://MSTestAdapter/v2'.
TpTrace Verbose: 0 : 20616, 5, 2022/05/22, 17:27:18.225, 7663274268342, testhost.dll, TestPluginCache: Executors2 are ''.
TpTrace Verbose: 0 : 20616, 5, 2022/05/22, 17:27:18.225, 7663274268871, testhost.dll, TestPluginCache: Setting providers are ''.
TpTrace Verbose: 0 : 20616, 5, 2022/05/22, 17:27:18.225, 7663274269256, testhost.dll, TestPluginCache: Loggers are ''.
TpTrace Information: 0 : 20616, 5, 2022/05/22, 17:27:18.234, 7663274364021, testhost.dll, TestPluginManager.CreateTestExtension: Attempting to load test extension: Microsoft.VisualStudio.TestPlatform.MSTest.TestAdapter.MSTestExecutor
TpTrace Verbose: 0 : 20616, 5, 2022/05/22, 17:27:18.247, 7663274494948, testhost.dll, TestExecutorExtensionManager: Loading executor Microsoft.VisualStudio.TestPlatform.MSTest.TestAdapter.MSTestExecutor
TpTrace Verbose: 0 : 20616, 5, 2022/05/22, 17:27:18.248, 7663274497385, testhost.dll, TestExecutorService: Loaded the executors
TpTrace Verbose: 0 : 20616, 5, 2022/05/22, 17:27:18.249, 7663274511388, testhost.dll, TestPluginCache.DiscoverTestExtensions: finding test extensions in assemblies ends with: TestAdapter.dll TPluginInfo: Microsoft.VisualStudio.TestPlatform.Common.ExtensionFramework.Utilities.TestSettingsProviderPluginInformation TExtension: Microsoft.VisualStudio.TestPlatform.ObjectModel.Adapter.ISettingsProvider
TpTrace Verbose: 0 : 20616, 5, 2022/05/22, 17:27:18.249, 7663274513235, testhost.dll, TestPluginCache.GetExtensionPaths: Filtered extension paths: 
TpTrace Verbose: 0 : 20616, 5, 2022/05/22, 17:27:18.249, 7663274513866, testhost.dll, TestPluginCache.GetExtensionPaths: Added default extension paths: D:\MyWorks\Assignment\Cognizant\BusinessLayer.Test\bin\Debug\net5.0\fine-code-coverage\build-output\Microsoft.VisualStudio.TestPlatform.MSTest.TestAdapter.dll
TpTrace Verbose: 0 : 20616, 5, 2022/05/22, 17:27:18.249, 7663274514296, testhost.dll, TestPluginCache.GetExtensionPaths: Added unfilterableExtensionPaths: 
TpTrace Information: 0 : 20616, 5, 2022/05/22, 17:27:18.249, 7663274516123, testhost.dll, AssemblyResolver.AddSearchDirectories: Adding more searchDirectories D:\MyWorks\Assignment\Cognizant\BusinessLayer.Test\bin\Debug\net5.0\fine-code-coverage\build-output
TpTrace Verbose: 0 : 20616, 5, 2022/05/22, 17:27:18.250, 7663274516734, testhost.dll, TestPluginCache.DiscoverTestExtensions: Discovering the extensions using extension path.
TpTrace Verbose: 0 : 20616, 5, 2022/05/22, 17:27:18.250, 7663274517178, testhost.dll, TestPluginCache.GetExtensionPaths: Filtered extension paths: 
TpTrace Verbose: 0 : 20616, 5, 2022/05/22, 17:27:18.250, 7663274517666, testhost.dll, TestPluginCache.GetExtensionPaths: Added default extension paths: D:\MyWorks\Assignment\Cognizant\BusinessLayer.Test\bin\Debug\net5.0\fine-code-coverage\build-output\Microsoft.VisualStudio.TestPlatform.MSTest.TestAdapter.dll
TpTrace Verbose: 0 : 20616, 5, 2022/05/22, 17:27:18.250, 7663274518071, testhost.dll, TestPluginCache.GetExtensionPaths: Added unfilterableExtensionPaths: 
TpTrace Verbose: 0 : 20616, 5, 2022/05/22, 17:27:18.250, 7663274518499, testhost.dll, TestPluginCache.DiscoverTestExtensions: Discovering the extensions using allExtensionPaths: D:\MyWorks\Assignment\Cognizant\BusinessLayer.Test\bin\Debug\net5.0\fine-code-coverage\build-output\Microsoft.VisualStudio.TestPlatform.MSTest.TestAdapter.dll
TpTrace Information: 0 : 20616, 5, 2022/05/22, 17:27:18.250, 7663274519217, testhost.dll, AssemblyResolver.AddSearchDirectories: Adding more searchDirectories D:\MyWorks\Assignment\Cognizant\BusinessLayer.Test\bin\Debug\net5.0\fine-code-coverage\build-output
TpTrace Verbose: 0 : 20616, 5, 2022/05/22, 17:27:18.250, 7663274522410, testhost.dll, TestPluginCache: Discovered the extensions using extension path ''.
TpTrace Verbose: 0 : 20616, 5, 2022/05/22, 17:27:18.250, 7663274523077, testhost.dll, TestPluginCache: Discoverers are ''.
TpTrace Verbose: 0 : 20616, 5, 2022/05/22, 17:27:18.250, 7663274523532, testhost.dll, TestPluginCache: Executors are 'executor://MSTestAdapter/v2'.
TpTrace Verbose: 0 : 20616, 5, 2022/05/22, 17:27:18.250, 7663274523933, testhost.dll, TestPluginCache: Executors2 are ''.
TpTrace Verbose: 0 : 20616, 5, 2022/05/22, 17:27:18.250, 7663274524519, testhost.dll, TestPluginCache: Setting providers are ''.
TpTrace Verbose: 0 : 20616, 5, 2022/05/22, 17:27:18.250, 7663274525030, testhost.dll, TestPluginCache: Loggers are ''.
TpTrace Verbose: 0 : 20616, 5, 2022/05/22, 17:27:18.252, 7663274541845, testhost.dll, TestExecutorService: Loaded the settings providers
TpTrace Information: 0 : 20616, 5, 2022/05/22, 17:27:18.252, 7663274543720, testhost.dll, TestExecutorService: Loaded the extensions
TpTrace Information: 0 : 20616, 5, 2022/05/22, 17:27:18.253, 7663274553453, testhost.dll, TestRequestHandler.OnMessageReceived: Running job 'TestExecution.StartWithSources'.
TpTrace Information: 0 : 20616, 5, 2022/05/22, 17:27:18.397, 7663275992451, testhost.dll, TestDiscoveryManager: Discovering tests from sources D:\MyWorks\Assignment\Cognizant\BusinessLayer.Test\bin\Debug\net5.0\fine-code-coverage\build-output\BusinessLayer.Test.dll
TpTrace Verbose: 0 : 20616, 5, 2022/05/22, 17:27:18.400, 7663276025412, testhost.dll, TestPluginCache.DiscoverTestExtensions: finding test extensions in assemblies ends with: TestAdapter.dll TPluginInfo: Microsoft.VisualStudio.TestPlatform.Common.ExtensionFramework.Utilities.TestDiscovererPluginInformation TExtension: Microsoft.VisualStudio.TestPlatform.ObjectModel.Adapter.ITestDiscoverer
TpTrace Verbose: 0 : 20616, 5, 2022/05/22, 17:27:18.401, 7663276027550, testhost.dll, TestPluginCache.GetExtensionPaths: Filtered extension paths: 
TpTrace Verbose: 0 : 20616, 5, 2022/05/22, 17:27:18.401, 7663276028286, testhost.dll, TestPluginCache.GetExtensionPaths: Added default extension paths: D:\MyWorks\Assignment\Cognizant\BusinessLayer.Test\bin\Debug\net5.0\fine-code-coverage\build-output\Microsoft.VisualStudio.TestPlatform.MSTest.TestAdapter.dll
TpTrace Verbose: 0 : 20616, 5, 2022/05/22, 17:27:18.401, 7663276028784, testhost.dll, TestPluginCache.GetExtensionPaths: Added unfilterableExtensionPaths: 
TpTrace Information: 0 : 20616, 5, 2022/05/22, 17:27:18.401, 7663276030739, testhost.dll, AssemblyResolver.AddSearchDirectories: Adding more searchDirectories D:\MyWorks\Assignment\Cognizant\BusinessLayer.Test\bin\Debug\net5.0\fine-code-coverage\build-output
TpTrace Verbose: 0 : 20616, 5, 2022/05/22, 17:27:18.401, 7663276031437, testhost.dll, TestPluginCache.DiscoverTestExtensions: Discovering the extensions using extension path.
TpTrace Verbose: 0 : 20616, 5, 2022/05/22, 17:27:18.401, 7663276031892, testhost.dll, TestPluginCache.GetExtensionPaths: Filtered extension paths: 
TpTrace Verbose: 0 : 20616, 5, 2022/05/22, 17:27:18.401, 7663276032302, testhost.dll, TestPluginCache.GetExtensionPaths: Added default extension paths: D:\MyWorks\Assignment\Cognizant\BusinessLayer.Test\bin\Debug\net5.0\fine-code-coverage\build-output\Microsoft.VisualStudio.TestPlatform.MSTest.TestAdapter.dll
TpTrace Verbose: 0 : 20616, 5, 2022/05/22, 17:27:18.401, 7663276032842, testhost.dll, TestPluginCache.GetExtensionPaths: Added unfilterableExtensionPaths: 
TpTrace Verbose: 0 : 20616, 5, 2022/05/22, 17:27:18.401, 7663276033308, testhost.dll, TestPluginCache.DiscoverTestExtensions: Discovering the extensions using allExtensionPaths: D:\MyWorks\Assignment\Cognizant\BusinessLayer.Test\bin\Debug\net5.0\fine-code-coverage\build-output\Microsoft.VisualStudio.TestPlatform.MSTest.TestAdapter.dll
TpTrace Information: 0 : 20616, 5, 2022/05/22, 17:27:18.401, 7663276034117, testhost.dll, AssemblyResolver.AddSearchDirectories: Adding more searchDirectories D:\MyWorks\Assignment\Cognizant\BusinessLayer.Test\bin\Debug\net5.0\fine-code-coverage\build-output
TpTrace Verbose: 0 : 20616, 5, 2022/05/22, 17:27:18.405, 7663276073959, testhost.dll, TestPluginCache: Discovered the extensions using extension path ''.
TpTrace Verbose: 0 : 20616, 5, 2022/05/22, 17:27:18.405, 7663276075469, testhost.dll, TestPluginCache: Discoverers are 'Microsoft.VisualStudio.TestPlatform.MSTest.TestAdapter.MSTestDiscoverer, Microsoft.VisualStudio.TestPlatform.MSTest.TestAdapter, Version=14.0.0.0, Culture=neutral, PublicKeyToken=b03f5f7f11d50a3a'.
TpTrace Verbose: 0 : 20616, 5, 2022/05/22, 17:27:18.406, 7663276076356, testhost.dll, TestPluginCache: Executors are 'executor://MSTestAdapter/v2'.
TpTrace Verbose: 0 : 20616, 5, 2022/05/22, 17:27:18.406, 7663276076818, testhost.dll, TestPluginCache: Executors2 are ''.
TpTrace Verbose: 0 : 20616, 5, 2022/05/22, 17:27:18.406, 7663276077229, testhost.dll, TestPluginCache: Setting providers are ''.
TpTrace Verbose: 0 : 20616, 5, 2022/05/22, 17:27:18.406, 7663276077612, testhost.dll, TestPluginCache: Loggers are ''.
TpTrace Verbose: 0 : 20616, 5, 2022/05/22, 17:27:18.415, 7663276172240, testhost.dll, BaseRunTests.RunTestInternalWithExecutors: Running tests for executor://MSTestAdapter/v2
TpTrace Information: 0 : 20616, 5, 2022/05/22, 17:27:18.416, 7663276179811, testhost.dll, AssemblyResolver.OnResolve: Microsoft.VisualStudio.TestPlatform.MSTestAdapter.PlatformServices.Interface: Resolving assembly.
TpTrace Information: 0 : 20616, 5, 2022/05/22, 17:27:18.416, 7663276181157, testhost.dll, AssemblyResolver.OnResolve: Microsoft.VisualStudio.TestPlatform.MSTestAdapter.PlatformServices.Interface: Searching in: 'D:\MyWorks\Assignment\Cognizant\BusinessLayer.Test\bin\Debug\net5.0\fine-code-coverage\build-output'.
TpTrace Information: 0 : 20616, 5, 2022/05/22, 17:27:18.416, 7663276184764, testhost.dll, AssemblyResolver.OnResolve: Microsoft.VisualStudio.TestPlatform.MSTestAdapter.PlatformServices.Interface: Loading assembly 'D:\MyWorks\Assignment\Cognizant\BusinessLayer.Test\bin\Debug\net5.0\fine-code-coverage\build-output\Microsoft.VisualStudio.TestPlatform.MSTestAdapter.PlatformServices.Interface.dll'.
TpTrace Information: 0 : 20616, 5, 2022/05/22, 17:27:18.417, 7663276189564, testhost.dll, AssemblyResolver.OnResolve: Resolved assembly: Microsoft.VisualStudio.TestPlatform.MSTestAdapter.PlatformServices.Interface, from path: D:\MyWorks\Assignment\Cognizant\BusinessLayer.Test\bin\Debug\net5.0\fine-code-coverage\build-output\Microsoft.VisualStudio.TestPlatform.MSTestAdapter.PlatformServices.Interface.dll
TpTrace Information: 0 : 20616, 5, 2022/05/22, 17:27:18.418, 7663276204452, testhost.dll, AssemblyResolver.OnResolve: Microsoft.VisualStudio.TestPlatform.MSTestAdapter.PlatformServices: Resolving assembly.
TpTrace Information: 0 : 20616, 5, 2022/05/22, 17:27:18.419, 7663276206380, testhost.dll, AssemblyResolver.OnResolve: Microsoft.VisualStudio.TestPlatform.MSTestAdapter.PlatformServices: Searching in: 'D:\MyWorks\Assignment\Cognizant\BusinessLayer.Test\bin\Debug\net5.0\fine-code-coverage\build-output'.
TpTrace Information: 0 : 20616, 5, 2022/05/22, 17:27:18.419, 7663276210032, testhost.dll, AssemblyResolver.OnResolve: Microsoft.VisualStudio.TestPlatform.MSTestAdapter.PlatformServices: Loading assembly 'D:\MyWorks\Assignment\Cognizant\BusinessLayer.Test\bin\Debug\net5.0\fine-code-coverage\build-output\Microsoft.VisualStudio.TestPlatform.MSTestAdapter.PlatformServices.dll'.
TpTrace Information: 0 : 20616, 5, 2022/05/22, 17:27:18.419, 7663276215586, testhost.dll, AssemblyResolver.OnResolve: Resolved assembly: Microsoft.VisualStudio.TestPlatform.MSTestAdapter.PlatformServices, from path: D:\MyWorks\Assignment\Cognizant\BusinessLayer.Test\bin\Debug\net5.0\fine-code-coverage\build-output\Microsoft.VisualStudio.TestPlatform.MSTestAdapter.PlatformServices.dll
TpTrace Information: 0 : 20616, 5, 2022/05/22, 17:27:18.420, 7663276221640, testhost.dll, MSTest - MSTestExecutor.RunTests: Running tests from sources.
TpTrace Information: 0 : 20616, 5, 2022/05/22, 17:27:18.427, 7663276292307, testhost.dll, MSTest - CollectSourceInformation value Found : False 
TpTrace Information: 0 : 20616, 5, 2022/05/22, 17:27:18.505, 7663277072829, testhost.dll, MSTest - DictionaryHelper.ConcatWithOverwrites: The source is null or empty, returning the overwrite dictionary.
TpTrace Information: 0 : 20616, 5, 2022/05/22, 17:27:18.518, 7663277202149, testhost.dll, MSTest - DictionaryHelper.ConcatWithOverwrites: The source is null or empty, returning the overwrite dictionary.
TpTrace Information: 0 : 20616, 5, 2022/05/22, 17:27:18.531, 7663277331932, testhost.dll, AssemblyResolver.OnResolve: Microsoft.TestPlatform.AdapterUtilities: Resolving assembly.
TpTrace Information: 0 : 20616, 5, 2022/05/22, 17:27:18.531, 7663277333489, testhost.dll, AssemblyResolver.OnResolve: Microsoft.TestPlatform.AdapterUtilities: Searching in: 'D:\MyWorks\Assignment\Cognizant\BusinessLayer.Test\bin\Debug\net5.0\fine-code-coverage\build-output'.
TpTrace Information: 0 : 20616, 5, 2022/05/22, 17:27:18.532, 7663277336928, testhost.dll, AssemblyResolver.OnResolve: Microsoft.TestPlatform.AdapterUtilities: Loading assembly 'D:\MyWorks\Assignment\Cognizant\BusinessLayer.Test\bin\Debug\net5.0\fine-code-coverage\build-output\Microsoft.TestPlatform.AdapterUtilities.dll'.
TpTrace Information: 0 : 20616, 5, 2022/05/22, 17:27:18.532, 7663277341506, testhost.dll, AssemblyResolver.OnResolve: Resolved assembly: Microsoft.TestPlatform.AdapterUtilities, from path: D:\MyWorks\Assignment\Cognizant\BusinessLayer.Test\bin\Debug\net5.0\fine-code-coverage\build-output\Microsoft.TestPlatform.AdapterUtilities.dll
TpTrace Information: 0 : 20616, 5, 2022/05/22, 17:27:18.583, 7663277855133, testhost.dll, MSTest - DictionaryHelper.ConcatWithOverwrites: The source is null or empty, returning the overwrite dictionary.
TpTrace Information: 0 : 20616, 5, 2022/05/22, 17:27:18.584, 7663277858366, testhost.dll, MSTest - DictionaryHelper.ConcatWithOverwrites: The source is null or empty, returning the overwrite dictionary.
TpTrace Information: 0 : 20616, 5, 2022/05/22, 17:27:18.594, 7663277958977, testhost.dll, AssemblyResolver.OnResolve: Microsoft.VisualStudio.TestPlatform.TestFramework.resources: Resolving assembly.
TpTrace Information: 0 : 20616, 5, 2022/05/22, 17:27:18.594, 7663277960354, testhost.dll, AssemblyResolver.OnResolve: Microsoft.VisualStudio.TestPlatform.TestFramework.resources: Searching in: 'D:\MyWorks\Assignment\Cognizant\BusinessLayer.Test\bin\Debug\net5.0\fine-code-coverage\build-output'.
TpTrace Information: 0 : 20616, 5, 2022/05/22, 17:27:18.594, 7663277961385, testhost.dll, AssemblyResolver.OnResolve: Microsoft.VisualStudio.TestPlatform.TestFramework.resources: Assembly path does not exist: 'D:\MyWorks\Assignment\Cognizant\BusinessLayer.Test\bin\Debug\net5.0\fine-code-coverage\build-output\Microsoft.VisualStudio.TestPlatform.TestFramework.resources.dll', returning.
TpTrace Information: 0 : 20616, 5, 2022/05/22, 17:27:18.594, 7663277962303, testhost.dll, AssemblyResolver.OnResolve: Microsoft.VisualStudio.TestPlatform.TestFramework.resources: Assembly path does not exist: 'D:\MyWorks\Assignment\Cognizant\BusinessLayer.Test\bin\Debug\net5.0\fine-code-coverage\build-output\Microsoft.VisualStudio.TestPlatform.TestFramework.resources.exe', returning.
TpTrace Information: 0 : 20616, 5, 2022/05/22, 17:27:18.594, 7663277962820, testhost.dll, AssemblyResolver.OnResolve: Microsoft.VisualStudio.TestPlatform.TestFramework.resources: Failed to load assembly.
TpTrace Information: 0 : 20616, 5, 2022/05/22, 17:27:18.609, 7663278114225, testhost.dll, MSTest - DictionaryHelper.ConcatWithOverwrites: The source is null or empty, returning the overwrite dictionary.
TpTrace Information: 0 : 20616, 5, 2022/05/22, 17:27:18.612, 7663278138652, testhost.dll, MSTest - DictionaryHelper.ConcatWithOverwrites: The source is null or empty, returning the overwrite dictionary.
TpTrace Information: 0 : 20616, 5, 2022/05/22, 17:27:18.612, 7663278144889, testhost.dll, MSTest - DictionaryHelper.ConcatWithOverwrites: The source is null or empty, returning the overwrite dictionary.
TpTrace Information: 0 : 20616, 5, 2022/05/22, 17:27:18.614, 7663278158065, testhost.dll, MSTest - DictionaryHelper.ConcatWithOverwrites: The source is null or empty, returning the overwrite dictionary.
TpTrace Information: 0 : 20616, 5, 2022/05/22, 17:27:18.615, 7663278168603, testhost.dll, MSTest - DictionaryHelper.ConcatWithOverwrites: The source is null or empty, returning the overwrite dictionary.
TpTrace Information: 0 : 20616, 5, 2022/05/22, 17:27:18.619, 7663278210885, testhost.dll, MSTest - DictionaryHelper.ConcatWithOverwrites: The source is null or empty, returning the overwrite dictionary.
TpTrace Information: 0 : 20616, 5, 2022/05/22, 17:27:18.619, 7663278214520, testhost.dll, MSTest - DictionaryHelper.ConcatWithOverwrites: The source is null or empty, returning the overwrite dictionary.
TpTrace Information: 0 : 20616, 5, 2022/05/22, 17:27:18.625, 7663278268616, testhost.dll, MSTest - DictionaryHelper.ConcatWithOverwrites: The source is null or empty, returning the overwrite dictionary.
TpTrace Information: 0 : 20616, 5, 2022/05/22, 17:27:18.625, 7663278270812, testhost.dll, MSTest - DictionaryHelper.ConcatWithOverwrites: The source is null or empty, returning the overwrite dictionary.
TpTrace Information: 0 : 20616, 5, 2022/05/22, 17:27:18.625, 7663278272862, testhost.dll, MSTest - DictionaryHelper.ConcatWithOverwrites: The source is null or empty, returning the overwrite dictionary.
TpTrace Information: 0 : 20616, 5, 2022/05/22, 17:27:18.625, 7663278274062, testhost.dll, MSTest - DictionaryHelper.ConcatWithOverwrites: The source is null or empty, returning the overwrite dictionary.
TpTrace Information: 0 : 20616, 5, 2022/05/22, 17:27:18.625, 7663278275166, testhost.dll, MSTest - DictionaryHelper.ConcatWithOverwrites: The source is null or empty, returning the overwrite dictionary.
TpTrace Information: 0 : 20616, 5, 2022/05/22, 17:27:18.625, 7663278276285, testhost.dll, MSTest - DictionaryHelper.ConcatWithOverwrites: The source is null or empty, returning the overwrite dictionary.
TpTrace Information: 0 : 20616, 5, 2022/05/22, 17:27:18.626, 7663278279553, testhost.dll, MSTest - MSTestDiscoverer: Found 13 tests from source D:\MyWorks\Assignment\Cognizant\BusinessLayer.Test\bin\Debug\net5.0\fine-code-coverage\build-output\BusinessLayer.Test.dll
TpTrace Information: 0 : 20616, 5, 2022/05/22, 17:27:18.671, 7663278736130, testhost.dll, AssemblyResolver.OnResolve: Microsoft.VisualStudio.TestPlatform.MSTestAdapter.PlatformServices.resources: Resolving assembly.
TpTrace Information: 0 : 20616, 5, 2022/05/22, 17:27:18.672, 7663278737907, testhost.dll, AssemblyResolver.OnResolve: Microsoft.VisualStudio.TestPlatform.MSTestAdapter.PlatformServices.resources: Searching in: 'D:\MyWorks\Assignment\Cognizant\BusinessLayer.Test\bin\Debug\net5.0\fine-code-coverage\build-output'.
TpTrace Information: 0 : 20616, 5, 2022/05/22, 17:27:18.672, 7663278739698, testhost.dll, AssemblyResolver.OnResolve: Microsoft.VisualStudio.TestPlatform.MSTestAdapter.PlatformServices.resources: Assembly path does not exist: 'D:\MyWorks\Assignment\Cognizant\BusinessLayer.Test\bin\Debug\net5.0\fine-code-coverage\build-output\Microsoft.VisualStudio.TestPlatform.MSTestAdapter.PlatformServices.resources.dll', returning.
TpTrace Information: 0 : 20616, 5, 2022/05/22, 17:27:18.672, 7663278741083, testhost.dll, AssemblyResolver.OnResolve: Microsoft.VisualStudio.TestPlatform.MSTestAdapter.PlatformServices.resources: Assembly path does not exist: 'D:\MyWorks\Assignment\Cognizant\BusinessLayer.Test\bin\Debug\net5.0\fine-code-coverage\build-output\Microsoft.VisualStudio.TestPlatform.MSTestAdapter.PlatformServices.resources.exe', returning.
TpTrace Information: 0 : 20616, 5, 2022/05/22, 17:27:18.672, 7663278741857, testhost.dll, AssemblyResolver.OnResolve: Microsoft.VisualStudio.TestPlatform.MSTestAdapter.PlatformServices.resources: Failed to load assembly.
TpTrace Information: 0 : 20616, 5, 2022/05/22, 17:27:18.672, 7663278746039, testhost.dll, AssemblyResolver.OnResolve: Microsoft.VisualStudio.TestPlatform.MSTestAdapter.PlatformServices.resources: Resolving assembly.
TpTrace Information: 0 : 20616, 5, 2022/05/22, 17:27:18.673, 7663278747207, testhost.dll, AssemblyResolver.OnResolve: Microsoft.VisualStudio.TestPlatform.MSTestAdapter.PlatformServices.resources: Resolved from cache.
TpTrace Information: 0 : 20616, 5, 2022/05/22, 17:27:18.699, 7663279007791, testhost.dll, MSTest - Created unit-test runner D:\MyWorks\Assignment\Cognizant\BusinessLayer.Test\bin\Debug\net5.0\fine-code-coverage\build-output\BusinessLayer.Test.dll
TpTrace Verbose: 0 : 20616, 5, 2022/05/22, 17:27:18.708, 7663279099173, testhost.dll, TestExecutionRecorder.RecordStart: Starting test: BusinessLayer.Test.FileImporter.Import_File_to_Db.
TpTrace Information: 0 : 20616, 5, 2022/05/22, 17:27:18.828, 7663280302690, testhost.dll, MSTest - Executing test Import_File_to_Db
TpTrace Verbose: 0 : 20616, 4, 2022/05/22, 17:27:19.227, 7663284286464, testhost.dll, TcpClientExtensions.MessageLoopAsync: Polling on remoteEndPoint: [::ffff:127.0.0.1]:56740 localEndPoint: [::ffff:127.0.0.1]:56743
TpTrace Information: 0 : 20616, 9, 2022/05/22, 17:27:19.799, 7663290016101, testhost.dll, Sending test run statistics
TpTrace Verbose: 0 : 20616, 9, 2022/05/22, 17:27:19.842, 7663290442987, testhost.dll, TestRequestHandler.SendData:  sending data from testhost: {"Version":5,"MessageType":"TestExecution.StatsChange","Payload":{"NewTestResults":[],"TestRunStatistics":{"ExecutedTests":0,"Stats":{}},"ActiveTests":[{"Id":"135f151b-ae6d-e439-993d-8fb60662e4b4","FullyQualifiedName":"BusinessLayer.Test.FileImporter.Import_File_to_Db","DisplayName":"Import_File_to_Db","ExecutorUri":"executor://MSTestAdapter/v2","Source":"D:\\MyWorks\\Assignment\\Cognizant\\BusinessLayer.Test\\bin\\Debug\\net5.0\\fine-code-coverage\\build-output\\BusinessLayer.Test.dll","CodeFilePath":null,"LineNumber":-1,"Properties":[{"Key":{"Id":"TestCase.ManagedType","Label":"ManagedType","Category":"","Description":"","Attributes":1,"ValueType":"System.String"},"Value":"BusinessLayer.Test.FileImporter"},{"Key":{"Id":"TestCase.ManagedMethod","Label":"ManagedMethod","Category":"","Description":"","Attributes":1,"ValueType":"System.String"},"Value":"Import_File_to_Db"},{"Key":{"Id":"MSTestDiscoverer.TestClassName","Label":"ClassName","Category":"","Description":"","Attributes":1,"ValueType":"System.String"},"Value":"BusinessLayer.Test.FileImporter"},{"Key":{"Id":"TestCase.Hierarchy","Label":"Hierarchy","Category":"","Description":"","Attributes":2,"ValueType":"System.String[]"},"Value":["BusinessLayer.Test","FileImporter"]},{"Key":{"Id":"TestObject.Traits","Label":"Traits","Category":"","Description":"","Attributes":5,"ValueType":"System.Collections.Generic.KeyValuePair`2[[System.String],[System.String]][]"},"Value":[]}]}]}}
TpTrace Verbose: 0 : 20616, 9, 2022/05/22, 17:27:19.843, 7663290447909, testhost.dll, TestRunCache: OnNewTestResult: Notified the onCacheHit callback.
TpTrace Verbose: 0 : 20616, 4, 2022/05/22, 17:27:20.239, 7663294406754, testhost.dll, TcpClientExtensions.MessageLoopAsync: Polling on remoteEndPoint: [::ffff:127.0.0.1]:56740 localEndPoint: [::ffff:127.0.0.1]:56743
TpTrace Information: 0 : 20616, 5, 2022/05/22, 17:27:20.831, 7663300329201, testhost.dll, AssemblyResolver.OnResolve: Microsoft.Data.SqlClient.resources: Resolving assembly.
TpTrace Information: 0 : 20616, 5, 2022/05/22, 17:27:20.831, 7663300330468, testhost.dll, AssemblyResolver.OnResolve: Microsoft.Data.SqlClient.resources: Searching in: 'D:\MyWorks\Assignment\Cognizant\BusinessLayer.Test\bin\Debug\net5.0\fine-code-coverage\build-output'.
TpTrace Information: 0 : 20616, 5, 2022/05/22, 17:27:20.831, 7663300331643, testhost.dll, AssemblyResolver.OnResolve: Microsoft.Data.SqlClient.resources: Assembly path does not exist: 'D:\MyWorks\Assignment\Cognizant\BusinessLayer.Test\bin\Debug\net5.0\fine-code-coverage\build-output\Microsoft.Data.SqlClient.resources.dll', returning.
TpTrace Information: 0 : 20616, 5, 2022/05/22, 17:27:20.831, 7663300332672, testhost.dll, AssemblyResolver.OnResolve: Microsoft.Data.SqlClient.resources: Assembly path does not exist: 'D:\MyWorks\Assignment\Cognizant\BusinessLayer.Test\bin\Debug\net5.0\fine-code-coverage\build-output\Microsoft.Data.SqlClient.resources.exe', returning.
TpTrace Information: 0 : 20616, 5, 2022/05/22, 17:27:20.831, 7663300333129, testhost.dll, AssemblyResolver.OnResolve: Microsoft.Data.SqlClient.resources: Failed to load assembly.
TpTrace Information: 0 : 20616, 5, 2022/05/22, 17:27:20.831, 7663300335672, testhost.dll, AssemblyResolver.OnResolve: Microsoft.Data.SqlClient.resources: Resolving assembly.
TpTrace Information: 0 : 20616, 5, 2022/05/22, 17:27:20.832, 7663300336448, testhost.dll, AssemblyResolver.OnResolve: Microsoft.Data.SqlClient.resources: Resolved from cache.
TpTrace Information: 0 : 20616, 5, 2022/05/22, 17:27:20.833, 7663300349922, testhost.dll, AssemblyResolver.OnResolve: Microsoft.Data.SqlClient.resources: Resolving assembly.
TpTrace Information: 0 : 20616, 5, 2022/05/22, 17:27:20.833, 7663300350865, testhost.dll, AssemblyResolver.OnResolve: Microsoft.Data.SqlClient.resources: Resolved from cache.
TpTrace Information: 0 : 20616, 5, 2022/05/22, 17:27:20.833, 7663300352739, testhost.dll, AssemblyResolver.OnResolve: Microsoft.Data.SqlClient.resources: Resolving assembly.
TpTrace Information: 0 : 20616, 5, 2022/05/22, 17:27:20.833, 7663300353519, testhost.dll, AssemblyResolver.OnResolve: Microsoft.Data.SqlClient.resources: Resolved from cache.
TpTrace Verbose: 0 : 20616, 4, 2022/05/22, 17:27:21.248, 7663304502057, testhost.dll, TcpClientExtensions.MessageLoopAsync: Polling on remoteEndPoint: [::ffff:127.0.0.1]:56740 localEndPoint: [::ffff:127.0.0.1]:56743
TpTrace Information: 0 : 20616, 5, 2022/05/22, 17:27:21.981, 7663311829454, testhost.dll, MSTest - Executed test Import_File_to_Db
TpTrace Verbose: 0 : 20616, 5, 2022/05/22, 17:27:21.984, 7663311862226, testhost.dll, TestExecutionRecorder.RecordEnd: test: BusinessLayer.Test.FileImporter.Import_File_to_Db execution completed.
TpTrace Warning: 0 : 20616, 5, 2022/05/22, 17:27:21.985, 7663311867714, testhost.dll, TestRunCache: InProgressTests is null
TpTrace Verbose: 0 : 20616, 5, 2022/05/22, 17:27:22.003, 7663312048772, testhost.dll, TestExecutionRecorder.RecordResult: Received result for test: BusinessLayer.Test.FileImporter.Import_File_to_Db.
TpTrace Warning: 0 : 20616, 5, 2022/05/22, 17:27:22.012, 7663312142789, testhost.dll, TestRunCache: InProgressTests is null
TpTrace Warning: 0 : 20616, 5, 2022/05/22, 17:27:22.012, 7663312144227, testhost.dll, TestRunCache: No test found corresponding to testResult 'Import_File_to_Db' in inProgress list.
TpTrace Verbose: 0 : 20616, 5, 2022/05/22, 17:27:22.013, 7663312146363, testhost.dll, TestExecutionRecorder.RecordStart: Starting test: BusinessLayer.Test.Services.VehicleService.Add.
TpTrace Information: 0 : 20616, 5, 2022/05/22, 17:27:22.013, 7663312146965, testhost.dll, Sending test run statistics
TpTrace Verbose: 0 : 20616, 5, 2022/05/22, 17:27:22.019, 7663312213300, testhost.dll, TestRequestHandler.SendData:  sending data from testhost: {"Version":5,"MessageType":"TestExecution.StatsChange","Payload":{"NewTestResults":[{"TestCase":{"Id":"135f151b-ae6d-e439-993d-8fb60662e4b4","FullyQualifiedName":"BusinessLayer.Test.FileImporter.Import_File_to_Db","DisplayName":"Import_File_to_Db","ExecutorUri":"executor://MSTestAdapter/v2","Source":"D:\\MyWorks\\Assignment\\Cognizant\\BusinessLayer.Test\\bin\\Debug\\net5.0\\fine-code-coverage\\build-output\\BusinessLayer.Test.dll","CodeFilePath":null,"LineNumber":-1,"Properties":[{"Key":{"Id":"TestCase.ManagedType","Label":"ManagedType","Category":"","Description":"","Attributes":1,"ValueType":"System.String"},"Value":"BusinessLayer.Test.FileImporter"},{"Key":{"Id":"TestCase.ManagedMethod","Label":"ManagedMethod","Category":"","Description":"","Attributes":1,"ValueType":"System.String"},"Value":"Import_File_to_Db"},{"Key":{"Id":"MSTestDiscoverer.TestClassName","Label":"ClassName","Category":"","Description":"","Attributes":1,"ValueType":"System.String"},"Value":"BusinessLayer.Test.FileImporter"},{"Key":{"Id":"TestCase.Hierarchy","Label":"Hierarchy","Category":"","Description":"","Attributes":2,"ValueType":"System.String[]"},"Value":["BusinessLayer.Test","FileImporter"]},{"Key":{"Id":"TestObject.Traits","Label":"Traits","Category":"","Description":"","Attributes":5,"ValueType":"System.Collections.Generic.KeyValuePair`2[[System.String],[System.String]][]"},"Value":[]}]},"Attachments":[],"Outcome":1,"ErrorMessage":null,"ErrorStackTrace":null,"DisplayName":"Import_File_to_Db","Messages":[],"ComputerName":null,"Duration":"00:00:03.1261016","StartTime":"2022-05-22T17:27:18.8285234+03:00","EndTime":"2022-05-22T17:27:21.9814028+03:00","Properties":[{"Key":{"Id":"ExecutionId","Label":"ExecutionId","Category":"","Description":"","Attributes":1,"ValueType":"System.Guid"},"Value":"00000000-0000-0000-0000-000000000000"},{"Key":{"Id":"ParentExecId","Label":"ParentExecId","Category":"","Description":"","Attributes":1,"ValueType":"System.Guid"},"Value":"00000000-0000-0000-0000-000000000000"},{"Key":{"Id":"InnerResultsCount","Label":"InnerResultsCount","Category":"","Description":"","Attributes":1,"ValueType":"System.Int32"},"Value":0}]}],"TestRunStatistics":{"ExecutedTests":1,"Stats":{"Passed":1}},"ActiveTests":[{"Id":"4601a32f-8f34-1358-9a56-768b9664e535","FullyQualifiedName":"BusinessLayer.Test.Services.VehicleService.Add","DisplayName":"Add (2,Test brand,Test Model,2020,29382,True)","ExecutorUri":"executor://MSTestAdapter/v2","Source":"D:\\MyWorks\\Assignment\\Cognizant\\BusinessLayer.Test\\bin\\Debug\\net5.0\\fine-code-coverage\\build-output\\BusinessLayer.Test.dll","CodeFilePath":null,"LineNumber":-1,"Properties":[{"Key":{"Id":"TestCase.ManagedType","Label":"ManagedType","Category":"","Description":"","Attributes":1,"ValueType":"System.String"},"Value":"BusinessLayer.Test.Services.VehicleService"},{"Key":{"Id":"TestCase.ManagedMethod","Label":"ManagedMethod","Category":"","Description":"","Attributes":1,"ValueType":"System.String"},"Value":"Add(System.Int32,System.String,System.String,System.Int32,System.Single,System.Boolean)"},{"Key":{"Id":"MSTestDiscoverer.TestClassName","Label":"ClassName","Category":"","Description":"","Attributes":1,"ValueType":"System.String"},"Value":"BusinessLayer.Test.Services.VehicleService"},{"Key":{"Id":"TestCase.Hierarchy","Label":"Hierarchy","Category":"","Description":"","Attributes":2,"ValueType":"System.String[]"},"Value":["BusinessLayer.Test.Services","VehicleService"]},{"Key":{"Id":"TestObject.Traits","Label":"Traits","Category":"","Description":"","Attributes":5,"ValueType":"System.Collections.Generic.KeyValuePair`2[[System.String],[System.String]][]"},"Value":[]},{"Key":{"Id":"MSTest.DynamicDataType","Label":"DynamicDataType","Category":"","Description":"","Attributes":1,"ValueType":"System.Int32"},"Value":2},{"Key":{"Id":"MSTest.DynamicData","Label":"DynamicData","Category":"","Description":"","Attributes":1,"ValueType":"System.String[]"},"Value":["System.Int32, System.Private.CoreLib, Version=5.0.0.0, Culture=neutral, PublicKeyToken=7cec85d7bea7798e","2","System.String, System.Private.CoreLib, Version=5.0.0.0, Culture=neutral, PublicKeyToken=7cec85d7bea7798e","\"Test brand\"","System.String, System.Private.CoreLib, Version=5.0.0.0, Culture=neutral, PublicKeyToken=7cec85d7bea7798e","\"Test Model\"","System.Int32, System.Private.CoreLib, Version=5.0.0.0, Culture=neutral, PublicKeyToken=7cec85d7bea7798e","2020","System.Int32, System.Private.CoreLib, Version=5.0.0.0, Culture=neutral, PublicKeyToken=7cec85d7bea7798e","29382","System.Boolean, System.Private.CoreLib, Version=5.0.0.0, Culture=neutral, PublicKeyToken=7cec85d7bea7798e","true"]}]}]}}
TpTrace Verbose: 0 : 20616, 5, 2022/05/22, 17:27:22.019, 7663312215771, testhost.dll, TestRunCache: OnNewTestResult: Notified the onCacheHit callback.
TpTrace Information: 0 : 20616, 5, 2022/05/22, 17:27:22.023, 7663312248933, testhost.dll, MSTest - Executing test Add
TpTrace Information: 0 : 20616, 5, 2022/05/22, 17:27:22.183, 7663313850631, testhost.dll, MSTest - Executed test Add
TpTrace Verbose: 0 : 20616, 5, 2022/05/22, 17:27:22.183, 7663313854357, testhost.dll, TestExecutionRecorder.RecordEnd: test: BusinessLayer.Test.Services.VehicleService.Add execution completed.
TpTrace Warning: 0 : 20616, 5, 2022/05/22, 17:27:22.184, 7663313856347, testhost.dll, TestRunCache: InProgressTests is null
TpTrace Verbose: 0 : 20616, 5, 2022/05/22, 17:27:22.190, 7663313924916, testhost.dll, TestExecutionRecorder.RecordResult: Received result for test: BusinessLayer.Test.Services.VehicleService.Add.
TpTrace Warning: 0 : 20616, 5, 2022/05/22, 17:27:22.191, 7663313928418, testhost.dll, TestRunCache: InProgressTests is null
TpTrace Warning: 0 : 20616, 5, 2022/05/22, 17:27:22.191, 7663313929587, testhost.dll, TestRunCache: No test found corresponding to testResult 'Add (2,Test brand,Test Model,2020,29382,True)' in inProgress list.
TpTrace Verbose: 0 : 20616, 5, 2022/05/22, 17:27:22.191, 7663313931987, testhost.dll, TestExecutionRecorder.RecordStart: Starting test: BusinessLayer.Test.Services.VehicleService.DeleteAsync.
TpTrace Information: 0 : 20616, 5, 2022/05/22, 17:27:22.195, 7663313969135, testhost.dll, MSTest - Executing test DeleteAsync
TpTrace Verbose: 0 : 20616, 4, 2022/05/22, 17:27:22.253, 7663314556092, testhost.dll, TcpClientExtensions.MessageLoopAsync: Polling on remoteEndPoint: [::ffff:127.0.0.1]:56740 localEndPoint: [::ffff:127.0.0.1]:56743
TpTrace Information: 0 : 20616, 5, 2022/05/22, 17:27:22.661, 7663318626588, testhost.dll, AssemblyResolver.OnResolve: Microsoft.VisualStudio.TestPlatform.MSTest.TestAdapter.resources: Resolving assembly.
TpTrace Information: 0 : 20616, 5, 2022/05/22, 17:27:22.661, 7663318627545, testhost.dll, AssemblyResolver.OnResolve: Microsoft.VisualStudio.TestPlatform.MSTest.TestAdapter.resources: Searching in: 'D:\MyWorks\Assignment\Cognizant\BusinessLayer.Test\bin\Debug\net5.0\fine-code-coverage\build-output'.
TpTrace Information: 0 : 20616, 5, 2022/05/22, 17:27:22.661, 7663318628211, testhost.dll, AssemblyResolver.OnResolve: Microsoft.VisualStudio.TestPlatform.MSTest.TestAdapter.resources: Assembly path does not exist: 'D:\MyWorks\Assignment\Cognizant\BusinessLayer.Test\bin\Debug\net5.0\fine-code-coverage\build-output\Microsoft.VisualStudio.TestPlatform.MSTest.TestAdapter.resources.dll', returning.
TpTrace Information: 0 : 20616, 5, 2022/05/22, 17:27:22.661, 7663318628719, testhost.dll, AssemblyResolver.OnResolve: Microsoft.VisualStudio.TestPlatform.MSTest.TestAdapter.resources: Assembly path does not exist: 'D:\MyWorks\Assignment\Cognizant\BusinessLayer.Test\bin\Debug\net5.0\fine-code-coverage\build-output\Microsoft.VisualStudio.TestPlatform.MSTest.TestAdapter.resources.exe', returning.
TpTrace Information: 0 : 20616, 5, 2022/05/22, 17:27:22.661, 7663318629008, testhost.dll, AssemblyResolver.OnResolve: Microsoft.VisualStudio.TestPlatform.MSTest.TestAdapter.resources: Failed to load assembly.
TpTrace Information: 0 : 20616, 5, 2022/05/22, 17:27:22.693, 7663318947147, testhost.dll, MSTest - Executed test DeleteAsync
TpTrace Verbose: 0 : 20616, 5, 2022/05/22, 17:27:22.693, 7663318948257, testhost.dll, TestExecutionRecorder.RecordEnd: test: BusinessLayer.Test.Services.VehicleService.DeleteAsync execution completed.
TpTrace Information: 0 : 20616, 5, 2022/05/22, 17:27:22.695, 7663318966773, testhost.dll, MSTest - MSTestExecutor:Test BusinessLayer.Test.Services.VehicleService.DeleteAsync failed. ErrorMessage:Test method BusinessLayer.Test.Services.VehicleService.DeleteAsync threw exception: 
System.ArgumentNullException: Value cannot be null. (Parameter 'entity'), ErrorStackTrace:    at Microsoft.EntityFrameworkCore.Utilities.Check.NotNull[T](T value, String parameterName)
   at Microsoft.EntityFrameworkCore.DbContext.Remove[TEntity](TEntity entity)
   at Core.DataAccess.EntityFramework.EfEntityRepositoryBase`2.Delete(TEntity entity) in D:\MyWorks\Assignment\Cognizant\Core\DataAccess\EntityFramework\EfEntityRepositoryBase.cs:line 46
   at BusinessLayer.Concrete.VehicleManager.Delete(Vehicle entity) in D:\MyWorks\Assignment\Cognizant\BusinessLayer\Concrete\VehicleManager.cs:line 143
   at BusinessLayer.Test.Services.VehicleService.DeleteAsync(Int32 id) in D:\MyWorks\Assignment\Cognizant\BusinessLayer.Test\Services\VehicleService.cs:line 47
   at Microsoft.VisualStudio.TestPlatform.MSTestAdapter.PlatformServices.ThreadOperations.ExecuteWithAbortSafety(Action action)
.
TpTrace Verbose: 0 : 20616, 5, 2022/05/22, 17:27:22.695, 7663318967612, testhost.dll, TestExecutionRecorder.RecordResult: Received result for test: BusinessLayer.Test.Services.VehicleService.DeleteAsync.
TpTrace Warning: 0 : 20616, 5, 2022/05/22, 17:27:22.695, 7663318968409, testhost.dll, TestRunCache: InProgressTests is null
TpTrace Warning: 0 : 20616, 5, 2022/05/22, 17:27:22.695, 7663318968725, testhost.dll, TestRunCache: No test found corresponding to testResult 'DeleteAsync (4)' in inProgress list.
TpTrace Verbose: 0 : 20616, 5, 2022/05/22, 17:27:22.695, 7663318969515, testhost.dll, TestExecutionRecorder.RecordStart: Starting test: BusinessLayer.Test.Services.VehicleService.GetBrandListAsync.
TpTrace Information: 0 : 20616, 5, 2022/05/22, 17:27:22.696, 7663318979149, testhost.dll, MSTest - Executing test GetBrandListAsync
TpTrace Information: 0 : 20616, 5, 2022/05/22, 17:27:22.864, 7663320666126, testhost.dll, MSTest - Executed test GetBrandListAsync
TpTrace Verbose: 0 : 20616, 5, 2022/05/22, 17:27:22.865, 7663320667302, testhost.dll, TestExecutionRecorder.RecordEnd: test: BusinessLayer.Test.Services.VehicleService.GetBrandListAsync execution completed.
TpTrace Verbose: 0 : 20616, 5, 2022/05/22, 17:27:22.866, 7663320678994, testhost.dll, TestExecutionRecorder.RecordResult: Received result for test: BusinessLayer.Test.Services.VehicleService.GetBrandListAsync.
TpTrace Warning: 0 : 20616, 5, 2022/05/22, 17:27:22.866, 7663320679754, testhost.dll, TestRunCache: InProgressTests is null
TpTrace Warning: 0 : 20616, 5, 2022/05/22, 17:27:22.866, 7663320680081, testhost.dll, TestRunCache: No test found corresponding to testResult 'GetBrandListAsync' in inProgress list.
TpTrace Verbose: 0 : 20616, 5, 2022/05/22, 17:27:22.866, 7663320680962, testhost.dll, TestExecutionRecorder.RecordStart: Starting test: BusinessLayer.Test.Services.VehicleService.GetByIdAsync.
TpTrace Information: 0 : 20616, 5, 2022/05/22, 17:27:22.868, 7663320702289, testhost.dll, MSTest - Executing test GetByIdAsync
TpTrace Information: 0 : 20616, 5, 2022/05/22, 17:27:22.947, 7663321494924, testhost.dll, MSTest - Executed test GetByIdAsync
TpTrace Verbose: 0 : 20616, 5, 2022/05/22, 17:27:22.948, 7663321496357, testhost.dll, TestExecutionRecorder.RecordEnd: test: BusinessLayer.Test.Services.VehicleService.GetByIdAsync execution completed.
TpTrace Verbose: 0 : 20616, 5, 2022/05/22, 17:27:22.952, 7663321537393, testhost.dll, TestExecutionRecorder.RecordResult: Received result for test: BusinessLayer.Test.Services.VehicleService.GetByIdAsync.
TpTrace Warning: 0 : 20616, 5, 2022/05/22, 17:27:22.952, 7663321538798, testhost.dll, TestRunCache: InProgressTests is null
TpTrace Warning: 0 : 20616, 5, 2022/05/22, 17:27:22.952, 7663321539125, testhost.dll, TestRunCache: No test found corresponding to testResult 'GetByIdAsync (1)' in inProgress list.
TpTrace Verbose: 0 : 20616, 5, 2022/05/22, 17:27:22.952, 7663321539908, testhost.dll, TestExecutionRecorder.RecordStart: Starting test: BusinessLayer.Test.Services.VehicleService.GetCountListAsync.
TpTrace Information: 0 : 20616, 5, 2022/05/22, 17:27:22.954, 7663321563352, testhost.dll, MSTest - Executing test GetCountListAsync
TpTrace Verbose: 0 : 20616, 4, 2022/05/22, 17:27:23.261, 7663324629627, testhost.dll, TcpClientExtensions.MessageLoopAsync: Polling on remoteEndPoint: [::ffff:127.0.0.1]:56740 localEndPoint: [::ffff:127.0.0.1]:56743
TpTrace Information: 0 : 20616, 5, 2022/05/22, 17:27:23.352, 7663325544868, testhost.dll, MSTest - Executed test GetCountListAsync
TpTrace Verbose: 0 : 20616, 5, 2022/05/22, 17:27:23.352, 7663325545909, testhost.dll, TestExecutionRecorder.RecordEnd: test: BusinessLayer.Test.Services.VehicleService.GetCountListAsync execution completed.
TpTrace Verbose: 0 : 20616, 5, 2022/05/22, 17:27:23.354, 7663325558412, testhost.dll, TestExecutionRecorder.RecordResult: Received result for test: BusinessLayer.Test.Services.VehicleService.GetCountListAsync.
TpTrace Warning: 0 : 20616, 5, 2022/05/22, 17:27:23.354, 7663325559150, testhost.dll, TestRunCache: InProgressTests is null
TpTrace Warning: 0 : 20616, 5, 2022/05/22, 17:27:23.354, 7663325559507, testhost.dll, TestRunCache: No test found corresponding to testResult 'GetCountListAsync (Volvo)' in inProgress list.
TpTrace Verbose: 0 : 20616, 5, 2022/05/22, 17:27:23.354, 7663325561616, testhost.dll, TestExecutionRecorder.RecordStart: Starting test: BusinessLayer.Test.Services.VehicleService.GetListAsync.
TpTrace Information: 0 : 20616, 5, 2022/05/22, 17:27:23.355, 7663325571231, testhost.dll, MSTest - Executing test GetListAsync
TpTrace Information: 0 : 20616, 15, 2022/05/22, 17:27:23.526, 7663327281346, testhost.dll, Sending test run statistics
TpTrace Verbose: 0 : 20616, 15, 2022/05/22, 17:27:23.529, 7663327315332, testhost.dll, TestRequestHandler.SendData:  sending data from testhost: {"Version":5,"MessageType":"TestExecution.StatsChange","Payload":{"NewTestResults":[{"TestCase":{"Id":"4601a32f-8f34-1358-9a56-768b9664e535","FullyQualifiedName":"BusinessLayer.Test.Services.VehicleService.Add","DisplayName":"Add (2,Test brand,Test Model,2020,29382,True)","ExecutorUri":"executor://MSTestAdapter/v2","Source":"D:\\MyWorks\\Assignment\\Cognizant\\BusinessLayer.Test\\bin\\Debug\\net5.0\\fine-code-coverage\\build-output\\BusinessLayer.Test.dll","CodeFilePath":null,"LineNumber":-1,"Properties":[{"Key":{"Id":"TestCase.ManagedType","Label":"ManagedType","Category":"","Description":"","Attributes":1,"ValueType":"System.String"},"Value":"BusinessLayer.Test.Services.VehicleService"},{"Key":{"Id":"TestCase.ManagedMethod","Label":"ManagedMethod","Category":"","Description":"","Attributes":1,"ValueType":"System.String"},"Value":"Add(System.Int32,System.String,System.String,System.Int32,System.Single,System.Boolean)"},{"Key":{"Id":"MSTestDiscoverer.TestClassName","Label":"ClassName","Category":"","Description":"","Attributes":1,"ValueType":"System.String"},"Value":"BusinessLayer.Test.Services.VehicleService"},{"Key":{"Id":"TestCase.Hierarchy","Label":"Hierarchy","Category":"","Description":"","Attributes":2,"ValueType":"System.String[]"},"Value":["BusinessLayer.Test.Services","VehicleService"]},{"Key":{"Id":"TestObject.Traits","Label":"Traits","Category":"","Description":"","Attributes":5,"ValueType":"System.Collections.Generic.KeyValuePair`2[[System.String],[System.String]][]"},"Value":[]},{"Key":{"Id":"MSTest.DynamicDataType","Label":"DynamicDataType","Category":"","Description":"","Attributes":1,"ValueType":"System.Int32"},"Value":2},{"Key":{"Id":"MSTest.DynamicData","Label":"DynamicData","Category":"","Description":"","Attributes":1,"ValueType":"System.String[]"},"Value":["System.Int32, System.Private.CoreLib, Version=5.0.0.0, Culture=neutral, PublicKeyToken=7cec85d7bea7798e","2","System.String, System.Private.CoreLib, Version=5.0.0.0, Culture=neutral, PublicKeyToken=7cec85d7bea7798e","\"Test brand\"","System.String, System.Private.CoreLib, Version=5.0.0.0, Culture=neutral, PublicKeyToken=7cec85d7bea7798e","\"Test Model\"","System.Int32, System.Private.CoreLib, Version=5.0.0.0, Culture=neutral, PublicKeyToken=7cec85d7bea7798e","2020","System.Int32, System.Private.CoreLib, Version=5.0.0.0, Culture=neutral, PublicKeyToken=7cec85d7bea7798e","29382","System.Boolean, System.Private.CoreLib, Version=5.0.0.0, Culture=neutral, PublicKeyToken=7cec85d7bea7798e","true"]}]},"Attachments":[],"Outcome":1,"ErrorMessage":null,"ErrorStackTrace":null,"DisplayName":"Add (2,Test brand,Test Model,2020,29382,True)","Messages":[],"ComputerName":null,"Duration":"00:00:00.1551038","StartTime":"2022-05-22T17:27:22.0232445+03:00","EndTime":"2022-05-22T17:27:22.1837043+03:00","Properties":[{"Key":{"Id":"ExecutionId","Label":"ExecutionId","Category":"","Description":"","Attributes":1,"ValueType":"System.Guid"},"Value":"00000000-0000-0000-0000-000000000000"},{"Key":{"Id":"ParentExecId","Label":"ParentExecId","Category":"","Description":"","Attributes":1,"ValueType":"System.Guid"},"Value":"00000000-0000-0000-0000-000000000000"},{"Key":{"Id":"InnerResultsCount","Label":"InnerResultsCount","Category":"","Description":"","Attributes":1,"ValueType":"System.Int32"},"Value":0}]},{"TestCase":{"Id":"4b3177d9-f3e5-af88-79f1-bb5bf5562419","FullyQualifiedName":"BusinessLayer.Test.Services.VehicleService.DeleteAsync","DisplayName":"DeleteAsync (4)","ExecutorUri":"executor://MSTestAdapter/v2","Source":"D:\\MyWorks\\Assignment\\Cognizant\\BusinessLayer.Test\\bin\\Debug\\net5.0\\fine-code-coverage\\build-output\\BusinessLayer.Test.dll","CodeFilePath":null,"LineNumber":-1,"Properties":[{"Key":{"Id":"TestCase.ManagedType","Label":"ManagedType","Category":"","Description":"","Attributes":1,"ValueType":"System.String"},"Value":"BusinessLayer.Test.Services.VehicleService"},{"Key":{"Id":"TestCase.ManagedMethod","Label":"ManagedMethod","Category":"","Description":"","Attributes":1,"ValueType":"System.String"},"Value":"DeleteAsync(System.Int32)"},{"Key":{"Id":"MSTestDiscoverer.TestClassName","Label":"ClassName","Category":"","Description":"","Attributes":1,"ValueType":"System.String"},"Value":"BusinessLayer.Test.Services.VehicleService"},{"Key":{"Id":"TestCase.Hierarchy","Label":"Hierarchy","Category":"","Description":"","Attributes":2,"ValueType":"System.String[]"},"Value":["BusinessLayer.Test.Services","VehicleService"]},{"Key":{"Id":"TestObject.Traits","Label":"Traits","Category":"","Description":"","Attributes":5,"ValueType":"System.Collections.Generic.KeyValuePair`2[[System.String],[System.String]][]"},"Value":[]},{"Key":{"Id":"MSTest.DynamicDataType","Label":"DynamicDataType","Category":"","Description":"","Attributes":1,"ValueType":"System.Int32"},"Value":2},{"Key":{"Id":"MSTest.DynamicData","Label":"DynamicData","Category":"","Description":"","Attributes":1,"ValueType":"System.String[]"},"Value":["System.Int32, System.Private.CoreLib, Version=5.0.0.0, Culture=neutral, PublicKeyToken=7cec85d7bea7798e","4"]}]},"Attachments":[],"Outcome":2,"ErrorMessage":"Test method BusinessLayer.Test.Services.VehicleService.DeleteAsync threw exception: \r\nSystem.ArgumentNullException: Value cannot be null. (Parameter 'entity')","ErrorStackTrace":"    at Microsoft.EntityFrameworkCore.Utilities.Check.NotNull[T](T value, String parameterName)\r\n   at Microsoft.EntityFrameworkCore.DbContext.Remove[TEntity](TEntity entity)\r\n   at Core.DataAccess.EntityFramework.EfEntityRepositoryBase`2.Delete(TEntity entity) in D:\\MyWorks\\Assignment\\Cognizant\\Core\\DataAccess\\EntityFramework\\EfEntityRepositoryBase.cs:line 46\r\n   at BusinessLayer.Concrete.VehicleManager.Delete(Vehicle entity) in D:\\MyWorks\\Assignment\\Cognizant\\BusinessLayer\\Concrete\\VehicleManager.cs:line 143\r\n   at BusinessLayer.Test.Services.VehicleService.DeleteAsync(Int32 id) in D:\\MyWorks\\Assignment\\Cognizant\\BusinessLayer.Test\\Services\\VehicleService.cs:line 47\r\n   at Microsoft.VisualStudio.TestPlatform.MSTestAdapter.PlatformServices.ThreadOperations.ExecuteWithAbortSafety(Action action)\r\n","DisplayName":"DeleteAsync (4)","Messages":[],"ComputerName":null,"Duration":"00:00:00.4966309","StartTime":"2022-05-22T17:27:22.1952443+03:00","EndTime":"2022-05-22T17:27:22.6931795+03:00","Properties":[{"Key":{"Id":"ExecutionId","Label":"ExecutionId","Category":"","Description":"","Attributes":1,"ValueType":"System.Guid"},"Value":"00000000-0000-0000-0000-000000000000"},{"Key":{"Id":"ParentExecId","Label":"ParentExecId","Category":"","Description":"","Attributes":1,"ValueType":"System.Guid"},"Value":"00000000-0000-0000-0000-000000000000"},{"Key":{"Id":"InnerResultsCount","Label":"InnerResultsCount","Category":"","Description":"","Attributes":1,"ValueType":"System.Int32"},"Value":0}]},{"TestCase":{"Id":"570e5fc7-d294-e945-072b-10d63e8fb84a","FullyQualifiedName":"BusinessLayer.Test.Services.VehicleService.GetBrandListAsync","DisplayName":"GetBrandListAsync","ExecutorUri":"executor://MSTestAdapter/v2","Source":"D:\\MyWorks\\Assignment\\Cognizant\\BusinessLayer.Test\\bin\\Debug\\net5.0\\fine-code-coverage\\build-output\\BusinessLayer.Test.dll","CodeFilePath":null,"LineNumber":-1,"Properties":[{"Key":{"Id":"TestCase.ManagedType","Label":"ManagedType","Category":"","Description":"","Attributes":1,"ValueType":"System.String"},"Value":"BusinessLayer.Test.Services.VehicleService"},{"Key":{"Id":"TestCase.ManagedMethod","Label":"ManagedMethod","Category":"","Description":"","Attributes":1,"ValueType":"System.String"},"Value":"GetBrandListAsync"},{"Key":{"Id":"MSTestDiscoverer.TestClassName","Label":"ClassName","Category":"","Description":"","Attributes":1,"ValueType":"System.String"},"Value":"BusinessLayer.Test.Services.VehicleService"},{"Key":{"Id":"TestCase.Hierarchy","Label":"Hierarchy","Category":"","Description":"","Attributes":2,"ValueType":"System.String[]"},"Value":["BusinessLayer.Test.Services","VehicleService"]},{"Key":{"Id":"TestObject.Traits","Label":"Traits","Category":"","Description":"","Attributes":5,"ValueType":"System.Collections.Generic.KeyValuePair`2[[System.String],[System.String]][]"},"Value":[]}]},"Attachments":[],"Outcome":1,"ErrorMessage":null,"ErrorStackTrace":null,"DisplayName":"GetBrandListAsync","Messages":[],"ComputerName":null,"Duration":"00:00:00.1684754","StartTime":"2022-05-22T17:27:22.6962802+03:00","EndTime":"2022-05-22T17:27:22.8650866+03:00","Properties":[{"Key":{"Id":"ExecutionId","Label":"ExecutionId","Category":"","Description":"","Attributes":1,"ValueType":"System.Guid"},"Value":"00000000-0000-0000-0000-000000000000"},{"Key":{"Id":"ParentExecId","Label":"ParentExecId","Category":"","Description":"","Attributes":1,"ValueType":"System.Guid"},"Value":"00000000-0000-0000-0000-000000000000"},{"Key":{"Id":"InnerResultsCount","Label":"InnerResultsCount","Category":"","Description":"","Attributes":1,"ValueType":"System.Int32"},"Value":0}]},{"TestCase":{"Id":"daecbd79-6278-4948-9f39-c3bf0362227a","FullyQualifiedName":"BusinessLayer.Test.Services.VehicleService.GetByIdAsync","DisplayName":"GetByIdAsync (1)","ExecutorUri":"executor://MSTestAdapter/v2","Source":"D:\\MyWorks\\Assignment\\Cognizant\\BusinessLayer.Test\\bin\\Debug\\net5.0\\fine-code-coverage\\build-output\\BusinessLayer.Test.dll","CodeFilePath":null,"LineNumber":-1,"Properties":[{"Key":{"Id":"TestCase.ManagedType","Label":"ManagedType","Category":"","Description":"","Attributes":1,"ValueType":"System.String"},"Value":"BusinessLayer.Test.Services.VehicleService"},{"Key":{"Id":"TestCase.ManagedMethod","Label":"ManagedMethod","Category":"","Description":"","Attributes":1,"ValueType":"System.String"},"Value":"GetByIdAsync(System.Int32)"},{"Key":{"Id":"MSTestDiscoverer.TestClassName","Label":"ClassName","Category":"","Description":"","Attributes":1,"ValueType":"System.String"},"Value":"BusinessLayer.Test.Services.VehicleService"},{"Key":{"Id":"TestCase.Hierarchy","Label":"Hierarchy","Category":"","Description":"","Attributes":2,"ValueType":"System.String[]"},"Value":["BusinessLayer.Test.Services","VehicleService"]},{"Key":{"Id":"TestObject.Traits","Label":"Traits","Category":"","Description":"","Attributes":5,"ValueType":"System.Collections.Generic.KeyValuePair`2[[System.String],[System.String]][]"},"Value":[]},{"Key":{"Id":"MSTest.DynamicDataType","Label":"DynamicDataType","Category":"","Description":"","Attributes":1,"ValueType":"System.Int32"},"Value":2},{"Key":{"Id":"MSTest.DynamicData","Label":"DynamicData","Category":"","Description":"","Attributes":1,"ValueType":"System.String[]"},"Value":["System.Int32, System.Private.CoreLib, Version=5.0.0.0, Culture=neutral, PublicKeyToken=7cec85d7bea7798e","1"]}]},"Attachments":[],"Outcome":1,"ErrorMessage":null,"ErrorStackTrace":null,"DisplayName":"GetByIdAsync (1)","Messages":[],"ComputerName":null,"Duration":"00:00:00.0786428","StartTime":"2022-05-22T17:27:22.8685745+03:00","EndTime":"2022-05-22T17:27:22.9479603+03:00","Properties":[{"Key":{"Id":"ExecutionId","Label":"ExecutionId","Category":"","Description":"","Attributes":1,"ValueType":"System.Guid"},"Value":"00000000-0000-0000-0000-000000000000"},{"Key":{"Id":"ParentExecId","Label":"ParentExecId","Category":"","Description":"","Attributes":1,"ValueType":"System.Guid"},"Value":"00000000-0000-0000-0000-000000000000"},{"Key":{"Id":"InnerResultsCount","Label":"InnerResultsCount","Category":"","Description":"","Attributes":1,"ValueType":"System.Int32"},"Value":0}]},{"TestCase":{"Id":"266bd692-f00e-c0be-c490-7d5cb1adbd1a","FullyQualifiedName":"BusinessLayer.Test.Services.VehicleService.GetCountListAsync","DisplayName":"GetCountListAsync (Volvo)","ExecutorUri":"executor://MSTestAdapter/v2","Source":"D:\\MyWorks\\Assignment\\Cognizant\\BusinessLayer.Test\\bin\\Debug\\net5.0\\fine-code-coverage\\build-output\\BusinessLayer.Test.dll","CodeFilePath":null,"LineNumber":-1,"Properties":[{"Key":{"Id":"TestCase.ManagedType","Label":"ManagedType","Category":"","Description":"","Attributes":1,"ValueType":"System.String"},"Value":"BusinessLayer.Test.Services.VehicleService"},{"Key":{"Id":"TestCase.ManagedMethod","Label":"ManagedMethod","Category":"","Description":"","Attributes":1,"ValueType":"System.String"},"Value":"GetCountListAsync(System.String)"},{"Key":{"Id":"MSTestDiscoverer.TestClassName","Label":"ClassName","Category":"","Description":"","Attributes":1,"ValueType":"System.String"},"Value":"BusinessLayer.Test.Services.VehicleService"},{"Key":{"Id":"TestCase.Hierarchy","Label":"Hierarchy","Category":"","Description":"","Attributes":2,"ValueType":"System.String[]"},"Value":["BusinessLayer.Test.Services","VehicleService"]},{"Key":{"Id":"TestObject.Traits","Label":"Traits","Category":"","Description":"","Attributes":5,"ValueType":"System.Collections.Generic.KeyValuePair`2[[System.String],[System.String]][]"},"Value":[]},{"Key":{"Id":"MSTest.DynamicDataType","Label":"DynamicDataType","Category":"","Description":"","Attributes":1,"ValueType":"System.Int32"},"Value":2},{"Key":{"Id":"MSTest.DynamicData","Label":"DynamicData","Category":"","Description":"","Attributes":1,"ValueType":"System.String[]"},"Value":["System.String, System.Private.CoreLib, Version=5.0.0.0, Culture=neutral, PublicKeyToken=7cec85d7bea7798e","\"Volvo\""]}]},"Attachments":[],"Outcome":1,"ErrorMessage":null,"ErrorStackTrace":null,"DisplayName":"GetCountListAsync (Volvo)","Messages":[],"ComputerName":null,"Duration":"00:00:00.3970894","StartTime":"2022-05-22T17:27:22.9546739+03:00","EndTime":"2022-05-22T17:27:23.3529432+03:00","Properties":[{"Key":{"Id":"ExecutionId","Label":"ExecutionId","Category":"","Description":"","Attributes":1,"ValueType":"System.Guid"},"Value":"00000000-0000-0000-0000-000000000000"},{"Key":{"Id":"ParentExecId","Label":"ParentExecId","Category":"","Description":"","Attributes":1,"ValueType":"System.Guid"},"Value":"00000000-0000-0000-0000-000000000000"},{"Key":{"Id":"InnerResultsCount","Label":"InnerResultsCount","Category":"","Description":"","Attributes":1,"ValueType":"System.Int32"},"Value":0}]}],"TestRunStatistics":{"ExecutedTests":6,"Stats":{"Passed":5,"Failed":1}},"ActiveTests":[{"Id":"d111c7ee-6735-4582-717e-e910e2408845","FullyQualifiedName":"BusinessLayer.Test.Services.VehicleService.GetListAsync","DisplayName":"GetListAsync","ExecutorUri":"executor://MSTestAdapter/v2","Source":"D:\\MyWorks\\Assignment\\Cognizant\\BusinessLayer.Test\\bin\\Debug\\net5.0\\fine-code-coverage\\build-output\\BusinessLayer.Test.dll","CodeFilePath":null,"LineNumber":-1,"Properties":[{"Key":{"Id":"TestCase.ManagedType","Label":"ManagedType","Category":"","Description":"","Attributes":1,"ValueType":"System.String"},"Value":"BusinessLayer.Test.Services.VehicleService"},{"Key":{"Id":"TestCase.ManagedMethod","Label":"ManagedMethod","Category":"","Description":"","Attributes":1,"ValueType":"System.String"},"Value":"GetListAsync"},{"Key":{"Id":"MSTestDiscoverer.TestClassName","Label":"ClassName","Category":"","Description":"","Attributes":1,"ValueType":"System.String"},"Value":"BusinessLayer.Test.Services.VehicleService"},{"Key":{"Id":"TestCase.Hierarchy","Label":"Hierarchy","Category":"","Description":"","Attributes":2,"ValueType":"System.String[]"},"Value":["BusinessLayer.Test.Services","VehicleService"]},{"Key":{"Id":"TestObject.Traits","Label":"Traits","Category":"","Description":"","Attributes":5,"ValueType":"System.Collections.Generic.KeyValuePair`2[[System.String],[System.String]][]"},"Value":[]}]}]}}
TpTrace Verbose: 0 : 20616, 15, 2022/05/22, 17:27:23.530, 7663327323507, testhost.dll, TestRunCache: OnNewTestResult: Notified the onCacheHit callback.
TpTrace Information: 0 : 20616, 5, 2022/05/22, 17:27:23.715, 7663329167253, testhost.dll, MSTest - Executed test GetListAsync
TpTrace Verbose: 0 : 20616, 5, 2022/05/22, 17:27:23.715, 7663329168504, testhost.dll, TestExecutionRecorder.RecordEnd: test: BusinessLayer.Test.Services.VehicleService.GetListAsync execution completed.
TpTrace Warning: 0 : 20616, 5, 2022/05/22, 17:27:23.715, 7663329168948, testhost.dll, TestRunCache: InProgressTests is null
TpTrace Verbose: 0 : 20616, 5, 2022/05/22, 17:27:23.716, 7663329180581, testhost.dll, TestExecutionRecorder.RecordResult: Received result for test: BusinessLayer.Test.Services.VehicleService.GetListAsync.
TpTrace Warning: 0 : 20616, 5, 2022/05/22, 17:27:23.716, 7663329181629, testhost.dll, TestRunCache: InProgressTests is null
TpTrace Warning: 0 : 20616, 5, 2022/05/22, 17:27:23.716, 7663329181931, testhost.dll, TestRunCache: No test found corresponding to testResult 'GetListAsync' in inProgress list.
TpTrace Verbose: 0 : 20616, 5, 2022/05/22, 17:27:23.716, 7663329182669, testhost.dll, TestExecutionRecorder.RecordStart: Starting test: BusinessLayer.Test.Services.VehicleService.UpdateAsync.
TpTrace Information: 0 : 20616, 5, 2022/05/22, 17:27:23.718, 7663329198408, testhost.dll, MSTest - Executing test UpdateAsync
TpTrace Information: 0 : 20616, 5, 2022/05/22, 17:27:24.002, 7663332040108, testhost.dll, MSTest - Executed test UpdateAsync
TpTrace Verbose: 0 : 20616, 5, 2022/05/22, 17:27:24.002, 7663332041274, testhost.dll, TestExecutionRecorder.RecordEnd: test: BusinessLayer.Test.Services.VehicleService.UpdateAsync execution completed.
TpTrace Verbose: 0 : 20616, 5, 2022/05/22, 17:27:24.005, 7663332076061, testhost.dll, TestExecutionRecorder.RecordResult: Received result for test: BusinessLayer.Test.Services.VehicleService.UpdateAsync.
TpTrace Warning: 0 : 20616, 5, 2022/05/22, 17:27:24.006, 7663332077121, testhost.dll, TestRunCache: InProgressTests is null
TpTrace Warning: 0 : 20616, 5, 2022/05/22, 17:27:24.006, 7663332077402, testhost.dll, TestRunCache: No test found corresponding to testResult 'UpdateAsync (5,Test Car)' in inProgress list.
TpTrace Verbose: 0 : 20616, 5, 2022/05/22, 17:27:24.006, 7663332078317, testhost.dll, TestExecutionRecorder.RecordStart: Starting test: BusinessLayer.Test.Services.WareHouseService.Get_List_WareHouse.
TpTrace Information: 0 : 20616, 5, 2022/05/22, 17:27:24.006, 7663332085601, testhost.dll, MSTest - Executing test Get_List_WareHouse
TpTrace Information: 0 : 20616, 5, 2022/05/22, 17:27:24.042, 7663332444284, testhost.dll, MSTest - Executed test Get_List_WareHouse
TpTrace Verbose: 0 : 20616, 5, 2022/05/22, 17:27:24.042, 7663332446263, testhost.dll, TestExecutionRecorder.RecordEnd: test: BusinessLayer.Test.Services.WareHouseService.Get_List_WareHouse execution completed.
TpTrace Verbose: 0 : 20616, 5, 2022/05/22, 17:27:24.044, 7663332465434, testhost.dll, TestExecutionRecorder.RecordResult: Received result for test: BusinessLayer.Test.Services.WareHouseService.Get_List_WareHouse.
TpTrace Warning: 0 : 20616, 5, 2022/05/22, 17:27:24.045, 7663332467461, testhost.dll, TestRunCache: InProgressTests is null
TpTrace Warning: 0 : 20616, 5, 2022/05/22, 17:27:24.045, 7663332468181, testhost.dll, TestRunCache: No test found corresponding to testResult 'Get_List_WareHouse' in inProgress list.
TpTrace Verbose: 0 : 20616, 5, 2022/05/22, 17:27:24.045, 7663332469752, testhost.dll, TestExecutionRecorder.RecordStart: Starting test: BusinessLayer.Test.Services.WareHouseService.Get_List_WareHouseAsync.
TpTrace Information: 0 : 20616, 5, 2022/05/22, 17:27:24.047, 7663332486740, testhost.dll, MSTest - Executing test Get_List_WareHouseAsync
TpTrace Information: 0 : 20616, 5, 2022/05/22, 17:27:24.101, 7663333026647, testhost.dll, MSTest - Executed test Get_List_WareHouseAsync
TpTrace Verbose: 0 : 20616, 5, 2022/05/22, 17:27:24.101, 7663333028514, testhost.dll, TestExecutionRecorder.RecordEnd: test: BusinessLayer.Test.Services.WareHouseService.Get_List_WareHouseAsync execution completed.
TpTrace Verbose: 0 : 20616, 5, 2022/05/22, 17:27:24.103, 7663333046837, testhost.dll, TestExecutionRecorder.RecordResult: Received result for test: BusinessLayer.Test.Services.WareHouseService.Get_List_WareHouseAsync.
TpTrace Warning: 0 : 20616, 5, 2022/05/22, 17:27:24.103, 7663333048104, testhost.dll, TestRunCache: InProgressTests is null
TpTrace Warning: 0 : 20616, 5, 2022/05/22, 17:27:24.103, 7663333048945, testhost.dll, TestRunCache: No test found corresponding to testResult 'Get_List_WareHouseAsync' in inProgress list.
TpTrace Verbose: 0 : 20616, 5, 2022/05/22, 17:27:24.103, 7663333050451, testhost.dll, TestExecutionRecorder.RecordStart: Starting test: BusinessLayer.Test.Services.WareHouseService.Add_WareHouse.
TpTrace Information: 0 : 20616, 5, 2022/05/22, 17:27:24.105, 7663333066557, testhost.dll, MSTest - Executing test Add_WareHouse
TpTrace Information: 0 : 20616, 5, 2022/05/22, 17:27:24.193, 7663333953217, testhost.dll, MSTest - Executed test Add_WareHouse
TpTrace Verbose: 0 : 20616, 5, 2022/05/22, 17:27:24.193, 7663333955306, testhost.dll, TestExecutionRecorder.RecordEnd: test: BusinessLayer.Test.Services.WareHouseService.Add_WareHouse execution completed.
TpTrace Verbose: 0 : 20616, 5, 2022/05/22, 17:27:24.195, 7663333976233, testhost.dll, TestExecutionRecorder.RecordResult: Received result for test: BusinessLayer.Test.Services.WareHouseService.Add_WareHouse.
TpTrace Warning: 0 : 20616, 5, 2022/05/22, 17:27:24.196, 7663333977840, testhost.dll, TestRunCache: InProgressTests is null
TpTrace Warning: 0 : 20616, 5, 2022/05/22, 17:27:24.196, 7663333978568, testhost.dll, TestRunCache: No test found corresponding to testResult 'Add_WareHouse (Test,1,1)' in inProgress list.
TpTrace Verbose: 0 : 20616, 5, 2022/05/22, 17:27:24.196, 7663333979925, testhost.dll, TestExecutionRecorder.RecordStart: Starting test: BusinessLayer.Test.Services.WareHouseService.Update_WareHouseAsync.
TpTrace Information: 0 : 20616, 5, 2022/05/22, 17:27:24.198, 7663333997521, testhost.dll, MSTest - Executing test Update_WareHouseAsync
TpTrace Verbose: 0 : 20616, 4, 2022/05/22, 17:27:24.264, 7663334661365, testhost.dll, TcpClientExtensions.MessageLoopAsync: Polling on remoteEndPoint: [::ffff:127.0.0.1]:56740 localEndPoint: [::ffff:127.0.0.1]:56743
TpTrace Information: 0 : 20616, 5, 2022/05/22, 17:27:24.268, 7663334704046, testhost.dll, MSTest - Executed test Update_WareHouseAsync
TpTrace Verbose: 0 : 20616, 5, 2022/05/22, 17:27:24.268, 7663334704989, testhost.dll, TestExecutionRecorder.RecordEnd: test: BusinessLayer.Test.Services.WareHouseService.Update_WareHouseAsync execution completed.
TpTrace Verbose: 0 : 20616, 5, 2022/05/22, 17:27:24.269, 7663334714788, testhost.dll, TestExecutionRecorder.RecordResult: Received result for test: BusinessLayer.Test.Services.WareHouseService.Update_WareHouseAsync.
TpTrace Warning: 0 : 20616, 5, 2022/05/22, 17:27:24.269, 7663334715577, testhost.dll, TestRunCache: InProgressTests is null
TpTrace Warning: 0 : 20616, 5, 2022/05/22, 17:27:24.269, 7663334715843, testhost.dll, TestRunCache: No test found corresponding to testResult 'Update_WareHouseAsync (Test-5,2)' in inProgress list.
TpTrace Verbose: 0 : 20616, 5, 2022/05/22, 17:27:24.270, 7663334716581, testhost.dll, TestExecutionRecorder.RecordStart: Starting test: BusinessLayer.Test.Services.WareHouseService.Delete_WareHouseAsync.
TpTrace Information: 0 : 20616, 5, 2022/05/22, 17:27:24.270, 7663334724148, testhost.dll, MSTest - Executing test Delete_WareHouseAsync
TpTrace Information: 0 : 20616, 5, 2022/05/22, 17:27:24.327, 7663335295837, testhost.dll, MSTest - Executed test Delete_WareHouseAsync
TpTrace Verbose: 0 : 20616, 5, 2022/05/22, 17:27:24.328, 7663335297866, testhost.dll, TestExecutionRecorder.RecordEnd: test: BusinessLayer.Test.Services.WareHouseService.Delete_WareHouseAsync execution completed.
TpTrace Verbose: 0 : 20616, 5, 2022/05/22, 17:27:24.330, 7663335320651, testhost.dll, TestExecutionRecorder.RecordResult: Received result for test: BusinessLayer.Test.Services.WareHouseService.Delete_WareHouseAsync.
TpTrace Warning: 0 : 20616, 5, 2022/05/22, 17:27:24.330, 7663335322410, testhost.dll, TestRunCache: InProgressTests is null
TpTrace Warning: 0 : 20616, 5, 2022/05/22, 17:27:24.330, 7663335323147, testhost.dll, TestRunCache: No test found corresponding to testResult 'Delete_WareHouseAsync (80)' in inProgress list.
TpTrace Information: 0 : 20616, 5, 2022/05/22, 17:27:24.331, 7663335328094, testhost.dll, MSTest - Executing cleanup methods.
TpTrace Information: 0 : 20616, 5, 2022/05/22, 17:27:24.334, 7663335356517, testhost.dll, MSTest - Executed cleanup methods.
TpTrace Information: 0 : 20616, 5, 2022/05/22, 17:27:24.334, 7663335357860, testhost.dll, MSTest - Executed tests belonging to source D:\MyWorks\Assignment\Cognizant\BusinessLayer.Test\bin\Debug\net5.0\fine-code-coverage\build-output\BusinessLayer.Test.dll
TpTrace Verbose: 0 : 20616, 5, 2022/05/22, 17:27:24.334, 7663335365396, testhost.dll, BaseRunTests.RunTestInternalWithExecutors: Completed running tests for executor://MSTestAdapter/v2
TpTrace Information: 0 : 20616, 5, 2022/05/22, 17:27:24.340, 7663335425559, testhost.dll, Sending test run complete
TpTrace Verbose: 0 : 20616, 5, 2022/05/22, 17:27:24.380, 7663335817598, testhost.dll, TestRequestHandler.SendData:  sending data from testhost: {"Version":5,"MessageType":"TestExecution.Completed","Payload":{"TestRunCompleteArgs":{"TestRunStatistics":{"ExecutedTests":13,"Stats":{"Passed":12,"Failed":1}},"IsCanceled":false,"IsAborted":false,"Error":null,"AttachmentSets":[],"ElapsedTimeInRunningTests":"00:00:05.9265001","Metrics":{}},"LastRunTests":{"NewTestResults":[{"TestCase":{"Id":"d111c7ee-6735-4582-717e-e910e2408845","FullyQualifiedName":"BusinessLayer.Test.Services.VehicleService.GetListAsync","DisplayName":"GetListAsync","ExecutorUri":"executor://MSTestAdapter/v2","Source":"D:\\MyWorks\\Assignment\\Cognizant\\BusinessLayer.Test\\bin\\Debug\\net5.0\\fine-code-coverage\\build-output\\BusinessLayer.Test.dll","CodeFilePath":null,"LineNumber":-1,"Properties":[{"Key":{"Id":"TestCase.ManagedType","Label":"ManagedType","Category":"","Description":"","Attributes":1,"ValueType":"System.String"},"Value":"BusinessLayer.Test.Services.VehicleService"},{"Key":{"Id":"TestCase.ManagedMethod","Label":"ManagedMethod","Category":"","Description":"","Attributes":1,"ValueType":"System.String"},"Value":"GetListAsync"},{"Key":{"Id":"MSTestDiscoverer.TestClassName","Label":"ClassName","Category":"","Description":"","Attributes":1,"ValueType":"System.String"},"Value":"BusinessLayer.Test.Services.VehicleService"},{"Key":{"Id":"TestCase.Hierarchy","Label":"Hierarchy","Category":"","Description":"","Attributes":2,"ValueType":"System.String[]"},"Value":["BusinessLayer.Test.Services","VehicleService"]},{"Key":{"Id":"TestObject.Traits","Label":"Traits","Category":"","Description":"","Attributes":5,"ValueType":"System.Collections.Generic.KeyValuePair`2[[System.String],[System.String]][]"},"Value":[]}]},"Attachments":[],"Outcome":1,"ErrorMessage":null,"ErrorStackTrace":null,"DisplayName":"GetListAsync","Messages":[],"ComputerName":null,"Duration":"00:00:00.3592911","StartTime":"2022-05-22T17:27:23.355483+03:00","EndTime":"2022-05-22T17:27:23.7152084+03:00","Properties":[{"Key":{"Id":"ExecutionId","Label":"ExecutionId","Category":"","Description":"","Attributes":1,"ValueType":"System.Guid"},"Value":"00000000-0000-0000-0000-000000000000"},{"Key":{"Id":"ParentExecId","Label":"ParentExecId","Category":"","Description":"","Attributes":1,"ValueType":"System.Guid"},"Value":"00000000-0000-0000-0000-000000000000"},{"Key":{"Id":"InnerResultsCount","Label":"InnerResultsCount","Category":"","Description":"","Attributes":1,"ValueType":"System.Int32"},"Value":0}]},{"TestCase":{"Id":"dd47cf32-90b8-950e-d9b2-7d7ad40e48d8","FullyQualifiedName":"BusinessLayer.Test.Services.VehicleService.UpdateAsync","DisplayName":"UpdateAsync (5,Test Car)","ExecutorUri":"executor://MSTestAdapter/v2","Source":"D:\\MyWorks\\Assignment\\Cognizant\\BusinessLayer.Test\\bin\\Debug\\net5.0\\fine-code-coverage\\build-output\\BusinessLayer.Test.dll","CodeFilePath":null,"LineNumber":-1,"Properties":[{"Key":{"Id":"TestCase.ManagedType","Label":"ManagedType","Category":"","Description":"","Attributes":1,"ValueType":"System.String"},"Value":"BusinessLayer.Test.Services.VehicleService"},{"Key":{"Id":"TestCase.ManagedMethod","Label":"ManagedMethod","Category":"","Description":"","Attributes":1,"ValueType":"System.String"},"Value":"UpdateAsync(System.Int32,System.String)"},{"Key":{"Id":"MSTestDiscoverer.TestClassName","Label":"ClassName","Category":"","Description":"","Attributes":1,"ValueType":"System.String"},"Value":"BusinessLayer.Test.Services.VehicleService"},{"Key":{"Id":"TestCase.Hierarchy","Label":"Hierarchy","Category":"","Description":"","Attributes":2,"ValueType":"System.String[]"},"Value":["BusinessLayer.Test.Services","VehicleService"]},{"Key":{"Id":"TestObject.Traits","Label":"Traits","Category":"","Description":"","Attributes":5,"ValueType":"System.Collections.Generic.KeyValuePair`2[[System.String],[System.String]][]"},"Value":[]},{"Key":{"Id":"MSTest.DynamicDataType","Label":"DynamicDataType","Category":"","Description":"","Attributes":1,"ValueType":"System.Int32"},"Value":2},{"Key":{"Id":"MSTest.DynamicData","Label":"DynamicData","Category":"","Description":"","Attributes":1,"ValueType":"System.String[]"},"Value":["System.Int32, System.Private.CoreLib, Version=5.0.0.0, Culture=neutral, PublicKeyToken=7cec85d7bea7798e","5","System.String, System.Private.CoreLib, Version=5.0.0.0, Culture=neutral, PublicKeyToken=7cec85d7bea7798e","\"Test Car\""]}]},"Attachments":[],"Outcome":1,"ErrorMessage":null,"ErrorStackTrace":null,"DisplayName":"UpdateAsync (5,Test Car)","Messages":[],"ComputerName":null,"Duration":"00:00:00.2835864","StartTime":"2022-05-22T17:27:23.7181791+03:00","EndTime":"2022-05-22T17:27:24.0024894+03:00","Properties":[{"Key":{"Id":"ExecutionId","Label":"ExecutionId","Category":"","Description":"","Attributes":1,"ValueType":"System.Guid"},"Value":"00000000-0000-0000-0000-000000000000"},{"Key":{"Id":"ParentExecId","Label":"ParentExecId","Category":"","Description":"","Attributes":1,"ValueType":"System.Guid"},"Value":"00000000-0000-0000-0000-000000000000"},{"Key":{"Id":"InnerResultsCount","Label":"InnerResultsCount","Category":"","Description":"","Attributes":1,"ValueType":"System.Int32"},"Value":0}]},{"TestCase":{"Id":"f129d9dc-dff7-6562-8871-b55cb8e04710","FullyQualifiedName":"BusinessLayer.Test.Services.WareHouseService.Get_List_WareHouse","DisplayName":"Get_List_WareHouse","ExecutorUri":"executor://MSTestAdapter/v2","Source":"D:\\MyWorks\\Assignment\\Cognizant\\BusinessLayer.Test\\bin\\Debug\\net5.0\\fine-code-coverage\\build-output\\BusinessLayer.Test.dll","CodeFilePath":null,"LineNumber":-1,"Properties":[{"Key":{"Id":"TestCase.ManagedType","Label":"ManagedType","Category":"","Description":"","Attributes":1,"ValueType":"System.String"},"Value":"BusinessLayer.Test.Services.WareHouseService"},{"Key":{"Id":"TestCase.ManagedMethod","Label":"ManagedMethod","Category":"","Description":"","Attributes":1,"ValueType":"System.String"},"Value":"Get_List_WareHouse"},{"Key":{"Id":"MSTestDiscoverer.TestClassName","Label":"ClassName","Category":"","Description":"","Attributes":1,"ValueType":"System.String"},"Value":"BusinessLayer.Test.Services.WareHouseService"},{"Key":{"Id":"TestCase.Hierarchy","Label":"Hierarchy","Category":"","Description":"","Attributes":2,"ValueType":"System.String[]"},"Value":["BusinessLayer.Test.Services","WareHouseService"]},{"Key":{"Id":"TestObject.Traits","Label":"Traits","Category":"","Description":"","Attributes":5,"ValueType":"System.Collections.Generic.KeyValuePair`2[[System.String],[System.String]][]"},"Value":[]}]},"Attachments":[],"Outcome":1,"ErrorMessage":null,"ErrorStackTrace":null,"DisplayName":"Get_List_WareHouse","Messages":[],"ComputerName":null,"Duration":"00:00:00.0354692","StartTime":"2022-05-22T17:27:24.0069223+03:00","EndTime":"2022-05-22T17:27:24.04297+03:00","Properties":[{"Key":{"Id":"ExecutionId","Label":"ExecutionId","Category":"","Description":"","Attributes":1,"ValueType":"System.Guid"},"Value":"00000000-0000-0000-0000-000000000000"},{"Key":{"Id":"ParentExecId","Label":"ParentExecId","Category":"","Description":"","Attributes":1,"ValueType":"System.Guid"},"Value":"00000000-0000-0000-0000-000000000000"},{"Key":{"Id":"InnerResultsCount","Label":"InnerResultsCount","Category":"","Description":"","Attributes":1,"ValueType":"System.Int32"},"Value":0}]},{"TestCase":{"Id":"bd3f74fb-322a-2aca-9c25-0bb23119ee8e","FullyQualifiedName":"BusinessLayer.Test.Services.WareHouseService.Get_List_WareHouseAsync","DisplayName":"Get_List_WareHouseAsync","ExecutorUri":"executor://MSTestAdapter/v2","Source":"D:\\MyWorks\\Assignment\\Cognizant\\BusinessLayer.Test\\bin\\Debug\\net5.0\\fine-code-coverage\\build-output\\BusinessLayer.Test.dll","CodeFilePath":null,"LineNumber":-1,"Properties":[{"Key":{"Id":"TestCase.ManagedType","Label":"ManagedType","Category":"","Description":"","Attributes":1,"ValueType":"System.String"},"Value":"BusinessLayer.Test.Services.WareHouseService"},{"Key":{"Id":"TestCase.ManagedMethod","Label":"ManagedMethod","Category":"","Description":"","Attributes":1,"ValueType":"System.String"},"Value":"Get_List_WareHouseAsync"},{"Key":{"Id":"MSTestDiscoverer.TestClassName","Label":"ClassName","Category":"","Description":"","Attributes":1,"ValueType":"System.String"},"Value":"BusinessLayer.Test.Services.WareHouseService"},{"Key":{"Id":"TestCase.Hierarchy","Label":"Hierarchy","Category":"","Description":"","Attributes":2,"ValueType":"System.String[]"},"Value":["BusinessLayer.Test.Services","WareHouseService"]},{"Key":{"Id":"TestObject.Traits","Label":"Traits","Category":"","Description":"","Attributes":5,"ValueType":"System.Collections.Generic.KeyValuePair`2[[System.String],[System.String]][]"},"Value":[]}]},"Attachments":[],"Outcome":1,"ErrorMessage":null,"ErrorStackTrace":null,"DisplayName":"Get_List_WareHouseAsync","Messages":[],"ComputerName":null,"Duration":"00:00:00.0535511","StartTime":"2022-05-22T17:27:24.047024+03:00","EndTime":"2022-05-22T17:27:24.1011977+03:00","Properties":[{"Key":{"Id":"ExecutionId","Label":"ExecutionId","Category":"","Description":"","Attributes":1,"ValueType":"System.Guid"},"Value":"00000000-0000-0000-0000-000000000000"},{"Key":{"Id":"ParentExecId","Label":"ParentExecId","Category":"","Description":"","Attributes":1,"ValueType":"System.Guid"},"Value":"00000000-0000-0000-0000-000000000000"},{"Key":{"Id":"InnerResultsCount","Label":"InnerResultsCount","Category":"","Description":"","Attributes":1,"ValueType":"System.Int32"},"Value":0}]},{"TestCase":{"Id":"f6d3218c-7a8e-5abf-552a-daafb1d72043","FullyQualifiedName":"BusinessLayer.Test.Services.WareHouseService.Add_WareHouse","DisplayName":"Add_WareHouse (Test,1,1)","ExecutorUri":"executor://MSTestAdapter/v2","Source":"D:\\MyWorks\\Assignment\\Cognizant\\BusinessLayer.Test\\bin\\Debug\\net5.0\\fine-code-coverage\\build-output\\BusinessLayer.Test.dll","CodeFilePath":null,"LineNumber":-1,"Properties":[{"Key":{"Id":"TestCase.ManagedType","Label":"ManagedType","Category":"","Description":"","Attributes":1,"ValueType":"System.String"},"Value":"BusinessLayer.Test.Services.WareHouseService"},{"Key":{"Id":"TestCase.ManagedMethod","Label":"ManagedMethod","Category":"","Description":"","Attributes":1,"ValueType":"System.String"},"Value":"Add_WareHouse(System.String,System.Int32,System.Int32)"},{"Key":{"Id":"MSTestDiscoverer.TestClassName","Label":"ClassName","Category":"","Description":"","Attributes":1,"ValueType":"System.String"},"Value":"BusinessLayer.Test.Services.WareHouseService"},{"Key":{"Id":"TestCase.Hierarchy","Label":"Hierarchy","Category":"","Description":"","Attributes":2,"ValueType":"System.String[]"},"Value":["BusinessLayer.Test.Services","WareHouseService"]},{"Key":{"Id":"TestObject.Traits","Label":"Traits","Category":"","Description":"","Attributes":5,"ValueType":"System.Collections.Generic.KeyValuePair`2[[System.String],[System.String]][]"},"Value":[]},{"Key":{"Id":"MSTest.DynamicDataType","Label":"DynamicDataType","Category":"","Description":"","Attributes":1,"ValueType":"System.Int32"},"Value":2},{"Key":{"Id":"MSTest.DynamicData","Label":"DynamicData","Category":"","Description":"","Attributes":1,"ValueType":"System.String[]"},"Value":["System.String, System.Private.CoreLib, Version=5.0.0.0, Culture=neutral, PublicKeyToken=7cec85d7bea7798e","\"Test\"","System.Int32, System.Private.CoreLib, Version=5.0.0.0, Culture=neutral, PublicKeyToken=7cec85d7bea7798e","1","System.Int32, System.Private.CoreLib, Version=5.0.0.0, Culture=neutral, PublicKeyToken=7cec85d7bea7798e","1"]}]},"Attachments":[],"Outcome":1,"ErrorMessage":null,"ErrorStackTrace":null,"DisplayName":"Add_WareHouse (Test,1,1)","Messages":[],"ComputerName":null,"Duration":"00:00:00.0881804","StartTime":"2022-05-22T17:27:24.1050148+03:00","EndTime":"2022-05-22T17:27:24.1938785+03:00","Properties":[{"Key":{"Id":"ExecutionId","Label":"ExecutionId","Category":"","Description":"","Attributes":1,"ValueType":"System.Guid"},"Value":"00000000-0000-0000-0000-000000000000"},{"Key":{"Id":"ParentExecId","Label":"ParentExecId","Category":"","Description":"","Attributes":1,"ValueType":"System.Guid"},"Value":"00000000-0000-0000-0000-000000000000"},{"Key":{"Id":"InnerResultsCount","Label":"InnerResultsCount","Category":"","Description":"","Attributes":1,"ValueType":"System.Int32"},"Value":0}]},{"TestCase":{"Id":"dd5d2fd7-6659-e1ed-26d3-020d27ddeca1","FullyQualifiedName":"BusinessLayer.Test.Services.WareHouseService.Update_WareHouseAsync","DisplayName":"Update_WareHouseAsync (Test-5,2)","ExecutorUri":"executor://MSTestAdapter/v2","Source":"D:\\MyWorks\\Assignment\\Cognizant\\BusinessLayer.Test\\bin\\Debug\\net5.0\\fine-code-coverage\\build-output\\BusinessLayer.Test.dll","CodeFilePath":null,"LineNumber":-1,"Properties":[{"Key":{"Id":"TestCase.ManagedType","Label":"ManagedType","Category":"","Description":"","Attributes":1,"ValueType":"System.String"},"Value":"BusinessLayer.Test.Services.WareHouseService"},{"Key":{"Id":"TestCase.ManagedMethod","Label":"ManagedMethod","Category":"","Description":"","Attributes":1,"ValueType":"System.String"},"Value":"Update_WareHouseAsync(System.String,System.Int32)"},{"Key":{"Id":"MSTestDiscoverer.TestClassName","Label":"ClassName","Category":"","Description":"","Attributes":1,"ValueType":"System.String"},"Value":"BusinessLayer.Test.Services.WareHouseService"},{"Key":{"Id":"TestCase.Hierarchy","Label":"Hierarchy","Category":"","Description":"","Attributes":2,"ValueType":"System.String[]"},"Value":["BusinessLayer.Test.Services","WareHouseService"]},{"Key":{"Id":"TestObject.Traits","Label":"Traits","Category":"","Description":"","Attributes":5,"ValueType":"System.Collections.Generic.KeyValuePair`2[[System.String],[System.String]][]"},"Value":[]},{"Key":{"Id":"MSTest.DynamicDataType","Label":"DynamicDataType","Category":"","Description":"","Attributes":1,"ValueType":"System.Int32"},"Value":2},{"Key":{"Id":"MSTest.DynamicData","Label":"DynamicData","Category":"","Description":"","Attributes":1,"ValueType":"System.String[]"},"Value":["System.String, System.Private.CoreLib, Version=5.0.0.0, Culture=neutral, PublicKeyToken=7cec85d7bea7798e","\"Test-5\"","System.Int32, System.Private.CoreLib, Version=5.0.0.0, Culture=neutral, PublicKeyToken=7cec85d7bea7798e","2"]}]},"Attachments":[],"Outcome":1,"ErrorMessage":null,"ErrorStackTrace":null,"DisplayName":"Update_WareHouseAsync (Test-5,2)","Messages":[],"ComputerName":null,"Duration":"00:00:00.0701682","StartTime":"2022-05-22T17:27:24.198108+03:00","EndTime":"2022-05-22T17:27:24.2688594+03:00","Properties":[{"Key":{"Id":"ExecutionId","Label":"ExecutionId","Category":"","Description":"","Attributes":1,"ValueType":"System.Guid"},"Value":"00000000-0000-0000-0000-000000000000"},{"Key":{"Id":"ParentExecId","Label":"ParentExecId","Category":"","Description":"","Attributes":1,"ValueType":"System.Guid"},"Value":"00000000-0000-0000-0000-000000000000"},{"Key":{"Id":"InnerResultsCount","Label":"InnerResultsCount","Category":"","Description":"","Attributes":1,"ValueType":"System.Int32"},"Value":0}]},{"TestCase":{"Id":"14c38d47-7ce8-73b4-53b7-c8e20ba239a5","FullyQualifiedName":"BusinessLayer.Test.Services.WareHouseService.Delete_WareHouseAsync","DisplayName":"Delete_WareHouseAsync (80)","ExecutorUri":"executor://MSTestAdapter/v2","Source":"D:\\MyWorks\\Assignment\\Cognizant\\BusinessLayer.Test\\bin\\Debug\\net5.0\\fine-code-coverage\\build-output\\BusinessLayer.Test.dll","CodeFilePath":null,"LineNumber":-1,"Properties":[{"Key":{"Id":"TestCase.ManagedType","Label":"ManagedType","Category":"","Description":"","Attributes":1,"ValueType":"System.String"},"Value":"BusinessLayer.Test.Services.WareHouseService"},{"Key":{"Id":"TestCase.ManagedMethod","Label":"ManagedMethod","Category":"","Description":"","Attributes":1,"ValueType":"System.String"},"Value":"Delete_WareHouseAsync(System.Int32)"},{"Key":{"Id":"MSTestDiscoverer.TestClassName","Label":"ClassName","Category":"","Description":"","Attributes":1,"ValueType":"System.String"},"Value":"BusinessLayer.Test.Services.WareHouseService"},{"Key":{"Id":"TestCase.Hierarchy","Label":"Hierarchy","Category":"","Description":"","Attributes":2,"ValueType":"System.String[]"},"Value":["BusinessLayer.Test.Services","WareHouseService"]},{"Key":{"Id":"TestObject.Traits","Label":"Traits","Category":"","Description":"","Attributes":5,"ValueType":"System.Collections.Generic.KeyValuePair`2[[System.String],[System.String]][]"},"Value":[]},{"Key":{"Id":"MSTest.DynamicDataType","Label":"DynamicDataType","Category":"","Description":"","Attributes":1,"ValueType":"System.Int32"},"Value":2},{"Key":{"Id":"MSTest.DynamicData","Label":"DynamicData","Category":"","Description":"","Attributes":1,"ValueType":"System.String[]"},"Value":["System.Int32, System.Private.CoreLib, Version=5.0.0.0, Culture=neutral, PublicKeyToken=7cec85d7bea7798e","80"]}]},"Attachments":[],"Outcome":1,"ErrorMessage":null,"ErrorStackTrace":null,"DisplayName":"Delete_WareHouseAsync (80)","Messages":[],"ComputerName":null,"Duration":"00:00:00.0569126","StartTime":"2022-05-22T17:27:24.2707787+03:00","EndTime":"2022-05-22T17:27:24.3281316+03:00","Properties":[{"Key":{"Id":"ExecutionId","Label":"ExecutionId","Category":"","Description":"","Attributes":1,"ValueType":"System.Guid"},"Value":"00000000-0000-0000-0000-000000000000"},{"Key":{"Id":"ParentExecId","Label":"ParentExecId","Category":"","Description":"","Attributes":1,"ValueType":"System.Guid"},"Value":"00000000-0000-0000-0000-000000000000"},{"Key":{"Id":"InnerResultsCount","Label":"InnerResultsCount","Category":"","Description":"","Attributes":1,"ValueType":"System.Int32"},"Value":0}]}],"TestRunStatistics":{"ExecutedTests":13,"Stats":{"Passed":12,"Failed":1}},"ActiveTests":[]},"RunAttachments":[],"ExecutorUris":["executor://mstestadapter/v2"]}}
TpTrace Verbose: 0 : 20616, 5, 2022/05/22, 17:27:24.380, 7663335823621, testhost.dll, BaseRunTests.RunTests: Run is complete.
TpTrace Verbose: 0 : 20616, 4, 2022/05/22, 17:27:24.381, 7663335832193, testhost.dll, TcpClientExtensions.MessageLoopAsync: NotifyDataAvailable remoteEndPoint: [::ffff:127.0.0.1]:56740 localEndPoint: [::ffff:127.0.0.1]:56743
TpTrace Information: 0 : 20616, 4, 2022/05/22, 17:27:24.381, 7663335833579, testhost.dll, TestRequestHandler.OnMessageReceived: received message: (TestSession.Terminate) -> null
TpTrace Information: 0 : 20616, 4, 2022/05/22, 17:27:24.381, 7663335833958, testhost.dll, Session End message received from server. Closing the connection.
TpTrace Information: 0 : 20616, 4, 2022/05/22, 17:27:24.382, 7663335836947, testhost.dll, SocketClient.Stop: Stop communication from server endpoint: 127.0.0.1:056740
TpTrace Information: 0 : 20616, 4, 2022/05/22, 17:27:24.382, 7663335837416, testhost.dll, SocketClient: Stop: Cancellation requested. Stopping message loop.
TpTrace Verbose: 0 : 20616, 4, 2022/05/22, 17:27:24.382, 7663335838198, testhost.dll, LengthPrefixCommunicationChannel.Dispose: Dispose reader and writer.
TpTrace Information: 0 : 20616, 4, 2022/05/22, 17:27:24.382, 7663335838540, testhost.dll, Closing the connection !
TpTrace Information: 0 : 20616, 4, 2022/05/22, 17:27:24.382, 7663335840190, testhost.dll, SocketClient.PrivateStop: Stop communication from server endpoint: 127.0.0.1:056740, error:
TpTrace Verbose: 0 : 20616, 4, 2022/05/22, 17:27:24.382, 7663335845376, testhost.dll, LengthPrefixCommunicationChannel.Dispose: Dispose reader and writer.
TpTrace Information: 0 : 20616, 1, 2022/05/22, 17:27:24.382, 7663335845446, testhost.dll, Closing the connection !
TpTrace Verbose: 0 : 20616, 4, 2022/05/22, 17:27:24.382, 7663335845919, testhost.dll, TcpClientExtensions.MessageLoopAsync: exiting MessageLoopAsync remoteEndPoint: [::ffff:127.0.0.1]:56740 localEndPoint: [::ffff:127.0.0.1]:56743
TpTrace Information: 0 : 20616, 1, 2022/05/22, 17:27:24.383, 7663335846511, testhost.dll, SocketClient.Stop: Stop communication from server endpoint: 127.0.0.1:056740
TpTrace Verbose: 0 : 20616, 1, 2022/05/22, 17:27:24.383, 7663335846793, testhost.dll, LengthPrefixCommunicationChannel.Dispose: Dispose reader and writer.
TpTrace Information: 0 : 20616, 1, 2022/05/22, 17:27:24.383, 7663335847432, testhost.dll, Testhost process exiting.
