TpTrace Verbose: 0 : 11528, 1, 2022/05/22, 17:27:15.807, 7663250152963, vstest.console.dll, Version: 17.2.0-release-20220209-04
TpTrace Information: 0 : 11528, 1, 2022/05/22, 17:27:15.831, 7663250332708, vstest.console.dll, FilePatternParser: The given file D:\MyWorks\Assignment\Cognizant\BusinessLayer.Test\bin\Debug\net5.0\fine-code-coverage\build-output\BusinessLayer.Test.dll is a full path.
TpTrace Verbose: 0 : 11528, 1, 2022/05/22, 17:27:15.843, 7663250450631, vstest.console.dll, TestPluginCache.DiscoverTestExtensions: finding test extensions in assemblies ends with: RuntimeProvider.dll TPluginInfo: Microsoft.VisualStudio.TestPlatform.Common.ExtensionFramework.Utilities.TestRuntimePluginInformation TExtension: Microsoft.VisualStudio.TestPlatform.ObjectModel.Host.ITestRuntimeProvider
TpTrace Verbose: 0 : 11528, 1, 2022/05/22, 17:27:15.844, 7663250461198, vstest.console.dll, TestPluginCache.GetExtensionPaths: Filtered extension paths: 
TpTrace Verbose: 0 : 11528, 1, 2022/05/22, 17:27:15.844, 7663250463482, vstest.console.dll, TestPluginCache.GetExtensionPaths: Added default extension paths: C:\Program Files\dotnet\sdk\6.0.300-preview.22204.3\Extensions\DumpMinitool.exe
C:\Program Files\dotnet\sdk\6.0.300-preview.22204.3\Extensions\DumpMinitool.x86.exe
C:\Program Files\dotnet\sdk\6.0.300-preview.22204.3\Extensions\Microsoft.Diagnostics.NETCore.Client.dll
C:\Program Files\dotnet\sdk\6.0.300-preview.22204.3\Extensions\Microsoft.TestPlatform.Extensions.BlameDataCollector.dll
C:\Program Files\dotnet\sdk\6.0.300-preview.22204.3\Extensions\Microsoft.TestPlatform.Extensions.EventLogCollector.dll
C:\Program Files\dotnet\sdk\6.0.300-preview.22204.3\Extensions\Microsoft.TestPlatform.TestHostRuntimeProvider.dll
C:\Program Files\dotnet\sdk\6.0.300-preview.22204.3\Extensions\Microsoft.VisualStudio.TestPlatform.Extensions.Html.TestLogger.dll
C:\Program Files\dotnet\sdk\6.0.300-preview.22204.3\Extensions\Microsoft.VisualStudio.TestPlatform.Extensions.Trx.TestLogger.dll
TpTrace Verbose: 0 : 11528, 1, 2022/05/22, 17:27:15.844, 7663250464704, vstest.console.dll, TestPluginCache.GetExtensionPaths: Added unfilterableExtensionPaths: 
TpTrace Information: 0 : 11528, 1, 2022/05/22, 17:27:15.846, 7663250485509, vstest.console.dll, AssemblyResolver.ctor: Creating AssemblyResolver with searchDirectories C:\Program Files\dotnet\sdk\6.0.300-preview.22204.3\Extensions,C:\Program Files\dotnet\sdk\6.0.300-preview.22204.3
TpTrace Verbose: 0 : 11528, 1, 2022/05/22, 17:27:15.848, 7663250503434, vstest.console.dll, TestPluginCache.DiscoverTestExtensions: Discovering the extensions using extension path.
TpTrace Verbose: 0 : 11528, 1, 2022/05/22, 17:27:15.849, 7663250506817, vstest.console.dll, TestPluginCache.GetExtensionPaths: Filtered extension paths: 
TpTrace Verbose: 0 : 11528, 1, 2022/05/22, 17:27:15.849, 7663250508100, vstest.console.dll, TestPluginCache.GetExtensionPaths: Added default extension paths: C:\Program Files\dotnet\sdk\6.0.300-preview.22204.3\Extensions\DumpMinitool.exe
C:\Program Files\dotnet\sdk\6.0.300-preview.22204.3\Extensions\DumpMinitool.x86.exe
C:\Program Files\dotnet\sdk\6.0.300-preview.22204.3\Extensions\Microsoft.Diagnostics.NETCore.Client.dll
C:\Program Files\dotnet\sdk\6.0.300-preview.22204.3\Extensions\Microsoft.TestPlatform.Extensions.BlameDataCollector.dll
C:\Program Files\dotnet\sdk\6.0.300-preview.22204.3\Extensions\Microsoft.TestPlatform.Extensions.EventLogCollector.dll
C:\Program Files\dotnet\sdk\6.0.300-preview.22204.3\Extensions\Microsoft.TestPlatform.TestHostRuntimeProvider.dll
C:\Program Files\dotnet\sdk\6.0.300-preview.22204.3\Extensions\Microsoft.VisualStudio.TestPlatform.Extensions.Html.TestLogger.dll
C:\Program Files\dotnet\sdk\6.0.300-preview.22204.3\Extensions\Microsoft.VisualStudio.TestPlatform.Extensions.Trx.TestLogger.dll
TpTrace Verbose: 0 : 11528, 1, 2022/05/22, 17:27:15.849, 7663250509049, vstest.console.dll, TestPluginCache.GetExtensionPaths: Added unfilterableExtensionPaths: 
TpTrace Verbose: 0 : 11528, 1, 2022/05/22, 17:27:15.849, 7663250510951, vstest.console.dll, TestPluginCache.DiscoverTestExtensions: Discovering the extensions using allExtensionPaths: C:\Program Files\dotnet\sdk\6.0.300-preview.22204.3\Extensions\DumpMinitool.exe
C:\Program Files\dotnet\sdk\6.0.300-preview.22204.3\Extensions\DumpMinitool.x86.exe
C:\Program Files\dotnet\sdk\6.0.300-preview.22204.3\Extensions\Microsoft.Diagnostics.NETCore.Client.dll
C:\Program Files\dotnet\sdk\6.0.300-preview.22204.3\Extensions\Microsoft.TestPlatform.Extensions.BlameDataCollector.dll
C:\Program Files\dotnet\sdk\6.0.300-preview.22204.3\Extensions\Microsoft.TestPlatform.Extensions.EventLogCollector.dll
C:\Program Files\dotnet\sdk\6.0.300-preview.22204.3\Extensions\Microsoft.TestPlatform.TestHostRuntimeProvider.dll
C:\Program Files\dotnet\sdk\6.0.300-preview.22204.3\Extensions\Microsoft.VisualStudio.TestPlatform.Extensions.Html.TestLogger.dll
C:\Program Files\dotnet\sdk\6.0.300-preview.22204.3\Extensions\Microsoft.VisualStudio.TestPlatform.Extensions.Trx.TestLogger.dll
TpTrace Information: 0 : 11528, 1, 2022/05/22, 17:27:15.849, 7663250515911, vstest.console.dll, AssemblyResolver.AddSearchDirectories: Adding more searchDirectories C:\Program Files\dotnet\sdk\6.0.300-preview.22204.3\Extensions,C:\Program Files\dotnet\sdk\6.0.300-preview.22204.3
TpTrace Information: 0 : 11528, 1, 2022/05/22, 17:27:15.850, 7663250517678, vstest.console.dll, AssemblyResolver.AddSearchDirectories: Adding more searchDirectories C:\Program Files\dotnet\sdk\6.0.300-preview.22204.3\Extensions,C:\Program Files\dotnet\sdk\6.0.300-preview.22204.3
TpTrace Information: 0 : 11528, 1, 2022/05/22, 17:27:15.850, 7663250518575, vstest.console.dll, AssemblyResolver.AddSearchDirectories: Adding more searchDirectories C:\Program Files\dotnet\sdk\6.0.300-preview.22204.3\Extensions,C:\Program Files\dotnet\sdk\6.0.300-preview.22204.3
TpTrace Information: 0 : 11528, 1, 2022/05/22, 17:27:15.850, 7663250519331, vstest.console.dll, AssemblyResolver.AddSearchDirectories: Adding more searchDirectories C:\Program Files\dotnet\sdk\6.0.300-preview.22204.3\Extensions,C:\Program Files\dotnet\sdk\6.0.300-preview.22204.3
TpTrace Information: 0 : 11528, 1, 2022/05/22, 17:27:15.850, 7663250520221, vstest.console.dll, AssemblyResolver.AddSearchDirectories: Adding more searchDirectories C:\Program Files\dotnet\sdk\6.0.300-preview.22204.3\Extensions,C:\Program Files\dotnet\sdk\6.0.300-preview.22204.3
TpTrace Information: 0 : 11528, 1, 2022/05/22, 17:27:15.850, 7663250521043, vstest.console.dll, AssemblyResolver.AddSearchDirectories: Adding more searchDirectories C:\Program Files\dotnet\sdk\6.0.300-preview.22204.3\Extensions,C:\Program Files\dotnet\sdk\6.0.300-preview.22204.3
TpTrace Information: 0 : 11528, 1, 2022/05/22, 17:27:15.850, 7663250521810, vstest.console.dll, AssemblyResolver.AddSearchDirectories: Adding more searchDirectories C:\Program Files\dotnet\sdk\6.0.300-preview.22204.3\Extensions,C:\Program Files\dotnet\sdk\6.0.300-preview.22204.3
TpTrace Information: 0 : 11528, 1, 2022/05/22, 17:27:15.850, 7663250522668, vstest.console.dll, AssemblyResolver.AddSearchDirectories: Adding more searchDirectories C:\Program Files\dotnet\sdk\6.0.300-preview.22204.3\Extensions,C:\Program Files\dotnet\sdk\6.0.300-preview.22204.3
TpTrace Information: 0 : 11528, 1, 2022/05/22, 17:27:15.851, 7663250529207, vstest.console.dll, AssemblyResolver.OnResolve: DumpMinitool: Resolving assembly.
TpTrace Information: 0 : 11528, 1, 2022/05/22, 17:27:15.851, 7663250530796, vstest.console.dll, AssemblyResolver.OnResolve: DumpMinitool: Searching in: 'C:\Program Files\dotnet\sdk\6.0.300-preview.22204.3\Extensions'.
TpTrace Information: 0 : 11528, 1, 2022/05/22, 17:27:15.851, 7663250532964, vstest.console.dll, AssemblyResolver.OnResolve: DumpMinitool: Assembly path does not exist: 'C:\Program Files\dotnet\sdk\6.0.300-preview.22204.3\Extensions\DumpMinitool.dll', returning.
TpTrace Information: 0 : 11528, 1, 2022/05/22, 17:27:15.852, 7663250538605, vstest.console.dll, AssemblyResolver.OnResolve: DumpMinitool: Loading assembly 'C:\Program Files\dotnet\sdk\6.0.300-preview.22204.3\Extensions\DumpMinitool.exe'.
TpTrace Information: 0 : 11528, 1, 2022/05/22, 17:27:15.853, 7663250548257, vstest.console.dll, AssemblyResolver.OnResolve: Resolved assembly: DumpMinitool, from path: C:\Program Files\dotnet\sdk\6.0.300-preview.22204.3\Extensions\DumpMinitool.exe
TpTrace Verbose: 0 : 11528, 1, 2022/05/22, 17:27:15.869, 7663250713448, vstest.console.dll, MetadataReaderExtensionsHelper: Discovering extensions inside assembly 'DumpMinitool, Version=15.0.0.0, Culture=neutral, PublicKeyToken=b03f5f7f11d50a3a' file path 'C:\Program Files\dotnet\sdk\6.0.300-preview.22204.3\Extensions\DumpMinitool.exe'
TpTrace Information: 0 : 11528, 1, 2022/05/22, 17:27:15.884, 7663250864260, vstest.console.dll, AssemblyResolver.OnResolve: DumpMinitool.x86: Resolving assembly.
TpTrace Information: 0 : 11528, 1, 2022/05/22, 17:27:15.884, 7663250866252, vstest.console.dll, AssemblyResolver.OnResolve: DumpMinitool.x86: Searching in: 'C:\Program Files\dotnet\sdk\6.0.300-preview.22204.3\Extensions'.
TpTrace Information: 0 : 11528, 1, 2022/05/22, 17:27:15.885, 7663250868501, vstest.console.dll, AssemblyResolver.OnResolve: DumpMinitool.x86: Assembly path does not exist: 'C:\Program Files\dotnet\sdk\6.0.300-preview.22204.3\Extensions\DumpMinitool.x86.dll', returning.
TpTrace Information: 0 : 11528, 1, 2022/05/22, 17:27:15.885, 7663250873654, vstest.console.dll, AssemblyResolver.OnResolve: DumpMinitool.x86: Loading assembly 'C:\Program Files\dotnet\sdk\6.0.300-preview.22204.3\Extensions\DumpMinitool.x86.exe'.
TpTrace Information: 0 : 11528, 1, 2022/05/22, 17:27:15.889, 7663250910697, vstest.console.dll, AssemblyResolver.OnResolve: Resolved assembly: DumpMinitool.x86, from path: C:\Program Files\dotnet\sdk\6.0.300-preview.22204.3\Extensions\DumpMinitool.x86.exe
TpTrace Verbose: 0 : 11528, 1, 2022/05/22, 17:27:15.890, 7663250923476, vstest.console.dll, MetadataReaderExtensionsHelper: Discovering extensions inside assembly 'DumpMinitool.x86, Version=15.0.0.0, Culture=neutral, PublicKeyToken=b03f5f7f11d50a3a' file path 'C:\Program Files\dotnet\sdk\6.0.300-preview.22204.3\Extensions\DumpMinitool.x86.exe'
TpTrace Information: 0 : 11528, 1, 2022/05/22, 17:27:15.896, 7663250978686, vstest.console.dll, AssemblyResolver.OnResolve: Microsoft.Diagnostics.NETCore.Client: Resolving assembly.
TpTrace Information: 0 : 11528, 1, 2022/05/22, 17:27:15.896, 7663250980748, vstest.console.dll, AssemblyResolver.OnResolve: Microsoft.Diagnostics.NETCore.Client: Searching in: 'C:\Program Files\dotnet\sdk\6.0.300-preview.22204.3\Extensions'.
TpTrace Information: 0 : 11528, 1, 2022/05/22, 17:27:15.897, 7663250987110, vstest.console.dll, AssemblyResolver.OnResolve: Microsoft.Diagnostics.NETCore.Client: Loading assembly 'C:\Program Files\dotnet\sdk\6.0.300-preview.22204.3\Extensions\Microsoft.Diagnostics.NETCore.Client.dll'.
TpTrace Information: 0 : 11528, 1, 2022/05/22, 17:27:15.898, 7663251003221, vstest.console.dll, AssemblyResolver.OnResolve: Resolved assembly: Microsoft.Diagnostics.NETCore.Client, from path: C:\Program Files\dotnet\sdk\6.0.300-preview.22204.3\Extensions\Microsoft.Diagnostics.NETCore.Client.dll
TpTrace Verbose: 0 : 11528, 1, 2022/05/22, 17:27:15.899, 7663251006966, vstest.console.dll, MetadataReaderExtensionsHelper: Discovering extensions inside assembly 'Microsoft.Diagnostics.NETCore.Client, Version=0.2.5.801, Culture=neutral, PublicKeyToken=31bf3856ad364e35' file path 'C:\Program Files\dotnet\sdk\6.0.300-preview.22204.3\Extensions\Microsoft.Diagnostics.NETCore.Client.dll'
TpTrace Information: 0 : 11528, 1, 2022/05/22, 17:27:15.923, 7663251251043, vstest.console.dll, AssemblyResolver.OnResolve: Microsoft.Bcl.AsyncInterfaces: Resolving assembly.
TpTrace Information: 0 : 11528, 1, 2022/05/22, 17:27:15.923, 7663251253219, vstest.console.dll, AssemblyResolver.OnResolve: Microsoft.Bcl.AsyncInterfaces: Searching in: 'C:\Program Files\dotnet\sdk\6.0.300-preview.22204.3\Extensions'.
TpTrace Information: 0 : 11528, 1, 2022/05/22, 17:27:15.923, 7663251255560, vstest.console.dll, AssemblyResolver.OnResolve: Microsoft.Bcl.AsyncInterfaces: Assembly path does not exist: 'C:\Program Files\dotnet\sdk\6.0.300-preview.22204.3\Extensions\Microsoft.Bcl.AsyncInterfaces.dll', returning.
TpTrace Information: 0 : 11528, 1, 2022/05/22, 17:27:15.924, 7663251257653, vstest.console.dll, AssemblyResolver.OnResolve: Microsoft.Bcl.AsyncInterfaces: Assembly path does not exist: 'C:\Program Files\dotnet\sdk\6.0.300-preview.22204.3\Extensions\Microsoft.Bcl.AsyncInterfaces.exe', returning.
TpTrace Information: 0 : 11528, 1, 2022/05/22, 17:27:15.924, 7663251258718, vstest.console.dll, AssemblyResolver.OnResolve: Microsoft.Bcl.AsyncInterfaces: Searching in: 'C:\Program Files\dotnet\sdk\6.0.300-preview.22204.3'.
TpTrace Information: 0 : 11528, 1, 2022/05/22, 17:27:15.924, 7663251260405, vstest.console.dll, AssemblyResolver.OnResolve: Microsoft.Bcl.AsyncInterfaces: Assembly path does not exist: 'C:\Program Files\dotnet\sdk\6.0.300-preview.22204.3\Microsoft.Bcl.AsyncInterfaces.dll', returning.
TpTrace Information: 0 : 11528, 1, 2022/05/22, 17:27:15.924, 7663251262133, vstest.console.dll, AssemblyResolver.OnResolve: Microsoft.Bcl.AsyncInterfaces: Assembly path does not exist: 'C:\Program Files\dotnet\sdk\6.0.300-preview.22204.3\Microsoft.Bcl.AsyncInterfaces.exe', returning.
TpTrace Information: 0 : 11528, 1, 2022/05/22, 17:27:15.924, 7663251262885, vstest.console.dll, AssemblyResolver.OnResolve: Microsoft.Bcl.AsyncInterfaces: Failed to load assembly.
TpTrace Verbose: 0 : 11528, 1, 2022/05/22, 17:27:15.924, 7663251264050, vstest.console.dll, CurrentDomainAssemblyResolve: Resolving assembly 'Microsoft.Bcl.AsyncInterfaces'.
TpTrace Information: 0 : 11528, 1, 2022/05/22, 17:27:15.924, 7663251265627, vstest.console.dll, AssemblyResolver.OnResolve: Microsoft.Bcl.AsyncInterfaces: Resolving assembly.
TpTrace Information: 0 : 11528, 1, 2022/05/22, 17:27:15.925, 7663251266771, vstest.console.dll, AssemblyResolver.OnResolve: Microsoft.Bcl.AsyncInterfaces: Resolved from cache.
TpTrace Verbose: 0 : 11528, 1, 2022/05/22, 17:27:15.925, 7663251267583, vstest.console.dll, CurrentDomainAssemblyResolve: Resolving assembly 'Microsoft.Bcl.AsyncInterfaces'.
TpTrace Verbose: 0 : 11528, 1, 2022/05/22, 17:27:15.925, 7663251268558, vstest.console.dll, CurrentDomainAssemblyResolve: Failed to resolve assembly 'Microsoft.Bcl.AsyncInterfaces'.
TpTrace Verbose: 0 : 11528, 1, 2022/05/22, 17:27:15.927, 7663251286790, vstest.console.dll, CurrentDomainAssemblyResolve: Failed to resolve assembly 'Microsoft.Bcl.AsyncInterfaces'.
TpTrace Warning: 0 : 11528, 1, 2022/05/22, 17:27:15.963, 7663251648274, vstest.console.dll, TestPluginDiscoverer: Failed to get types from assembly 'Microsoft.Diagnostics.NETCore.Client, Version=0.2.5.801, Culture=neutral, PublicKeyToken=31bf3856ad364e35'. Error: System.Reflection.ReflectionTypeLoadException: Unable to load one or more of the requested types.
Could not load file or assembly 'Microsoft.Bcl.AsyncInterfaces, Version=1.0.0.0, Culture=neutral, PublicKeyToken=cc7b13ffcd2ddd51'. The system cannot find the file specified.
   at System.Reflection.RuntimeModule.GetTypes(RuntimeModule module)
   at System.Reflection.Assembly.GetTypes()
   at Microsoft.VisualStudio.TestPlatform.Common.ExtensionFramework.TestPluginDiscoverer.GetTestExtensionsFromAssembly[TPluginInfo,TExtension](Assembly assembly, Dictionary`2 pluginInfos, String filePath)
System.IO.FileNotFoundException: Could not load file or assembly 'Microsoft.Bcl.AsyncInterfaces, Version=1.0.0.0, Culture=neutral, PublicKeyToken=cc7b13ffcd2ddd51'. The system cannot find the file specified.
File name: 'Microsoft.Bcl.AsyncInterfaces, Version=1.0.0.0, Culture=neutral, PublicKeyToken=cc7b13ffcd2ddd51'
 ---> System.IO.FileNotFoundException: Could not load file or assembly 'Microsoft.Bcl.AsyncInterfaces, Culture=neutral, PublicKeyToken=null'. The system cannot find the file specified.
File name: 'Microsoft.Bcl.AsyncInterfaces, Culture=neutral, PublicKeyToken=null'
   at System.Reflection.RuntimeAssembly.InternalLoad(ObjectHandleOnStack assemblyName, ObjectHandleOnStack requestingAssembly, StackCrawlMarkHandle stackMark, Boolean throwOnFileNotFound, ObjectHandleOnStack assemblyLoadContext, ObjectHandleOnStack retAssembly)
   at System.Reflection.RuntimeAssembly.InternalLoad(AssemblyName assemblyName, RuntimeAssembly requestingAssembly, StackCrawlMark& stackMark, Boolean throwOnFileNotFound, AssemblyLoadContext assemblyLoadContext)
   at System.Reflection.Assembly.Load(AssemblyName assemblyRef)
   at Microsoft.VisualStudio.TestPlatform.Common.ExtensionFramework.TestPluginCache.CurrentDomainAssemblyResolve(Object sender, AssemblyResolveEventArgs args)
   at Microsoft.VisualStudio.TestPlatform.PlatformAbstractions.PlatformAssemblyResolver.AssemblyResolverEvent(Object sender, Object eventArgs)
   at System.Runtime.Loader.AssemblyLoadContext.GetFirstResolvedAssemblyFromResolvingEvent(AssemblyName assemblyName)
   at System.Runtime.Loader.AssemblyLoadContext.ResolveUsingEvent(AssemblyName assemblyName)
   at System.Runtime.Loader.AssemblyLoadContext.ResolveUsingResolvingEvent(IntPtr gchManagedAssemblyLoadContext, AssemblyName assemblyName)
TpTrace Warning: 0 : 11528, 1, 2022/05/22, 17:27:15.966, 7663251683495, vstest.console.dll, TestPluginDiscoverer: Failed to load extensions from file 'C:\Program Files\dotnet\sdk\6.0.300-preview.22204.3\Extensions\Microsoft.Diagnostics.NETCore.Client.dll'.  Skipping test extension scan for this file.  Error: System.ArgumentNullException: Value cannot be null. (Parameter 'type')
   at System.Reflection.IntrospectionExtensions.GetTypeInfo(Type type)
   at Microsoft.VisualStudio.TestPlatform.Common.ExtensionFramework.TestPluginDiscoverer.<>c__6`2.<GetTestExtensionsFromAssembly>b__6_1(Type type)
   at System.Linq.Enumerable.WhereArrayIterator`1.MoveNext()
   at System.Collections.Generic.List`1.InsertRange(Int32 index, IEnumerable`1 collection)
   at System.Collections.Generic.List`1.AddRange(IEnumerable`1 collection)
   at Microsoft.VisualStudio.TestPlatform.Common.ExtensionFramework.TestPluginDiscoverer.GetTestExtensionsFromAssembly[TPluginInfo,TExtension](Assembly assembly, Dictionary`2 pluginInfos, String filePath)
   at Microsoft.VisualStudio.TestPlatform.Common.ExtensionFramework.TestPluginDiscoverer.GetTestExtensionsFromFiles[TPluginInfo,TExtension](String[] files, Dictionary`2 pluginInfos)
TpTrace Information: 0 : 11528, 1, 2022/05/22, 17:27:15.967, 7663251688691, vstest.console.dll, AssemblyResolver.OnResolve: Microsoft.TestPlatform.Extensions.BlameDataCollector: Resolving assembly.
TpTrace Information: 0 : 11528, 1, 2022/05/22, 17:27:15.967, 7663251690344, vstest.console.dll, AssemblyResolver.OnResolve: Microsoft.TestPlatform.Extensions.BlameDataCollector: Searching in: 'C:\Program Files\dotnet\sdk\6.0.300-preview.22204.3\Extensions'.
TpTrace Information: 0 : 11528, 1, 2022/05/22, 17:27:15.968, 7663251696671, vstest.console.dll, AssemblyResolver.OnResolve: Microsoft.TestPlatform.Extensions.BlameDataCollector: Loading assembly 'C:\Program Files\dotnet\sdk\6.0.300-preview.22204.3\Extensions\Microsoft.TestPlatform.Extensions.BlameDataCollector.dll'.
TpTrace Information: 0 : 11528, 1, 2022/05/22, 17:27:15.970, 7663251718193, vstest.console.dll, AssemblyResolver.OnResolve: Resolved assembly: Microsoft.TestPlatform.Extensions.BlameDataCollector, from path: C:\Program Files\dotnet\sdk\6.0.300-preview.22204.3\Extensions\Microsoft.TestPlatform.Extensions.BlameDataCollector.dll
TpTrace Verbose: 0 : 11528, 1, 2022/05/22, 17:27:15.970, 7663251724366, vstest.console.dll, MetadataReaderExtensionsHelper: Discovering extensions inside assembly 'Microsoft.TestPlatform.Extensions.BlameDataCollector, Version=15.0.0.0, Culture=neutral, PublicKeyToken=b03f5f7f11d50a3a' file path 'C:\Program Files\dotnet\sdk\6.0.300-preview.22204.3\Extensions\Microsoft.TestPlatform.Extensions.BlameDataCollector.dll'
TpTrace Information: 0 : 11528, 1, 2022/05/22, 17:27:15.974, 7663251762733, vstest.console.dll, AssemblyResolver.OnResolve: Microsoft.TestPlatform.Extensions.EventLogCollector: Resolving assembly.
TpTrace Information: 0 : 11528, 1, 2022/05/22, 17:27:15.974, 7663251764617, vstest.console.dll, AssemblyResolver.OnResolve: Microsoft.TestPlatform.Extensions.EventLogCollector: Searching in: 'C:\Program Files\dotnet\sdk\6.0.300-preview.22204.3\Extensions'.
TpTrace Information: 0 : 11528, 1, 2022/05/22, 17:27:15.975, 7663251773017, vstest.console.dll, AssemblyResolver.OnResolve: Microsoft.TestPlatform.Extensions.EventLogCollector: Loading assembly 'C:\Program Files\dotnet\sdk\6.0.300-preview.22204.3\Extensions\Microsoft.TestPlatform.Extensions.EventLogCollector.dll'.
TpTrace Information: 0 : 11528, 1, 2022/05/22, 17:27:15.976, 7663251784080, vstest.console.dll, AssemblyResolver.OnResolve: Resolved assembly: Microsoft.TestPlatform.Extensions.EventLogCollector, from path: C:\Program Files\dotnet\sdk\6.0.300-preview.22204.3\Extensions\Microsoft.TestPlatform.Extensions.EventLogCollector.dll
TpTrace Verbose: 0 : 11528, 1, 2022/05/22, 17:27:15.976, 7663251786242, vstest.console.dll, MetadataReaderExtensionsHelper: Discovering extensions inside assembly 'Microsoft.TestPlatform.Extensions.EventLogCollector, Version=15.0.0.0, Culture=neutral, PublicKeyToken=b03f5f7f11d50a3a' file path 'C:\Program Files\dotnet\sdk\6.0.300-preview.22204.3\Extensions\Microsoft.TestPlatform.Extensions.EventLogCollector.dll'
TpTrace Information: 0 : 11528, 1, 2022/05/22, 17:27:15.980, 7663251818337, vstest.console.dll, AssemblyResolver.OnResolve: Microsoft.TestPlatform.TestHostRuntimeProvider: Resolving assembly.
TpTrace Information: 0 : 11528, 1, 2022/05/22, 17:27:15.980, 7663251820536, vstest.console.dll, AssemblyResolver.OnResolve: Microsoft.TestPlatform.TestHostRuntimeProvider: Searching in: 'C:\Program Files\dotnet\sdk\6.0.300-preview.22204.3\Extensions'.
TpTrace Information: 0 : 11528, 1, 2022/05/22, 17:27:15.980, 7663251825836, vstest.console.dll, AssemblyResolver.OnResolve: Microsoft.TestPlatform.TestHostRuntimeProvider: Loading assembly 'C:\Program Files\dotnet\sdk\6.0.300-preview.22204.3\Extensions\Microsoft.TestPlatform.TestHostRuntimeProvider.dll'.
TpTrace Information: 0 : 11528, 1, 2022/05/22, 17:27:15.981, 7663251834761, vstest.console.dll, AssemblyResolver.OnResolve: Resolved assembly: Microsoft.TestPlatform.TestHostRuntimeProvider, from path: C:\Program Files\dotnet\sdk\6.0.300-preview.22204.3\Extensions\Microsoft.TestPlatform.TestHostRuntimeProvider.dll
TpTrace Verbose: 0 : 11528, 1, 2022/05/22, 17:27:15.983, 7663251847926, vstest.console.dll, MetadataReaderExtensionsHelper: Discovering extensions inside assembly 'Microsoft.TestPlatform.TestHostRuntimeProvider, Version=15.0.0.0, Culture=neutral, PublicKeyToken=b03f5f7f11d50a3a' file path 'C:\Program Files\dotnet\sdk\6.0.300-preview.22204.3\Extensions\Microsoft.TestPlatform.TestHostRuntimeProvider.dll'
TpTrace Information: 0 : 11528, 1, 2022/05/22, 17:27:15.987, 7663251887538, vstest.console.dll, GetTestExtensionFromType: Register extension with identifier data 'HostProvider://DefaultTestHost' and type 'Microsoft.VisualStudio.TestPlatform.CrossPlatEngine.Hosting.DefaultTestHostManager, Microsoft.TestPlatform.TestHostRuntimeProvider, Version=15.0.0.0, Culture=neutral, PublicKeyToken=b03f5f7f11d50a3a' inside file 'C:\Program Files\dotnet\sdk\6.0.300-preview.22204.3\Extensions\Microsoft.TestPlatform.TestHostRuntimeProvider.dll'
TpTrace Information: 0 : 11528, 1, 2022/05/22, 17:27:15.987, 7663251890261, vstest.console.dll, GetTestExtensionFromType: Register extension with identifier data 'HostProvider://DotnetTestHost' and type 'Microsoft.VisualStudio.TestPlatform.CrossPlatEngine.Hosting.DotnetTestHostManager, Microsoft.TestPlatform.TestHostRuntimeProvider, Version=15.0.0.0, Culture=neutral, PublicKeyToken=b03f5f7f11d50a3a' inside file 'C:\Program Files\dotnet\sdk\6.0.300-preview.22204.3\Extensions\Microsoft.TestPlatform.TestHostRuntimeProvider.dll'
TpTrace Information: 0 : 11528, 1, 2022/05/22, 17:27:15.987, 7663251891999, vstest.console.dll, AssemblyResolver.OnResolve: Microsoft.VisualStudio.TestPlatform.Extensions.Html.TestLogger: Resolving assembly.
TpTrace Information: 0 : 11528, 1, 2022/05/22, 17:27:15.987, 7663251892830, vstest.console.dll, AssemblyResolver.OnResolve: Microsoft.VisualStudio.TestPlatform.Extensions.Html.TestLogger: Searching in: 'C:\Program Files\dotnet\sdk\6.0.300-preview.22204.3\Extensions'.
TpTrace Information: 0 : 11528, 1, 2022/05/22, 17:27:15.988, 7663251898746, vstest.console.dll, AssemblyResolver.OnResolve: Microsoft.VisualStudio.TestPlatform.Extensions.Html.TestLogger: Loading assembly 'C:\Program Files\dotnet\sdk\6.0.300-preview.22204.3\Extensions\Microsoft.VisualStudio.TestPlatform.Extensions.Html.TestLogger.dll'.
TpTrace Information: 0 : 11528, 1, 2022/05/22, 17:27:15.989, 7663251914629, vstest.console.dll, AssemblyResolver.OnResolve: Resolved assembly: Microsoft.VisualStudio.TestPlatform.Extensions.Html.TestLogger, from path: C:\Program Files\dotnet\sdk\6.0.300-preview.22204.3\Extensions\Microsoft.VisualStudio.TestPlatform.Extensions.Html.TestLogger.dll
TpTrace Verbose: 0 : 11528, 1, 2022/05/22, 17:27:15.993, 7663251947751, vstest.console.dll, MetadataReaderExtensionsHelper: Discovering extensions inside assembly 'Microsoft.VisualStudio.TestPlatform.Extensions.Html.TestLogger, Version=15.0.0.0, Culture=neutral, PublicKeyToken=b03f5f7f11d50a3a' file path 'C:\Program Files\dotnet\sdk\6.0.300-preview.22204.3\Extensions\Microsoft.VisualStudio.TestPlatform.Extensions.Html.TestLogger.dll'
TpTrace Information: 0 : 11528, 1, 2022/05/22, 17:27:15.995, 7663251970534, vstest.console.dll, AssemblyResolver.OnResolve: Microsoft.VisualStudio.TestPlatform.Extensions.Trx.TestLogger: Resolving assembly.
TpTrace Information: 0 : 11528, 1, 2022/05/22, 17:27:15.995, 7663251972407, vstest.console.dll, AssemblyResolver.OnResolve: Microsoft.VisualStudio.TestPlatform.Extensions.Trx.TestLogger: Searching in: 'C:\Program Files\dotnet\sdk\6.0.300-preview.22204.3\Extensions'.
TpTrace Information: 0 : 11528, 1, 2022/05/22, 17:27:15.996, 7663251979930, vstest.console.dll, AssemblyResolver.OnResolve: Microsoft.VisualStudio.TestPlatform.Extensions.Trx.TestLogger: Loading assembly 'C:\Program Files\dotnet\sdk\6.0.300-preview.22204.3\Extensions\Microsoft.VisualStudio.TestPlatform.Extensions.Trx.TestLogger.dll'.
TpTrace Information: 0 : 11528, 1, 2022/05/22, 17:27:15.997, 7663251993750, vstest.console.dll, AssemblyResolver.OnResolve: Resolved assembly: Microsoft.VisualStudio.TestPlatform.Extensions.Trx.TestLogger, from path: C:\Program Files\dotnet\sdk\6.0.300-preview.22204.3\Extensions\Microsoft.VisualStudio.TestPlatform.Extensions.Trx.TestLogger.dll
TpTrace Verbose: 0 : 11528, 1, 2022/05/22, 17:27:15.998, 7663251997794, vstest.console.dll, MetadataReaderExtensionsHelper: Discovering extensions inside assembly 'Microsoft.VisualStudio.TestPlatform.Extensions.Trx.TestLogger, Version=15.0.0.0, Culture=neutral, PublicKeyToken=b03f5f7f11d50a3a' file path 'C:\Program Files\dotnet\sdk\6.0.300-preview.22204.3\Extensions\Microsoft.VisualStudio.TestPlatform.Extensions.Trx.TestLogger.dll'
TpTrace Verbose: 0 : 11528, 1, 2022/05/22, 17:27:16.001, 7663252026872, vstest.console.dll, TestPluginCache: Discovered the extensions using extension path ''.
TpTrace Verbose: 0 : 11528, 1, 2022/05/22, 17:27:16.001, 7663252029008, vstest.console.dll, TestPluginCache: Discoverers are ''.
TpTrace Verbose: 0 : 11528, 1, 2022/05/22, 17:27:16.001, 7663252035715, vstest.console.dll, TestPluginCache: Executors are ''.
TpTrace Verbose: 0 : 11528, 1, 2022/05/22, 17:27:16.002, 7663252036940, vstest.console.dll, TestPluginCache: Executors2 are ''.
TpTrace Verbose: 0 : 11528, 1, 2022/05/22, 17:27:16.002, 7663252038835, vstest.console.dll, TestPluginCache: Setting providers are ''.
TpTrace Verbose: 0 : 11528, 1, 2022/05/22, 17:27:16.002, 7663252039407, vstest.console.dll, TestPluginCache: Loggers are ''.
TpTrace Verbose: 0 : 11528, 1, 2022/05/22, 17:27:16.002, 7663252041427, vstest.console.dll, TestPluginCache: TestHosts are 'HostProvider://DefaultTestHost,HostProvider://DotnetTestHost'.
TpTrace Verbose: 0 : 11528, 1, 2022/05/22, 17:27:16.002, 7663252042154, vstest.console.dll, TestPluginCache: DataCollectors are ''.
TpTrace Information: 0 : 11528, 1, 2022/05/22, 17:27:16.015, 7663252167499, vstest.console.dll, RunTestsArgumentProcessor:Execute: Test run is starting.
TpTrace Verbose: 0 : 11528, 1, 2022/05/22, 17:27:16.015, 7663252169250, vstest.console.dll, RunTestsArgumentProcessor:Execute: Queuing Test run.
TpTrace Information: 0 : 11528, 1, 2022/05/22, 17:27:16.015, 7663252174227, vstest.console.dll, TestRequestManager.RunTests: run tests started.
TpTrace Information: 0 : 11528, 1, 2022/05/22, 17:27:16.022, 7663252237914, vstest.console.dll, AssemblyMetadataProvider.GetFrameWork: Determined framework:'.NETCoreApp,Version=v5.0' for source: 'D:\MyWorks\Assignment\Cognizant\BusinessLayer.Test\bin\Debug\net5.0\fine-code-coverage\build-output\BusinessLayer.Test.dll'
TpTrace Information: 0 : 11528, 1, 2022/05/22, 17:27:16.022, 7663252242773, vstest.console.dll, Determined framework for all sources: .NETCoreApp,Version=v5.0
TpTrace Verbose: 0 : 11528, 1, 2022/05/22, 17:27:16.024, 7663252257753, vstest.console.dll, TestRequestManager.UpdateRunSettingsIfRequired: Default architecture: X64 IsDefaultTargetArchitecture: True, Current process architecture: X64.
TpTrace Information: 0 : 11528, 1, 2022/05/22, 17:27:16.025, 7663252268238, vstest.console.dll, AssemblyMetadataProvider.GetArchitecture: Determined architecture:AnyCPU info for assembly: D:\MyWorks\Assignment\Cognizant\BusinessLayer.Test\bin\Debug\net5.0\fine-code-coverage\build-output\BusinessLayer.Test.dll
TpTrace Information: 0 : 11528, 1, 2022/05/22, 17:27:16.025, 7663252270183, vstest.console.dll, Determined platform for source 'D:\MyWorks\Assignment\Cognizant\BusinessLayer.Test\bin\Debug\net5.0\fine-code-coverage\build-output\BusinessLayer.Test.dll' is 'AnyCPU'
TpTrace Information: 0 : 11528, 1, 2022/05/22, 17:27:16.031, 7663252335394, vstest.console.dll, Determined platform for all sources: X64
TpTrace Information: 0 : 11528, 1, 2022/05/22, 17:27:16.035, 7663252367665, vstest.console.dll, Infered platform 'X64'.
TpTrace Information: 0 : 11528, 1, 2022/05/22, 17:27:16.035, 7663252369111, vstest.console.dll, Platform update to 'X64' required.
TpTrace Information: 0 : 11528, 1, 2022/05/22, 17:27:16.043, 7663252447116, vstest.console.dll, Compatible sources list : 
TpTrace Information: 0 : 11528, 1, 2022/05/22, 17:27:16.043, 7663252449479, vstest.console.dll, D:\MyWorks\Assignment\Cognizant\BusinessLayer.Test\bin\Debug\net5.0\fine-code-coverage\build-output\BusinessLayer.Test.dll
TpTrace Information: 0 : 11528, 1, 2022/05/22, 17:27:16.053, 7663252551355, vstest.console.dll, InferRunSettingsHelper.IsTestSettingsEnabled: Unable to navigate to RunSettings/MSTest. Current node: RunSettings
TpTrace Information: 0 : 11528, 1, 2022/05/22, 17:27:16.055, 7663252569136, vstest.console.dll, AssemblyResolver.OnResolve: Microsoft.VisualStudio.TestPlatform.Fakes: Resolving assembly.
TpTrace Information: 0 : 11528, 1, 2022/05/22, 17:27:16.055, 7663252571248, vstest.console.dll, AssemblyResolver.OnResolve: Microsoft.VisualStudio.TestPlatform.Fakes: Searching in: 'C:\Program Files\dotnet\sdk\6.0.300-preview.22204.3\Extensions'.
TpTrace Information: 0 : 11528, 1, 2022/05/22, 17:27:16.055, 7663252573892, vstest.console.dll, AssemblyResolver.OnResolve: Microsoft.VisualStudio.TestPlatform.Fakes: Assembly path does not exist: 'C:\Program Files\dotnet\sdk\6.0.300-preview.22204.3\Extensions\Microsoft.VisualStudio.TestPlatform.Fakes.dll', returning.
TpTrace Information: 0 : 11528, 1, 2022/05/22, 17:27:16.055, 7663252576016, vstest.console.dll, AssemblyResolver.OnResolve: Microsoft.VisualStudio.TestPlatform.Fakes: Assembly path does not exist: 'C:\Program Files\dotnet\sdk\6.0.300-preview.22204.3\Extensions\Microsoft.VisualStudio.TestPlatform.Fakes.exe', returning.
TpTrace Information: 0 : 11528, 1, 2022/05/22, 17:27:16.056, 7663252576897, vstest.console.dll, AssemblyResolver.OnResolve: Microsoft.VisualStudio.TestPlatform.Fakes: Searching in: 'C:\Program Files\dotnet\sdk\6.0.300-preview.22204.3'.
TpTrace Information: 0 : 11528, 1, 2022/05/22, 17:27:16.056, 7663252578852, vstest.console.dll, AssemblyResolver.OnResolve: Microsoft.VisualStudio.TestPlatform.Fakes: Assembly path does not exist: 'C:\Program Files\dotnet\sdk\6.0.300-preview.22204.3\Microsoft.VisualStudio.TestPlatform.Fakes.dll', returning.
TpTrace Information: 0 : 11528, 1, 2022/05/22, 17:27:16.056, 7663252581936, vstest.console.dll, AssemblyResolver.OnResolve: Microsoft.VisualStudio.TestPlatform.Fakes: Assembly path does not exist: 'C:\Program Files\dotnet\sdk\6.0.300-preview.22204.3\Microsoft.VisualStudio.TestPlatform.Fakes.exe', returning.
TpTrace Information: 0 : 11528, 1, 2022/05/22, 17:27:16.056, 7663252583424, vstest.console.dll, AssemblyResolver.OnResolve: Microsoft.VisualStudio.TestPlatform.Fakes: Failed to load assembly.
TpTrace Information: 0 : 11528, 1, 2022/05/22, 17:27:16.058, 7663252598883, vstest.console.dll, Failed to load assembly Microsoft.VisualStudio.TestPlatform.Fakes, Version=17.0.0.0, Culture=neutral. Reason:System.IO.FileNotFoundException: Could not load file or assembly 'Microsoft.VisualStudio.TestPlatform.Fakes, Version=17.0.0.0, Culture=neutral, PublicKeyToken=null'. The system cannot find the file specified.
File name: 'Microsoft.VisualStudio.TestPlatform.Fakes, Version=17.0.0.0, Culture=neutral, PublicKeyToken=null'
   at System.Reflection.RuntimeAssembly.InternalLoad(ObjectHandleOnStack assemblyName, ObjectHandleOnStack requestingAssembly, StackCrawlMarkHandle stackMark, Boolean throwOnFileNotFound, ObjectHandleOnStack assemblyLoadContext, ObjectHandleOnStack retAssembly)
   at System.Reflection.RuntimeAssembly.InternalLoad(AssemblyName assemblyName, RuntimeAssembly requestingAssembly, StackCrawlMark& stackMark, Boolean throwOnFileNotFound, AssemblyLoadContext assemblyLoadContext)
   at System.Reflection.Assembly.Load(AssemblyName assemblyRef)
   at Microsoft.VisualStudio.TestPlatform.Common.Utilities.FakesUtilities.LoadTestPlatformAssembly()
TpTrace Verbose: 0 : 11528, 1, 2022/05/22, 17:27:16.077, 7663252792022, vstest.console.dll, TestPluginCache.DiscoverTestExtensions: finding test extensions in assemblies ends with: TestLogger.dll TPluginInfo: Microsoft.VisualStudio.TestPlatform.Common.ExtensionFramework.Utilities.TestLoggerPluginInformation TExtension: Microsoft.VisualStudio.TestPlatform.ObjectModel.Client.ITestLogger
TpTrace Verbose: 0 : 11528, 1, 2022/05/22, 17:27:16.077, 7663252794184, vstest.console.dll, TestPluginCache.GetExtensionPaths: Filtered extension paths: 
TpTrace Verbose: 0 : 11528, 1, 2022/05/22, 17:27:16.077, 7663252794938, vstest.console.dll, TestPluginCache.GetExtensionPaths: Added default extension paths: C:\Program Files\dotnet\sdk\6.0.300-preview.22204.3\Extensions\DumpMinitool.exe
C:\Program Files\dotnet\sdk\6.0.300-preview.22204.3\Extensions\DumpMinitool.x86.exe
C:\Program Files\dotnet\sdk\6.0.300-preview.22204.3\Extensions\Microsoft.Diagnostics.NETCore.Client.dll
C:\Program Files\dotnet\sdk\6.0.300-preview.22204.3\Extensions\Microsoft.TestPlatform.Extensions.BlameDataCollector.dll
C:\Program Files\dotnet\sdk\6.0.300-preview.22204.3\Extensions\Microsoft.TestPlatform.Extensions.EventLogCollector.dll
C:\Program Files\dotnet\sdk\6.0.300-preview.22204.3\Extensions\Microsoft.TestPlatform.TestHostRuntimeProvider.dll
C:\Program Files\dotnet\sdk\6.0.300-preview.22204.3\Extensions\Microsoft.VisualStudio.TestPlatform.Extensions.Html.TestLogger.dll
C:\Program Files\dotnet\sdk\6.0.300-preview.22204.3\Extensions\Microsoft.VisualStudio.TestPlatform.Extensions.Trx.TestLogger.dll
TpTrace Verbose: 0 : 11528, 1, 2022/05/22, 17:27:16.078, 7663252796654, vstest.console.dll, TestPluginCache.GetExtensionPaths: Added unfilterableExtensionPaths: 
TpTrace Information: 0 : 11528, 1, 2022/05/22, 17:27:16.078, 7663252800513, vstest.console.dll, AssemblyResolver.AddSearchDirectories: Adding more searchDirectories C:\Program Files\dotnet\sdk\6.0.300-preview.22204.3\Extensions,C:\Program Files\dotnet\sdk\6.0.300-preview.22204.3
TpTrace Verbose: 0 : 11528, 1, 2022/05/22, 17:27:16.078, 7663252801567, vstest.console.dll, TestPluginCache.DiscoverTestExtensions: Discovering the extensions using extension path.
TpTrace Verbose: 0 : 11528, 1, 2022/05/22, 17:27:16.078, 7663252802476, vstest.console.dll, TestPluginCache.GetExtensionPaths: Filtered extension paths: 
TpTrace Verbose: 0 : 11528, 1, 2022/05/22, 17:27:16.078, 7663252804100, vstest.console.dll, TestPluginCache.GetExtensionPaths: Added default extension paths: C:\Program Files\dotnet\sdk\6.0.300-preview.22204.3\Extensions\DumpMinitool.exe
C:\Program Files\dotnet\sdk\6.0.300-preview.22204.3\Extensions\DumpMinitool.x86.exe
C:\Program Files\dotnet\sdk\6.0.300-preview.22204.3\Extensions\Microsoft.Diagnostics.NETCore.Client.dll
C:\Program Files\dotnet\sdk\6.0.300-preview.22204.3\Extensions\Microsoft.TestPlatform.Extensions.BlameDataCollector.dll
C:\Program Files\dotnet\sdk\6.0.300-preview.22204.3\Extensions\Microsoft.TestPlatform.Extensions.EventLogCollector.dll
C:\Program Files\dotnet\sdk\6.0.300-preview.22204.3\Extensions\Microsoft.TestPlatform.TestHostRuntimeProvider.dll
C:\Program Files\dotnet\sdk\6.0.300-preview.22204.3\Extensions\Microsoft.VisualStudio.TestPlatform.Extensions.Html.TestLogger.dll
C:\Program Files\dotnet\sdk\6.0.300-preview.22204.3\Extensions\Microsoft.VisualStudio.TestPlatform.Extensions.Trx.TestLogger.dll
TpTrace Verbose: 0 : 11528, 1, 2022/05/22, 17:27:16.078, 7663252804990, vstest.console.dll, TestPluginCache.GetExtensionPaths: Added unfilterableExtensionPaths: 
TpTrace Verbose: 0 : 11528, 1, 2022/05/22, 17:27:16.078, 7663252805959, vstest.console.dll, TestPluginCache.DiscoverTestExtensions: Discovering the extensions using allExtensionPaths: C:\Program Files\dotnet\sdk\6.0.300-preview.22204.3\Extensions\DumpMinitool.exe
C:\Program Files\dotnet\sdk\6.0.300-preview.22204.3\Extensions\DumpMinitool.x86.exe
C:\Program Files\dotnet\sdk\6.0.300-preview.22204.3\Extensions\Microsoft.Diagnostics.NETCore.Client.dll
C:\Program Files\dotnet\sdk\6.0.300-preview.22204.3\Extensions\Microsoft.TestPlatform.Extensions.BlameDataCollector.dll
C:\Program Files\dotnet\sdk\6.0.300-preview.22204.3\Extensions\Microsoft.TestPlatform.Extensions.EventLogCollector.dll
C:\Program Files\dotnet\sdk\6.0.300-preview.22204.3\Extensions\Microsoft.TestPlatform.TestHostRuntimeProvider.dll
C:\Program Files\dotnet\sdk\6.0.300-preview.22204.3\Extensions\Microsoft.VisualStudio.TestPlatform.Extensions.Html.TestLogger.dll
C:\Program Files\dotnet\sdk\6.0.300-preview.22204.3\Extensions\Microsoft.VisualStudio.TestPlatform.Extensions.Trx.TestLogger.dll
TpTrace Information: 0 : 11528, 1, 2022/05/22, 17:27:16.079, 7663252807011, vstest.console.dll, AssemblyResolver.AddSearchDirectories: Adding more searchDirectories C:\Program Files\dotnet\sdk\6.0.300-preview.22204.3\Extensions,C:\Program Files\dotnet\sdk\6.0.300-preview.22204.3
TpTrace Information: 0 : 11528, 1, 2022/05/22, 17:27:16.079, 7663252807774, vstest.console.dll, AssemblyResolver.AddSearchDirectories: Adding more searchDirectories C:\Program Files\dotnet\sdk\6.0.300-preview.22204.3\Extensions,C:\Program Files\dotnet\sdk\6.0.300-preview.22204.3
TpTrace Information: 0 : 11528, 1, 2022/05/22, 17:27:16.079, 7663252808372, vstest.console.dll, AssemblyResolver.AddSearchDirectories: Adding more searchDirectories C:\Program Files\dotnet\sdk\6.0.300-preview.22204.3\Extensions,C:\Program Files\dotnet\sdk\6.0.300-preview.22204.3
TpTrace Information: 0 : 11528, 1, 2022/05/22, 17:27:16.079, 7663252808951, vstest.console.dll, AssemblyResolver.AddSearchDirectories: Adding more searchDirectories C:\Program Files\dotnet\sdk\6.0.300-preview.22204.3\Extensions,C:\Program Files\dotnet\sdk\6.0.300-preview.22204.3
TpTrace Information: 0 : 11528, 1, 2022/05/22, 17:27:16.079, 7663252809628, vstest.console.dll, AssemblyResolver.AddSearchDirectories: Adding more searchDirectories C:\Program Files\dotnet\sdk\6.0.300-preview.22204.3\Extensions,C:\Program Files\dotnet\sdk\6.0.300-preview.22204.3
TpTrace Information: 0 : 11528, 1, 2022/05/22, 17:27:16.079, 7663252810213, vstest.console.dll, AssemblyResolver.AddSearchDirectories: Adding more searchDirectories C:\Program Files\dotnet\sdk\6.0.300-preview.22204.3\Extensions,C:\Program Files\dotnet\sdk\6.0.300-preview.22204.3
TpTrace Information: 0 : 11528, 1, 2022/05/22, 17:27:16.079, 7663252810785, vstest.console.dll, AssemblyResolver.AddSearchDirectories: Adding more searchDirectories C:\Program Files\dotnet\sdk\6.0.300-preview.22204.3\Extensions,C:\Program Files\dotnet\sdk\6.0.300-preview.22204.3
TpTrace Information: 0 : 11528, 1, 2022/05/22, 17:27:16.079, 7663252811610, vstest.console.dll, AssemblyResolver.AddSearchDirectories: Adding more searchDirectories C:\Program Files\dotnet\sdk\6.0.300-preview.22204.3\Extensions,C:\Program Files\dotnet\sdk\6.0.300-preview.22204.3
TpTrace Verbose: 0 : 11528, 1, 2022/05/22, 17:27:16.079, 7663252814584, vstest.console.dll, MetadataReaderExtensionsHelper: Discovering extensions inside assembly 'DumpMinitool, Version=15.0.0.0, Culture=neutral, PublicKeyToken=b03f5f7f11d50a3a' file path 'C:\Program Files\dotnet\sdk\6.0.300-preview.22204.3\Extensions\DumpMinitool.exe'
TpTrace Verbose: 0 : 11528, 1, 2022/05/22, 17:27:16.080, 7663252823491, vstest.console.dll, MetadataReaderExtensionsHelper: Discovering extensions inside assembly 'DumpMinitool.x86, Version=15.0.0.0, Culture=neutral, PublicKeyToken=b03f5f7f11d50a3a' file path 'C:\Program Files\dotnet\sdk\6.0.300-preview.22204.3\Extensions\DumpMinitool.x86.exe'
TpTrace Verbose: 0 : 11528, 1, 2022/05/22, 17:27:16.081, 7663252833031, vstest.console.dll, MetadataReaderExtensionsHelper: Discovering extensions inside assembly 'Microsoft.Diagnostics.NETCore.Client, Version=0.2.5.801, Culture=neutral, PublicKeyToken=31bf3856ad364e35' file path 'C:\Program Files\dotnet\sdk\6.0.300-preview.22204.3\Extensions\Microsoft.Diagnostics.NETCore.Client.dll'
TpTrace Information: 0 : 11528, 1, 2022/05/22, 17:27:16.082, 7663252843663, vstest.console.dll, AssemblyResolver.OnResolve: Microsoft.Bcl.AsyncInterfaces: Resolving assembly.
TpTrace Information: 0 : 11528, 1, 2022/05/22, 17:27:16.082, 7663252845530, vstest.console.dll, AssemblyResolver.OnResolve: Microsoft.Bcl.AsyncInterfaces: Resolved from cache.
TpTrace Verbose: 0 : 11528, 1, 2022/05/22, 17:27:16.083, 7663252846654, vstest.console.dll, CurrentDomainAssemblyResolve: Resolving assembly 'Microsoft.Bcl.AsyncInterfaces'.
TpTrace Information: 0 : 11528, 1, 2022/05/22, 17:27:16.083, 7663252847965, vstest.console.dll, AssemblyResolver.OnResolve: Microsoft.Bcl.AsyncInterfaces: Resolving assembly.
TpTrace Information: 0 : 11528, 1, 2022/05/22, 17:27:16.083, 7663252848794, vstest.console.dll, AssemblyResolver.OnResolve: Microsoft.Bcl.AsyncInterfaces: Resolved from cache.
TpTrace Verbose: 0 : 11528, 1, 2022/05/22, 17:27:16.083, 7663252849627, vstest.console.dll, CurrentDomainAssemblyResolve: Resolving assembly 'Microsoft.Bcl.AsyncInterfaces'.
TpTrace Verbose: 0 : 11528, 1, 2022/05/22, 17:27:16.083, 7663252850364, vstest.console.dll, CurrentDomainAssemblyResolve: Failed to resolve assembly 'Microsoft.Bcl.AsyncInterfaces'.
TpTrace Verbose: 0 : 11528, 1, 2022/05/22, 17:27:16.083, 7663252854519, vstest.console.dll, CurrentDomainAssemblyResolve: Failed to resolve assembly 'Microsoft.Bcl.AsyncInterfaces'.
TpTrace Warning: 0 : 11528, 1, 2022/05/22, 17:27:16.084, 7663252864564, vstest.console.dll, TestPluginDiscoverer: Failed to get types from assembly 'Microsoft.Diagnostics.NETCore.Client, Version=0.2.5.801, Culture=neutral, PublicKeyToken=31bf3856ad364e35'. Error: System.Reflection.ReflectionTypeLoadException: Unable to load one or more of the requested types.
Could not load file or assembly 'Microsoft.Bcl.AsyncInterfaces, Version=1.0.0.0, Culture=neutral, PublicKeyToken=cc7b13ffcd2ddd51'. The system cannot find the file specified.
   at System.Reflection.RuntimeModule.GetTypes(RuntimeModule module)
   at System.Reflection.Assembly.GetTypes()
   at Microsoft.VisualStudio.TestPlatform.Common.ExtensionFramework.TestPluginDiscoverer.GetTestExtensionsFromAssembly[TPluginInfo,TExtension](Assembly assembly, Dictionary`2 pluginInfos, String filePath)
System.IO.FileNotFoundException: Could not load file or assembly 'Microsoft.Bcl.AsyncInterfaces, Version=1.0.0.0, Culture=neutral, PublicKeyToken=cc7b13ffcd2ddd51'. The system cannot find the file specified.
File name: 'Microsoft.Bcl.AsyncInterfaces, Version=1.0.0.0, Culture=neutral, PublicKeyToken=cc7b13ffcd2ddd51'
 ---> System.IO.FileNotFoundException: Could not load file or assembly 'Microsoft.Bcl.AsyncInterfaces, Culture=neutral, PublicKeyToken=null'. The system cannot find the file specified.
File name: 'Microsoft.Bcl.AsyncInterfaces, Culture=neutral, PublicKeyToken=null'
   at System.Reflection.RuntimeAssembly.InternalLoad(ObjectHandleOnStack assemblyName, ObjectHandleOnStack requestingAssembly, StackCrawlMarkHandle stackMark, Boolean throwOnFileNotFound, ObjectHandleOnStack assemblyLoadContext, ObjectHandleOnStack retAssembly)
   at System.Reflection.RuntimeAssembly.InternalLoad(AssemblyName assemblyName, RuntimeAssembly requestingAssembly, StackCrawlMark& stackMark, Boolean throwOnFileNotFound, AssemblyLoadContext assemblyLoadContext)
   at System.Reflection.Assembly.Load(AssemblyName assemblyRef)
   at Microsoft.VisualStudio.TestPlatform.Common.ExtensionFramework.TestPluginCache.CurrentDomainAssemblyResolve(Object sender, AssemblyResolveEventArgs args)
   at Microsoft.VisualStudio.TestPlatform.PlatformAbstractions.PlatformAssemblyResolver.AssemblyResolverEvent(Object sender, Object eventArgs)
   at System.Runtime.Loader.AssemblyLoadContext.GetFirstResolvedAssemblyFromResolvingEvent(AssemblyName assemblyName)
   at System.Runtime.Loader.AssemblyLoadContext.ResolveUsingEvent(AssemblyName assemblyName)
   at System.Runtime.Loader.AssemblyLoadContext.ResolveUsingResolvingEvent(IntPtr gchManagedAssemblyLoadContext, AssemblyName assemblyName)
TpTrace Warning: 0 : 11528, 1, 2022/05/22, 17:27:16.085, 7663252871441, vstest.console.dll, TestPluginDiscoverer: Failed to load extensions from file 'C:\Program Files\dotnet\sdk\6.0.300-preview.22204.3\Extensions\Microsoft.Diagnostics.NETCore.Client.dll'.  Skipping test extension scan for this file.  Error: System.ArgumentNullException: Value cannot be null. (Parameter 'type')
   at System.Reflection.IntrospectionExtensions.GetTypeInfo(Type type)
   at Microsoft.VisualStudio.TestPlatform.Common.ExtensionFramework.TestPluginDiscoverer.<>c__6`2.<GetTestExtensionsFromAssembly>b__6_1(Type type)
   at System.Linq.Enumerable.WhereArrayIterator`1.MoveNext()
   at System.Collections.Generic.List`1.InsertRange(Int32 index, IEnumerable`1 collection)
   at System.Collections.Generic.List`1.AddRange(IEnumerable`1 collection)
   at Microsoft.VisualStudio.TestPlatform.Common.ExtensionFramework.TestPluginDiscoverer.GetTestExtensionsFromAssembly[TPluginInfo,TExtension](Assembly assembly, Dictionary`2 pluginInfos, String filePath)
   at Microsoft.VisualStudio.TestPlatform.Common.ExtensionFramework.TestPluginDiscoverer.GetTestExtensionsFromFiles[TPluginInfo,TExtension](String[] files, Dictionary`2 pluginInfos)
TpTrace Verbose: 0 : 11528, 1, 2022/05/22, 17:27:16.085, 7663252874239, vstest.console.dll, MetadataReaderExtensionsHelper: Discovering extensions inside assembly 'Microsoft.TestPlatform.Extensions.BlameDataCollector, Version=15.0.0.0, Culture=neutral, PublicKeyToken=b03f5f7f11d50a3a' file path 'C:\Program Files\dotnet\sdk\6.0.300-preview.22204.3\Extensions\Microsoft.TestPlatform.Extensions.BlameDataCollector.dll'
TpTrace Information: 0 : 11528, 1, 2022/05/22, 17:27:16.086, 7663252884912, vstest.console.dll, GetTestExtensionFromType: Register extension with identifier data 'logger://Microsoft/TestPlatform/Extensions/Blame/v1' and type 'Microsoft.TestPlatform.Extensions.BlameDataCollector.BlameLogger, Microsoft.TestPlatform.Extensions.BlameDataCollector, Version=15.0.0.0, Culture=neutral, PublicKeyToken=b03f5f7f11d50a3a' inside file 'C:\Program Files\dotnet\sdk\6.0.300-preview.22204.3\Extensions\Microsoft.TestPlatform.Extensions.BlameDataCollector.dll'
TpTrace Verbose: 0 : 11528, 1, 2022/05/22, 17:27:16.087, 7663252888050, vstest.console.dll, MetadataReaderExtensionsHelper: Discovering extensions inside assembly 'Microsoft.TestPlatform.Extensions.EventLogCollector, Version=15.0.0.0, Culture=neutral, PublicKeyToken=b03f5f7f11d50a3a' file path 'C:\Program Files\dotnet\sdk\6.0.300-preview.22204.3\Extensions\Microsoft.TestPlatform.Extensions.EventLogCollector.dll'
TpTrace Verbose: 0 : 11528, 1, 2022/05/22, 17:27:16.088, 7663252897116, vstest.console.dll, MetadataReaderExtensionsHelper: Discovering extensions inside assembly 'Microsoft.TestPlatform.TestHostRuntimeProvider, Version=15.0.0.0, Culture=neutral, PublicKeyToken=b03f5f7f11d50a3a' file path 'C:\Program Files\dotnet\sdk\6.0.300-preview.22204.3\Extensions\Microsoft.TestPlatform.TestHostRuntimeProvider.dll'
TpTrace Verbose: 0 : 11528, 1, 2022/05/22, 17:27:16.088, 7663252906183, vstest.console.dll, MetadataReaderExtensionsHelper: Discovering extensions inside assembly 'Microsoft.VisualStudio.TestPlatform.Extensions.Html.TestLogger, Version=15.0.0.0, Culture=neutral, PublicKeyToken=b03f5f7f11d50a3a' file path 'C:\Program Files\dotnet\sdk\6.0.300-preview.22204.3\Extensions\Microsoft.VisualStudio.TestPlatform.Extensions.Html.TestLogger.dll'
TpTrace Information: 0 : 11528, 1, 2022/05/22, 17:27:16.089, 7663252913877, vstest.console.dll, GetTestExtensionFromType: Register extension with identifier data 'logger://Microsoft/TestPlatform/HtmlLogger/v1' and type 'Microsoft.VisualStudio.TestPlatform.Extensions.HtmlLogger.HtmlLogger, Microsoft.VisualStudio.TestPlatform.Extensions.Html.TestLogger, Version=15.0.0.0, Culture=neutral, PublicKeyToken=b03f5f7f11d50a3a' inside file 'C:\Program Files\dotnet\sdk\6.0.300-preview.22204.3\Extensions\Microsoft.VisualStudio.TestPlatform.Extensions.Html.TestLogger.dll'
TpTrace Verbose: 0 : 11528, 1, 2022/05/22, 17:27:16.090, 7663252916395, vstest.console.dll, MetadataReaderExtensionsHelper: Discovering extensions inside assembly 'Microsoft.VisualStudio.TestPlatform.Extensions.Trx.TestLogger, Version=15.0.0.0, Culture=neutral, PublicKeyToken=b03f5f7f11d50a3a' file path 'C:\Program Files\dotnet\sdk\6.0.300-preview.22204.3\Extensions\Microsoft.VisualStudio.TestPlatform.Extensions.Trx.TestLogger.dll'
TpTrace Information: 0 : 11528, 1, 2022/05/22, 17:27:16.090, 7663252924861, vstest.console.dll, GetTestExtensionFromType: Register extension with identifier data 'logger://Microsoft/TestPlatform/TrxLogger/v1' and type 'Microsoft.VisualStudio.TestPlatform.Extensions.TrxLogger.TrxLogger, Microsoft.VisualStudio.TestPlatform.Extensions.Trx.TestLogger, Version=15.0.0.0, Culture=neutral, PublicKeyToken=b03f5f7f11d50a3a' inside file 'C:\Program Files\dotnet\sdk\6.0.300-preview.22204.3\Extensions\Microsoft.VisualStudio.TestPlatform.Extensions.Trx.TestLogger.dll'
TpTrace Verbose: 0 : 11528, 1, 2022/05/22, 17:27:16.091, 7663252927416, vstest.console.dll, TestPluginCache: Discovered the extensions using extension path ''.
TpTrace Verbose: 0 : 11528, 1, 2022/05/22, 17:27:16.091, 7663252928405, vstest.console.dll, TestPluginCache: Discoverers are ''.
TpTrace Verbose: 0 : 11528, 1, 2022/05/22, 17:27:16.091, 7663252929202, vstest.console.dll, TestPluginCache: Executors are ''.
TpTrace Verbose: 0 : 11528, 1, 2022/05/22, 17:27:16.091, 7663252929970, vstest.console.dll, TestPluginCache: Executors2 are ''.
TpTrace Verbose: 0 : 11528, 1, 2022/05/22, 17:27:16.091, 7663252930693, vstest.console.dll, TestPluginCache: Setting providers are ''.
TpTrace Verbose: 0 : 11528, 1, 2022/05/22, 17:27:16.091, 7663252933248, vstest.console.dll, TestPluginCache: Loggers are 'logger://Microsoft/TestPlatform/Extensions/Blame/v1,logger://Microsoft/TestPlatform/HtmlLogger/v1,logger://Microsoft/TestPlatform/TrxLogger/v1'.
TpTrace Verbose: 0 : 11528, 1, 2022/05/22, 17:27:16.091, 7663252934435, vstest.console.dll, TestPluginCache: TestHosts are 'HostProvider://DefaultTestHost,HostProvider://DotnetTestHost'.
TpTrace Verbose: 0 : 11528, 1, 2022/05/22, 17:27:16.091, 7663252935230, vstest.console.dll, TestPluginCache: DataCollectors are ''.
TpTrace Information: 0 : 11528, 1, 2022/05/22, 17:27:16.093, 7663252955122, vstest.console.dll, TestPluginManager.CreateTestExtension: Attempting to load test extension: Microsoft.TestPlatform.Extensions.BlameDataCollector.BlameLogger
TpTrace Information: 0 : 11528, 1, 2022/05/22, 17:27:16.107, 7663253086424, vstest.console.dll, TestPluginManager.CreateTestExtension: Attempting to load test extension: Microsoft.VisualStudio.TestPlatform.CrossPlatEngine.Hosting.DefaultTestHostManager
TpTrace Information: 0 : 11528, 1, 2022/05/22, 17:27:16.109, 7663253113067, vstest.console.dll, TestPluginManager.CreateTestExtension: Attempting to load test extension: Microsoft.VisualStudio.TestPlatform.CrossPlatEngine.Hosting.DotnetTestHostManager
TpTrace Verbose: 0 : 11528, 1, 2022/05/22, 17:27:16.111, 7663253129935, vstest.console.dll, TestEngine: Initializing Parallel Execution as MaxCpuCount is set to: 1
TpTrace Information: 0 : 11528, 1, 2022/05/22, 17:27:16.113, 7663253152415, vstest.console.dll, InferRunSettingsHelper.IsTestSettingsEnabled: Unable to navigate to RunSettings/MSTest. Current node: RunSettings
TpTrace Verbose: 0 : 11528, 1, 2022/05/22, 17:27:16.161, 7663253634275, vstest.console.dll, TestRequestSender is acting as server
TpTrace Verbose: 0 : 11528, 1, 2022/05/22, 17:27:16.164, 7663253661585, vstest.console.dll, TestEngine.GetExecutionManager: Chosen execution manager 'Microsoft.VisualStudio.TestPlatform.CrossPlatEngine.Client.Parallel.ParallelProxyExecutionManager, Microsoft.TestPlatform.CrossPlatEngine, Version=15.0.0.0, Culture=neutral, PublicKeyToken=b03f5f7f11d50a3a' ParallelLevel '1' Shared host 'False'
TpTrace Verbose: 0 : 11528, 5, 2022/05/22, 17:27:16.173, 7663253754805, vstest.console.dll, DataCollectionRequestSender.InitializeCommunication : Initialize communication. 
TpTrace Information: 0 : 11528, 5, 2022/05/22, 17:27:16.191, 7663253932467, vstest.console.dll, Listening on Endpoint : 127.0.0.1:56733
TpTrace Verbose: 0 : 11528, 5, 2022/05/22, 17:27:16.224, 7663254261293, vstest.console.dll, DotnetDataCollectionLauncher: Full path of dotnet.exe is C:\Program Files\dotnet\dotnet.exe
TpTrace Verbose: 0 : 11528, 5, 2022/05/22, 17:27:16.224, 7663254266327, vstest.console.dll, DotnetDataCollectionLauncher: Adding  --runtimeconfig "C:\Program Files\dotnet\sdk\6.0.300-preview.22204.3\datacollector.runtimeconfig.json" in args
TpTrace Verbose: 0 : 11528, 5, 2022/05/22, 17:27:16.225, 7663254269028, vstest.console.dll, DotnetDataCollectionLauncher: Adding  --depsfile "C:\Program Files\dotnet\sdk\6.0.300-preview.22204.3\datacollector.deps.json" in args
TpTrace Information: 0 : 11528, 5, 2022/05/22, 17:27:16.258, 7663254602007, vstest.console.dll, ProxyDataCollectionManager.Initialize: Launched datacollector processId: 7708 port: 56733
TpTrace Information: 0 : 11528, 5, 2022/05/22, 17:27:16.258, 7663254604955, vstest.console.dll, ProxyDataCollectionManager.Initialize: waiting for connection with timeout: 90 seconds
TpTrace Verbose: 0 : 11528, 5, 2022/05/22, 17:27:16.259, 7663254606521, vstest.console.dll, DataCollectionRequestSender.WaitForRequestHandlerConnection : Waiting for connection with timeout: 90000
TpTrace Information: 0 : 11528, 8, 2022/05/22, 17:27:16.706, 7663259079531, vstest.console.dll, Using the buffer size of 16384 bytes
TpTrace Verbose: 0 : 11528, 5, 2022/05/22, 17:27:16.706, 7663259079813, vstest.console.dll, SocketCommunicationManager.WaitForClientConnection took: 447 ms, with 90000 ms timeout, and finished with True.
TpTrace Information: 0 : 11528, 8, 2022/05/22, 17:27:16.706, 7663259081681, vstest.console.dll, Accepted Client request and set the flag
TpTrace Verbose: 0 : 11528, 5, 2022/05/22, 17:27:16.706, 7663259084483, vstest.console.dll, ProxyDataCollectionManager.InvokeDataCollectionServiceAction: Starting.
TpTrace Information: 0 : 11528, 5, 2022/05/22, 17:27:16.707, 7663259086488, vstest.console.dll, ProxyDataCollectionManager.BeforeTestRunStart: Get environment variable and port for datacollector processId: 7708 port: 56733
TpTrace Verbose: 0 : 11528, 5, 2022/05/22, 17:27:16.707, 7663259089372, vstest.console.dll, DataCollectionRequestSender.SendBeforeTestRunStartAndGetResult : Send BeforeTestRunStart message with settingsXml <RunSettings><RunConfiguration><ResultsDirectory>D:\MyWorks\Assignment\Cognizant\BusinessLayer.Test\bin\Debug\net5.0\fine-code-coverage\coverage-tool-output</ResultsDirectory><TargetPlatform>X64</TargetPlatform><TargetFrameworkVersion>.NETCoreApp,Version=v5.0</TargetFrameworkVersion><DesignMode>False</DesignMode><CollectSourceInformation>False</CollectSourceInformation><TestAdaptersPaths>C:\Program Files\dotnet\sdk\6.0.300-preview.22204.3\Extensions</TestAdaptersPaths></RunConfiguration><LoggerRunSettings><Loggers><Logger friendlyName="blame" enabled="True" /><Logger friendlyName="Console" uri="logger://microsoft/TestPlatform/ConsoleLogger/v1" assemblyQualifiedName="Microsoft.VisualStudio.TestPlatform.CommandLine.Internal.ConsoleLogger, vstest.console, Version=15.0.0.0, Culture=neutral, PublicKeyToken=b03f5f7f11d50a3a" codeBase="C:\Program Files\dotnet\sdk\6.0.300-preview.22204.3\vstest.console.dll" enabled="True" /></Loggers></LoggerRunSettings><DataCollectionRunSettings><DataCollectors><DataCollector friendlyName="blame" enabled="True"><Configuration><ResultsDirectory>D:\MyWorks\Assignment\Cognizant\BusinessLayer.Test\bin\Debug\net5.0\fine-code-coverage\coverage-tool-output</ResultsDirectory></Configuration></DataCollector></DataCollectors></DataCollectionRunSettings></RunSettings> and sources System.Linq.Enumerable+Concat2Iterator`1[System.String]: 
TpTrace Verbose: 0 : 11528, 5, 2022/05/22, 17:27:16.934, 7663261358748, vstest.console.dll, DataCollectionRequestSender.SendBeforeTestRunStartAndGetResult : Received message: (DataCollection.SendMessage) -> {
  "FriendlyName": null,
  "Uri": null,
  "TestCaseId": "00000000-0000-0000-0000-000000000000",
  "Message": "Logging DataCollector Diagnostics in file: D:\\MyWorks\\Assignment\\Cognizant\\BusinessLayer.Test\\bin\\Debug\\net5.0\\fine-code-coverage\\coverage-tool-output\\diagnostics.datacollector.22-05-22_17-27-16_21182_5.log",
  "Level": 0
}
TpTrace Verbose: 0 : 11528, 5, 2022/05/22, 17:27:17.216, 7663264178658, vstest.console.dll, DataCollectionRequestSender.SendBeforeTestRunStartAndGetResult : Received message: (DataCollection.BeforeTestRunStartResult) -> {
  "EnvironmentVariables": {},
  "DataCollectionEventsPort": 56739
}
TpTrace Information: 0 : 11528, 5, 2022/05/22, 17:27:17.230, 7663264322303, vstest.console.dll, ProxyDataCollectionManager.BeforeTestRunStart: SendBeforeTestRunStartAndGetResult successful, env variable from datacollector:   and testhost port: 56739
TpTrace Information: 0 : 11528, 5, 2022/05/22, 17:27:17.230, 7663264324838, vstest.console.dll, ProxyDataCollectionManager.InvokeDataCollectionServiceAction: Completed.
TpTrace Verbose: 0 : 11528, 1, 2022/05/22, 17:27:17.231, 7663264328473, vstest.console.dll, TestRunRequest.ExecuteAsync: Creating test run request.
TpTrace Verbose: 0 : 11528, 1, 2022/05/22, 17:27:17.231, 7663264334591, vstest.console.dll, TestRunRequest.ExecuteAsync: Starting.
TpTrace Information: 0 : 11528, 1, 2022/05/22, 17:27:17.232, 7663264342942, vstest.console.dll, TestRunRequest.ExecuteAsync: Starting run with settings:TestRunCriteria:
   KeepAlive=False,FrequencyOfRunStatsChangeEvent=10,RunStatsChangeEventTimeout=00:00:01.5000000,TestCaseFilter=,TestExecutorLauncher=
   Settingsxml=<RunSettings>
  <RunConfiguration>
    <ResultsDirectory>D:\MyWorks\Assignment\Cognizant\BusinessLayer.Test\bin\Debug\net5.0\fine-code-coverage\coverage-tool-output</ResultsDirectory>
    <TargetPlatform>X64</TargetPlatform>
    <TargetFrameworkVersion>.NETCoreApp,Version=v5.0</TargetFrameworkVersion>
    <DesignMode>False</DesignMode>
    <CollectSourceInformation>False</CollectSourceInformation>
  </RunConfiguration>
  <LoggerRunSettings>
    <Loggers>
      <Logger friendlyName="blame" enabled="True" />
      <Logger friendlyName="Console" uri="logger://microsoft/TestPlatform/ConsoleLogger/v1" assemblyQualifiedName="Microsoft.VisualStudio.TestPlatform.CommandLine.Internal.ConsoleLogger, vstest.console, Version=15.0.0.0, Culture=neutral, PublicKeyToken=b03f5f7f11d50a3a" codeBase="C:\Program Files\dotnet\sdk\6.0.300-preview.22204.3\vstest.console.dll" enabled="True" />
    </Loggers>
  </LoggerRunSettings>
  <DataCollectionRunSettings>
    <DataCollectors>
      <DataCollector friendlyName="blame" enabled="True">
        <Configuration>
          <ResultsDirectory>D:\MyWorks\Assignment\Cognizant\BusinessLayer.Test\bin\Debug\net5.0\fine-code-coverage\coverage-tool-output</ResultsDirectory>
        </Configuration>
      </DataCollector>
    </DataCollectors>
  </DataCollectionRunSettings>
</RunSettings>

TpTrace Verbose: 0 : 11528, 1, 2022/05/22, 17:27:17.232, 7663264344600, vstest.console.dll, TestRunRequest.ExecuteAsync: Wait for the first run request is over.
TpTrace Verbose: 0 : 11528, 1, 2022/05/22, 17:27:17.233, 7663264351834, vstest.console.dll, MulticastDelegateUtilities.SafeInvoke: TestRun.TestRunStart: Invoking callbacks was skipped because there are no subscribers.
TpTrace Verbose: 0 : 11528, 4, 2022/05/22, 17:27:17.234, 7663264357050, vstest.console.dll, MulticastDelegateUtilities.SafeInvoke: InternalTestLoggerEvents.SendTestRunStart: Invoking callback 1/1 for Microsoft.VisualStudio.TestPlatform.CommandLine.Internal.ConsoleLogger.TestRunStartHandler, took 0 ms.
TpTrace Verbose: 0 : 11528, 1, 2022/05/22, 17:27:17.234, 7663264360007, vstest.console.dll, ParallelProxyExecutionManager: Start execution. Total sources: 1
TpTrace Information: 0 : 11528, 1, 2022/05/22, 17:27:17.236, 7663264379081, vstest.console.dll, ProxyParallelExecutionManager: Triggering test run for next source: D:\MyWorks\Assignment\Cognizant\BusinessLayer.Test\bin\Debug\net5.0\fine-code-coverage\build-output\BusinessLayer.Test.dll
TpTrace Verbose: 0 : 11528, 5, 2022/05/22, 17:27:17.236, 7663264383580, vstest.console.dll, ParallelProxyExecutionManager: Execution started. Started clients: 1
TpTrace Verbose: 0 : 11528, 1, 2022/05/22, 17:27:17.236, 7663264385841, vstest.console.dll, ProxyParallelExecutionManager: No sources available for execution.
TpTrace Information: 0 : 11528, 1, 2022/05/22, 17:27:17.237, 7663264387491, vstest.console.dll, TestRunRequest.ExecuteAsync: Started.
TpTrace Verbose: 0 : 11528, 1, 2022/05/22, 17:27:17.237, 7663264389828, vstest.console.dll, TestRunRequest.WaitForCompletion: Waiting with timeout -1.
TpTrace Verbose: 0 : 11528, 5, 2022/05/22, 17:27:17.237, 7663264391144, vstest.console.dll, TestRunRequest:SendTestRunMessage: Starting.
TpTrace Verbose: 0 : 11528, 5, 2022/05/22, 17:27:17.237, 7663264394579, vstest.console.dll, MulticastDelegateUtilities.SafeInvoke: TestRun.LogMessages: Invoking callback 1/1 for Microsoft.VisualStudio.TestPlatform.CommandLine.TestRunResultAggregator.TestRunMessageHandler, took 0 ms.
TpTrace Verbose: 0 : 11528, 4, 2022/05/22, 17:27:17.237, 7663264394824, vstest.console.dll, MulticastDelegateUtilities.SafeInvoke: InternalTestLoggerEvents.SendTestRunMessage: Invoking callback 1/1 for Microsoft.VisualStudio.TestPlatform.CommandLine.Internal.ConsoleLogger.TestMessageHandler, took 0 ms.
TpTrace Information: 0 : 11528, 5, 2022/05/22, 17:27:17.237, 7663264396193, vstest.console.dll, TestRunRequest:SendTestRunMessage: Completed.
TpTrace Verbose: 0 : 11528, 5, 2022/05/22, 17:27:17.238, 7663264402672, vstest.console.dll, ProxyExecutionManager: Test host is always Lazy initialize.
TpTrace Verbose: 0 : 11528, 5, 2022/05/22, 17:27:17.239, 7663264407292, vstest.console.dll, TestRequestSender.InitializeCommunication: initialize communication. 
TpTrace Information: 0 : 11528, 5, 2022/05/22, 17:27:17.239, 7663264416334, vstest.console.dll, SocketServer.Start: Listening on endpoint : 127.0.0.1:56740
TpTrace Verbose: 0 : 11528, 5, 2022/05/22, 17:27:17.242, 7663264437571, vstest.console.dll, DotnetTestHostmanager.GetTestHostProcessStartInfo: Platform environment 'X64' target architecture 'X64' framework '.NETCoreApp,Version=v5.0' OS 'Windows'
TpTrace Verbose: 0 : 11528, 5, 2022/05/22, 17:27:17.242, 7663264443489, vstest.console.dll, DotnetTestHostmanager: Adding  --runtimeconfig "D:\MyWorks\Assignment\Cognizant\BusinessLayer.Test\bin\Debug\net5.0\fine-code-coverage\build-output\BusinessLayer.Test.runtimeconfig.json" in args
TpTrace Verbose: 0 : 11528, 5, 2022/05/22, 17:27:17.242, 7663264445144, vstest.console.dll, DotnetTestHostmanager: Adding  --depsfile "D:\MyWorks\Assignment\Cognizant\BusinessLayer.Test\bin\Debug\net5.0\fine-code-coverage\build-output\BusinessLayer.Test.deps.json" in args
TpTrace Verbose: 0 : 11528, 5, 2022/05/22, 17:27:17.251, 7663264527626, vstest.console.dll, DotnetTestHostmanager.IsWinOnArm: Current PROCESSOR_ARCHITECTURE from registry 'AMD64'
TpTrace Verbose: 0 : 11528, 5, 2022/05/22, 17:27:17.251, 7663264531641, vstest.console.dll, DotnetTestHostmanager.IsWinOnArm: Is Windows on ARM 'False'
TpTrace Verbose: 0 : 11528, 5, 2022/05/22, 17:27:17.251, 7663264533908, vstest.console.dll, DotnetTestHostManager: testhost.exe found at path: D:\MyWorks\Assignment\Cognizant\BusinessLayer.Test\bin\Debug\net5.0\fine-code-coverage\build-output\testhost.exe
TpTrace Verbose: 0 : 11528, 5, 2022/05/22, 17:27:17.251, 7663264534984, vstest.console.dll, DotnetTestHostmanager: Full path of host exe is D:\MyWorks\Assignment\Cognizant\BusinessLayer.Test\bin\Debug\net5.0\fine-code-coverage\build-output\testhost.exe
TpTrace Verbose: 0 : 11528, 5, 2022/05/22, 17:27:17.252, 7663264538186, vstest.console.dll, DotnetTestHostmanager.LaunchTestHostAsync: Found 'VSTEST_WINAPPHOST_DOTNET_ROOT' in env variables, value 'C:\Program Files\dotnet', forwarding to 'DOTNET_ROOT'
TpTrace Verbose: 0 : 11528, 7, 2022/05/22, 17:27:17.253, 7663264554497, vstest.console.dll, DotnetTestHostManager: Starting process 'D:\MyWorks\Assignment\Cognizant\BusinessLayer.Test\bin\Debug\net5.0\fine-code-coverage\build-output\testhost.exe' with command line ' --runtimeconfig "D:\MyWorks\Assignment\Cognizant\BusinessLayer.Test\bin\Debug\net5.0\fine-code-coverage\build-output\BusinessLayer.Test.runtimeconfig.json" --depsfile "D:\MyWorks\Assignment\Cognizant\BusinessLayer.Test\bin\Debug\net5.0\fine-code-coverage\build-output\BusinessLayer.Test.deps.json" --port 56740 --endpoint 127.0.0.1:056740 --role client --parentprocessid 11528 --diag "D:\MyWorks\Assignment\Cognizant\BusinessLayer.Test\bin\Debug\net5.0\fine-code-coverage\coverage-tool-output\diagnostics.host.22-05-22_17-27-17_24104_5.log" --tracelevel 4 --datacollectionport 56739 --telemetryoptedin false'
TpTrace Verbose: 0 : 11528, 7, 2022/05/22, 17:27:17.282, 7663264838689, vstest.console.dll, MulticastDelegateUtilities.SafeInvoke: HostProviderEvents.OnHostLaunched: Invoking callback 1/2 for Microsoft.VisualStudio.TestPlatform.CrossPlatEngine.Client.ProxyExecutionManagerWithDataCollection.TestHostLaunchedHandler, took 2 ms.
TpTrace Verbose: 0 : 11528, 7, 2022/05/22, 17:27:17.282, 7663264844806, vstest.console.dll, Test Runtime launched
TpTrace Verbose: 0 : 11528, 7, 2022/05/22, 17:27:17.283, 7663264847096, vstest.console.dll, MulticastDelegateUtilities.SafeInvoke: HostProviderEvents.OnHostLaunched: Invoking callback 2/2 for Microsoft.VisualStudio.TestPlatform.CrossPlatEngine.Client.ProxyOperationManager.TestHostManagerHostLaunched, took 0 ms.
TpTrace Verbose: 0 : 11528, 5, 2022/05/22, 17:27:17.284, 7663264864536, vstest.console.dll, TestRequestSender.WaitForRequestHandlerConnection: waiting for connection with timeout: 90000.
TpTrace Verbose: 0 : 11528, 5, 2022/05/22, 17:27:17.771, 7663269727580, vstest.console.dll, TestRequestSender.WaitForRequestHandlerConnection: waiting took 486 ms, with timeout 90000 ms, and result 0, which is success.
TpTrace Verbose: 0 : 11528, 7, 2022/05/22, 17:27:17.771, 7663269727578, vstest.console.dll, MulticastDelegateUtilities.SafeInvoke: SocketServer: ClientConnected: Invoking callback 1/1 for Microsoft.VisualStudio.TestPlatform.CommunicationUtilities.TestRequestSender.<InitializeCommunication>b__23_0, took 0 ms.
TpTrace Verbose: 0 : 11528, 7, 2022/05/22, 17:27:17.771, 7663269730280, vstest.console.dll, SocketServer.OnClientConnected: Client connected for endPoint: 127.0.0.1:56740, starting MessageLoopAsync:
TpTrace Verbose: 0 : 11528, 14, 2022/05/22, 17:27:17.771, 7663269733607, vstest.console.dll, TcpClientExtensions.MessageLoopAsync: Polling on remoteEndPoint: 127.0.0.1:56743 localEndPoint: 127.0.0.1:56740
TpTrace Verbose: 0 : 11528, 5, 2022/05/22, 17:27:17.780, 7663269822452, vstest.console.dll, TestRequestSender.CheckVersionWithTestHost: Sending check version message: {"MessageType":"ProtocolVersion","Payload":5}
TpTrace Verbose: 0 : 11528, 14, 2022/05/22, 17:27:18.119, 7663273209211, vstest.console.dll, TcpClientExtensions.MessageLoopAsync: NotifyDataAvailable remoteEndPoint: 127.0.0.1:56743 localEndPoint: 127.0.0.1:56740
TpTrace Verbose: 0 : 11528, 14, 2022/05/22, 17:27:18.120, 7663273218533, vstest.console.dll, TestRequestSender.CheckVersionWithTestHost: onMessageReceived received message: (ProtocolVersion) -> 5
TpTrace Verbose: 0 : 11528, 14, 2022/05/22, 17:27:18.121, 7663273229011, vstest.console.dll, MulticastDelegateUtilities.SafeInvoke: LengthPrefixCommunicationChannel: MessageReceived: Invoking callback 1/1 for Microsoft.VisualStudio.TestPlatform.CommunicationUtilities.TestRequestSender+<>c__DisplayClass25_0.<CheckVersionWithTestHost>b__0, took 1 ms.
TpTrace Verbose: 0 : 11528, 5, 2022/05/22, 17:27:18.121, 7663273230645, vstest.console.dll, TestPluginCache.GetExtensionPaths: Filtered extension paths: 
TpTrace Verbose: 0 : 11528, 14, 2022/05/22, 17:27:18.121, 7663273231133, vstest.console.dll, TcpClientExtensions.MessageLoopAsync: Polling on remoteEndPoint: 127.0.0.1:56743 localEndPoint: 127.0.0.1:56740
TpTrace Verbose: 0 : 11528, 5, 2022/05/22, 17:27:18.121, 7663273232026, vstest.console.dll, TestPluginCache.GetExtensionPaths: Added default extension paths: C:\Program Files\dotnet\sdk\6.0.300-preview.22204.3\Extensions\DumpMinitool.exe
C:\Program Files\dotnet\sdk\6.0.300-preview.22204.3\Extensions\DumpMinitool.x86.exe
C:\Program Files\dotnet\sdk\6.0.300-preview.22204.3\Extensions\Microsoft.Diagnostics.NETCore.Client.dll
C:\Program Files\dotnet\sdk\6.0.300-preview.22204.3\Extensions\Microsoft.TestPlatform.Extensions.BlameDataCollector.dll
C:\Program Files\dotnet\sdk\6.0.300-preview.22204.3\Extensions\Microsoft.TestPlatform.Extensions.EventLogCollector.dll
C:\Program Files\dotnet\sdk\6.0.300-preview.22204.3\Extensions\Microsoft.TestPlatform.TestHostRuntimeProvider.dll
C:\Program Files\dotnet\sdk\6.0.300-preview.22204.3\Extensions\Microsoft.VisualStudio.TestPlatform.Extensions.Html.TestLogger.dll
C:\Program Files\dotnet\sdk\6.0.300-preview.22204.3\Extensions\Microsoft.VisualStudio.TestPlatform.Extensions.Trx.TestLogger.dll
TpTrace Verbose: 0 : 11528, 5, 2022/05/22, 17:27:18.121, 7663273233833, vstest.console.dll, TestPluginCache.GetExtensionPaths: Added unfilterableExtensionPaths: 
TpTrace Verbose: 0 : 11528, 5, 2022/05/22, 17:27:18.127, 7663273293941, vstest.console.dll, TestRequestSender.InitializeExecution: Sending initialize execution with message: {"Version":5,"MessageType":"TestExecution.Initialize","Payload":["D:\\MyWorks\\Assignment\\Cognizant\\BusinessLayer.Test\\bin\\Debug\\net5.0\\fine-code-coverage\\build-output\\Microsoft.VisualStudio.TestPlatform.MSTest.TestAdapter.dll"]}
TpTrace Warning: 0 : 11528, 5, 2022/05/22, 17:27:18.128, 7663273300911, vstest.console.dll, InferRunSettingsHelper.MakeRunsettingsCompatible: Removing the following settings: TargetPlatform from RunSettings file. To use those settings please move to latest version of Microsoft.NET.Test.Sdk
TpTrace Verbose: 0 : 11528, 14, 2022/05/22, 17:27:18.144, 7663273463564, vstest.console.dll, TcpClientExtensions.MessageLoopAsync: NotifyDataAvailable remoteEndPoint: 127.0.0.1:56743 localEndPoint: 127.0.0.1:56740
TpTrace Verbose: 0 : 11528, 14, 2022/05/22, 17:27:18.145, 7663273466653, vstest.console.dll, TestRequestSender.OnExecutionMessageReceived: Received message: {"Version":5,"MessageType":"TestSession.Message","Payload":{"MessageLevel":0,"Message":"Logging TestHost Diagnostics in file: D:\\MyWorks\\Assignment\\Cognizant\\BusinessLayer.Test\\bin\\Debug\\net5.0\\fine-code-coverage\\coverage-tool-output\\diagnostics.host.22-05-22_17-27-17_24104_5.log"}}
TpTrace Verbose: 0 : 11528, 5, 2022/05/22, 17:27:18.145, 7663273470319, vstest.console.dll, TestRequestSender.StartTestRun: Sending test run with message: {"Version":5,"MessageType":"TestExecution.StartWithSources","Payload":{"AdapterSourceMap":{"_none_":["D:\\MyWorks\\Assignment\\Cognizant\\BusinessLayer.Test\\bin\\Debug\\net5.0\\fine-code-coverage\\build-output\\BusinessLayer.Test.dll"]},"RunSettings":"<RunSettings>\r\n  <RunConfiguration>\r\n    <ResultsDirectory>D:\\MyWorks\\Assignment\\Cognizant\\BusinessLayer.Test\\bin\\Debug\\net5.0\\fine-code-coverage\\coverage-tool-output</ResultsDirectory>\r\n    <TargetFrameworkVersion>.NETCoreApp,Version=v5.0</TargetFrameworkVersion>\r\n    <DesignMode>False</DesignMode>\r\n    <CollectSourceInformation>False</CollectSourceInformation>\r\n  </RunConfiguration>\r\n  <LoggerRunSettings>\r\n    <Loggers>\r\n      <Logger friendlyName=\"blame\" enabled=\"True\" />\r\n      <Logger friendlyName=\"Console\" uri=\"logger://microsoft/TestPlatform/ConsoleLogger/v1\" assemblyQualifiedName=\"Microsoft.VisualStudio.TestPlatform.CommandLine.Internal.ConsoleLogger, vstest.console, Version=15.0.0.0, Culture=neutral, PublicKeyToken=b03f5f7f11d50a3a\" codeBase=\"C:\\Program Files\\dotnet\\sdk\\6.0.300-preview.22204.3\\vstest.console.dll\" enabled=\"True\" />\r\n    </Loggers>\r\n  </LoggerRunSettings>\r\n  <DataCollectionRunSettings>\r\n    <DataCollectors>\r\n      <DataCollector friendlyName=\"blame\" enabled=\"True\">\r\n        <Configuration>\r\n          <ResultsDirectory>D:\\MyWorks\\Assignment\\Cognizant\\BusinessLayer.Test\\bin\\Debug\\net5.0\\fine-code-coverage\\coverage-tool-output</ResultsDirectory>\r\n        </Configuration>\r\n      </DataCollector>\r\n    </DataCollectors>\r\n  </DataCollectionRunSettings>\r\n</RunSettings>","TestExecutionContext":{"FrequencyOfRunStatsChangeEvent":10,"RunStatsChangeEventTimeout":"00:00:01.5000000","InIsolation":false,"KeepAlive":false,"AreTestCaseLevelEventsRequired":false,"IsDebug":false,"TestCaseFilter":null,"FilterOptions":null},"Package":null}}
TpTrace Verbose: 0 : 11528, 14, 2022/05/22, 17:27:18.149, 7663273513577, vstest.console.dll, TestRunRequest:SendTestRunMessage: Starting.
TpTrace Verbose: 0 : 11528, 14, 2022/05/22, 17:27:18.150, 7663273516978, vstest.console.dll, MulticastDelegateUtilities.SafeInvoke: TestRun.LogMessages: Invoking callback 1/1 for Microsoft.VisualStudio.TestPlatform.CommandLine.TestRunResultAggregator.TestRunMessageHandler, took 0 ms.
TpTrace Verbose: 0 : 11528, 4, 2022/05/22, 17:27:18.150, 7663273517276, vstest.console.dll, MulticastDelegateUtilities.SafeInvoke: InternalTestLoggerEvents.SendTestRunMessage: Invoking callback 1/1 for Microsoft.VisualStudio.TestPlatform.CommandLine.Internal.ConsoleLogger.TestMessageHandler, took 0 ms.
TpTrace Information: 0 : 11528, 14, 2022/05/22, 17:27:18.150, 7663273518322, vstest.console.dll, TestRunRequest:SendTestRunMessage: Completed.
TpTrace Verbose: 0 : 11528, 14, 2022/05/22, 17:27:18.150, 7663273520685, vstest.console.dll, MulticastDelegateUtilities.SafeInvoke: LengthPrefixCommunicationChannel: MessageReceived: Invoking callback 1/1 for Microsoft.VisualStudio.TestPlatform.CommunicationUtilities.TestRequestSender+<>c__DisplayClass29_0.<StartTestRun>b__1, took 5 ms.
TpTrace Verbose: 0 : 11528, 14, 2022/05/22, 17:27:18.150, 7663273521440, vstest.console.dll, TcpClientExtensions.MessageLoopAsync: Polling on remoteEndPoint: 127.0.0.1:56743 localEndPoint: 127.0.0.1:56740
TpTrace Verbose: 0 : 11528, 14, 2022/05/22, 17:27:19.164, 7663283666228, vstest.console.dll, TcpClientExtensions.MessageLoopAsync: Polling on remoteEndPoint: 127.0.0.1:56743 localEndPoint: 127.0.0.1:56740
TpTrace Verbose: 0 : 11528, 14, 2022/05/22, 17:27:19.843, 7663290447843, vstest.console.dll, TcpClientExtensions.MessageLoopAsync: NotifyDataAvailable remoteEndPoint: 127.0.0.1:56743 localEndPoint: 127.0.0.1:56740
TpTrace Verbose: 0 : 11528, 14, 2022/05/22, 17:27:19.843, 7663290450197, vstest.console.dll, TestRequestSender.OnExecutionMessageReceived: Received message: {"Version":5,"MessageType":"TestExecution.StatsChange","Payload":{"NewTestResults":[],"TestRunStatistics":{"ExecutedTests":0,"Stats":{}},"ActiveTests":[{"Id":"135f151b-ae6d-e439-993d-8fb60662e4b4","FullyQualifiedName":"BusinessLayer.Test.FileImporter.Import_File_to_Db","DisplayName":"Import_File_to_Db","ExecutorUri":"executor://MSTestAdapter/v2","Source":"D:\\MyWorks\\Assignment\\Cognizant\\BusinessLayer.Test\\bin\\Debug\\net5.0\\fine-code-coverage\\build-output\\BusinessLayer.Test.dll","CodeFilePath":null,"LineNumber":-1,"Properties":[{"Key":{"Id":"TestCase.ManagedType","Label":"ManagedType","Category":"","Description":"","Attributes":1,"ValueType":"System.String"},"Value":"BusinessLayer.Test.FileImporter"},{"Key":{"Id":"TestCase.ManagedMethod","Label":"ManagedMethod","Category":"","Description":"","Attributes":1,"ValueType":"System.String"},"Value":"Import_File_to_Db"},{"Key":{"Id":"MSTestDiscoverer.TestClassName","Label":"ClassName","Category":"","Description":"","Attributes":1,"ValueType":"System.String"},"Value":"BusinessLayer.Test.FileImporter"},{"Key":{"Id":"TestCase.Hierarchy","Label":"Hierarchy","Category":"","Description":"","Attributes":2,"ValueType":"System.String[]"},"Value":["BusinessLayer.Test","FileImporter"]},{"Key":{"Id":"TestObject.Traits","Label":"Traits","Category":"","Description":"","Attributes":5,"ValueType":"System.Collections.Generic.KeyValuePair`2[[System.String],[System.String]][]"},"Value":[]}]}]}}
TpTrace Verbose: 0 : 11528, 14, 2022/05/22, 17:27:19.922, 7663291240092, vstest.console.dll, TestRunRequest:SendTestRunStatsChange: Starting.
TpTrace Verbose: 0 : 11528, 14, 2022/05/22, 17:27:19.922, 7663291242238, vstest.console.dll, InProgress is Import_File_to_Db
TpTrace Verbose: 0 : 11528, 14, 2022/05/22, 17:27:19.922, 7663291243402, vstest.console.dll, MulticastDelegateUtilities.SafeInvoke: TestRun.RunStatsChanged: Invoking callbacks was skipped because there are no subscribers.
TpTrace Information: 0 : 11528, 14, 2022/05/22, 17:27:19.922, 7663291244030, vstest.console.dll, TestRunRequest:SendTestRunStatsChange: Completed.
TpTrace Verbose: 0 : 11528, 14, 2022/05/22, 17:27:19.922, 7663291244722, vstest.console.dll, MulticastDelegateUtilities.SafeInvoke: LengthPrefixCommunicationChannel: MessageReceived: Invoking callback 1/1 for Microsoft.VisualStudio.TestPlatform.CommunicationUtilities.TestRequestSender+<>c__DisplayClass29_0.<StartTestRun>b__1, took 79 ms.
TpTrace Verbose: 0 : 11528, 14, 2022/05/22, 17:27:19.922, 7663291245239, vstest.console.dll, TcpClientExtensions.MessageLoopAsync: Polling on remoteEndPoint: 127.0.0.1:56743 localEndPoint: 127.0.0.1:56740
TpTrace Verbose: 0 : 11528, 14, 2022/05/22, 17:27:20.935, 7663301372412, vstest.console.dll, TcpClientExtensions.MessageLoopAsync: Polling on remoteEndPoint: 127.0.0.1:56743 localEndPoint: 127.0.0.1:56740
TpTrace Verbose: 0 : 11528, 14, 2022/05/22, 17:27:21.940, 7663311418419, vstest.console.dll, TcpClientExtensions.MessageLoopAsync: Polling on remoteEndPoint: 127.0.0.1:56743 localEndPoint: 127.0.0.1:56740
TpTrace Verbose: 0 : 11528, 14, 2022/05/22, 17:27:22.019, 7663312216304, vstest.console.dll, TcpClientExtensions.MessageLoopAsync: NotifyDataAvailable remoteEndPoint: 127.0.0.1:56743 localEndPoint: 127.0.0.1:56740
TpTrace Verbose: 0 : 11528, 14, 2022/05/22, 17:27:22.020, 7663312218058, vstest.console.dll, TestRequestSender.OnExecutionMessageReceived: Received message: {"Version":5,"MessageType":"TestExecution.StatsChange","Payload":{"NewTestResults":[{"TestCase":{"Id":"135f151b-ae6d-e439-993d-8fb60662e4b4","FullyQualifiedName":"BusinessLayer.Test.FileImporter.Import_File_to_Db","DisplayName":"Import_File_to_Db","ExecutorUri":"executor://MSTestAdapter/v2","Source":"D:\\MyWorks\\Assignment\\Cognizant\\BusinessLayer.Test\\bin\\Debug\\net5.0\\fine-code-coverage\\build-output\\BusinessLayer.Test.dll","CodeFilePath":null,"LineNumber":-1,"Properties":[{"Key":{"Id":"TestCase.ManagedType","Label":"ManagedType","Category":"","Description":"","Attributes":1,"ValueType":"System.String"},"Value":"BusinessLayer.Test.FileImporter"},{"Key":{"Id":"TestCase.ManagedMethod","Label":"ManagedMethod","Category":"","Description":"","Attributes":1,"ValueType":"System.String"},"Value":"Import_File_to_Db"},{"Key":{"Id":"MSTestDiscoverer.TestClassName","Label":"ClassName","Category":"","Description":"","Attributes":1,"ValueType":"System.String"},"Value":"BusinessLayer.Test.FileImporter"},{"Key":{"Id":"TestCase.Hierarchy","Label":"Hierarchy","Category":"","Description":"","Attributes":2,"ValueType":"System.String[]"},"Value":["BusinessLayer.Test","FileImporter"]},{"Key":{"Id":"TestObject.Traits","Label":"Traits","Category":"","Description":"","Attributes":5,"ValueType":"System.Collections.Generic.KeyValuePair`2[[System.String],[System.String]][]"},"Value":[]}]},"Attachments":[],"Outcome":1,"ErrorMessage":null,"ErrorStackTrace":null,"DisplayName":"Import_File_to_Db","Messages":[],"ComputerName":null,"Duration":"00:00:03.1261016","StartTime":"2022-05-22T17:27:18.8285234+03:00","EndTime":"2022-05-22T17:27:21.9814028+03:00","Properties":[{"Key":{"Id":"ExecutionId","Label":"ExecutionId","Category":"","Description":"","Attributes":1,"ValueType":"System.Guid"},"Value":"00000000-0000-0000-0000-000000000000"},{"Key":{"Id":"ParentExecId","Label":"ParentExecId","Category":"","Description":"","Attributes":1,"ValueType":"System.Guid"},"Value":"00000000-0000-0000-0000-000000000000"},{"Key":{"Id":"InnerResultsCount","Label":"InnerResultsCount","Category":"","Description":"","Attributes":1,"ValueType":"System.Int32"},"Value":0}]}],"TestRunStatistics":{"ExecutedTests":1,"Stats":{"Passed":1}},"ActiveTests":[{"Id":"4601a32f-8f34-1358-9a56-768b9664e535","FullyQualifiedName":"BusinessLayer.Test.Services.VehicleService.Add","DisplayName":"Add (2,Test brand,Test Model,2020,29382,True)","ExecutorUri":"executor://MSTestAdapter/v2","Source":"D:\\MyWorks\\Assignment\\Cognizant\\BusinessLayer.Test\\bin\\Debug\\net5.0\\fine-code-coverage\\build-output\\BusinessLayer.Test.dll","CodeFilePath":null,"LineNumber":-1,"Properties":[{"Key":{"Id":"TestCase.ManagedType","Label":"ManagedType","Category":"","Description":"","Attributes":1,"ValueType":"System.String"},"Value":"BusinessLayer.Test.Services.VehicleService"},{"Key":{"Id":"TestCase.ManagedMethod","Label":"ManagedMethod","Category":"","Description":"","Attributes":1,"ValueType":"System.String"},"Value":"Add(System.Int32,System.String,System.String,System.Int32,System.Single,System.Boolean)"},{"Key":{"Id":"MSTestDiscoverer.TestClassName","Label":"ClassName","Category":"","Description":"","Attributes":1,"ValueType":"System.String"},"Value":"BusinessLayer.Test.Services.VehicleService"},{"Key":{"Id":"TestCase.Hierarchy","Label":"Hierarchy","Category":"","Description":"","Attributes":2,"ValueType":"System.String[]"},"Value":["BusinessLayer.Test.Services","VehicleService"]},{"Key":{"Id":"TestObject.Traits","Label":"Traits","Category":"","Description":"","Attributes":5,"ValueType":"System.Collections.Generic.KeyValuePair`2[[System.String],[System.String]][]"},"Value":[]},{"Key":{"Id":"MSTest.DynamicDataType","Label":"DynamicDataType","Category":"","Description":"","Attributes":1,"ValueType":"System.Int32"},"Value":2},{"Key":{"Id":"MSTest.DynamicData","Label":"DynamicData","Category":"","Description":"","Attributes":1,"ValueType":"System.String[]"},"Value":["System.Int32, System.Private.CoreLib, Version=5.0.0.0, Culture=neutral, PublicKeyToken=7cec85d7bea7798e","2","System.String, System.Private.CoreLib, Version=5.0.0.0, Culture=neutral, PublicKeyToken=7cec85d7bea7798e","\"Test brand\"","System.String, System.Private.CoreLib, Version=5.0.0.0, Culture=neutral, PublicKeyToken=7cec85d7bea7798e","\"Test Model\"","System.Int32, System.Private.CoreLib, Version=5.0.0.0, Culture=neutral, PublicKeyToken=7cec85d7bea7798e","2020","System.Int32, System.Private.CoreLib, Version=5.0.0.0, Culture=neutral, PublicKeyToken=7cec85d7bea7798e","29382","System.Boolean, System.Private.CoreLib, Version=5.0.0.0, Culture=neutral, PublicKeyToken=7cec85d7bea7798e","true"]}]}]}}
TpTrace Verbose: 0 : 11528, 14, 2022/05/22, 17:27:22.030, 7663312317553, vstest.console.dll, TestRunRequest:SendTestRunStatsChange: Starting.
TpTrace Verbose: 0 : 11528, 14, 2022/05/22, 17:27:22.030, 7663312318510, vstest.console.dll, InProgress is Add (2,Test brand,Test Model,2020,29382,True)
TpTrace Verbose: 0 : 11528, 14, 2022/05/22, 17:27:22.030, 7663312319719, vstest.console.dll, MulticastDelegateUtilities.SafeInvoke: TestRun.RunStatsChanged: Invoking callbacks was skipped because there are no subscribers.
TpTrace Information: 0 : 11528, 14, 2022/05/22, 17:27:22.030, 7663312320173, vstest.console.dll, TestRunRequest:SendTestRunStatsChange: Completed.
TpTrace Verbose: 0 : 11528, 14, 2022/05/22, 17:27:22.030, 7663312320435, vstest.console.dll, MulticastDelegateUtilities.SafeInvoke: LengthPrefixCommunicationChannel: MessageReceived: Invoking callback 1/1 for Microsoft.VisualStudio.TestPlatform.CommunicationUtilities.TestRequestSender+<>c__DisplayClass29_0.<StartTestRun>b__1, took 10 ms.
TpTrace Verbose: 0 : 11528, 14, 2022/05/22, 17:27:22.030, 7663312320657, vstest.console.dll, TcpClientExtensions.MessageLoopAsync: Polling on remoteEndPoint: 127.0.0.1:56743 localEndPoint: 127.0.0.1:56740
TpTrace Verbose: 0 : 11528, 4, 2022/05/22, 17:27:22.032, 7663312345999, vstest.console.dll, MulticastDelegateUtilities.SafeInvoke: InternalTestLoggerEvents.SendTestResult: Invoking callback 1/1 for Microsoft.VisualStudio.TestPlatform.CommandLine.Internal.ConsoleLogger.TestResultHandler, took 2 ms.
TpTrace Verbose: 0 : 11528, 14, 2022/05/22, 17:27:23.040, 7663322424087, vstest.console.dll, TcpClientExtensions.MessageLoopAsync: Polling on remoteEndPoint: 127.0.0.1:56743 localEndPoint: 127.0.0.1:56740
TpTrace Verbose: 0 : 11528, 14, 2022/05/22, 17:27:23.530, 7663327323219, vstest.console.dll, TcpClientExtensions.MessageLoopAsync: NotifyDataAvailable remoteEndPoint: 127.0.0.1:56743 localEndPoint: 127.0.0.1:56740
TpTrace Verbose: 0 : 11528, 14, 2022/05/22, 17:27:23.531, 7663327328430, vstest.console.dll, TestRequestSender.OnExecutionMessageReceived: Received message: {"Version":5,"MessageType":"TestExecution.StatsChange","Payload":{"NewTestResults":[{"TestCase":{"Id":"4601a32f-8f34-1358-9a56-768b9664e535","FullyQualifiedName":"BusinessLayer.Test.Services.VehicleService.Add","DisplayName":"Add (2,Test brand,Test Model,2020,29382,True)","ExecutorUri":"executor://MSTestAdapter/v2","Source":"D:\\MyWorks\\Assignment\\Cognizant\\BusinessLayer.Test\\bin\\Debug\\net5.0\\fine-code-coverage\\build-output\\BusinessLayer.Test.dll","CodeFilePath":null,"LineNumber":-1,"Properties":[{"Key":{"Id":"TestCase.ManagedType","Label":"ManagedType","Category":"","Description":"","Attributes":1,"ValueType":"System.String"},"Value":"BusinessLayer.Test.Services.VehicleService"},{"Key":{"Id":"TestCase.ManagedMethod","Label":"ManagedMethod","Category":"","Description":"","Attributes":1,"ValueType":"System.String"},"Value":"Add(System.Int32,System.String,System.String,System.Int32,System.Single,System.Boolean)"},{"Key":{"Id":"MSTestDiscoverer.TestClassName","Label":"ClassName","Category":"","Description":"","Attributes":1,"ValueType":"System.String"},"Value":"BusinessLayer.Test.Services.VehicleService"},{"Key":{"Id":"TestCase.Hierarchy","Label":"Hierarchy","Category":"","Description":"","Attributes":2,"ValueType":"System.String[]"},"Value":["BusinessLayer.Test.Services","VehicleService"]},{"Key":{"Id":"TestObject.Traits","Label":"Traits","Category":"","Description":"","Attributes":5,"ValueType":"System.Collections.Generic.KeyValuePair`2[[System.String],[System.String]][]"},"Value":[]},{"Key":{"Id":"MSTest.DynamicDataType","Label":"DynamicDataType","Category":"","Description":"","Attributes":1,"ValueType":"System.Int32"},"Value":2},{"Key":{"Id":"MSTest.DynamicData","Label":"DynamicData","Category":"","Description":"","Attributes":1,"ValueType":"System.String[]"},"Value":["System.Int32, System.Private.CoreLib, Version=5.0.0.0, Culture=neutral, PublicKeyToken=7cec85d7bea7798e","2","System.String, System.Private.CoreLib, Version=5.0.0.0, Culture=neutral, PublicKeyToken=7cec85d7bea7798e","\"Test brand\"","System.String, System.Private.CoreLib, Version=5.0.0.0, Culture=neutral, PublicKeyToken=7cec85d7bea7798e","\"Test Model\"","System.Int32, System.Private.CoreLib, Version=5.0.0.0, Culture=neutral, PublicKeyToken=7cec85d7bea7798e","2020","System.Int32, System.Private.CoreLib, Version=5.0.0.0, Culture=neutral, PublicKeyToken=7cec85d7bea7798e","29382","System.Boolean, System.Private.CoreLib, Version=5.0.0.0, Culture=neutral, PublicKeyToken=7cec85d7bea7798e","true"]}]},"Attachments":[],"Outcome":1,"ErrorMessage":null,"ErrorStackTrace":null,"DisplayName":"Add (2,Test brand,Test Model,2020,29382,True)","Messages":[],"ComputerName":null,"Duration":"00:00:00.1551038","StartTime":"2022-05-22T17:27:22.0232445+03:00","EndTime":"2022-05-22T17:27:22.1837043+03:00","Properties":[{"Key":{"Id":"ExecutionId","Label":"ExecutionId","Category":"","Description":"","Attributes":1,"ValueType":"System.Guid"},"Value":"00000000-0000-0000-0000-000000000000"},{"Key":{"Id":"ParentExecId","Label":"ParentExecId","Category":"","Description":"","Attributes":1,"ValueType":"System.Guid"},"Value":"00000000-0000-0000-0000-000000000000"},{"Key":{"Id":"InnerResultsCount","Label":"InnerResultsCount","Category":"","Description":"","Attributes":1,"ValueType":"System.Int32"},"Value":0}]},{"TestCase":{"Id":"4b3177d9-f3e5-af88-79f1-bb5bf5562419","FullyQualifiedName":"BusinessLayer.Test.Services.VehicleService.DeleteAsync","DisplayName":"DeleteAsync (4)","ExecutorUri":"executor://MSTestAdapter/v2","Source":"D:\\MyWorks\\Assignment\\Cognizant\\BusinessLayer.Test\\bin\\Debug\\net5.0\\fine-code-coverage\\build-output\\BusinessLayer.Test.dll","CodeFilePath":null,"LineNumber":-1,"Properties":[{"Key":{"Id":"TestCase.ManagedType","Label":"ManagedType","Category":"","Description":"","Attributes":1,"ValueType":"System.String"},"Value":"BusinessLayer.Test.Services.VehicleService"},{"Key":{"Id":"TestCase.ManagedMethod","Label":"ManagedMethod","Category":"","Description":"","Attributes":1,"ValueType":"System.String"},"Value":"DeleteAsync(System.Int32)"},{"Key":{"Id":"MSTestDiscoverer.TestClassName","Label":"ClassName","Category":"","Description":"","Attributes":1,"ValueType":"System.String"},"Value":"BusinessLayer.Test.Services.VehicleService"},{"Key":{"Id":"TestCase.Hierarchy","Label":"Hierarchy","Category":"","Description":"","Attributes":2,"ValueType":"System.String[]"},"Value":["BusinessLayer.Test.Services","VehicleService"]},{"Key":{"Id":"TestObject.Traits","Label":"Traits","Category":"","Description":"","Attributes":5,"ValueType":"System.Collections.Generic.KeyValuePair`2[[System.String],[System.String]][]"},"Value":[]},{"Key":{"Id":"MSTest.DynamicDataType","Label":"DynamicDataType","Category":"","Description":"","Attributes":1,"ValueType":"System.Int32"},"Value":2},{"Key":{"Id":"MSTest.DynamicData","Label":"DynamicData","Category":"","Description":"","Attributes":1,"ValueType":"System.String[]"},"Value":["System.Int32, System.Private.CoreLib, Version=5.0.0.0, Culture=neutral, PublicKeyToken=7cec85d7bea7798e","4"]}]},"Attachments":[],"Outcome":2,"ErrorMessage":"Test method BusinessLayer.Test.Services.VehicleService.DeleteAsync threw exception: \r\nSystem.ArgumentNullException: Value cannot be null. (Parameter 'entity')","ErrorStackTrace":"    at Microsoft.EntityFrameworkCore.Utilities.Check.NotNull[T](T value, String parameterName)\r\n   at Microsoft.EntityFrameworkCore.DbContext.Remove[TEntity](TEntity entity)\r\n   at Core.DataAccess.EntityFramework.EfEntityRepositoryBase`2.Delete(TEntity entity) in D:\\MyWorks\\Assignment\\Cognizant\\Core\\DataAccess\\EntityFramework\\EfEntityRepositoryBase.cs:line 46\r\n   at BusinessLayer.Concrete.VehicleManager.Delete(Vehicle entity) in D:\\MyWorks\\Assignment\\Cognizant\\BusinessLayer\\Concrete\\VehicleManager.cs:line 143\r\n   at BusinessLayer.Test.Services.VehicleService.DeleteAsync(Int32 id) in D:\\MyWorks\\Assignment\\Cognizant\\BusinessLayer.Test\\Services\\VehicleService.cs:line 47\r\n   at Microsoft.VisualStudio.TestPlatform.MSTestAdapter.PlatformServices.ThreadOperations.ExecuteWithAbortSafety(Action action)\r\n","DisplayName":"DeleteAsync (4)","Messages":[],"ComputerName":null,"Duration":"00:00:00.4966309","StartTime":"2022-05-22T17:27:22.1952443+03:00","EndTime":"2022-05-22T17:27:22.6931795+03:00","Properties":[{"Key":{"Id":"ExecutionId","Label":"ExecutionId","Category":"","Description":"","Attributes":1,"ValueType":"System.Guid"},"Value":"00000000-0000-0000-0000-000000000000"},{"Key":{"Id":"ParentExecId","Label":"ParentExecId","Category":"","Description":"","Attributes":1,"ValueType":"System.Guid"},"Value":"00000000-0000-0000-0000-000000000000"},{"Key":{"Id":"InnerResultsCount","Label":"InnerResultsCount","Category":"","Description":"","Attributes":1,"ValueType":"System.Int32"},"Value":0}]},{"TestCase":{"Id":"570e5fc7-d294-e945-072b-10d63e8fb84a","FullyQualifiedName":"BusinessLayer.Test.Services.VehicleService.GetBrandListAsync","DisplayName":"GetBrandListAsync","ExecutorUri":"executor://MSTestAdapter/v2","Source":"D:\\MyWorks\\Assignment\\Cognizant\\BusinessLayer.Test\\bin\\Debug\\net5.0\\fine-code-coverage\\build-output\\BusinessLayer.Test.dll","CodeFilePath":null,"LineNumber":-1,"Properties":[{"Key":{"Id":"TestCase.ManagedType","Label":"ManagedType","Category":"","Description":"","Attributes":1,"ValueType":"System.String"},"Value":"BusinessLayer.Test.Services.VehicleService"},{"Key":{"Id":"TestCase.ManagedMethod","Label":"ManagedMethod","Category":"","Description":"","Attributes":1,"ValueType":"System.String"},"Value":"GetBrandListAsync"},{"Key":{"Id":"MSTestDiscoverer.TestClassName","Label":"ClassName","Category":"","Description":"","Attributes":1,"ValueType":"System.String"},"Value":"BusinessLayer.Test.Services.VehicleService"},{"Key":{"Id":"TestCase.Hierarchy","Label":"Hierarchy","Category":"","Description":"","Attributes":2,"ValueType":"System.String[]"},"Value":["BusinessLayer.Test.Services","VehicleService"]},{"Key":{"Id":"TestObject.Traits","Label":"Traits","Category":"","Description":"","Attributes":5,"ValueType":"System.Collections.Generic.KeyValuePair`2[[System.String],[System.String]][]"},"Value":[]}]},"Attachments":[],"Outcome":1,"ErrorMessage":null,"ErrorStackTrace":null,"DisplayName":"GetBrandListAsync","Messages":[],"ComputerName":null,"Duration":"00:00:00.1684754","StartTime":"2022-05-22T17:27:22.6962802+03:00","EndTime":"2022-05-22T17:27:22.8650866+03:00","Properties":[{"Key":{"Id":"ExecutionId","Label":"ExecutionId","Category":"","Description":"","Attributes":1,"ValueType":"System.Guid"},"Value":"00000000-0000-0000-0000-000000000000"},{"Key":{"Id":"ParentExecId","Label":"ParentExecId","Category":"","Description":"","Attributes":1,"ValueType":"System.Guid"},"Value":"00000000-0000-0000-0000-000000000000"},{"Key":{"Id":"InnerResultsCount","Label":"InnerResultsCount","Category":"","Description":"","Attributes":1,"ValueType":"System.Int32"},"Value":0}]},{"TestCase":{"Id":"daecbd79-6278-4948-9f39-c3bf0362227a","FullyQualifiedName":"BusinessLayer.Test.Services.VehicleService.GetByIdAsync","DisplayName":"GetByIdAsync (1)","ExecutorUri":"executor://MSTestAdapter/v2","Source":"D:\\MyWorks\\Assignment\\Cognizant\\BusinessLayer.Test\\bin\\Debug\\net5.0\\fine-code-coverage\\build-output\\BusinessLayer.Test.dll","CodeFilePath":null,"LineNumber":-1,"Properties":[{"Key":{"Id":"TestCase.ManagedType","Label":"ManagedType","Category":"","Description":"","Attributes":1,"ValueType":"System.String"},"Value":"BusinessLayer.Test.Services.VehicleService"},{"Key":{"Id":"TestCase.ManagedMethod","Label":"ManagedMethod","Category":"","Description":"","Attributes":1,"ValueType":"System.String"},"Value":"GetByIdAsync(System.Int32)"},{"Key":{"Id":"MSTestDiscoverer.TestClassName","Label":"ClassName","Category":"","Description":"","Attributes":1,"ValueType":"System.String"},"Value":"BusinessLayer.Test.Services.VehicleService"},{"Key":{"Id":"TestCase.Hierarchy","Label":"Hierarchy","Category":"","Description":"","Attributes":2,"ValueType":"System.String[]"},"Value":["BusinessLayer.Test.Services","VehicleService"]},{"Key":{"Id":"TestObject.Traits","Label":"Traits","Category":"","Description":"","Attributes":5,"ValueType":"System.Collections.Generic.KeyValuePair`2[[System.String],[System.String]][]"},"Value":[]},{"Key":{"Id":"MSTest.DynamicDataType","Label":"DynamicDataType","Category":"","Description":"","Attributes":1,"ValueType":"System.Int32"},"Value":2},{"Key":{"Id":"MSTest.DynamicData","Label":"DynamicData","Category":"","Description":"","Attributes":1,"ValueType":"System.String[]"},"Value":["System.Int32, System.Private.CoreLib, Version=5.0.0.0, Culture=neutral, PublicKeyToken=7cec85d7bea7798e","1"]}]},"Attachments":[],"Outcome":1,"ErrorMessage":null,"ErrorStackTrace":null,"DisplayName":"GetByIdAsync (1)","Messages":[],"ComputerName":null,"Duration":"00:00:00.0786428","StartTime":"2022-05-22T17:27:22.8685745+03:00","EndTime":"2022-05-22T17:27:22.9479603+03:00","Properties":[{"Key":{"Id":"ExecutionId","Label":"ExecutionId","Category":"","Description":"","Attributes":1,"ValueType":"System.Guid"},"Value":"00000000-0000-0000-0000-000000000000"},{"Key":{"Id":"ParentExecId","Label":"ParentExecId","Category":"","Description":"","Attributes":1,"ValueType":"System.Guid"},"Value":"00000000-0000-0000-0000-000000000000"},{"Key":{"Id":"InnerResultsCount","Label":"InnerResultsCount","Category":"","Description":"","Attributes":1,"ValueType":"System.Int32"},"Value":0}]},{"TestCase":{"Id":"266bd692-f00e-c0be-c490-7d5cb1adbd1a","FullyQualifiedName":"BusinessLayer.Test.Services.VehicleService.GetCountListAsync","DisplayName":"GetCountListAsync (Volvo)","ExecutorUri":"executor://MSTestAdapter/v2","Source":"D:\\MyWorks\\Assignment\\Cognizant\\BusinessLayer.Test\\bin\\Debug\\net5.0\\fine-code-coverage\\build-output\\BusinessLayer.Test.dll","CodeFilePath":null,"LineNumber":-1,"Properties":[{"Key":{"Id":"TestCase.ManagedType","Label":"ManagedType","Category":"","Description":"","Attributes":1,"ValueType":"System.String"},"Value":"BusinessLayer.Test.Services.VehicleService"},{"Key":{"Id":"TestCase.ManagedMethod","Label":"ManagedMethod","Category":"","Description":"","Attributes":1,"ValueType":"System.String"},"Value":"GetCountListAsync(System.String)"},{"Key":{"Id":"MSTestDiscoverer.TestClassName","Label":"ClassName","Category":"","Description":"","Attributes":1,"ValueType":"System.String"},"Value":"BusinessLayer.Test.Services.VehicleService"},{"Key":{"Id":"TestCase.Hierarchy","Label":"Hierarchy","Category":"","Description":"","Attributes":2,"ValueType":"System.String[]"},"Value":["BusinessLayer.Test.Services","VehicleService"]},{"Key":{"Id":"TestObject.Traits","Label":"Traits","Category":"","Description":"","Attributes":5,"ValueType":"System.Collections.Generic.KeyValuePair`2[[System.String],[System.String]][]"},"Value":[]},{"Key":{"Id":"MSTest.DynamicDataType","Label":"DynamicDataType","Category":"","Description":"","Attributes":1,"ValueType":"System.Int32"},"Value":2},{"Key":{"Id":"MSTest.DynamicData","Label":"DynamicData","Category":"","Description":"","Attributes":1,"ValueType":"System.String[]"},"Value":["System.String, System.Private.CoreLib, Version=5.0.0.0, Culture=neutral, PublicKeyToken=7cec85d7bea7798e","\"Volvo\""]}]},"Attachments":[],"Outcome":1,"ErrorMessage":null,"ErrorStackTrace":null,"DisplayName":"GetCountListAsync (Volvo)","Messages":[],"ComputerName":null,"Duration":"00:00:00.3970894","StartTime":"2022-05-22T17:27:22.9546739+03:00","EndTime":"2022-05-22T17:27:23.3529432+03:00","Properties":[{"Key":{"Id":"ExecutionId","Label":"ExecutionId","Category":"","Description":"","Attributes":1,"ValueType":"System.Guid"},"Value":"00000000-0000-0000-0000-000000000000"},{"Key":{"Id":"ParentExecId","Label":"ParentExecId","Category":"","Description":"","Attributes":1,"ValueType":"System.Guid"},"Value":"00000000-0000-0000-0000-000000000000"},{"Key":{"Id":"InnerResultsCount","Label":"InnerResultsCount","Category":"","Description":"","Attributes":1,"ValueType":"System.Int32"},"Value":0}]}],"TestRunStatistics":{"ExecutedTests":6,"Stats":{"Passed":5,"Failed":1}},"ActiveTests":[{"Id":"d111c7ee-6735-4582-717e-e910e2408845","FullyQualifiedName":"BusinessLayer.Test.Services.VehicleService.GetListAsync","DisplayName":"GetListAsync","ExecutorUri":"executor://MSTestAdapter/v2","Source":"D:\\MyWorks\\Assignment\\Cognizant\\BusinessLayer.Test\\bin\\Debug\\net5.0\\fine-code-coverage\\build-output\\BusinessLayer.Test.dll","CodeFilePath":null,"LineNumber":-1,"Properties":[{"Key":{"Id":"TestCase.ManagedType","Label":"ManagedType","Category":"","Description":"","Attributes":1,"ValueType":"System.String"},"Value":"BusinessLayer.Test.Services.VehicleService"},{"Key":{"Id":"TestCase.ManagedMethod","Label":"ManagedMethod","Category":"","Description":"","Attributes":1,"ValueType":"System.String"},"Value":"GetListAsync"},{"Key":{"Id":"MSTestDiscoverer.TestClassName","Label":"ClassName","Category":"","Description":"","Attributes":1,"ValueType":"System.String"},"Value":"BusinessLayer.Test.Services.VehicleService"},{"Key":{"Id":"TestCase.Hierarchy","Label":"Hierarchy","Category":"","Description":"","Attributes":2,"ValueType":"System.String[]"},"Value":["BusinessLayer.Test.Services","VehicleService"]},{"Key":{"Id":"TestObject.Traits","Label":"Traits","Category":"","Description":"","Attributes":5,"ValueType":"System.Collections.Generic.KeyValuePair`2[[System.String],[System.String]][]"},"Value":[]}]}]}}
TpTrace Verbose: 0 : 11528, 14, 2022/05/22, 17:27:23.546, 7663327486085, vstest.console.dll, TestRunRequest:SendTestRunStatsChange: Starting.
TpTrace Verbose: 0 : 11528, 14, 2022/05/22, 17:27:23.547, 7663327488470, vstest.console.dll, InProgress is GetListAsync
TpTrace Verbose: 0 : 11528, 14, 2022/05/22, 17:27:23.547, 7663327489821, vstest.console.dll, MulticastDelegateUtilities.SafeInvoke: TestRun.RunStatsChanged: Invoking callbacks was skipped because there are no subscribers.
TpTrace Information: 0 : 11528, 14, 2022/05/22, 17:27:23.547, 7663327490993, vstest.console.dll, TestRunRequest:SendTestRunStatsChange: Completed.
TpTrace Verbose: 0 : 11528, 14, 2022/05/22, 17:27:23.547, 7663327492514, vstest.console.dll, MulticastDelegateUtilities.SafeInvoke: LengthPrefixCommunicationChannel: MessageReceived: Invoking callback 1/1 for Microsoft.VisualStudio.TestPlatform.CommunicationUtilities.TestRequestSender+<>c__DisplayClass29_0.<StartTestRun>b__1, took 16 ms.
TpTrace Verbose: 0 : 11528, 14, 2022/05/22, 17:27:23.547, 7663327493693, vstest.console.dll, TcpClientExtensions.MessageLoopAsync: Polling on remoteEndPoint: 127.0.0.1:56743 localEndPoint: 127.0.0.1:56740
TpTrace Verbose: 0 : 11528, 4, 2022/05/22, 17:27:23.548, 7663327497011, vstest.console.dll, MulticastDelegateUtilities.SafeInvoke: InternalTestLoggerEvents.SendTestResult: Invoking callback 1/1 for Microsoft.VisualStudio.TestPlatform.CommandLine.Internal.ConsoleLogger.TestResultHandler, took 0 ms.
TpTrace Verbose: 0 : 11528, 4, 2022/05/22, 17:27:23.549, 7663327512366, vstest.console.dll, MulticastDelegateUtilities.SafeInvoke: InternalTestLoggerEvents.SendTestResult: Invoking callback 1/1 for Microsoft.VisualStudio.TestPlatform.CommandLine.Internal.ConsoleLogger.TestResultHandler, took 1 ms.
TpTrace Verbose: 0 : 11528, 4, 2022/05/22, 17:27:23.549, 7663327515197, vstest.console.dll, MulticastDelegateUtilities.SafeInvoke: InternalTestLoggerEvents.SendTestResult: Invoking callback 1/1 for Microsoft.VisualStudio.TestPlatform.CommandLine.Internal.ConsoleLogger.TestResultHandler, took 0 ms.
TpTrace Verbose: 0 : 11528, 4, 2022/05/22, 17:27:23.550, 7663327516617, vstest.console.dll, MulticastDelegateUtilities.SafeInvoke: InternalTestLoggerEvents.SendTestResult: Invoking callback 1/1 for Microsoft.VisualStudio.TestPlatform.CommandLine.Internal.ConsoleLogger.TestResultHandler, took 0 ms.
TpTrace Verbose: 0 : 11528, 4, 2022/05/22, 17:27:23.550, 7663327517700, vstest.console.dll, MulticastDelegateUtilities.SafeInvoke: InternalTestLoggerEvents.SendTestResult: Invoking callback 1/1 for Microsoft.VisualStudio.TestPlatform.CommandLine.Internal.ConsoleLogger.TestResultHandler, took 0 ms.
TpTrace Verbose: 0 : 11528, 14, 2022/05/22, 17:27:24.380, 7663335821404, vstest.console.dll, TcpClientExtensions.MessageLoopAsync: NotifyDataAvailable remoteEndPoint: 127.0.0.1:56743 localEndPoint: 127.0.0.1:56740
TpTrace Verbose: 0 : 11528, 14, 2022/05/22, 17:27:24.380, 7663335824085, vstest.console.dll, TestRequestSender.OnExecutionMessageReceived: Received message: {"Version":5,"MessageType":"TestExecution.Completed","Payload":{"TestRunCompleteArgs":{"TestRunStatistics":{"ExecutedTests":13,"Stats":{"Passed":12,"Failed":1}},"IsCanceled":false,"IsAborted":false,"Error":null,"AttachmentSets":[],"ElapsedTimeInRunningTests":"00:00:05.9265001","Metrics":{}},"LastRunTests":{"NewTestResults":[{"TestCase":{"Id":"d111c7ee-6735-4582-717e-e910e2408845","FullyQualifiedName":"BusinessLayer.Test.Services.VehicleService.GetListAsync","DisplayName":"GetListAsync","ExecutorUri":"executor://MSTestAdapter/v2","Source":"D:\\MyWorks\\Assignment\\Cognizant\\BusinessLayer.Test\\bin\\Debug\\net5.0\\fine-code-coverage\\build-output\\BusinessLayer.Test.dll","CodeFilePath":null,"LineNumber":-1,"Properties":[{"Key":{"Id":"TestCase.ManagedType","Label":"ManagedType","Category":"","Description":"","Attributes":1,"ValueType":"System.String"},"Value":"BusinessLayer.Test.Services.VehicleService"},{"Key":{"Id":"TestCase.ManagedMethod","Label":"ManagedMethod","Category":"","Description":"","Attributes":1,"ValueType":"System.String"},"Value":"GetListAsync"},{"Key":{"Id":"MSTestDiscoverer.TestClassName","Label":"ClassName","Category":"","Description":"","Attributes":1,"ValueType":"System.String"},"Value":"BusinessLayer.Test.Services.VehicleService"},{"Key":{"Id":"TestCase.Hierarchy","Label":"Hierarchy","Category":"","Description":"","Attributes":2,"ValueType":"System.String[]"},"Value":["BusinessLayer.Test.Services","VehicleService"]},{"Key":{"Id":"TestObject.Traits","Label":"Traits","Category":"","Description":"","Attributes":5,"ValueType":"System.Collections.Generic.KeyValuePair`2[[System.String],[System.String]][]"},"Value":[]}]},"Attachments":[],"Outcome":1,"ErrorMessage":null,"ErrorStackTrace":null,"DisplayName":"GetListAsync","Messages":[],"ComputerName":null,"Duration":"00:00:00.3592911","StartTime":"2022-05-22T17:27:23.355483+03:00","EndTime":"2022-05-22T17:27:23.7152084+03:00","Properties":[{"Key":{"Id":"ExecutionId","Label":"ExecutionId","Category":"","Description":"","Attributes":1,"ValueType":"System.Guid"},"Value":"00000000-0000-0000-0000-000000000000"},{"Key":{"Id":"ParentExecId","Label":"ParentExecId","Category":"","Description":"","Attributes":1,"ValueType":"System.Guid"},"Value":"00000000-0000-0000-0000-000000000000"},{"Key":{"Id":"InnerResultsCount","Label":"InnerResultsCount","Category":"","Description":"","Attributes":1,"ValueType":"System.Int32"},"Value":0}]},{"TestCase":{"Id":"dd47cf32-90b8-950e-d9b2-7d7ad40e48d8","FullyQualifiedName":"BusinessLayer.Test.Services.VehicleService.UpdateAsync","DisplayName":"UpdateAsync (5,Test Car)","ExecutorUri":"executor://MSTestAdapter/v2","Source":"D:\\MyWorks\\Assignment\\Cognizant\\BusinessLayer.Test\\bin\\Debug\\net5.0\\fine-code-coverage\\build-output\\BusinessLayer.Test.dll","CodeFilePath":null,"LineNumber":-1,"Properties":[{"Key":{"Id":"TestCase.ManagedType","Label":"ManagedType","Category":"","Description":"","Attributes":1,"ValueType":"System.String"},"Value":"BusinessLayer.Test.Services.VehicleService"},{"Key":{"Id":"TestCase.ManagedMethod","Label":"ManagedMethod","Category":"","Description":"","Attributes":1,"ValueType":"System.String"},"Value":"UpdateAsync(System.Int32,System.String)"},{"Key":{"Id":"MSTestDiscoverer.TestClassName","Label":"ClassName","Category":"","Description":"","Attributes":1,"ValueType":"System.String"},"Value":"BusinessLayer.Test.Services.VehicleService"},{"Key":{"Id":"TestCase.Hierarchy","Label":"Hierarchy","Category":"","Description":"","Attributes":2,"ValueType":"System.String[]"},"Value":["BusinessLayer.Test.Services","VehicleService"]},{"Key":{"Id":"TestObject.Traits","Label":"Traits","Category":"","Description":"","Attributes":5,"ValueType":"System.Collections.Generic.KeyValuePair`2[[System.String],[System.String]][]"},"Value":[]},{"Key":{"Id":"MSTest.DynamicDataType","Label":"DynamicDataType","Category":"","Description":"","Attributes":1,"ValueType":"System.Int32"},"Value":2},{"Key":{"Id":"MSTest.DynamicData","Label":"DynamicData","Category":"","Description":"","Attributes":1,"ValueType":"System.String[]"},"Value":["System.Int32, System.Private.CoreLib, Version=5.0.0.0, Culture=neutral, PublicKeyToken=7cec85d7bea7798e","5","System.String, System.Private.CoreLib, Version=5.0.0.0, Culture=neutral, PublicKeyToken=7cec85d7bea7798e","\"Test Car\""]}]},"Attachments":[],"Outcome":1,"ErrorMessage":null,"ErrorStackTrace":null,"DisplayName":"UpdateAsync (5,Test Car)","Messages":[],"ComputerName":null,"Duration":"00:00:00.2835864","StartTime":"2022-05-22T17:27:23.7181791+03:00","EndTime":"2022-05-22T17:27:24.0024894+03:00","Properties":[{"Key":{"Id":"ExecutionId","Label":"ExecutionId","Category":"","Description":"","Attributes":1,"ValueType":"System.Guid"},"Value":"00000000-0000-0000-0000-000000000000"},{"Key":{"Id":"ParentExecId","Label":"ParentExecId","Category":"","Description":"","Attributes":1,"ValueType":"System.Guid"},"Value":"00000000-0000-0000-0000-000000000000"},{"Key":{"Id":"InnerResultsCount","Label":"InnerResultsCount","Category":"","Description":"","Attributes":1,"ValueType":"System.Int32"},"Value":0}]},{"TestCase":{"Id":"f129d9dc-dff7-6562-8871-b55cb8e04710","FullyQualifiedName":"BusinessLayer.Test.Services.WareHouseService.Get_List_WareHouse","DisplayName":"Get_List_WareHouse","ExecutorUri":"executor://MSTestAdapter/v2","Source":"D:\\MyWorks\\Assignment\\Cognizant\\BusinessLayer.Test\\bin\\Debug\\net5.0\\fine-code-coverage\\build-output\\BusinessLayer.Test.dll","CodeFilePath":null,"LineNumber":-1,"Properties":[{"Key":{"Id":"TestCase.ManagedType","Label":"ManagedType","Category":"","Description":"","Attributes":1,"ValueType":"System.String"},"Value":"BusinessLayer.Test.Services.WareHouseService"},{"Key":{"Id":"TestCase.ManagedMethod","Label":"ManagedMethod","Category":"","Description":"","Attributes":1,"ValueType":"System.String"},"Value":"Get_List_WareHouse"},{"Key":{"Id":"MSTestDiscoverer.TestClassName","Label":"ClassName","Category":"","Description":"","Attributes":1,"ValueType":"System.String"},"Value":"BusinessLayer.Test.Services.WareHouseService"},{"Key":{"Id":"TestCase.Hierarchy","Label":"Hierarchy","Category":"","Description":"","Attributes":2,"ValueType":"System.String[]"},"Value":["BusinessLayer.Test.Services","WareHouseService"]},{"Key":{"Id":"TestObject.Traits","Label":"Traits","Category":"","Description":"","Attributes":5,"ValueType":"System.Collections.Generic.KeyValuePair`2[[System.String],[System.String]][]"},"Value":[]}]},"Attachments":[],"Outcome":1,"ErrorMessage":null,"ErrorStackTrace":null,"DisplayName":"Get_List_WareHouse","Messages":[],"ComputerName":null,"Duration":"00:00:00.0354692","StartTime":"2022-05-22T17:27:24.0069223+03:00","EndTime":"2022-05-22T17:27:24.04297+03:00","Properties":[{"Key":{"Id":"ExecutionId","Label":"ExecutionId","Category":"","Description":"","Attributes":1,"ValueType":"System.Guid"},"Value":"00000000-0000-0000-0000-000000000000"},{"Key":{"Id":"ParentExecId","Label":"ParentExecId","Category":"","Description":"","Attributes":1,"ValueType":"System.Guid"},"Value":"00000000-0000-0000-0000-000000000000"},{"Key":{"Id":"InnerResultsCount","Label":"InnerResultsCount","Category":"","Description":"","Attributes":1,"ValueType":"System.Int32"},"Value":0}]},{"TestCase":{"Id":"bd3f74fb-322a-2aca-9c25-0bb23119ee8e","FullyQualifiedName":"BusinessLayer.Test.Services.WareHouseService.Get_List_WareHouseAsync","DisplayName":"Get_List_WareHouseAsync","ExecutorUri":"executor://MSTestAdapter/v2","Source":"D:\\MyWorks\\Assignment\\Cognizant\\BusinessLayer.Test\\bin\\Debug\\net5.0\\fine-code-coverage\\build-output\\BusinessLayer.Test.dll","CodeFilePath":null,"LineNumber":-1,"Properties":[{"Key":{"Id":"TestCase.ManagedType","Label":"ManagedType","Category":"","Description":"","Attributes":1,"ValueType":"System.String"},"Value":"BusinessLayer.Test.Services.WareHouseService"},{"Key":{"Id":"TestCase.ManagedMethod","Label":"ManagedMethod","Category":"","Description":"","Attributes":1,"ValueType":"System.String"},"Value":"Get_List_WareHouseAsync"},{"Key":{"Id":"MSTestDiscoverer.TestClassName","Label":"ClassName","Category":"","Description":"","Attributes":1,"ValueType":"System.String"},"Value":"BusinessLayer.Test.Services.WareHouseService"},{"Key":{"Id":"TestCase.Hierarchy","Label":"Hierarchy","Category":"","Description":"","Attributes":2,"ValueType":"System.String[]"},"Value":["BusinessLayer.Test.Services","WareHouseService"]},{"Key":{"Id":"TestObject.Traits","Label":"Traits","Category":"","Description":"","Attributes":5,"ValueType":"System.Collections.Generic.KeyValuePair`2[[System.String],[System.String]][]"},"Value":[]}]},"Attachments":[],"Outcome":1,"ErrorMessage":null,"ErrorStackTrace":null,"DisplayName":"Get_List_WareHouseAsync","Messages":[],"ComputerName":null,"Duration":"00:00:00.0535511","StartTime":"2022-05-22T17:27:24.047024+03:00","EndTime":"2022-05-22T17:27:24.1011977+03:00","Properties":[{"Key":{"Id":"ExecutionId","Label":"ExecutionId","Category":"","Description":"","Attributes":1,"ValueType":"System.Guid"},"Value":"00000000-0000-0000-0000-000000000000"},{"Key":{"Id":"ParentExecId","Label":"ParentExecId","Category":"","Description":"","Attributes":1,"ValueType":"System.Guid"},"Value":"00000000-0000-0000-0000-000000000000"},{"Key":{"Id":"InnerResultsCount","Label":"InnerResultsCount","Category":"","Description":"","Attributes":1,"ValueType":"System.Int32"},"Value":0}]},{"TestCase":{"Id":"f6d3218c-7a8e-5abf-552a-daafb1d72043","FullyQualifiedName":"BusinessLayer.Test.Services.WareHouseService.Add_WareHouse","DisplayName":"Add_WareHouse (Test,1,1)","ExecutorUri":"executor://MSTestAdapter/v2","Source":"D:\\MyWorks\\Assignment\\Cognizant\\BusinessLayer.Test\\bin\\Debug\\net5.0\\fine-code-coverage\\build-output\\BusinessLayer.Test.dll","CodeFilePath":null,"LineNumber":-1,"Properties":[{"Key":{"Id":"TestCase.ManagedType","Label":"ManagedType","Category":"","Description":"","Attributes":1,"ValueType":"System.String"},"Value":"BusinessLayer.Test.Services.WareHouseService"},{"Key":{"Id":"TestCase.ManagedMethod","Label":"ManagedMethod","Category":"","Description":"","Attributes":1,"ValueType":"System.String"},"Value":"Add_WareHouse(System.String,System.Int32,System.Int32)"},{"Key":{"Id":"MSTestDiscoverer.TestClassName","Label":"ClassName","Category":"","Description":"","Attributes":1,"ValueType":"System.String"},"Value":"BusinessLayer.Test.Services.WareHouseService"},{"Key":{"Id":"TestCase.Hierarchy","Label":"Hierarchy","Category":"","Description":"","Attributes":2,"ValueType":"System.String[]"},"Value":["BusinessLayer.Test.Services","WareHouseService"]},{"Key":{"Id":"TestObject.Traits","Label":"Traits","Category":"","Description":"","Attributes":5,"ValueType":"System.Collections.Generic.KeyValuePair`2[[System.String],[System.String]][]"},"Value":[]},{"Key":{"Id":"MSTest.DynamicDataType","Label":"DynamicDataType","Category":"","Description":"","Attributes":1,"ValueType":"System.Int32"},"Value":2},{"Key":{"Id":"MSTest.DynamicData","Label":"DynamicData","Category":"","Description":"","Attributes":1,"ValueType":"System.String[]"},"Value":["System.String, System.Private.CoreLib, Version=5.0.0.0, Culture=neutral, PublicKeyToken=7cec85d7bea7798e","\"Test\"","System.Int32, System.Private.CoreLib, Version=5.0.0.0, Culture=neutral, PublicKeyToken=7cec85d7bea7798e","1","System.Int32, System.Private.CoreLib, Version=5.0.0.0, Culture=neutral, PublicKeyToken=7cec85d7bea7798e","1"]}]},"Attachments":[],"Outcome":1,"ErrorMessage":null,"ErrorStackTrace":null,"DisplayName":"Add_WareHouse (Test,1,1)","Messages":[],"ComputerName":null,"Duration":"00:00:00.0881804","StartTime":"2022-05-22T17:27:24.1050148+03:00","EndTime":"2022-05-22T17:27:24.1938785+03:00","Properties":[{"Key":{"Id":"ExecutionId","Label":"ExecutionId","Category":"","Description":"","Attributes":1,"ValueType":"System.Guid"},"Value":"00000000-0000-0000-0000-000000000000"},{"Key":{"Id":"ParentExecId","Label":"ParentExecId","Category":"","Description":"","Attributes":1,"ValueType":"System.Guid"},"Value":"00000000-0000-0000-0000-000000000000"},{"Key":{"Id":"InnerResultsCount","Label":"InnerResultsCount","Category":"","Description":"","Attributes":1,"ValueType":"System.Int32"},"Value":0}]},{"TestCase":{"Id":"dd5d2fd7-6659-e1ed-26d3-020d27ddeca1","FullyQualifiedName":"BusinessLayer.Test.Services.WareHouseService.Update_WareHouseAsync","DisplayName":"Update_WareHouseAsync (Test-5,2)","ExecutorUri":"executor://MSTestAdapter/v2","Source":"D:\\MyWorks\\Assignment\\Cognizant\\BusinessLayer.Test\\bin\\Debug\\net5.0\\fine-code-coverage\\build-output\\BusinessLayer.Test.dll","CodeFilePath":null,"LineNumber":-1,"Properties":[{"Key":{"Id":"TestCase.ManagedType","Label":"ManagedType","Category":"","Description":"","Attributes":1,"ValueType":"System.String"},"Value":"BusinessLayer.Test.Services.WareHouseService"},{"Key":{"Id":"TestCase.ManagedMethod","Label":"ManagedMethod","Category":"","Description":"","Attributes":1,"ValueType":"System.String"},"Value":"Update_WareHouseAsync(System.String,System.Int32)"},{"Key":{"Id":"MSTestDiscoverer.TestClassName","Label":"ClassName","Category":"","Description":"","Attributes":1,"ValueType":"System.String"},"Value":"BusinessLayer.Test.Services.WareHouseService"},{"Key":{"Id":"TestCase.Hierarchy","Label":"Hierarchy","Category":"","Description":"","Attributes":2,"ValueType":"System.String[]"},"Value":["BusinessLayer.Test.Services","WareHouseService"]},{"Key":{"Id":"TestObject.Traits","Label":"Traits","Category":"","Description":"","Attributes":5,"ValueType":"System.Collections.Generic.KeyValuePair`2[[System.String],[System.String]][]"},"Value":[]},{"Key":{"Id":"MSTest.DynamicDataType","Label":"DynamicDataType","Category":"","Description":"","Attributes":1,"ValueType":"System.Int32"},"Value":2},{"Key":{"Id":"MSTest.DynamicData","Label":"DynamicData","Category":"","Description":"","Attributes":1,"ValueType":"System.String[]"},"Value":["System.String, System.Private.CoreLib, Version=5.0.0.0, Culture=neutral, PublicKeyToken=7cec85d7bea7798e","\"Test-5\"","System.Int32, System.Private.CoreLib, Version=5.0.0.0, Culture=neutral, PublicKeyToken=7cec85d7bea7798e","2"]}]},"Attachments":[],"Outcome":1,"ErrorMessage":null,"ErrorStackTrace":null,"DisplayName":"Update_WareHouseAsync (Test-5,2)","Messages":[],"ComputerName":null,"Duration":"00:00:00.0701682","StartTime":"2022-05-22T17:27:24.198108+03:00","EndTime":"2022-05-22T17:27:24.2688594+03:00","Properties":[{"Key":{"Id":"ExecutionId","Label":"ExecutionId","Category":"","Description":"","Attributes":1,"ValueType":"System.Guid"},"Value":"00000000-0000-0000-0000-000000000000"},{"Key":{"Id":"ParentExecId","Label":"ParentExecId","Category":"","Description":"","Attributes":1,"ValueType":"System.Guid"},"Value":"00000000-0000-0000-0000-000000000000"},{"Key":{"Id":"InnerResultsCount","Label":"InnerResultsCount","Category":"","Description":"","Attributes":1,"ValueType":"System.Int32"},"Value":0}]},{"TestCase":{"Id":"14c38d47-7ce8-73b4-53b7-c8e20ba239a5","FullyQualifiedName":"BusinessLayer.Test.Services.WareHouseService.Delete_WareHouseAsync","DisplayName":"Delete_WareHouseAsync (80)","ExecutorUri":"executor://MSTestAdapter/v2","Source":"D:\\MyWorks\\Assignment\\Cognizant\\BusinessLayer.Test\\bin\\Debug\\net5.0\\fine-code-coverage\\build-output\\BusinessLayer.Test.dll","CodeFilePath":null,"LineNumber":-1,"Properties":[{"Key":{"Id":"TestCase.ManagedType","Label":"ManagedType","Category":"","Description":"","Attributes":1,"ValueType":"System.String"},"Value":"BusinessLayer.Test.Services.WareHouseService"},{"Key":{"Id":"TestCase.ManagedMethod","Label":"ManagedMethod","Category":"","Description":"","Attributes":1,"ValueType":"System.String"},"Value":"Delete_WareHouseAsync(System.Int32)"},{"Key":{"Id":"MSTestDiscoverer.TestClassName","Label":"ClassName","Category":"","Description":"","Attributes":1,"ValueType":"System.String"},"Value":"BusinessLayer.Test.Services.WareHouseService"},{"Key":{"Id":"TestCase.Hierarchy","Label":"Hierarchy","Category":"","Description":"","Attributes":2,"ValueType":"System.String[]"},"Value":["BusinessLayer.Test.Services","WareHouseService"]},{"Key":{"Id":"TestObject.Traits","Label":"Traits","Category":"","Description":"","Attributes":5,"ValueType":"System.Collections.Generic.KeyValuePair`2[[System.String],[System.String]][]"},"Value":[]},{"Key":{"Id":"MSTest.DynamicDataType","Label":"DynamicDataType","Category":"","Description":"","Attributes":1,"ValueType":"System.Int32"},"Value":2},{"Key":{"Id":"MSTest.DynamicData","Label":"DynamicData","Category":"","Description":"","Attributes":1,"ValueType":"System.String[]"},"Value":["System.Int32, System.Private.CoreLib, Version=5.0.0.0, Culture=neutral, PublicKeyToken=7cec85d7bea7798e","80"]}]},"Attachments":[],"Outcome":1,"ErrorMessage":null,"ErrorStackTrace":null,"DisplayName":"Delete_WareHouseAsync (80)","Messages":[],"ComputerName":null,"Duration":"00:00:00.0569126","StartTime":"2022-05-22T17:27:24.2707787+03:00","EndTime":"2022-05-22T17:27:24.3281316+03:00","Properties":[{"Key":{"Id":"ExecutionId","Label":"ExecutionId","Category":"","Description":"","Attributes":1,"ValueType":"System.Guid"},"Value":"00000000-0000-0000-0000-000000000000"},{"Key":{"Id":"ParentExecId","Label":"ParentExecId","Category":"","Description":"","Attributes":1,"ValueType":"System.Guid"},"Value":"00000000-0000-0000-0000-000000000000"},{"Key":{"Id":"InnerResultsCount","Label":"InnerResultsCount","Category":"","Description":"","Attributes":1,"ValueType":"System.Int32"},"Value":0}]}],"TestRunStatistics":{"ExecutedTests":13,"Stats":{"Passed":12,"Failed":1}},"ActiveTests":[]},"RunAttachments":[],"ExecutorUris":["executor://mstestadapter/v2"]}}
TpTrace Verbose: 0 : 11528, 14, 2022/05/22, 17:27:24.381, 7663335830368, vstest.console.dll, TestRequestSender.EndSession: Sending end session.
TpTrace Verbose: 0 : 11528, 14, 2022/05/22, 17:27:24.381, 7663335832063, vstest.console.dll, ProxyOperationManager.Close: waiting for test host to exit for 100 ms
TpTrace Warning: 0 : 11528, 11, 2022/05/22, 17:27:24.397, 7663335988459, vstest.console.dll, TestHostManagerCallbacks.ErrorReceivedCallback Test host standard error line: 
TpTrace Verbose: 0 : 11528, 12, 2022/05/22, 17:27:24.404, 7663336064345, vstest.console.dll, TestHostProvider.ExitCallBack: Host exited starting callback.
TpTrace Information: 0 : 11528, 12, 2022/05/22, 17:27:24.405, 7663336072378, vstest.console.dll, TestHostManagerCallbacks.ExitCallBack: Testhost processId: 20616 exited with exitcode: 0 error: ''
TpTrace Verbose: 0 : 11528, 12, 2022/05/22, 17:27:24.405, 7663336072949, vstest.console.dll, DotnetTestHostManager.OnHostExited: invoking OnHostExited callback
TpTrace Verbose: 0 : 11528, 12, 2022/05/22, 17:27:24.405, 7663336073438, vstest.console.dll, CrossPlatEngine.TestHostManagerHostExited: calling on client process exit callback.
TpTrace Information: 0 : 11528, 12, 2022/05/22, 17:27:24.405, 7663336073890, vstest.console.dll, TestRequestSender.OnClientProcessExit: Test host process exited. Standard error: 
TpTrace Information: 0 : 11528, 12, 2022/05/22, 17:27:24.405, 7663336074258, vstest.console.dll, SocketServer.Stop: Stop server endPoint: 127.0.0.1:56740
TpTrace Information: 0 : 11528, 12, 2022/05/22, 17:27:24.405, 7663336074463, vstest.console.dll, SocketServer.Stop: Cancellation requested. Stopping message loop.
TpTrace Information: 0 : 11528, 14, 2022/05/22, 17:27:24.405, 7663336074312, vstest.console.dll, SocketServer.Stop: Stop server endPoint: 127.0.0.1:56740
TpTrace Information: 0 : 11528, 14, 2022/05/22, 17:27:24.405, 7663336075065, vstest.console.dll, SocketServer.Stop: Cancellation requested. Stopping message loop.
TpTrace Information: 0 : 11528, 14, 2022/05/22, 17:27:24.405, 7663336075521, vstest.console.dll, Closing the connection
TpTrace Verbose: 0 : 11528, 12, 2022/05/22, 17:27:24.405, 7663336075536, vstest.console.dll, MulticastDelegateUtilities.SafeInvoke: HostProviderEvents.OnHostExited: Invoking callback 1/1 for Microsoft.VisualStudio.TestPlatform.CrossPlatEngine.Client.ProxyOperationManager.TestHostManagerHostExited, took 0 ms.
TpTrace Verbose: 0 : 11528, 14, 2022/05/22, 17:27:24.406, 7663336081677, vstest.console.dll, ProxyDataCollectionManager.InvokeDataCollectionServiceAction: Starting.
TpTrace Information: 0 : 11528, 14, 2022/05/22, 17:27:24.406, 7663336082047, vstest.console.dll, ProxyDataCollectionManager.AfterTestRunEnd: Get attachment set and invoked data collectors processId: 7708 port: 56733
TpTrace Verbose: 0 : 11528, 14, 2022/05/22, 17:27:24.406, 7663336082498, vstest.console.dll, DataCollectionRequestSender.SendAfterTestRunStartAndGetResult : Send AfterTestRunEnd message with isCancelled: False
TpTrace Verbose: 0 : 11528, 14, 2022/05/22, 17:27:24.411, 7663336134618, vstest.console.dll, DataCollectionRequestSender.SendAfterTestRunStartAndGetResult : Received message: (DataCollection.AfterTestRunEndResult) -> {
  "AttachmentSets": [],
  "InvokedDataCollectors": [
    {
      "Uri": "datacollector://Microsoft/TestPlatform/Extensions/Blame/v1",
      "FriendlyName": "Blame",
      "AssemblyQualifiedName": "Microsoft.TestPlatform.Extensions.BlameDataCollector.BlameCollector, Microsoft.TestPlatform.Extensions.BlameDataCollector, Version=15.0.0.0, Culture=neutral, PublicKeyToken=b03f5f7f11d50a3a",
      "FilePath": "C:\\Program Files\\dotnet\\sdk\\6.0.300-preview.22204.3\\Extensions\\Microsoft.TestPlatform.Extensions.BlameDataCollector.dll",
      "HasAttachmentProcessor": false
    }
  ],
  "Metrics": {}
}
TpTrace Warning: 0 : 11528, 10, 2022/05/22, 17:27:24.415, 7663336173334, vstest.console.dll, DataCollectionLauncher.ErrorReceivedCallback datacollector standard error line: 
TpTrace Information: 0 : 11528, 14, 2022/05/22, 17:27:24.416, 7663336183031, vstest.console.dll, ProxyDataCollectionManager.InvokeDataCollectionServiceAction: Completed.
TpTrace Information: 0 : 11528, 12, 2022/05/22, 17:27:24.420, 7663336220284, vstest.console.dll, DataCollectionLauncher.ExitCallBack: Data collector exited with exitcode: 0 error: ''
TpTrace Verbose: 0 : 11528, 14, 2022/05/22, 17:27:24.448, 7663336502938, vstest.console.dll, TestRunRequest:SendTestRunStatsChange: Starting.
TpTrace Verbose: 0 : 11528, 14, 2022/05/22, 17:27:24.448, 7663336504026, vstest.console.dll, MulticastDelegateUtilities.SafeInvoke: TestRun.RunStatsChanged: Invoking callbacks was skipped because there are no subscribers.
TpTrace Information: 0 : 11528, 14, 2022/05/22, 17:27:24.448, 7663336504366, vstest.console.dll, TestRunRequest:SendTestRunStatsChange: Completed.
TpTrace Verbose: 0 : 11528, 4, 2022/05/22, 17:27:24.448, 7663336505337, vstest.console.dll, MulticastDelegateUtilities.SafeInvoke: InternalTestLoggerEvents.SendTestResult: Invoking callback 1/1 for Microsoft.VisualStudio.TestPlatform.CommandLine.Internal.ConsoleLogger.TestResultHandler, took 0 ms.
TpTrace Verbose: 0 : 11528, 4, 2022/05/22, 17:27:24.448, 7663336505917, vstest.console.dll, MulticastDelegateUtilities.SafeInvoke: InternalTestLoggerEvents.SendTestResult: Invoking callback 1/1 for Microsoft.VisualStudio.TestPlatform.CommandLine.Internal.ConsoleLogger.TestResultHandler, took 0 ms.
TpTrace Verbose: 0 : 11528, 4, 2022/05/22, 17:27:24.449, 7663336506333, vstest.console.dll, MulticastDelegateUtilities.SafeInvoke: InternalTestLoggerEvents.SendTestResult: Invoking callback 1/1 for Microsoft.VisualStudio.TestPlatform.CommandLine.Internal.ConsoleLogger.TestResultHandler, took 0 ms.
TpTrace Verbose: 0 : 11528, 4, 2022/05/22, 17:27:24.449, 7663336506726, vstest.console.dll, MulticastDelegateUtilities.SafeInvoke: InternalTestLoggerEvents.SendTestResult: Invoking callback 1/1 for Microsoft.VisualStudio.TestPlatform.CommandLine.Internal.ConsoleLogger.TestResultHandler, took 0 ms.
TpTrace Verbose: 0 : 11528, 14, 2022/05/22, 17:27:24.449, 7663336506417, vstest.console.dll, ParallelProxyExecutionManager: HandlePartialRunComplete: Total completed clients = 1, Run complete = True, Run canceled: False.
TpTrace Verbose: 0 : 11528, 4, 2022/05/22, 17:27:24.449, 7663336507143, vstest.console.dll, MulticastDelegateUtilities.SafeInvoke: InternalTestLoggerEvents.SendTestResult: Invoking callback 1/1 for Microsoft.VisualStudio.TestPlatform.CommandLine.Internal.ConsoleLogger.TestResultHandler, took 0 ms.
TpTrace Verbose: 0 : 11528, 4, 2022/05/22, 17:27:24.450, 7663336526260, vstest.console.dll, MulticastDelegateUtilities.SafeInvoke: InternalTestLoggerEvents.SendTestResult: Invoking callback 1/1 for Microsoft.VisualStudio.TestPlatform.CommandLine.Internal.ConsoleLogger.TestResultHandler, took 1 ms.
TpTrace Verbose: 0 : 11528, 4, 2022/05/22, 17:27:24.451, 7663336527485, vstest.console.dll, MulticastDelegateUtilities.SafeInvoke: InternalTestLoggerEvents.SendTestResult: Invoking callback 1/1 for Microsoft.VisualStudio.TestPlatform.CommandLine.Internal.ConsoleLogger.TestResultHandler, took 0 ms.
TpTrace Verbose: 0 : 11528, 4, 2022/05/22, 17:27:24.456, 7663336585393, vstest.console.dll, MulticastDelegateUtilities.SafeInvoke: InternalTestLoggerEvents.SendTestRunComplete: Invoking callback 1/2 for Microsoft.TestPlatform.Extensions.BlameDataCollector.BlameLogger.TestRunCompleteHandler, took 0 ms.
TpTrace Verbose: 0 : 11528, 4, 2022/05/22, 17:27:24.464, 7663336657843, vstest.console.dll, MulticastDelegateUtilities.SafeInvoke: InternalTestLoggerEvents.SendTestRunComplete: Invoking callback 2/2 for Microsoft.VisualStudio.TestPlatform.CommandLine.Internal.ConsoleLogger.TestRunCompleteHandler, took 7 ms.
TpTrace Verbose: 0 : 11528, 14, 2022/05/22, 17:27:24.464, 7663336661150, vstest.console.dll, TestRunRequest:TestRunComplete: Starting. IsAborted:False IsCanceled:False.
TpTrace Verbose: 0 : 11528, 14, 2022/05/22, 17:27:24.464, 7663336662643, vstest.console.dll, TestLoggerManager.HandleTestRunComplete: Ignoring as the object is disposed.
TpTrace Verbose: 0 : 11528, 14, 2022/05/22, 17:27:24.464, 7663336664336, vstest.console.dll, MulticastDelegateUtilities.SafeInvoke: TestRun.TestRunComplete: Invoking callback 1/2 for Microsoft.VisualStudio.TestPlatform.CommandLine.TestRunResultAggregator.TestRunCompletionHandler, took 0 ms.
TpTrace Verbose: 0 : 11528, 14, 2022/05/22, 17:27:24.464, 7663336664880, vstest.console.dll, MulticastDelegateUtilities.SafeInvoke: TestRun.TestRunComplete: Invoking callback 2/2 for Microsoft.VisualStudio.TestPlatform.CommandLine.Processors.RunTestsArgumentExecutor+TestRunRequestEventsRegistrar.TestRunRequest_OnRunCompletion, took 0 ms.
TpTrace Information: 0 : 11528, 14, 2022/05/22, 17:27:24.464, 7663336665585, vstest.console.dll, TestRunRequest:TestRunComplete: Completed.
TpTrace Verbose: 0 : 11528, 14, 2022/05/22, 17:27:24.464, 7663336665927, vstest.console.dll, TestRequestSender.SetOperationComplete: Setting operation complete.
TpTrace Verbose: 0 : 11528, 1, 2022/05/22, 17:27:24.464, 7663336665937, vstest.console.dll, TestRunRequest.Dispose: Starting.
TpTrace Information: 0 : 11528, 1, 2022/05/22, 17:27:24.465, 7663336666617, vstest.console.dll, TestRunRequest.Dispose: Completed.
TpTrace Information: 0 : 11528, 14, 2022/05/22, 17:27:24.464, 7663336666144, vstest.console.dll, SocketServer.Stop: Stop server endPoint: 127.0.0.1:56740
TpTrace Information: 0 : 11528, 1, 2022/05/22, 17:27:24.465, 7663336666947, vstest.console.dll, TestRequestManager.RunTests: run tests completed.
TpTrace Information: 0 : 11528, 14, 2022/05/22, 17:27:24.465, 7663336667269, vstest.console.dll, SocketServer.Stop: Cancellation requested. Stopping message loop.
TpTrace Verbose: 0 : 11528, 14, 2022/05/22, 17:27:24.465, 7663336667860, vstest.console.dll, MulticastDelegateUtilities.SafeInvoke: LengthPrefixCommunicationChannel: MessageReceived: Invoking callback 1/1 for Microsoft.VisualStudio.TestPlatform.CommunicationUtilities.TestRequestSender+<>c__DisplayClass29_0.<StartTestRun>b__1, took 84 ms.
TpTrace Information: 0 : 11528, 1, 2022/05/22, 17:27:24.465, 7663336668018, vstest.console.dll, RunTestsArgumentProcessor:Execute: Test run is completed.
TpTrace Information: 0 : 11528, 14, 2022/05/22, 17:27:24.465, 7663336668172, vstest.console.dll, SocketServer.PrivateStop: Stopping server endPoint: 127.0.0.1:56740 error: 
TpTrace Verbose: 0 : 11528, 1, 2022/05/22, 17:27:24.465, 7663336669819, vstest.console.dll, Executor.Execute: Exiting with exit code of 1
TpTrace Verbose: 0 : 11528, 14, 2022/05/22, 17:27:24.465, 7663336672257, vstest.console.dll, LengthPrefixCommunicationChannel.Dispose: Dispose reader and writer.
TpTrace Information: 0 : 11528, 14, 2022/05/22, 17:27:24.465, 7663336672999, vstest.console.dll, SocketServer.Stop: Raise disconnected event endPoint: 127.0.0.1:56740 error: 
TpTrace Verbose: 0 : 11528, 14, 2022/05/22, 17:27:24.465, 7663336673493, vstest.console.dll, TestRequestSender: OnTestRunAbort: Operation is already complete. Skip error message.
TpTrace Verbose: 0 : 11528, 14, 2022/05/22, 17:27:24.465, 7663336673781, vstest.console.dll, MulticastDelegateUtilities.SafeInvoke: SocketServer: ClientDisconnected: Invoking callback 1/1 for Microsoft.VisualStudio.TestPlatform.CommunicationUtilities.TestRequestSender.<InitializeCommunication>b__23_1, took 0 ms.
TpTrace Verbose: 0 : 11528, 14, 2022/05/22, 17:27:24.465, 7663336674464, vstest.console.dll, TcpClientExtensions.MessageLoopAsync: exiting MessageLoopAsync remoteEndPoint: 127.0.0.1:56743 localEndPoint: 127.0.0.1:56740
