TpTrace Verbose: 0 : 10336, 1, 2022/05/22, 14:01:28.839, 7539780869711, vstest.console.dll, Version: 17.2.0-release-20220209-04
TpTrace Information: 0 : 10336, 1, 2022/05/22, 14:01:28.848, 7539780935899, vstest.console.dll, FilePatternParser: The given file D:\MyWorks\Assignment\Cognizant\Tests\bin\Debug\net5.0\fine-code-coverage\build-output\Tests.dll is a full path.
TpTrace Verbose: 0 : 10336, 1, 2022/05/22, 14:01:28.853, 7539780987342, vstest.console.dll, TestPluginCache.DiscoverTestExtensions: finding test extensions in assemblies ends with: RuntimeProvider.dll TPluginInfo: Microsoft.VisualStudio.TestPlatform.Common.ExtensionFramework.Utilities.TestRuntimePluginInformation TExtension: Microsoft.VisualStudio.TestPlatform.ObjectModel.Host.ITestRuntimeProvider
TpTrace Verbose: 0 : 10336, 1, 2022/05/22, 14:01:28.854, 7539781000644, vstest.console.dll, TestPluginCache.GetExtensionPaths: Filtered extension paths: 
TpTrace Verbose: 0 : 10336, 1, 2022/05/22, 14:01:28.854, 7539781001959, vstest.console.dll, TestPluginCache.GetExtensionPaths: Added default extension paths: C:\Program Files\dotnet\sdk\6.0.300-preview.22204.3\Extensions\DumpMinitool.exe
C:\Program Files\dotnet\sdk\6.0.300-preview.22204.3\Extensions\DumpMinitool.x86.exe
C:\Program Files\dotnet\sdk\6.0.300-preview.22204.3\Extensions\Microsoft.Diagnostics.NETCore.Client.dll
C:\Program Files\dotnet\sdk\6.0.300-preview.22204.3\Extensions\Microsoft.TestPlatform.Extensions.BlameDataCollector.dll
C:\Program Files\dotnet\sdk\6.0.300-preview.22204.3\Extensions\Microsoft.TestPlatform.Extensions.EventLogCollector.dll
C:\Program Files\dotnet\sdk\6.0.300-preview.22204.3\Extensions\Microsoft.TestPlatform.TestHostRuntimeProvider.dll
C:\Program Files\dotnet\sdk\6.0.300-preview.22204.3\Extensions\Microsoft.VisualStudio.TestPlatform.Extensions.Html.TestLogger.dll
C:\Program Files\dotnet\sdk\6.0.300-preview.22204.3\Extensions\Microsoft.VisualStudio.TestPlatform.Extensions.Trx.TestLogger.dll
TpTrace Verbose: 0 : 10336, 1, 2022/05/22, 14:01:28.854, 7539781002422, vstest.console.dll, TestPluginCache.GetExtensionPaths: Added unfilterableExtensionPaths: 
TpTrace Information: 0 : 10336, 1, 2022/05/22, 14:01:28.855, 7539781010363, vstest.console.dll, AssemblyResolver.ctor: Creating AssemblyResolver with searchDirectories C:\Program Files\dotnet\sdk\6.0.300-preview.22204.3\Extensions,C:\Program Files\dotnet\sdk\6.0.300-preview.22204.3
TpTrace Verbose: 0 : 10336, 1, 2022/05/22, 14:01:28.856, 7539781017575, vstest.console.dll, TestPluginCache.DiscoverTestExtensions: Discovering the extensions using extension path.
TpTrace Verbose: 0 : 10336, 1, 2022/05/22, 14:01:28.856, 7539781018703, vstest.console.dll, TestPluginCache.GetExtensionPaths: Filtered extension paths: 
TpTrace Verbose: 0 : 10336, 1, 2022/05/22, 14:01:28.856, 7539781019098, vstest.console.dll, TestPluginCache.GetExtensionPaths: Added default extension paths: C:\Program Files\dotnet\sdk\6.0.300-preview.22204.3\Extensions\DumpMinitool.exe
C:\Program Files\dotnet\sdk\6.0.300-preview.22204.3\Extensions\DumpMinitool.x86.exe
C:\Program Files\dotnet\sdk\6.0.300-preview.22204.3\Extensions\Microsoft.Diagnostics.NETCore.Client.dll
C:\Program Files\dotnet\sdk\6.0.300-preview.22204.3\Extensions\Microsoft.TestPlatform.Extensions.BlameDataCollector.dll
C:\Program Files\dotnet\sdk\6.0.300-preview.22204.3\Extensions\Microsoft.TestPlatform.Extensions.EventLogCollector.dll
C:\Program Files\dotnet\sdk\6.0.300-preview.22204.3\Extensions\Microsoft.TestPlatform.TestHostRuntimeProvider.dll
C:\Program Files\dotnet\sdk\6.0.300-preview.22204.3\Extensions\Microsoft.VisualStudio.TestPlatform.Extensions.Html.TestLogger.dll
C:\Program Files\dotnet\sdk\6.0.300-preview.22204.3\Extensions\Microsoft.VisualStudio.TestPlatform.Extensions.Trx.TestLogger.dll
TpTrace Verbose: 0 : 10336, 1, 2022/05/22, 14:01:28.856, 7539781019378, vstest.console.dll, TestPluginCache.GetExtensionPaths: Added unfilterableExtensionPaths: 
TpTrace Verbose: 0 : 10336, 1, 2022/05/22, 14:01:28.856, 7539781020034, vstest.console.dll, TestPluginCache.DiscoverTestExtensions: Discovering the extensions using allExtensionPaths: C:\Program Files\dotnet\sdk\6.0.300-preview.22204.3\Extensions\DumpMinitool.exe
C:\Program Files\dotnet\sdk\6.0.300-preview.22204.3\Extensions\DumpMinitool.x86.exe
C:\Program Files\dotnet\sdk\6.0.300-preview.22204.3\Extensions\Microsoft.Diagnostics.NETCore.Client.dll
C:\Program Files\dotnet\sdk\6.0.300-preview.22204.3\Extensions\Microsoft.TestPlatform.Extensions.BlameDataCollector.dll
C:\Program Files\dotnet\sdk\6.0.300-preview.22204.3\Extensions\Microsoft.TestPlatform.Extensions.EventLogCollector.dll
C:\Program Files\dotnet\sdk\6.0.300-preview.22204.3\Extensions\Microsoft.TestPlatform.TestHostRuntimeProvider.dll
C:\Program Files\dotnet\sdk\6.0.300-preview.22204.3\Extensions\Microsoft.VisualStudio.TestPlatform.Extensions.Html.TestLogger.dll
C:\Program Files\dotnet\sdk\6.0.300-preview.22204.3\Extensions\Microsoft.VisualStudio.TestPlatform.Extensions.Trx.TestLogger.dll
TpTrace Information: 0 : 10336, 1, 2022/05/22, 14:01:28.856, 7539781021708, vstest.console.dll, AssemblyResolver.AddSearchDirectories: Adding more searchDirectories C:\Program Files\dotnet\sdk\6.0.300-preview.22204.3\Extensions,C:\Program Files\dotnet\sdk\6.0.300-preview.22204.3
TpTrace Information: 0 : 10336, 1, 2022/05/22, 14:01:28.856, 7539781022172, vstest.console.dll, AssemblyResolver.AddSearchDirectories: Adding more searchDirectories C:\Program Files\dotnet\sdk\6.0.300-preview.22204.3\Extensions,C:\Program Files\dotnet\sdk\6.0.300-preview.22204.3
TpTrace Information: 0 : 10336, 1, 2022/05/22, 14:01:28.856, 7539781022501, vstest.console.dll, AssemblyResolver.AddSearchDirectories: Adding more searchDirectories C:\Program Files\dotnet\sdk\6.0.300-preview.22204.3\Extensions,C:\Program Files\dotnet\sdk\6.0.300-preview.22204.3
TpTrace Information: 0 : 10336, 1, 2022/05/22, 14:01:28.856, 7539781022744, vstest.console.dll, AssemblyResolver.AddSearchDirectories: Adding more searchDirectories C:\Program Files\dotnet\sdk\6.0.300-preview.22204.3\Extensions,C:\Program Files\dotnet\sdk\6.0.300-preview.22204.3
TpTrace Information: 0 : 10336, 1, 2022/05/22, 14:01:28.856, 7539781022980, vstest.console.dll, AssemblyResolver.AddSearchDirectories: Adding more searchDirectories C:\Program Files\dotnet\sdk\6.0.300-preview.22204.3\Extensions,C:\Program Files\dotnet\sdk\6.0.300-preview.22204.3
TpTrace Information: 0 : 10336, 1, 2022/05/22, 14:01:28.856, 7539781023262, vstest.console.dll, AssemblyResolver.AddSearchDirectories: Adding more searchDirectories C:\Program Files\dotnet\sdk\6.0.300-preview.22204.3\Extensions,C:\Program Files\dotnet\sdk\6.0.300-preview.22204.3
TpTrace Information: 0 : 10336, 1, 2022/05/22, 14:01:28.856, 7539781023501, vstest.console.dll, AssemblyResolver.AddSearchDirectories: Adding more searchDirectories C:\Program Files\dotnet\sdk\6.0.300-preview.22204.3\Extensions,C:\Program Files\dotnet\sdk\6.0.300-preview.22204.3
TpTrace Information: 0 : 10336, 1, 2022/05/22, 14:01:28.856, 7539781023731, vstest.console.dll, AssemblyResolver.AddSearchDirectories: Adding more searchDirectories C:\Program Files\dotnet\sdk\6.0.300-preview.22204.3\Extensions,C:\Program Files\dotnet\sdk\6.0.300-preview.22204.3
TpTrace Information: 0 : 10336, 1, 2022/05/22, 14:01:28.857, 7539781026761, vstest.console.dll, AssemblyResolver.OnResolve: DumpMinitool: Resolving assembly.
TpTrace Information: 0 : 10336, 1, 2022/05/22, 14:01:28.857, 7539781027399, vstest.console.dll, AssemblyResolver.OnResolve: DumpMinitool: Searching in: 'C:\Program Files\dotnet\sdk\6.0.300-preview.22204.3\Extensions'.
TpTrace Information: 0 : 10336, 1, 2022/05/22, 14:01:28.857, 7539781028581, vstest.console.dll, AssemblyResolver.OnResolve: DumpMinitool: Assembly path does not exist: 'C:\Program Files\dotnet\sdk\6.0.300-preview.22204.3\Extensions\DumpMinitool.dll', returning.
TpTrace Information: 0 : 10336, 1, 2022/05/22, 14:01:28.857, 7539781031777, vstest.console.dll, AssemblyResolver.OnResolve: DumpMinitool: Loading assembly 'C:\Program Files\dotnet\sdk\6.0.300-preview.22204.3\Extensions\DumpMinitool.exe'.
TpTrace Information: 0 : 10336, 1, 2022/05/22, 14:01:28.858, 7539781037879, vstest.console.dll, AssemblyResolver.OnResolve: Resolved assembly: DumpMinitool, from path: C:\Program Files\dotnet\sdk\6.0.300-preview.22204.3\Extensions\DumpMinitool.exe
TpTrace Verbose: 0 : 10336, 1, 2022/05/22, 14:01:28.863, 7539781091443, vstest.console.dll, MetadataReaderExtensionsHelper: Discovering extensions inside assembly 'DumpMinitool, Version=15.0.0.0, Culture=neutral, PublicKeyToken=b03f5f7f11d50a3a' file path 'C:\Program Files\dotnet\sdk\6.0.300-preview.22204.3\Extensions\DumpMinitool.exe'
TpTrace Information: 0 : 10336, 1, 2022/05/22, 14:01:28.870, 7539781157137, vstest.console.dll, AssemblyResolver.OnResolve: DumpMinitool.x86: Resolving assembly.
TpTrace Information: 0 : 10336, 1, 2022/05/22, 14:01:28.870, 7539781157936, vstest.console.dll, AssemblyResolver.OnResolve: DumpMinitool.x86: Searching in: 'C:\Program Files\dotnet\sdk\6.0.300-preview.22204.3\Extensions'.
TpTrace Information: 0 : 10336, 1, 2022/05/22, 14:01:28.870, 7539781158972, vstest.console.dll, AssemblyResolver.OnResolve: DumpMinitool.x86: Assembly path does not exist: 'C:\Program Files\dotnet\sdk\6.0.300-preview.22204.3\Extensions\DumpMinitool.x86.dll', returning.
TpTrace Information: 0 : 10336, 1, 2022/05/22, 14:01:28.870, 7539781160812, vstest.console.dll, AssemblyResolver.OnResolve: DumpMinitool.x86: Loading assembly 'C:\Program Files\dotnet\sdk\6.0.300-preview.22204.3\Extensions\DumpMinitool.x86.exe'.
TpTrace Information: 0 : 10336, 1, 2022/05/22, 14:01:28.871, 7539781164918, vstest.console.dll, AssemblyResolver.OnResolve: Resolved assembly: DumpMinitool.x86, from path: C:\Program Files\dotnet\sdk\6.0.300-preview.22204.3\Extensions\DumpMinitool.x86.exe
TpTrace Verbose: 0 : 10336, 1, 2022/05/22, 14:01:28.871, 7539781165650, vstest.console.dll, MetadataReaderExtensionsHelper: Discovering extensions inside assembly 'DumpMinitool.x86, Version=15.0.0.0, Culture=neutral, PublicKeyToken=b03f5f7f11d50a3a' file path 'C:\Program Files\dotnet\sdk\6.0.300-preview.22204.3\Extensions\DumpMinitool.x86.exe'
TpTrace Information: 0 : 10336, 1, 2022/05/22, 14:01:28.871, 7539781170336, vstest.console.dll, AssemblyResolver.OnResolve: Microsoft.Diagnostics.NETCore.Client: Resolving assembly.
TpTrace Information: 0 : 10336, 1, 2022/05/22, 14:01:28.871, 7539781170802, vstest.console.dll, AssemblyResolver.OnResolve: Microsoft.Diagnostics.NETCore.Client: Searching in: 'C:\Program Files\dotnet\sdk\6.0.300-preview.22204.3\Extensions'.
TpTrace Information: 0 : 10336, 1, 2022/05/22, 14:01:28.871, 7539781172850, vstest.console.dll, AssemblyResolver.OnResolve: Microsoft.Diagnostics.NETCore.Client: Loading assembly 'C:\Program Files\dotnet\sdk\6.0.300-preview.22204.3\Extensions\Microsoft.Diagnostics.NETCore.Client.dll'.
TpTrace Information: 0 : 10336, 1, 2022/05/22, 14:01:28.872, 7539781177187, vstest.console.dll, AssemblyResolver.OnResolve: Resolved assembly: Microsoft.Diagnostics.NETCore.Client, from path: C:\Program Files\dotnet\sdk\6.0.300-preview.22204.3\Extensions\Microsoft.Diagnostics.NETCore.Client.dll
TpTrace Verbose: 0 : 10336, 1, 2022/05/22, 14:01:28.872, 7539781177789, vstest.console.dll, MetadataReaderExtensionsHelper: Discovering extensions inside assembly 'Microsoft.Diagnostics.NETCore.Client, Version=0.2.5.801, Culture=neutral, PublicKeyToken=31bf3856ad364e35' file path 'C:\Program Files\dotnet\sdk\6.0.300-preview.22204.3\Extensions\Microsoft.Diagnostics.NETCore.Client.dll'
TpTrace Information: 0 : 10336, 1, 2022/05/22, 14:01:28.879, 7539781245278, vstest.console.dll, AssemblyResolver.OnResolve: Microsoft.Bcl.AsyncInterfaces: Resolving assembly.
TpTrace Information: 0 : 10336, 1, 2022/05/22, 14:01:28.879, 7539781246698, vstest.console.dll, AssemblyResolver.OnResolve: Microsoft.Bcl.AsyncInterfaces: Searching in: 'C:\Program Files\dotnet\sdk\6.0.300-preview.22204.3\Extensions'.
TpTrace Information: 0 : 10336, 1, 2022/05/22, 14:01:28.879, 7539781248190, vstest.console.dll, AssemblyResolver.OnResolve: Microsoft.Bcl.AsyncInterfaces: Assembly path does not exist: 'C:\Program Files\dotnet\sdk\6.0.300-preview.22204.3\Extensions\Microsoft.Bcl.AsyncInterfaces.dll', returning.
TpTrace Information: 0 : 10336, 1, 2022/05/22, 14:01:28.879, 7539781249398, vstest.console.dll, AssemblyResolver.OnResolve: Microsoft.Bcl.AsyncInterfaces: Assembly path does not exist: 'C:\Program Files\dotnet\sdk\6.0.300-preview.22204.3\Extensions\Microsoft.Bcl.AsyncInterfaces.exe', returning.
TpTrace Information: 0 : 10336, 1, 2022/05/22, 14:01:28.879, 7539781249730, vstest.console.dll, AssemblyResolver.OnResolve: Microsoft.Bcl.AsyncInterfaces: Searching in: 'C:\Program Files\dotnet\sdk\6.0.300-preview.22204.3'.
TpTrace Information: 0 : 10336, 1, 2022/05/22, 14:01:28.879, 7539781250412, vstest.console.dll, AssemblyResolver.OnResolve: Microsoft.Bcl.AsyncInterfaces: Assembly path does not exist: 'C:\Program Files\dotnet\sdk\6.0.300-preview.22204.3\Microsoft.Bcl.AsyncInterfaces.dll', returning.
TpTrace Information: 0 : 10336, 1, 2022/05/22, 14:01:28.879, 7539781251029, vstest.console.dll, AssemblyResolver.OnResolve: Microsoft.Bcl.AsyncInterfaces: Assembly path does not exist: 'C:\Program Files\dotnet\sdk\6.0.300-preview.22204.3\Microsoft.Bcl.AsyncInterfaces.exe', returning.
TpTrace Information: 0 : 10336, 1, 2022/05/22, 14:01:28.879, 7539781251299, vstest.console.dll, AssemblyResolver.OnResolve: Microsoft.Bcl.AsyncInterfaces: Failed to load assembly.
TpTrace Verbose: 0 : 10336, 1, 2022/05/22, 14:01:28.879, 7539781252098, vstest.console.dll, CurrentDomainAssemblyResolve: Resolving assembly 'Microsoft.Bcl.AsyncInterfaces'.
TpTrace Information: 0 : 10336, 1, 2022/05/22, 14:01:28.879, 7539781253560, vstest.console.dll, AssemblyResolver.OnResolve: Microsoft.Bcl.AsyncInterfaces: Resolving assembly.
TpTrace Information: 0 : 10336, 1, 2022/05/22, 14:01:28.880, 7539781254267, vstest.console.dll, AssemblyResolver.OnResolve: Microsoft.Bcl.AsyncInterfaces: Resolved from cache.
TpTrace Verbose: 0 : 10336, 1, 2022/05/22, 14:01:28.880, 7539781254723, vstest.console.dll, CurrentDomainAssemblyResolve: Resolving assembly 'Microsoft.Bcl.AsyncInterfaces'.
TpTrace Verbose: 0 : 10336, 1, 2022/05/22, 14:01:28.880, 7539781255290, vstest.console.dll, CurrentDomainAssemblyResolve: Failed to resolve assembly 'Microsoft.Bcl.AsyncInterfaces'.
TpTrace Verbose: 0 : 10336, 1, 2022/05/22, 14:01:28.880, 7539781262177, vstest.console.dll, CurrentDomainAssemblyResolve: Failed to resolve assembly 'Microsoft.Bcl.AsyncInterfaces'.
TpTrace Warning: 0 : 10336, 1, 2022/05/22, 14:01:28.890, 7539781360684, vstest.console.dll, TestPluginDiscoverer: Failed to get types from assembly 'Microsoft.Diagnostics.NETCore.Client, Version=0.2.5.801, Culture=neutral, PublicKeyToken=31bf3856ad364e35'. Error: System.Reflection.ReflectionTypeLoadException: Unable to load one or more of the requested types.
Could not load file or assembly 'Microsoft.Bcl.AsyncInterfaces, Version=1.0.0.0, Culture=neutral, PublicKeyToken=cc7b13ffcd2ddd51'. The system cannot find the file specified.
   at System.Reflection.RuntimeModule.GetTypes(RuntimeModule module)
   at System.Reflection.Assembly.GetTypes()
   at Microsoft.VisualStudio.TestPlatform.Common.ExtensionFramework.TestPluginDiscoverer.GetTestExtensionsFromAssembly[TPluginInfo,TExtension](Assembly assembly, Dictionary`2 pluginInfos, String filePath)
System.IO.FileNotFoundException: Could not load file or assembly 'Microsoft.Bcl.AsyncInterfaces, Version=1.0.0.0, Culture=neutral, PublicKeyToken=cc7b13ffcd2ddd51'. The system cannot find the file specified.
File name: 'Microsoft.Bcl.AsyncInterfaces, Version=1.0.0.0, Culture=neutral, PublicKeyToken=cc7b13ffcd2ddd51'
 ---> System.IO.FileNotFoundException: Could not load file or assembly 'Microsoft.Bcl.AsyncInterfaces, Culture=neutral, PublicKeyToken=null'. The system cannot find the file specified.
File name: 'Microsoft.Bcl.AsyncInterfaces, Culture=neutral, PublicKeyToken=null'
   at System.Reflection.RuntimeAssembly.InternalLoad(ObjectHandleOnStack assemblyName, ObjectHandleOnStack requestingAssembly, StackCrawlMarkHandle stackMark, Boolean throwOnFileNotFound, ObjectHandleOnStack assemblyLoadContext, ObjectHandleOnStack retAssembly)
   at System.Reflection.RuntimeAssembly.InternalLoad(AssemblyName assemblyName, RuntimeAssembly requestingAssembly, StackCrawlMark& stackMark, Boolean throwOnFileNotFound, AssemblyLoadContext assemblyLoadContext)
   at System.Reflection.Assembly.Load(AssemblyName assemblyRef)
   at Microsoft.VisualStudio.TestPlatform.Common.ExtensionFramework.TestPluginCache.CurrentDomainAssemblyResolve(Object sender, AssemblyResolveEventArgs args)
   at Microsoft.VisualStudio.TestPlatform.PlatformAbstractions.PlatformAssemblyResolver.AssemblyResolverEvent(Object sender, Object eventArgs)
   at System.Runtime.Loader.AssemblyLoadContext.GetFirstResolvedAssemblyFromResolvingEvent(AssemblyName assemblyName)
   at System.Runtime.Loader.AssemblyLoadContext.ResolveUsingEvent(AssemblyName assemblyName)
   at System.Runtime.Loader.AssemblyLoadContext.ResolveUsingResolvingEvent(IntPtr gchManagedAssemblyLoadContext, AssemblyName assemblyName)
TpTrace Warning: 0 : 10336, 1, 2022/05/22, 14:01:28.891, 7539781371044, vstest.console.dll, TestPluginDiscoverer: Failed to load extensions from file 'C:\Program Files\dotnet\sdk\6.0.300-preview.22204.3\Extensions\Microsoft.Diagnostics.NETCore.Client.dll'.  Skipping test extension scan for this file.  Error: System.ArgumentNullException: Value cannot be null. (Parameter 'type')
   at System.Reflection.IntrospectionExtensions.GetTypeInfo(Type type)
   at Microsoft.VisualStudio.TestPlatform.Common.ExtensionFramework.TestPluginDiscoverer.<>c__6`2.<GetTestExtensionsFromAssembly>b__6_1(Type type)
   at System.Linq.Enumerable.WhereArrayIterator`1.MoveNext()
   at System.Collections.Generic.List`1.InsertRange(Int32 index, IEnumerable`1 collection)
   at System.Collections.Generic.List`1.AddRange(IEnumerable`1 collection)
   at Microsoft.VisualStudio.TestPlatform.Common.ExtensionFramework.TestPluginDiscoverer.GetTestExtensionsFromAssembly[TPluginInfo,TExtension](Assembly assembly, Dictionary`2 pluginInfos, String filePath)
   at Microsoft.VisualStudio.TestPlatform.Common.ExtensionFramework.TestPluginDiscoverer.GetTestExtensionsFromFiles[TPluginInfo,TExtension](String[] files, Dictionary`2 pluginInfos)
TpTrace Information: 0 : 10336, 1, 2022/05/22, 14:01:28.891, 7539781372437, vstest.console.dll, AssemblyResolver.OnResolve: Microsoft.TestPlatform.Extensions.BlameDataCollector: Resolving assembly.
TpTrace Information: 0 : 10336, 1, 2022/05/22, 14:01:28.891, 7539781372827, vstest.console.dll, AssemblyResolver.OnResolve: Microsoft.TestPlatform.Extensions.BlameDataCollector: Searching in: 'C:\Program Files\dotnet\sdk\6.0.300-preview.22204.3\Extensions'.
TpTrace Information: 0 : 10336, 1, 2022/05/22, 14:01:28.892, 7539781375110, vstest.console.dll, AssemblyResolver.OnResolve: Microsoft.TestPlatform.Extensions.BlameDataCollector: Loading assembly 'C:\Program Files\dotnet\sdk\6.0.300-preview.22204.3\Extensions\Microsoft.TestPlatform.Extensions.BlameDataCollector.dll'.
TpTrace Information: 0 : 10336, 1, 2022/05/22, 14:01:28.892, 7539781379668, vstest.console.dll, AssemblyResolver.OnResolve: Resolved assembly: Microsoft.TestPlatform.Extensions.BlameDataCollector, from path: C:\Program Files\dotnet\sdk\6.0.300-preview.22204.3\Extensions\Microsoft.TestPlatform.Extensions.BlameDataCollector.dll
TpTrace Verbose: 0 : 10336, 1, 2022/05/22, 14:01:28.892, 7539781380327, vstest.console.dll, MetadataReaderExtensionsHelper: Discovering extensions inside assembly 'Microsoft.TestPlatform.Extensions.BlameDataCollector, Version=15.0.0.0, Culture=neutral, PublicKeyToken=b03f5f7f11d50a3a' file path 'C:\Program Files\dotnet\sdk\6.0.300-preview.22204.3\Extensions\Microsoft.TestPlatform.Extensions.BlameDataCollector.dll'
TpTrace Information: 0 : 10336, 1, 2022/05/22, 14:01:28.893, 7539781390157, vstest.console.dll, AssemblyResolver.OnResolve: Microsoft.TestPlatform.Extensions.EventLogCollector: Resolving assembly.
TpTrace Information: 0 : 10336, 1, 2022/05/22, 14:01:28.893, 7539781390809, vstest.console.dll, AssemblyResolver.OnResolve: Microsoft.TestPlatform.Extensions.EventLogCollector: Searching in: 'C:\Program Files\dotnet\sdk\6.0.300-preview.22204.3\Extensions'.
TpTrace Information: 0 : 10336, 1, 2022/05/22, 14:01:28.893, 7539781393009, vstest.console.dll, AssemblyResolver.OnResolve: Microsoft.TestPlatform.Extensions.EventLogCollector: Loading assembly 'C:\Program Files\dotnet\sdk\6.0.300-preview.22204.3\Extensions\Microsoft.TestPlatform.Extensions.EventLogCollector.dll'.
TpTrace Information: 0 : 10336, 1, 2022/05/22, 14:01:28.894, 7539781395825, vstest.console.dll, AssemblyResolver.OnResolve: Resolved assembly: Microsoft.TestPlatform.Extensions.EventLogCollector, from path: C:\Program Files\dotnet\sdk\6.0.300-preview.22204.3\Extensions\Microsoft.TestPlatform.Extensions.EventLogCollector.dll
TpTrace Verbose: 0 : 10336, 1, 2022/05/22, 14:01:28.894, 7539781396485, vstest.console.dll, MetadataReaderExtensionsHelper: Discovering extensions inside assembly 'Microsoft.TestPlatform.Extensions.EventLogCollector, Version=15.0.0.0, Culture=neutral, PublicKeyToken=b03f5f7f11d50a3a' file path 'C:\Program Files\dotnet\sdk\6.0.300-preview.22204.3\Extensions\Microsoft.TestPlatform.Extensions.EventLogCollector.dll'
TpTrace Information: 0 : 10336, 1, 2022/05/22, 14:01:28.895, 7539781406077, vstest.console.dll, AssemblyResolver.OnResolve: Microsoft.TestPlatform.TestHostRuntimeProvider: Resolving assembly.
TpTrace Information: 0 : 10336, 1, 2022/05/22, 14:01:28.895, 7539781406847, vstest.console.dll, AssemblyResolver.OnResolve: Microsoft.TestPlatform.TestHostRuntimeProvider: Searching in: 'C:\Program Files\dotnet\sdk\6.0.300-preview.22204.3\Extensions'.
TpTrace Information: 0 : 10336, 1, 2022/05/22, 14:01:28.895, 7539781409070, vstest.console.dll, AssemblyResolver.OnResolve: Microsoft.TestPlatform.TestHostRuntimeProvider: Loading assembly 'C:\Program Files\dotnet\sdk\6.0.300-preview.22204.3\Extensions\Microsoft.TestPlatform.TestHostRuntimeProvider.dll'.
TpTrace Information: 0 : 10336, 1, 2022/05/22, 14:01:28.896, 7539781414731, vstest.console.dll, AssemblyResolver.OnResolve: Resolved assembly: Microsoft.TestPlatform.TestHostRuntimeProvider, from path: C:\Program Files\dotnet\sdk\6.0.300-preview.22204.3\Extensions\Microsoft.TestPlatform.TestHostRuntimeProvider.dll
TpTrace Verbose: 0 : 10336, 1, 2022/05/22, 14:01:28.896, 7539781415983, vstest.console.dll, MetadataReaderExtensionsHelper: Discovering extensions inside assembly 'Microsoft.TestPlatform.TestHostRuntimeProvider, Version=15.0.0.0, Culture=neutral, PublicKeyToken=b03f5f7f11d50a3a' file path 'C:\Program Files\dotnet\sdk\6.0.300-preview.22204.3\Extensions\Microsoft.TestPlatform.TestHostRuntimeProvider.dll'
TpTrace Information: 0 : 10336, 1, 2022/05/22, 14:01:28.897, 7539781431423, vstest.console.dll, GetTestExtensionFromType: Register extension with identifier data 'HostProvider://DefaultTestHost' and type 'Microsoft.VisualStudio.TestPlatform.CrossPlatEngine.Hosting.DefaultTestHostManager, Microsoft.TestPlatform.TestHostRuntimeProvider, Version=15.0.0.0, Culture=neutral, PublicKeyToken=b03f5f7f11d50a3a' inside file 'C:\Program Files\dotnet\sdk\6.0.300-preview.22204.3\Extensions\Microsoft.TestPlatform.TestHostRuntimeProvider.dll'
TpTrace Information: 0 : 10336, 1, 2022/05/22, 14:01:28.897, 7539781432645, vstest.console.dll, GetTestExtensionFromType: Register extension with identifier data 'HostProvider://DotnetTestHost' and type 'Microsoft.VisualStudio.TestPlatform.CrossPlatEngine.Hosting.DotnetTestHostManager, Microsoft.TestPlatform.TestHostRuntimeProvider, Version=15.0.0.0, Culture=neutral, PublicKeyToken=b03f5f7f11d50a3a' inside file 'C:\Program Files\dotnet\sdk\6.0.300-preview.22204.3\Extensions\Microsoft.TestPlatform.TestHostRuntimeProvider.dll'
TpTrace Information: 0 : 10336, 1, 2022/05/22, 14:01:28.897, 7539781433403, vstest.console.dll, AssemblyResolver.OnResolve: Microsoft.VisualStudio.TestPlatform.Extensions.Html.TestLogger: Resolving assembly.
TpTrace Information: 0 : 10336, 1, 2022/05/22, 14:01:28.897, 7539781433728, vstest.console.dll, AssemblyResolver.OnResolve: Microsoft.VisualStudio.TestPlatform.Extensions.Html.TestLogger: Searching in: 'C:\Program Files\dotnet\sdk\6.0.300-preview.22204.3\Extensions'.
TpTrace Information: 0 : 10336, 1, 2022/05/22, 14:01:28.898, 7539781435982, vstest.console.dll, AssemblyResolver.OnResolve: Microsoft.VisualStudio.TestPlatform.Extensions.Html.TestLogger: Loading assembly 'C:\Program Files\dotnet\sdk\6.0.300-preview.22204.3\Extensions\Microsoft.VisualStudio.TestPlatform.Extensions.Html.TestLogger.dll'.
TpTrace Information: 0 : 10336, 1, 2022/05/22, 14:01:28.898, 7539781441072, vstest.console.dll, AssemblyResolver.OnResolve: Resolved assembly: Microsoft.VisualStudio.TestPlatform.Extensions.Html.TestLogger, from path: C:\Program Files\dotnet\sdk\6.0.300-preview.22204.3\Extensions\Microsoft.VisualStudio.TestPlatform.Extensions.Html.TestLogger.dll
TpTrace Verbose: 0 : 10336, 1, 2022/05/22, 14:01:28.898, 7539781441999, vstest.console.dll, MetadataReaderExtensionsHelper: Discovering extensions inside assembly 'Microsoft.VisualStudio.TestPlatform.Extensions.Html.TestLogger, Version=15.0.0.0, Culture=neutral, PublicKeyToken=b03f5f7f11d50a3a' file path 'C:\Program Files\dotnet\sdk\6.0.300-preview.22204.3\Extensions\Microsoft.VisualStudio.TestPlatform.Extensions.Html.TestLogger.dll'
TpTrace Information: 0 : 10336, 1, 2022/05/22, 14:01:28.899, 7539781447781, vstest.console.dll, AssemblyResolver.OnResolve: Microsoft.VisualStudio.TestPlatform.Extensions.Trx.TestLogger: Resolving assembly.
TpTrace Information: 0 : 10336, 1, 2022/05/22, 14:01:28.899, 7539781448425, vstest.console.dll, AssemblyResolver.OnResolve: Microsoft.VisualStudio.TestPlatform.Extensions.Trx.TestLogger: Searching in: 'C:\Program Files\dotnet\sdk\6.0.300-preview.22204.3\Extensions'.
TpTrace Information: 0 : 10336, 1, 2022/05/22, 14:01:28.899, 7539781450619, vstest.console.dll, AssemblyResolver.OnResolve: Microsoft.VisualStudio.TestPlatform.Extensions.Trx.TestLogger: Loading assembly 'C:\Program Files\dotnet\sdk\6.0.300-preview.22204.3\Extensions\Microsoft.VisualStudio.TestPlatform.Extensions.Trx.TestLogger.dll'.
TpTrace Information: 0 : 10336, 1, 2022/05/22, 14:01:28.900, 7539781454989, vstest.console.dll, AssemblyResolver.OnResolve: Resolved assembly: Microsoft.VisualStudio.TestPlatform.Extensions.Trx.TestLogger, from path: C:\Program Files\dotnet\sdk\6.0.300-preview.22204.3\Extensions\Microsoft.VisualStudio.TestPlatform.Extensions.Trx.TestLogger.dll
TpTrace Verbose: 0 : 10336, 1, 2022/05/22, 14:01:28.900, 7539781455638, vstest.console.dll, MetadataReaderExtensionsHelper: Discovering extensions inside assembly 'Microsoft.VisualStudio.TestPlatform.Extensions.Trx.TestLogger, Version=15.0.0.0, Culture=neutral, PublicKeyToken=b03f5f7f11d50a3a' file path 'C:\Program Files\dotnet\sdk\6.0.300-preview.22204.3\Extensions\Microsoft.VisualStudio.TestPlatform.Extensions.Trx.TestLogger.dll'
TpTrace Verbose: 0 : 10336, 1, 2022/05/22, 14:01:28.900, 7539781463169, vstest.console.dll, TestPluginCache: Discovered the extensions using extension path ''.
TpTrace Verbose: 0 : 10336, 1, 2022/05/22, 14:01:28.900, 7539781463809, vstest.console.dll, TestPluginCache: Discoverers are ''.
TpTrace Verbose: 0 : 10336, 1, 2022/05/22, 14:01:28.900, 7539781464061, vstest.console.dll, TestPluginCache: Executors are ''.
TpTrace Verbose: 0 : 10336, 1, 2022/05/22, 14:01:28.901, 7539781464324, vstest.console.dll, TestPluginCache: Executors2 are ''.
TpTrace Verbose: 0 : 10336, 1, 2022/05/22, 14:01:28.901, 7539781464533, vstest.console.dll, TestPluginCache: Setting providers are ''.
TpTrace Verbose: 0 : 10336, 1, 2022/05/22, 14:01:28.901, 7539781464733, vstest.console.dll, TestPluginCache: Loggers are ''.
TpTrace Verbose: 0 : 10336, 1, 2022/05/22, 14:01:28.901, 7539781465397, vstest.console.dll, TestPluginCache: TestHosts are 'HostProvider://DefaultTestHost,HostProvider://DotnetTestHost'.
TpTrace Verbose: 0 : 10336, 1, 2022/05/22, 14:01:28.901, 7539781465674, vstest.console.dll, TestPluginCache: DataCollectors are ''.
TpTrace Information: 0 : 10336, 1, 2022/05/22, 14:01:28.904, 7539781504169, vstest.console.dll, RunTestsArgumentProcessor:Execute: Test run is starting.
TpTrace Verbose: 0 : 10336, 1, 2022/05/22, 14:01:28.905, 7539781505111, vstest.console.dll, RunTestsArgumentProcessor:Execute: Queuing Test run.
TpTrace Information: 0 : 10336, 1, 2022/05/22, 14:01:28.905, 7539781507269, vstest.console.dll, TestRequestManager.RunTests: run tests started.
TpTrace Information: 0 : 10336, 1, 2022/05/22, 14:01:28.907, 7539781524575, vstest.console.dll, AssemblyMetadataProvider.GetFrameWork: Determined framework:'.NETCoreApp,Version=v5.0' for source: 'D:\MyWorks\Assignment\Cognizant\Tests\bin\Debug\net5.0\fine-code-coverage\build-output\Tests.dll'
TpTrace Information: 0 : 10336, 1, 2022/05/22, 14:01:28.907, 7539781525956, vstest.console.dll, Determined framework for all sources: .NETCoreApp,Version=v5.0
TpTrace Verbose: 0 : 10336, 1, 2022/05/22, 14:01:28.907, 7539781528553, vstest.console.dll, TestRequestManager.UpdateRunSettingsIfRequired: Default architecture: X64 IsDefaultTargetArchitecture: True, Current process architecture: X64.
TpTrace Information: 0 : 10336, 1, 2022/05/22, 14:01:28.907, 7539781530905, vstest.console.dll, AssemblyMetadataProvider.GetArchitecture: Determined architecture:AnyCPU info for assembly: D:\MyWorks\Assignment\Cognizant\Tests\bin\Debug\net5.0\fine-code-coverage\build-output\Tests.dll
TpTrace Information: 0 : 10336, 1, 2022/05/22, 14:01:28.907, 7539781531322, vstest.console.dll, Determined platform for source 'D:\MyWorks\Assignment\Cognizant\Tests\bin\Debug\net5.0\fine-code-coverage\build-output\Tests.dll' is 'AnyCPU'
TpTrace Information: 0 : 10336, 1, 2022/05/22, 14:01:28.909, 7539781546968, vstest.console.dll, Determined platform for all sources: X64
TpTrace Information: 0 : 10336, 1, 2022/05/22, 14:01:28.909, 7539781547742, vstest.console.dll, Infered platform 'X64'.
TpTrace Information: 0 : 10336, 1, 2022/05/22, 14:01:28.909, 7539781548053, vstest.console.dll, Platform update to 'X64' required.
TpTrace Information: 0 : 10336, 1, 2022/05/22, 14:01:28.911, 7539781570337, vstest.console.dll, Compatible sources list : 
TpTrace Information: 0 : 10336, 1, 2022/05/22, 14:01:28.911, 7539781571202, vstest.console.dll, D:\MyWorks\Assignment\Cognizant\Tests\bin\Debug\net5.0\fine-code-coverage\build-output\Tests.dll
TpTrace Information: 0 : 10336, 1, 2022/05/22, 14:01:28.914, 7539781596630, vstest.console.dll, InferRunSettingsHelper.IsTestSettingsEnabled: Unable to navigate to RunSettings/MSTest. Current node: RunSettings
TpTrace Information: 0 : 10336, 1, 2022/05/22, 14:01:28.914, 7539781603966, vstest.console.dll, AssemblyResolver.OnResolve: Microsoft.VisualStudio.TestPlatform.Fakes: Resolving assembly.
TpTrace Information: 0 : 10336, 1, 2022/05/22, 14:01:28.915, 7539781604807, vstest.console.dll, AssemblyResolver.OnResolve: Microsoft.VisualStudio.TestPlatform.Fakes: Searching in: 'C:\Program Files\dotnet\sdk\6.0.300-preview.22204.3\Extensions'.
TpTrace Information: 0 : 10336, 1, 2022/05/22, 14:01:28.915, 7539781606126, vstest.console.dll, AssemblyResolver.OnResolve: Microsoft.VisualStudio.TestPlatform.Fakes: Assembly path does not exist: 'C:\Program Files\dotnet\sdk\6.0.300-preview.22204.3\Extensions\Microsoft.VisualStudio.TestPlatform.Fakes.dll', returning.
TpTrace Information: 0 : 10336, 1, 2022/05/22, 14:01:28.915, 7539781606957, vstest.console.dll, AssemblyResolver.OnResolve: Microsoft.VisualStudio.TestPlatform.Fakes: Assembly path does not exist: 'C:\Program Files\dotnet\sdk\6.0.300-preview.22204.3\Extensions\Microsoft.VisualStudio.TestPlatform.Fakes.exe', returning.
TpTrace Information: 0 : 10336, 1, 2022/05/22, 14:01:28.915, 7539781607253, vstest.console.dll, AssemblyResolver.OnResolve: Microsoft.VisualStudio.TestPlatform.Fakes: Searching in: 'C:\Program Files\dotnet\sdk\6.0.300-preview.22204.3'.
TpTrace Information: 0 : 10336, 1, 2022/05/22, 14:01:28.915, 7539781607914, vstest.console.dll, AssemblyResolver.OnResolve: Microsoft.VisualStudio.TestPlatform.Fakes: Assembly path does not exist: 'C:\Program Files\dotnet\sdk\6.0.300-preview.22204.3\Microsoft.VisualStudio.TestPlatform.Fakes.dll', returning.
TpTrace Information: 0 : 10336, 1, 2022/05/22, 14:01:28.915, 7539781608527, vstest.console.dll, AssemblyResolver.OnResolve: Microsoft.VisualStudio.TestPlatform.Fakes: Assembly path does not exist: 'C:\Program Files\dotnet\sdk\6.0.300-preview.22204.3\Microsoft.VisualStudio.TestPlatform.Fakes.exe', returning.
TpTrace Information: 0 : 10336, 1, 2022/05/22, 14:01:28.915, 7539781609353, vstest.console.dll, AssemblyResolver.OnResolve: Microsoft.VisualStudio.TestPlatform.Fakes: Failed to load assembly.
TpTrace Information: 0 : 10336, 1, 2022/05/22, 14:01:28.915, 7539781612086, vstest.console.dll, Failed to load assembly Microsoft.VisualStudio.TestPlatform.Fakes, Version=17.0.0.0, Culture=neutral. Reason:System.IO.FileNotFoundException: Could not load file or assembly 'Microsoft.VisualStudio.TestPlatform.Fakes, Version=17.0.0.0, Culture=neutral, PublicKeyToken=null'. The system cannot find the file specified.
File name: 'Microsoft.VisualStudio.TestPlatform.Fakes, Version=17.0.0.0, Culture=neutral, PublicKeyToken=null'
   at System.Reflection.RuntimeAssembly.InternalLoad(ObjectHandleOnStack assemblyName, ObjectHandleOnStack requestingAssembly, StackCrawlMarkHandle stackMark, Boolean throwOnFileNotFound, ObjectHandleOnStack assemblyLoadContext, ObjectHandleOnStack retAssembly)
   at System.Reflection.RuntimeAssembly.InternalLoad(AssemblyName assemblyName, RuntimeAssembly requestingAssembly, StackCrawlMark& stackMark, Boolean throwOnFileNotFound, AssemblyLoadContext assemblyLoadContext)
   at System.Reflection.Assembly.Load(AssemblyName assemblyRef)
   at Microsoft.VisualStudio.TestPlatform.Common.Utilities.FakesUtilities.LoadTestPlatformAssembly()
TpTrace Verbose: 0 : 10336, 1, 2022/05/22, 14:01:28.919, 7539781646958, vstest.console.dll, TestPluginCache.DiscoverTestExtensions: finding test extensions in assemblies ends with: TestLogger.dll TPluginInfo: Microsoft.VisualStudio.TestPlatform.Common.ExtensionFramework.Utilities.TestLoggerPluginInformation TExtension: Microsoft.VisualStudio.TestPlatform.ObjectModel.Client.ITestLogger
TpTrace Verbose: 0 : 10336, 1, 2022/05/22, 14:01:28.919, 7539781647770, vstest.console.dll, TestPluginCache.GetExtensionPaths: Filtered extension paths: 
TpTrace Verbose: 0 : 10336, 1, 2022/05/22, 14:01:28.919, 7539781648102, vstest.console.dll, TestPluginCache.GetExtensionPaths: Added default extension paths: C:\Program Files\dotnet\sdk\6.0.300-preview.22204.3\Extensions\DumpMinitool.exe
C:\Program Files\dotnet\sdk\6.0.300-preview.22204.3\Extensions\DumpMinitool.x86.exe
C:\Program Files\dotnet\sdk\6.0.300-preview.22204.3\Extensions\Microsoft.Diagnostics.NETCore.Client.dll
C:\Program Files\dotnet\sdk\6.0.300-preview.22204.3\Extensions\Microsoft.TestPlatform.Extensions.BlameDataCollector.dll
C:\Program Files\dotnet\sdk\6.0.300-preview.22204.3\Extensions\Microsoft.TestPlatform.Extensions.EventLogCollector.dll
C:\Program Files\dotnet\sdk\6.0.300-preview.22204.3\Extensions\Microsoft.TestPlatform.TestHostRuntimeProvider.dll
C:\Program Files\dotnet\sdk\6.0.300-preview.22204.3\Extensions\Microsoft.VisualStudio.TestPlatform.Extensions.Html.TestLogger.dll
C:\Program Files\dotnet\sdk\6.0.300-preview.22204.3\Extensions\Microsoft.VisualStudio.TestPlatform.Extensions.Trx.TestLogger.dll
TpTrace Verbose: 0 : 10336, 1, 2022/05/22, 14:01:28.919, 7539781648429, vstest.console.dll, TestPluginCache.GetExtensionPaths: Added unfilterableExtensionPaths: 
TpTrace Information: 0 : 10336, 1, 2022/05/22, 14:01:28.919, 7539781649886, vstest.console.dll, AssemblyResolver.AddSearchDirectories: Adding more searchDirectories C:\Program Files\dotnet\sdk\6.0.300-preview.22204.3\Extensions,C:\Program Files\dotnet\sdk\6.0.300-preview.22204.3
TpTrace Verbose: 0 : 10336, 1, 2022/05/22, 14:01:28.919, 7539781650345, vstest.console.dll, TestPluginCache.DiscoverTestExtensions: Discovering the extensions using extension path.
TpTrace Verbose: 0 : 10336, 1, 2022/05/22, 14:01:28.919, 7539781650659, vstest.console.dll, TestPluginCache.GetExtensionPaths: Filtered extension paths: 
TpTrace Verbose: 0 : 10336, 1, 2022/05/22, 14:01:28.919, 7539781650905, vstest.console.dll, TestPluginCache.GetExtensionPaths: Added default extension paths: C:\Program Files\dotnet\sdk\6.0.300-preview.22204.3\Extensions\DumpMinitool.exe
C:\Program Files\dotnet\sdk\6.0.300-preview.22204.3\Extensions\DumpMinitool.x86.exe
C:\Program Files\dotnet\sdk\6.0.300-preview.22204.3\Extensions\Microsoft.Diagnostics.NETCore.Client.dll
C:\Program Files\dotnet\sdk\6.0.300-preview.22204.3\Extensions\Microsoft.TestPlatform.Extensions.BlameDataCollector.dll
C:\Program Files\dotnet\sdk\6.0.300-preview.22204.3\Extensions\Microsoft.TestPlatform.Extensions.EventLogCollector.dll
C:\Program Files\dotnet\sdk\6.0.300-preview.22204.3\Extensions\Microsoft.TestPlatform.TestHostRuntimeProvider.dll
C:\Program Files\dotnet\sdk\6.0.300-preview.22204.3\Extensions\Microsoft.VisualStudio.TestPlatform.Extensions.Html.TestLogger.dll
C:\Program Files\dotnet\sdk\6.0.300-preview.22204.3\Extensions\Microsoft.VisualStudio.TestPlatform.Extensions.Trx.TestLogger.dll
TpTrace Verbose: 0 : 10336, 1, 2022/05/22, 14:01:28.919, 7539781651251, vstest.console.dll, TestPluginCache.GetExtensionPaths: Added unfilterableExtensionPaths: 
TpTrace Verbose: 0 : 10336, 1, 2022/05/22, 14:01:28.919, 7539781651579, vstest.console.dll, TestPluginCache.DiscoverTestExtensions: Discovering the extensions using allExtensionPaths: C:\Program Files\dotnet\sdk\6.0.300-preview.22204.3\Extensions\DumpMinitool.exe
C:\Program Files\dotnet\sdk\6.0.300-preview.22204.3\Extensions\DumpMinitool.x86.exe
C:\Program Files\dotnet\sdk\6.0.300-preview.22204.3\Extensions\Microsoft.Diagnostics.NETCore.Client.dll
C:\Program Files\dotnet\sdk\6.0.300-preview.22204.3\Extensions\Microsoft.TestPlatform.Extensions.BlameDataCollector.dll
C:\Program Files\dotnet\sdk\6.0.300-preview.22204.3\Extensions\Microsoft.TestPlatform.Extensions.EventLogCollector.dll
C:\Program Files\dotnet\sdk\6.0.300-preview.22204.3\Extensions\Microsoft.TestPlatform.TestHostRuntimeProvider.dll
C:\Program Files\dotnet\sdk\6.0.300-preview.22204.3\Extensions\Microsoft.VisualStudio.TestPlatform.Extensions.Html.TestLogger.dll
C:\Program Files\dotnet\sdk\6.0.300-preview.22204.3\Extensions\Microsoft.VisualStudio.TestPlatform.Extensions.Trx.TestLogger.dll
TpTrace Information: 0 : 10336, 1, 2022/05/22, 14:01:28.919, 7539781652031, vstest.console.dll, AssemblyResolver.AddSearchDirectories: Adding more searchDirectories C:\Program Files\dotnet\sdk\6.0.300-preview.22204.3\Extensions,C:\Program Files\dotnet\sdk\6.0.300-preview.22204.3
TpTrace Information: 0 : 10336, 1, 2022/05/22, 14:01:28.919, 7539781652408, vstest.console.dll, AssemblyResolver.AddSearchDirectories: Adding more searchDirectories C:\Program Files\dotnet\sdk\6.0.300-preview.22204.3\Extensions,C:\Program Files\dotnet\sdk\6.0.300-preview.22204.3
TpTrace Information: 0 : 10336, 1, 2022/05/22, 14:01:28.919, 7539781652671, vstest.console.dll, AssemblyResolver.AddSearchDirectories: Adding more searchDirectories C:\Program Files\dotnet\sdk\6.0.300-preview.22204.3\Extensions,C:\Program Files\dotnet\sdk\6.0.300-preview.22204.3
TpTrace Information: 0 : 10336, 1, 2022/05/22, 14:01:28.919, 7539781652922, vstest.console.dll, AssemblyResolver.AddSearchDirectories: Adding more searchDirectories C:\Program Files\dotnet\sdk\6.0.300-preview.22204.3\Extensions,C:\Program Files\dotnet\sdk\6.0.300-preview.22204.3
TpTrace Information: 0 : 10336, 1, 2022/05/22, 14:01:28.919, 7539781653222, vstest.console.dll, AssemblyResolver.AddSearchDirectories: Adding more searchDirectories C:\Program Files\dotnet\sdk\6.0.300-preview.22204.3\Extensions,C:\Program Files\dotnet\sdk\6.0.300-preview.22204.3
TpTrace Information: 0 : 10336, 1, 2022/05/22, 14:01:28.919, 7539781653471, vstest.console.dll, AssemblyResolver.AddSearchDirectories: Adding more searchDirectories C:\Program Files\dotnet\sdk\6.0.300-preview.22204.3\Extensions,C:\Program Files\dotnet\sdk\6.0.300-preview.22204.3
TpTrace Information: 0 : 10336, 1, 2022/05/22, 14:01:28.919, 7539781653719, vstest.console.dll, AssemblyResolver.AddSearchDirectories: Adding more searchDirectories C:\Program Files\dotnet\sdk\6.0.300-preview.22204.3\Extensions,C:\Program Files\dotnet\sdk\6.0.300-preview.22204.3
TpTrace Information: 0 : 10336, 1, 2022/05/22, 14:01:28.919, 7539781654036, vstest.console.dll, AssemblyResolver.AddSearchDirectories: Adding more searchDirectories C:\Program Files\dotnet\sdk\6.0.300-preview.22204.3\Extensions,C:\Program Files\dotnet\sdk\6.0.300-preview.22204.3
TpTrace Verbose: 0 : 10336, 1, 2022/05/22, 14:01:28.920, 7539781655183, vstest.console.dll, MetadataReaderExtensionsHelper: Discovering extensions inside assembly 'DumpMinitool, Version=15.0.0.0, Culture=neutral, PublicKeyToken=b03f5f7f11d50a3a' file path 'C:\Program Files\dotnet\sdk\6.0.300-preview.22204.3\Extensions\DumpMinitool.exe'
TpTrace Verbose: 0 : 10336, 1, 2022/05/22, 14:01:28.920, 7539781657665, vstest.console.dll, MetadataReaderExtensionsHelper: Discovering extensions inside assembly 'DumpMinitool.x86, Version=15.0.0.0, Culture=neutral, PublicKeyToken=b03f5f7f11d50a3a' file path 'C:\Program Files\dotnet\sdk\6.0.300-preview.22204.3\Extensions\DumpMinitool.x86.exe'
TpTrace Verbose: 0 : 10336, 1, 2022/05/22, 14:01:28.920, 7539781659547, vstest.console.dll, MetadataReaderExtensionsHelper: Discovering extensions inside assembly 'Microsoft.Diagnostics.NETCore.Client, Version=0.2.5.801, Culture=neutral, PublicKeyToken=31bf3856ad364e35' file path 'C:\Program Files\dotnet\sdk\6.0.300-preview.22204.3\Extensions\Microsoft.Diagnostics.NETCore.Client.dll'
TpTrace Information: 0 : 10336, 1, 2022/05/22, 14:01:28.920, 7539781662445, vstest.console.dll, AssemblyResolver.OnResolve: Microsoft.Bcl.AsyncInterfaces: Resolving assembly.
TpTrace Information: 0 : 10336, 1, 2022/05/22, 14:01:28.920, 7539781662818, vstest.console.dll, AssemblyResolver.OnResolve: Microsoft.Bcl.AsyncInterfaces: Resolved from cache.
TpTrace Verbose: 0 : 10336, 1, 2022/05/22, 14:01:28.920, 7539781663157, vstest.console.dll, CurrentDomainAssemblyResolve: Resolving assembly 'Microsoft.Bcl.AsyncInterfaces'.
TpTrace Information: 0 : 10336, 1, 2022/05/22, 14:01:28.920, 7539781663543, vstest.console.dll, AssemblyResolver.OnResolve: Microsoft.Bcl.AsyncInterfaces: Resolving assembly.
TpTrace Information: 0 : 10336, 1, 2022/05/22, 14:01:28.920, 7539781663794, vstest.console.dll, AssemblyResolver.OnResolve: Microsoft.Bcl.AsyncInterfaces: Resolved from cache.
TpTrace Verbose: 0 : 10336, 1, 2022/05/22, 14:01:28.920, 7539781664042, vstest.console.dll, CurrentDomainAssemblyResolve: Resolving assembly 'Microsoft.Bcl.AsyncInterfaces'.
TpTrace Verbose: 0 : 10336, 1, 2022/05/22, 14:01:28.921, 7539781664268, vstest.console.dll, CurrentDomainAssemblyResolve: Failed to resolve assembly 'Microsoft.Bcl.AsyncInterfaces'.
TpTrace Verbose: 0 : 10336, 1, 2022/05/22, 14:01:28.921, 7539781665538, vstest.console.dll, CurrentDomainAssemblyResolve: Failed to resolve assembly 'Microsoft.Bcl.AsyncInterfaces'.
TpTrace Warning: 0 : 10336, 1, 2022/05/22, 14:01:28.921, 7539781668478, vstest.console.dll, TestPluginDiscoverer: Failed to get types from assembly 'Microsoft.Diagnostics.NETCore.Client, Version=0.2.5.801, Culture=neutral, PublicKeyToken=31bf3856ad364e35'. Error: System.Reflection.ReflectionTypeLoadException: Unable to load one or more of the requested types.
Could not load file or assembly 'Microsoft.Bcl.AsyncInterfaces, Version=1.0.0.0, Culture=neutral, PublicKeyToken=cc7b13ffcd2ddd51'. The system cannot find the file specified.
   at System.Reflection.RuntimeModule.GetTypes(RuntimeModule module)
   at System.Reflection.Assembly.GetTypes()
   at Microsoft.VisualStudio.TestPlatform.Common.ExtensionFramework.TestPluginDiscoverer.GetTestExtensionsFromAssembly[TPluginInfo,TExtension](Assembly assembly, Dictionary`2 pluginInfos, String filePath)
System.IO.FileNotFoundException: Could not load file or assembly 'Microsoft.Bcl.AsyncInterfaces, Version=1.0.0.0, Culture=neutral, PublicKeyToken=cc7b13ffcd2ddd51'. The system cannot find the file specified.
File name: 'Microsoft.Bcl.AsyncInterfaces, Version=1.0.0.0, Culture=neutral, PublicKeyToken=cc7b13ffcd2ddd51'
 ---> System.IO.FileNotFoundException: Could not load file or assembly 'Microsoft.Bcl.AsyncInterfaces, Culture=neutral, PublicKeyToken=null'. The system cannot find the file specified.
File name: 'Microsoft.Bcl.AsyncInterfaces, Culture=neutral, PublicKeyToken=null'
   at System.Reflection.RuntimeAssembly.InternalLoad(ObjectHandleOnStack assemblyName, ObjectHandleOnStack requestingAssembly, StackCrawlMarkHandle stackMark, Boolean throwOnFileNotFound, ObjectHandleOnStack assemblyLoadContext, ObjectHandleOnStack retAssembly)
   at System.Reflection.RuntimeAssembly.InternalLoad(AssemblyName assemblyName, RuntimeAssembly requestingAssembly, StackCrawlMark& stackMark, Boolean throwOnFileNotFound, AssemblyLoadContext assemblyLoadContext)
   at System.Reflection.Assembly.Load(AssemblyName assemblyRef)
   at Microsoft.VisualStudio.TestPlatform.Common.ExtensionFramework.TestPluginCache.CurrentDomainAssemblyResolve(Object sender, AssemblyResolveEventArgs args)
   at Microsoft.VisualStudio.TestPlatform.PlatformAbstractions.PlatformAssemblyResolver.AssemblyResolverEvent(Object sender, Object eventArgs)
   at System.Runtime.Loader.AssemblyLoadContext.GetFirstResolvedAssemblyFromResolvingEvent(AssemblyName assemblyName)
   at System.Runtime.Loader.AssemblyLoadContext.ResolveUsingEvent(AssemblyName assemblyName)
   at System.Runtime.Loader.AssemblyLoadContext.ResolveUsingResolvingEvent(IntPtr gchManagedAssemblyLoadContext, AssemblyName assemblyName)
TpTrace Warning: 0 : 10336, 1, 2022/05/22, 14:01:28.921, 7539781670225, vstest.console.dll, TestPluginDiscoverer: Failed to load extensions from file 'C:\Program Files\dotnet\sdk\6.0.300-preview.22204.3\Extensions\Microsoft.Diagnostics.NETCore.Client.dll'.  Skipping test extension scan for this file.  Error: System.ArgumentNullException: Value cannot be null. (Parameter 'type')
   at System.Reflection.IntrospectionExtensions.GetTypeInfo(Type type)
   at Microsoft.VisualStudio.TestPlatform.Common.ExtensionFramework.TestPluginDiscoverer.<>c__6`2.<GetTestExtensionsFromAssembly>b__6_1(Type type)
   at System.Linq.Enumerable.WhereArrayIterator`1.MoveNext()
   at System.Collections.Generic.List`1.InsertRange(Int32 index, IEnumerable`1 collection)
   at System.Collections.Generic.List`1.AddRange(IEnumerable`1 collection)
   at Microsoft.VisualStudio.TestPlatform.Common.ExtensionFramework.TestPluginDiscoverer.GetTestExtensionsFromAssembly[TPluginInfo,TExtension](Assembly assembly, Dictionary`2 pluginInfos, String filePath)
   at Microsoft.VisualStudio.TestPlatform.Common.ExtensionFramework.TestPluginDiscoverer.GetTestExtensionsFromFiles[TPluginInfo,TExtension](String[] files, Dictionary`2 pluginInfos)
TpTrace Verbose: 0 : 10336, 1, 2022/05/22, 14:01:28.921, 7539781670838, vstest.console.dll, MetadataReaderExtensionsHelper: Discovering extensions inside assembly 'Microsoft.TestPlatform.Extensions.BlameDataCollector, Version=15.0.0.0, Culture=neutral, PublicKeyToken=b03f5f7f11d50a3a' file path 'C:\Program Files\dotnet\sdk\6.0.300-preview.22204.3\Extensions\Microsoft.TestPlatform.Extensions.BlameDataCollector.dll'
TpTrace Information: 0 : 10336, 1, 2022/05/22, 14:01:28.921, 7539781673952, vstest.console.dll, GetTestExtensionFromType: Register extension with identifier data 'logger://Microsoft/TestPlatform/Extensions/Blame/v1' and type 'Microsoft.TestPlatform.Extensions.BlameDataCollector.BlameLogger, Microsoft.TestPlatform.Extensions.BlameDataCollector, Version=15.0.0.0, Culture=neutral, PublicKeyToken=b03f5f7f11d50a3a' inside file 'C:\Program Files\dotnet\sdk\6.0.300-preview.22204.3\Extensions\Microsoft.TestPlatform.Extensions.BlameDataCollector.dll'
TpTrace Verbose: 0 : 10336, 1, 2022/05/22, 14:01:28.922, 7539781674505, vstest.console.dll, MetadataReaderExtensionsHelper: Discovering extensions inside assembly 'Microsoft.TestPlatform.Extensions.EventLogCollector, Version=15.0.0.0, Culture=neutral, PublicKeyToken=b03f5f7f11d50a3a' file path 'C:\Program Files\dotnet\sdk\6.0.300-preview.22204.3\Extensions\Microsoft.TestPlatform.Extensions.EventLogCollector.dll'
TpTrace Verbose: 0 : 10336, 1, 2022/05/22, 14:01:28.922, 7539781676625, vstest.console.dll, MetadataReaderExtensionsHelper: Discovering extensions inside assembly 'Microsoft.TestPlatform.TestHostRuntimeProvider, Version=15.0.0.0, Culture=neutral, PublicKeyToken=b03f5f7f11d50a3a' file path 'C:\Program Files\dotnet\sdk\6.0.300-preview.22204.3\Extensions\Microsoft.TestPlatform.TestHostRuntimeProvider.dll'
TpTrace Verbose: 0 : 10336, 1, 2022/05/22, 14:01:28.922, 7539781678750, vstest.console.dll, MetadataReaderExtensionsHelper: Discovering extensions inside assembly 'Microsoft.VisualStudio.TestPlatform.Extensions.Html.TestLogger, Version=15.0.0.0, Culture=neutral, PublicKeyToken=b03f5f7f11d50a3a' file path 'C:\Program Files\dotnet\sdk\6.0.300-preview.22204.3\Extensions\Microsoft.VisualStudio.TestPlatform.Extensions.Html.TestLogger.dll'
TpTrace Information: 0 : 10336, 1, 2022/05/22, 14:01:28.922, 7539781680671, vstest.console.dll, GetTestExtensionFromType: Register extension with identifier data 'logger://Microsoft/TestPlatform/HtmlLogger/v1' and type 'Microsoft.VisualStudio.TestPlatform.Extensions.HtmlLogger.HtmlLogger, Microsoft.VisualStudio.TestPlatform.Extensions.Html.TestLogger, Version=15.0.0.0, Culture=neutral, PublicKeyToken=b03f5f7f11d50a3a' inside file 'C:\Program Files\dotnet\sdk\6.0.300-preview.22204.3\Extensions\Microsoft.VisualStudio.TestPlatform.Extensions.Html.TestLogger.dll'
TpTrace Verbose: 0 : 10336, 1, 2022/05/22, 14:01:28.922, 7539781681217, vstest.console.dll, MetadataReaderExtensionsHelper: Discovering extensions inside assembly 'Microsoft.VisualStudio.TestPlatform.Extensions.Trx.TestLogger, Version=15.0.0.0, Culture=neutral, PublicKeyToken=b03f5f7f11d50a3a' file path 'C:\Program Files\dotnet\sdk\6.0.300-preview.22204.3\Extensions\Microsoft.VisualStudio.TestPlatform.Extensions.Trx.TestLogger.dll'
TpTrace Information: 0 : 10336, 1, 2022/05/22, 14:01:28.922, 7539781683395, vstest.console.dll, GetTestExtensionFromType: Register extension with identifier data 'logger://Microsoft/TestPlatform/TrxLogger/v1' and type 'Microsoft.VisualStudio.TestPlatform.Extensions.TrxLogger.TrxLogger, Microsoft.VisualStudio.TestPlatform.Extensions.Trx.TestLogger, Version=15.0.0.0, Culture=neutral, PublicKeyToken=b03f5f7f11d50a3a' inside file 'C:\Program Files\dotnet\sdk\6.0.300-preview.22204.3\Extensions\Microsoft.VisualStudio.TestPlatform.Extensions.Trx.TestLogger.dll'
TpTrace Verbose: 0 : 10336, 1, 2022/05/22, 14:01:28.922, 7539781683941, vstest.console.dll, TestPluginCache: Discovered the extensions using extension path ''.
TpTrace Verbose: 0 : 10336, 1, 2022/05/22, 14:01:28.922, 7539781684210, vstest.console.dll, TestPluginCache: Discoverers are ''.
TpTrace Verbose: 0 : 10336, 1, 2022/05/22, 14:01:28.923, 7539781684431, vstest.console.dll, TestPluginCache: Executors are ''.
TpTrace Verbose: 0 : 10336, 1, 2022/05/22, 14:01:28.923, 7539781684702, vstest.console.dll, TestPluginCache: Executors2 are ''.
TpTrace Verbose: 0 : 10336, 1, 2022/05/22, 14:01:28.923, 7539781684928, vstest.console.dll, TestPluginCache: Setting providers are ''.
TpTrace Verbose: 0 : 10336, 1, 2022/05/22, 14:01:28.923, 7539781685628, vstest.console.dll, TestPluginCache: Loggers are 'logger://Microsoft/TestPlatform/Extensions/Blame/v1,logger://Microsoft/TestPlatform/HtmlLogger/v1,logger://Microsoft/TestPlatform/TrxLogger/v1'.
TpTrace Verbose: 0 : 10336, 1, 2022/05/22, 14:01:28.923, 7539781685958, vstest.console.dll, TestPluginCache: TestHosts are 'HostProvider://DefaultTestHost,HostProvider://DotnetTestHost'.
TpTrace Verbose: 0 : 10336, 1, 2022/05/22, 14:01:28.923, 7539781686186, vstest.console.dll, TestPluginCache: DataCollectors are ''.
TpTrace Information: 0 : 10336, 1, 2022/05/22, 14:01:28.923, 7539781691678, vstest.console.dll, TestPluginManager.CreateTestExtension: Attempting to load test extension: Microsoft.TestPlatform.Extensions.BlameDataCollector.BlameLogger
TpTrace Information: 0 : 10336, 1, 2022/05/22, 14:01:28.927, 7539781732737, vstest.console.dll, TestPluginManager.CreateTestExtension: Attempting to load test extension: Microsoft.VisualStudio.TestPlatform.CrossPlatEngine.Hosting.DefaultTestHostManager
TpTrace Information: 0 : 10336, 1, 2022/05/22, 14:01:28.928, 7539781743874, vstest.console.dll, TestPluginManager.CreateTestExtension: Attempting to load test extension: Microsoft.VisualStudio.TestPlatform.CrossPlatEngine.Hosting.DotnetTestHostManager
TpTrace Verbose: 0 : 10336, 1, 2022/05/22, 14:01:28.929, 7539781749901, vstest.console.dll, TestEngine: Initializing Parallel Execution as MaxCpuCount is set to: 1
TpTrace Information: 0 : 10336, 1, 2022/05/22, 14:01:28.930, 7539781755519, vstest.console.dll, InferRunSettingsHelper.IsTestSettingsEnabled: Unable to navigate to RunSettings/MSTest. Current node: RunSettings
TpTrace Verbose: 0 : 10336, 1, 2022/05/22, 14:01:28.941, 7539781865913, vstest.console.dll, TestRequestSender is acting as server
TpTrace Verbose: 0 : 10336, 1, 2022/05/22, 14:01:28.943, 7539781893715, vstest.console.dll, TestEngine.GetExecutionManager: Chosen execution manager 'Microsoft.VisualStudio.TestPlatform.CrossPlatEngine.Client.Parallel.ParallelProxyExecutionManager, Microsoft.TestPlatform.CrossPlatEngine, Version=15.0.0.0, Culture=neutral, PublicKeyToken=b03f5f7f11d50a3a' ParallelLevel '1' Shared host 'False'
TpTrace Verbose: 0 : 10336, 5, 2022/05/22, 14:01:28.946, 7539781923235, vstest.console.dll, DataCollectionRequestSender.InitializeCommunication : Initialize communication. 
TpTrace Information: 0 : 10336, 5, 2022/05/22, 14:01:28.952, 7539781980504, vstest.console.dll, Listening on Endpoint : 127.0.0.1:64507
TpTrace Verbose: 0 : 10336, 5, 2022/05/22, 14:01:28.962, 7539782081732, vstest.console.dll, DotnetDataCollectionLauncher: Full path of dotnet.exe is C:\Program Files\dotnet\dotnet.exe
TpTrace Verbose: 0 : 10336, 5, 2022/05/22, 14:01:28.962, 7539782083796, vstest.console.dll, DotnetDataCollectionLauncher: Adding  --runtimeconfig "C:\Program Files\dotnet\sdk\6.0.300-preview.22204.3\datacollector.runtimeconfig.json" in args
TpTrace Verbose: 0 : 10336, 5, 2022/05/22, 14:01:28.963, 7539782084659, vstest.console.dll, DotnetDataCollectionLauncher: Adding  --depsfile "C:\Program Files\dotnet\sdk\6.0.300-preview.22204.3\datacollector.deps.json" in args
TpTrace Information: 0 : 10336, 5, 2022/05/22, 14:01:28.974, 7539782202336, vstest.console.dll, ProxyDataCollectionManager.Initialize: Launched datacollector processId: 38584 port: 64507
TpTrace Information: 0 : 10336, 5, 2022/05/22, 14:01:28.974, 7539782204070, vstest.console.dll, ProxyDataCollectionManager.Initialize: waiting for connection with timeout: 90 seconds
TpTrace Verbose: 0 : 10336, 5, 2022/05/22, 14:01:28.975, 7539782204678, vstest.console.dll, DataCollectionRequestSender.WaitForRequestHandlerConnection : Waiting for connection with timeout: 90000
TpTrace Information: 0 : 10336, 8, 2022/05/22, 14:01:29.117, 7539783628882, vstest.console.dll, Using the buffer size of 16384 bytes
TpTrace Verbose: 0 : 10336, 5, 2022/05/22, 14:01:29.117, 7539783629038, vstest.console.dll, SocketCommunicationManager.WaitForClientConnection took: 142 ms, with 90000 ms timeout, and finished with True.
TpTrace Information: 0 : 10336, 8, 2022/05/22, 14:01:29.117, 7539783629641, vstest.console.dll, Accepted Client request and set the flag
TpTrace Verbose: 0 : 10336, 5, 2022/05/22, 14:01:29.117, 7539783630810, vstest.console.dll, ProxyDataCollectionManager.InvokeDataCollectionServiceAction: Starting.
TpTrace Information: 0 : 10336, 5, 2022/05/22, 14:01:29.117, 7539783631753, vstest.console.dll, ProxyDataCollectionManager.BeforeTestRunStart: Get environment variable and port for datacollector processId: 38584 port: 64507
TpTrace Verbose: 0 : 10336, 5, 2022/05/22, 14:01:29.118, 7539783634577, vstest.console.dll, DataCollectionRequestSender.SendBeforeTestRunStartAndGetResult : Send BeforeTestRunStart message with settingsXml <RunSettings><RunConfiguration><ResultsDirectory>D:\MyWorks\Assignment\Cognizant\Tests\bin\Debug\net5.0\fine-code-coverage\coverage-tool-output</ResultsDirectory><TargetPlatform>X64</TargetPlatform><TargetFrameworkVersion>.NETCoreApp,Version=v5.0</TargetFrameworkVersion><DesignMode>False</DesignMode><CollectSourceInformation>False</CollectSourceInformation><TestAdaptersPaths>C:\Program Files\dotnet\sdk\6.0.300-preview.22204.3\Extensions</TestAdaptersPaths></RunConfiguration><LoggerRunSettings><Loggers><Logger friendlyName="blame" enabled="True" /><Logger friendlyName="Console" uri="logger://microsoft/TestPlatform/ConsoleLogger/v1" assemblyQualifiedName="Microsoft.VisualStudio.TestPlatform.CommandLine.Internal.ConsoleLogger, vstest.console, Version=15.0.0.0, Culture=neutral, PublicKeyToken=b03f5f7f11d50a3a" codeBase="C:\Program Files\dotnet\sdk\6.0.300-preview.22204.3\vstest.console.dll" enabled="True" /></Loggers></LoggerRunSettings><DataCollectionRunSettings><DataCollectors><DataCollector friendlyName="blame" enabled="True"><Configuration><ResultsDirectory>D:\MyWorks\Assignment\Cognizant\Tests\bin\Debug\net5.0\fine-code-coverage\coverage-tool-output</ResultsDirectory></Configuration></DataCollector></DataCollectors></DataCollectionRunSettings></RunSettings> and sources System.Linq.Enumerable+Concat2Iterator`1[System.String]: 
TpTrace Verbose: 0 : 10336, 5, 2022/05/22, 14:01:29.190, 7539784354948, vstest.console.dll, DataCollectionRequestSender.SendBeforeTestRunStartAndGetResult : Received message: (DataCollection.SendMessage) -> {
  "FriendlyName": null,
  "Uri": null,
  "TestCaseId": "00000000-0000-0000-0000-000000000000",
  "Message": "Logging DataCollector Diagnostics in file: D:\\MyWorks\\Assignment\\Cognizant\\Tests\\bin\\Debug\\net5.0\\fine-code-coverage\\coverage-tool-output\\diagnostics.datacollector.22-05-22_14-01-28_95886_5.log",
  "Level": 0
}
TpTrace Verbose: 0 : 10336, 5, 2022/05/22, 14:01:29.281, 7539785268608, vstest.console.dll, DataCollectionRequestSender.SendBeforeTestRunStartAndGetResult : Received message: (DataCollection.BeforeTestRunStartResult) -> {
  "EnvironmentVariables": {},
  "DataCollectionEventsPort": 64509
}
TpTrace Information: 0 : 10336, 5, 2022/05/22, 14:01:29.288, 7539785339264, vstest.console.dll, ProxyDataCollectionManager.BeforeTestRunStart: SendBeforeTestRunStartAndGetResult successful, env variable from datacollector:   and testhost port: 64509
TpTrace Information: 0 : 10336, 5, 2022/05/22, 14:01:29.288, 7539785340914, vstest.console.dll, ProxyDataCollectionManager.InvokeDataCollectionServiceAction: Completed.
TpTrace Verbose: 0 : 10336, 1, 2022/05/22, 14:01:29.288, 7539785343036, vstest.console.dll, TestRunRequest.ExecuteAsync: Creating test run request.
TpTrace Verbose: 0 : 10336, 1, 2022/05/22, 14:01:29.289, 7539785346172, vstest.console.dll, TestRunRequest.ExecuteAsync: Starting.
TpTrace Information: 0 : 10336, 1, 2022/05/22, 14:01:29.289, 7539785349982, vstest.console.dll, TestRunRequest.ExecuteAsync: Starting run with settings:TestRunCriteria:
   KeepAlive=False,FrequencyOfRunStatsChangeEvent=10,RunStatsChangeEventTimeout=00:00:01.5000000,TestCaseFilter=,TestExecutorLauncher=
   Settingsxml=<RunSettings>
  <RunConfiguration>
    <ResultsDirectory>D:\MyWorks\Assignment\Cognizant\Tests\bin\Debug\net5.0\fine-code-coverage\coverage-tool-output</ResultsDirectory>
    <TargetPlatform>X64</TargetPlatform>
    <TargetFrameworkVersion>.NETCoreApp,Version=v5.0</TargetFrameworkVersion>
    <DesignMode>False</DesignMode>
    <CollectSourceInformation>False</CollectSourceInformation>
  </RunConfiguration>
  <LoggerRunSettings>
    <Loggers>
      <Logger friendlyName="blame" enabled="True" />
      <Logger friendlyName="Console" uri="logger://microsoft/TestPlatform/ConsoleLogger/v1" assemblyQualifiedName="Microsoft.VisualStudio.TestPlatform.CommandLine.Internal.ConsoleLogger, vstest.console, Version=15.0.0.0, Culture=neutral, PublicKeyToken=b03f5f7f11d50a3a" codeBase="C:\Program Files\dotnet\sdk\6.0.300-preview.22204.3\vstest.console.dll" enabled="True" />
    </Loggers>
  </LoggerRunSettings>
  <DataCollectionRunSettings>
    <DataCollectors>
      <DataCollector friendlyName="blame" enabled="True">
        <Configuration>
          <ResultsDirectory>D:\MyWorks\Assignment\Cognizant\Tests\bin\Debug\net5.0\fine-code-coverage\coverage-tool-output</ResultsDirectory>
        </Configuration>
      </DataCollector>
    </DataCollectors>
  </DataCollectionRunSettings>
</RunSettings>

TpTrace Verbose: 0 : 10336, 1, 2022/05/22, 14:01:29.289, 7539785351069, vstest.console.dll, TestRunRequest.ExecuteAsync: Wait for the first run request is over.
TpTrace Verbose: 0 : 10336, 1, 2022/05/22, 14:01:29.290, 7539785355535, vstest.console.dll, MulticastDelegateUtilities.SafeInvoke: TestRun.TestRunStart: Invoking callbacks was skipped because there are no subscribers.
TpTrace Verbose: 0 : 10336, 1, 2022/05/22, 14:01:29.290, 7539785358113, vstest.console.dll, ParallelProxyExecutionManager: Start execution. Total sources: 1
TpTrace Verbose: 0 : 10336, 4, 2022/05/22, 14:01:29.290, 7539785358145, vstest.console.dll, MulticastDelegateUtilities.SafeInvoke: InternalTestLoggerEvents.SendTestRunStart: Invoking callback 1/1 for Microsoft.VisualStudio.TestPlatform.CommandLine.Internal.ConsoleLogger.TestRunStartHandler, took 0 ms.
TpTrace Information: 0 : 10336, 1, 2022/05/22, 14:01:29.291, 7539785366941, vstest.console.dll, ProxyParallelExecutionManager: Triggering test run for next source: D:\MyWorks\Assignment\Cognizant\Tests\bin\Debug\net5.0\fine-code-coverage\build-output\Tests.dll
TpTrace Verbose: 0 : 10336, 5, 2022/05/22, 14:01:29.291, 7539785369267, vstest.console.dll, ParallelProxyExecutionManager: Execution started. Started clients: 1
TpTrace Verbose: 0 : 10336, 1, 2022/05/22, 14:01:29.291, 7539785370023, vstest.console.dll, ProxyParallelExecutionManager: No sources available for execution.
TpTrace Information: 0 : 10336, 1, 2022/05/22, 14:01:29.291, 7539785370756, vstest.console.dll, TestRunRequest.ExecuteAsync: Started.
TpTrace Verbose: 0 : 10336, 1, 2022/05/22, 14:01:29.291, 7539785371945, vstest.console.dll, TestRunRequest.WaitForCompletion: Waiting with timeout -1.
TpTrace Verbose: 0 : 10336, 5, 2022/05/22, 14:01:29.291, 7539785373076, vstest.console.dll, TestRunRequest:SendTestRunMessage: Starting.
TpTrace Verbose: 0 : 10336, 5, 2022/05/22, 14:01:29.292, 7539785374900, vstest.console.dll, MulticastDelegateUtilities.SafeInvoke: TestRun.LogMessages: Invoking callback 1/1 for Microsoft.VisualStudio.TestPlatform.CommandLine.TestRunResultAggregator.TestRunMessageHandler, took 0 ms.
TpTrace Information: 0 : 10336, 5, 2022/05/22, 14:01:29.292, 7539785375338, vstest.console.dll, TestRunRequest:SendTestRunMessage: Completed.
TpTrace Verbose: 0 : 10336, 4, 2022/05/22, 14:01:29.292, 7539785375465, vstest.console.dll, MulticastDelegateUtilities.SafeInvoke: InternalTestLoggerEvents.SendTestRunMessage: Invoking callback 1/1 for Microsoft.VisualStudio.TestPlatform.CommandLine.Internal.ConsoleLogger.TestMessageHandler, took 0 ms.
TpTrace Verbose: 0 : 10336, 5, 2022/05/22, 14:01:29.292, 7539785377652, vstest.console.dll, ProxyExecutionManager: Test host is always Lazy initialize.
TpTrace Verbose: 0 : 10336, 5, 2022/05/22, 14:01:29.292, 7539785379999, vstest.console.dll, TestRequestSender.InitializeCommunication: initialize communication. 
TpTrace Information: 0 : 10336, 5, 2022/05/22, 14:01:29.293, 7539785385407, vstest.console.dll, SocketServer.Start: Listening on endpoint : 127.0.0.1:64513
TpTrace Verbose: 0 : 10336, 5, 2022/05/22, 14:01:29.293, 7539785392561, vstest.console.dll, DotnetTestHostmanager.GetTestHostProcessStartInfo: Platform environment 'X64' target architecture 'X64' framework '.NETCoreApp,Version=v5.0' OS 'Windows'
TpTrace Verbose: 0 : 10336, 5, 2022/05/22, 14:01:29.294, 7539785394389, vstest.console.dll, DotnetTestHostmanager: Adding  --runtimeconfig "D:\MyWorks\Assignment\Cognizant\Tests\bin\Debug\net5.0\fine-code-coverage\build-output\Tests.runtimeconfig.json" in args
TpTrace Verbose: 0 : 10336, 5, 2022/05/22, 14:01:29.294, 7539785394962, vstest.console.dll, DotnetTestHostmanager: Adding  --depsfile "D:\MyWorks\Assignment\Cognizant\Tests\bin\Debug\net5.0\fine-code-coverage\build-output\Tests.deps.json" in args
TpTrace Verbose: 0 : 10336, 5, 2022/05/22, 14:01:29.297, 7539785426075, vstest.console.dll, DotnetTestHostmanager.IsWinOnArm: Current PROCESSOR_ARCHITECTURE from registry 'AMD64'
TpTrace Verbose: 0 : 10336, 5, 2022/05/22, 14:01:29.297, 7539785427262, vstest.console.dll, DotnetTestHostmanager.IsWinOnArm: Is Windows on ARM 'False'
TpTrace Verbose: 0 : 10336, 5, 2022/05/22, 14:01:29.297, 7539785428452, vstest.console.dll, DotnetTestHostManager: testhost.exe found at path: D:\MyWorks\Assignment\Cognizant\Tests\bin\Debug\net5.0\fine-code-coverage\build-output\testhost.exe
TpTrace Verbose: 0 : 10336, 5, 2022/05/22, 14:01:29.297, 7539785428977, vstest.console.dll, DotnetTestHostmanager: Full path of host exe is D:\MyWorks\Assignment\Cognizant\Tests\bin\Debug\net5.0\fine-code-coverage\build-output\testhost.exe
TpTrace Verbose: 0 : 10336, 5, 2022/05/22, 14:01:29.297, 7539785430411, vstest.console.dll, DotnetTestHostmanager.LaunchTestHostAsync: Found 'VSTEST_WINAPPHOST_DOTNET_ROOT' in env variables, value 'C:\Program Files\dotnet', forwarding to 'DOTNET_ROOT'
TpTrace Verbose: 0 : 10336, 7, 2022/05/22, 14:01:29.298, 7539785439022, vstest.console.dll, DotnetTestHostManager: Starting process 'D:\MyWorks\Assignment\Cognizant\Tests\bin\Debug\net5.0\fine-code-coverage\build-output\testhost.exe' with command line ' --runtimeconfig "D:\MyWorks\Assignment\Cognizant\Tests\bin\Debug\net5.0\fine-code-coverage\build-output\Tests.runtimeconfig.json" --depsfile "D:\MyWorks\Assignment\Cognizant\Tests\bin\Debug\net5.0\fine-code-coverage\build-output\Tests.deps.json" --port 64513 --endpoint 127.0.0.1:064513 --role client --parentprocessid 10336 --diag "D:\MyWorks\Assignment\Cognizant\Tests\bin\Debug\net5.0\fine-code-coverage\coverage-tool-output\diagnostics.host.22-05-22_14-01-29_29348_5.log" --tracelevel 4 --datacollectionport 64509 --telemetryoptedin false'
TpTrace Verbose: 0 : 10336, 7, 2022/05/22, 14:01:29.319, 7539785651123, vstest.console.dll, MulticastDelegateUtilities.SafeInvoke: HostProviderEvents.OnHostLaunched: Invoking callback 1/2 for Microsoft.VisualStudio.TestPlatform.CrossPlatEngine.Client.ProxyExecutionManagerWithDataCollection.TestHostLaunchedHandler, took 1 ms.
TpTrace Verbose: 0 : 10336, 7, 2022/05/22, 14:01:29.319, 7539785652705, vstest.console.dll, Test Runtime launched
TpTrace Verbose: 0 : 10336, 7, 2022/05/22, 14:01:29.319, 7539785653229, vstest.console.dll, MulticastDelegateUtilities.SafeInvoke: HostProviderEvents.OnHostLaunched: Invoking callback 2/2 for Microsoft.VisualStudio.TestPlatform.CrossPlatEngine.Client.ProxyOperationManager.TestHostManagerHostLaunched, took 0 ms.
TpTrace Verbose: 0 : 10336, 5, 2022/05/22, 14:01:29.320, 7539785659452, vstest.console.dll, TestRequestSender.WaitForRequestHandlerConnection: waiting for connection with timeout: 90000.
TpTrace Verbose: 0 : 10336, 5, 2022/05/22, 14:01:29.607, 7539788527770, vstest.console.dll, TestRequestSender.WaitForRequestHandlerConnection: waiting took 286 ms, with timeout 90000 ms, and result 0, which is success.
TpTrace Verbose: 0 : 10336, 7, 2022/05/22, 14:01:29.607, 7539788527768, vstest.console.dll, MulticastDelegateUtilities.SafeInvoke: SocketServer: ClientConnected: Invoking callback 1/1 for Microsoft.VisualStudio.TestPlatform.CommunicationUtilities.TestRequestSender.<InitializeCommunication>b__23_0, took 0 ms.
TpTrace Verbose: 0 : 10336, 7, 2022/05/22, 14:01:29.607, 7539788530366, vstest.console.dll, SocketServer.OnClientConnected: Client connected for endPoint: 127.0.0.1:64513, starting MessageLoopAsync:
TpTrace Verbose: 0 : 10336, 14, 2022/05/22, 14:01:29.607, 7539788533396, vstest.console.dll, TcpClientExtensions.MessageLoopAsync: Polling on remoteEndPoint: 127.0.0.1:64518 localEndPoint: 127.0.0.1:64513
TpTrace Verbose: 0 : 10336, 5, 2022/05/22, 14:01:29.613, 7539788586850, vstest.console.dll, TestRequestSender.CheckVersionWithTestHost: Sending check version message: {"MessageType":"ProtocolVersion","Payload":5}
TpTrace Verbose: 0 : 10336, 14, 2022/05/22, 14:01:29.815, 7539790610992, vstest.console.dll, TcpClientExtensions.MessageLoopAsync: NotifyDataAvailable remoteEndPoint: 127.0.0.1:64518 localEndPoint: 127.0.0.1:64513
TpTrace Verbose: 0 : 10336, 14, 2022/05/22, 14:01:29.816, 7539790616543, vstest.console.dll, TestRequestSender.CheckVersionWithTestHost: onMessageReceived received message: (ProtocolVersion) -> 5
TpTrace Verbose: 0 : 10336, 14, 2022/05/22, 14:01:29.817, 7539790625587, vstest.console.dll, MulticastDelegateUtilities.SafeInvoke: LengthPrefixCommunicationChannel: MessageReceived: Invoking callback 1/1 for Microsoft.VisualStudio.TestPlatform.CommunicationUtilities.TestRequestSender+<>c__DisplayClass25_0.<CheckVersionWithTestHost>b__0, took 1 ms.
TpTrace Verbose: 0 : 10336, 5, 2022/05/22, 14:01:29.817, 7539790626322, vstest.console.dll, TestPluginCache.GetExtensionPaths: Filtered extension paths: 
TpTrace Verbose: 0 : 10336, 14, 2022/05/22, 14:01:29.817, 7539790627964, vstest.console.dll, TcpClientExtensions.MessageLoopAsync: Polling on remoteEndPoint: 127.0.0.1:64518 localEndPoint: 127.0.0.1:64513
TpTrace Verbose: 0 : 10336, 5, 2022/05/22, 14:01:29.817, 7539790629210, vstest.console.dll, TestPluginCache.GetExtensionPaths: Added default extension paths: C:\Program Files\dotnet\sdk\6.0.300-preview.22204.3\Extensions\DumpMinitool.exe
C:\Program Files\dotnet\sdk\6.0.300-preview.22204.3\Extensions\DumpMinitool.x86.exe
C:\Program Files\dotnet\sdk\6.0.300-preview.22204.3\Extensions\Microsoft.Diagnostics.NETCore.Client.dll
C:\Program Files\dotnet\sdk\6.0.300-preview.22204.3\Extensions\Microsoft.TestPlatform.Extensions.BlameDataCollector.dll
C:\Program Files\dotnet\sdk\6.0.300-preview.22204.3\Extensions\Microsoft.TestPlatform.Extensions.EventLogCollector.dll
C:\Program Files\dotnet\sdk\6.0.300-preview.22204.3\Extensions\Microsoft.TestPlatform.TestHostRuntimeProvider.dll
C:\Program Files\dotnet\sdk\6.0.300-preview.22204.3\Extensions\Microsoft.VisualStudio.TestPlatform.Extensions.Html.TestLogger.dll
C:\Program Files\dotnet\sdk\6.0.300-preview.22204.3\Extensions\Microsoft.VisualStudio.TestPlatform.Extensions.Trx.TestLogger.dll
TpTrace Verbose: 0 : 10336, 5, 2022/05/22, 14:01:29.817, 7539790630335, vstest.console.dll, TestPluginCache.GetExtensionPaths: Added unfilterableExtensionPaths: 
TpTrace Verbose: 0 : 10336, 5, 2022/05/22, 14:01:29.824, 7539790699566, vstest.console.dll, TestRequestSender.InitializeExecution: Sending initialize execution with message: {"Version":5,"MessageType":"TestExecution.Initialize","Payload":["D:\\MyWorks\\Assignment\\Cognizant\\Tests\\bin\\Debug\\net5.0\\fine-code-coverage\\build-output\\xunit.runner.visualstudio.dotnetcore.testadapter.dll"]}
TpTrace Warning: 0 : 10336, 5, 2022/05/22, 14:01:29.825, 7539790707949, vstest.console.dll, InferRunSettingsHelper.MakeRunsettingsCompatible: Removing the following settings: TargetPlatform from RunSettings file. To use those settings please move to latest version of Microsoft.NET.Test.Sdk
TpTrace Verbose: 0 : 10336, 14, 2022/05/22, 14:01:29.838, 7539790841237, vstest.console.dll, TcpClientExtensions.MessageLoopAsync: NotifyDataAvailable remoteEndPoint: 127.0.0.1:64518 localEndPoint: 127.0.0.1:64513
TpTrace Verbose: 0 : 10336, 14, 2022/05/22, 14:01:29.838, 7539790844080, vstest.console.dll, TestRequestSender.OnExecutionMessageReceived: Received message: {"Version":5,"MessageType":"TestSession.Message","Payload":{"MessageLevel":0,"Message":"Logging TestHost Diagnostics in file: D:\\MyWorks\\Assignment\\Cognizant\\Tests\\bin\\Debug\\net5.0\\fine-code-coverage\\coverage-tool-output\\diagnostics.host.22-05-22_14-01-29_29348_5.log"}}
TpTrace Verbose: 0 : 10336, 14, 2022/05/22, 14:01:29.842, 7539790879575, vstest.console.dll, TestRunRequest:SendTestRunMessage: Starting.
TpTrace Verbose: 0 : 10336, 14, 2022/05/22, 14:01:29.842, 7539790882213, vstest.console.dll, MulticastDelegateUtilities.SafeInvoke: TestRun.LogMessages: Invoking callback 1/1 for Microsoft.VisualStudio.TestPlatform.CommandLine.TestRunResultAggregator.TestRunMessageHandler, took 0 ms.
TpTrace Verbose: 0 : 10336, 4, 2022/05/22, 14:01:29.842, 7539790882400, vstest.console.dll, MulticastDelegateUtilities.SafeInvoke: InternalTestLoggerEvents.SendTestRunMessage: Invoking callback 1/1 for Microsoft.VisualStudio.TestPlatform.CommandLine.Internal.ConsoleLogger.TestMessageHandler, took 0 ms.
TpTrace Information: 0 : 10336, 14, 2022/05/22, 14:01:29.842, 7539790883157, vstest.console.dll, TestRunRequest:SendTestRunMessage: Completed.
TpTrace Verbose: 0 : 10336, 5, 2022/05/22, 14:01:29.843, 7539790884676, vstest.console.dll, TestRequestSender.StartTestRun: Sending test run with message: {"Version":5,"MessageType":"TestExecution.StartWithSources","Payload":{"AdapterSourceMap":{"_none_":["D:\\MyWorks\\Assignment\\Cognizant\\Tests\\bin\\Debug\\net5.0\\fine-code-coverage\\build-output\\Tests.dll"]},"RunSettings":"<RunSettings>\r\n  <RunConfiguration>\r\n    <ResultsDirectory>D:\\MyWorks\\Assignment\\Cognizant\\Tests\\bin\\Debug\\net5.0\\fine-code-coverage\\coverage-tool-output</ResultsDirectory>\r\n    <TargetFrameworkVersion>.NETCoreApp,Version=v5.0</TargetFrameworkVersion>\r\n    <DesignMode>False</DesignMode>\r\n    <CollectSourceInformation>False</CollectSourceInformation>\r\n  </RunConfiguration>\r\n  <LoggerRunSettings>\r\n    <Loggers>\r\n      <Logger friendlyName=\"blame\" enabled=\"True\" />\r\n      <Logger friendlyName=\"Console\" uri=\"logger://microsoft/TestPlatform/ConsoleLogger/v1\" assemblyQualifiedName=\"Microsoft.VisualStudio.TestPlatform.CommandLine.Internal.ConsoleLogger, vstest.console, Version=15.0.0.0, Culture=neutral, PublicKeyToken=b03f5f7f11d50a3a\" codeBase=\"C:\\Program Files\\dotnet\\sdk\\6.0.300-preview.22204.3\\vstest.console.dll\" enabled=\"True\" />\r\n    </Loggers>\r\n  </LoggerRunSettings>\r\n  <DataCollectionRunSettings>\r\n    <DataCollectors>\r\n      <DataCollector friendlyName=\"blame\" enabled=\"True\">\r\n        <Configuration>\r\n          <ResultsDirectory>D:\\MyWorks\\Assignment\\Cognizant\\Tests\\bin\\Debug\\net5.0\\fine-code-coverage\\coverage-tool-output</ResultsDirectory>\r\n        </Configuration>\r\n      </DataCollector>\r\n    </DataCollectors>\r\n  </DataCollectionRunSettings>\r\n</RunSettings>","TestExecutionContext":{"FrequencyOfRunStatsChangeEvent":10,"RunStatsChangeEventTimeout":"00:00:01.5000000","InIsolation":false,"KeepAlive":false,"AreTestCaseLevelEventsRequired":false,"IsDebug":false,"TestCaseFilter":null,"FilterOptions":null},"Package":null}}
TpTrace Verbose: 0 : 10336, 14, 2022/05/22, 14:01:29.843, 7539790885434, vstest.console.dll, MulticastDelegateUtilities.SafeInvoke: LengthPrefixCommunicationChannel: MessageReceived: Invoking callback 1/1 for Microsoft.VisualStudio.TestPlatform.CommunicationUtilities.TestRequestSender+<>c__DisplayClass29_0.<StartTestRun>b__1, took 4 ms.
TpTrace Verbose: 0 : 10336, 14, 2022/05/22, 14:01:29.843, 7539790887048, vstest.console.dll, TcpClientExtensions.MessageLoopAsync: Polling on remoteEndPoint: 127.0.0.1:64518 localEndPoint: 127.0.0.1:64513
TpTrace Verbose: 0 : 10336, 14, 2022/05/22, 14:01:30.162, 7539794079205, vstest.console.dll, TcpClientExtensions.MessageLoopAsync: NotifyDataAvailable remoteEndPoint: 127.0.0.1:64518 localEndPoint: 127.0.0.1:64513
TpTrace Verbose: 0 : 10336, 14, 2022/05/22, 14:01:30.162, 7539794081523, vstest.console.dll, TestRequestSender.OnExecutionMessageReceived: Received message: {"Version":5,"MessageType":"TestSession.Message","Payload":{"MessageLevel":0,"Message":"[xUnit.net 00:00:00.01] xUnit.net VSTest Adapter v2.4.3+1b45f5407b (64-bit .NET 5.0.15)"}}
TpTrace Verbose: 0 : 10336, 14, 2022/05/22, 14:01:30.163, 7539794086733, vstest.console.dll, TestRunRequest:SendTestRunMessage: Starting.
TpTrace Verbose: 0 : 10336, 14, 2022/05/22, 14:01:30.163, 7539794088236, vstest.console.dll, MulticastDelegateUtilities.SafeInvoke: TestRun.LogMessages: Invoking callback 1/1 for Microsoft.VisualStudio.TestPlatform.CommandLine.TestRunResultAggregator.TestRunMessageHandler, took 0 ms.
TpTrace Verbose: 0 : 10336, 4, 2022/05/22, 14:01:30.163, 7539794088474, vstest.console.dll, MulticastDelegateUtilities.SafeInvoke: InternalTestLoggerEvents.SendTestRunMessage: Invoking callback 1/1 for Microsoft.VisualStudio.TestPlatform.CommandLine.Internal.ConsoleLogger.TestMessageHandler, took 0 ms.
TpTrace Information: 0 : 10336, 14, 2022/05/22, 14:01:30.163, 7539794089256, vstest.console.dll, TestRunRequest:SendTestRunMessage: Completed.
TpTrace Verbose: 0 : 10336, 14, 2022/05/22, 14:01:30.163, 7539794091418, vstest.console.dll, MulticastDelegateUtilities.SafeInvoke: LengthPrefixCommunicationChannel: MessageReceived: Invoking callback 1/1 for Microsoft.VisualStudio.TestPlatform.CommunicationUtilities.TestRequestSender+<>c__DisplayClass29_0.<StartTestRun>b__1, took 1 ms.
TpTrace Verbose: 0 : 10336, 14, 2022/05/22, 14:01:30.163, 7539794092422, vstest.console.dll, TcpClientExtensions.MessageLoopAsync: Polling on remoteEndPoint: 127.0.0.1:64518 localEndPoint: 127.0.0.1:64513
TpTrace Verbose: 0 : 10336, 14, 2022/05/22, 14:01:30.878, 7539801241117, vstest.console.dll, TcpClientExtensions.MessageLoopAsync: NotifyDataAvailable remoteEndPoint: 127.0.0.1:64518 localEndPoint: 127.0.0.1:64513
TpTrace Verbose: 0 : 10336, 14, 2022/05/22, 14:01:30.878, 7539801242857, vstest.console.dll, TestRequestSender.OnExecutionMessageReceived: Received message: {"Version":5,"MessageType":"TestSession.Message","Payload":{"MessageLevel":0,"Message":"[xUnit.net 00:00:00.73]   Discovering: Tests"}}
TpTrace Verbose: 0 : 10336, 14, 2022/05/22, 14:01:30.879, 7539801246010, vstest.console.dll, TestRunRequest:SendTestRunMessage: Starting.
TpTrace Verbose: 0 : 10336, 14, 2022/05/22, 14:01:30.879, 7539801246935, vstest.console.dll, MulticastDelegateUtilities.SafeInvoke: TestRun.LogMessages: Invoking callback 1/1 for Microsoft.VisualStudio.TestPlatform.CommandLine.TestRunResultAggregator.TestRunMessageHandler, took 0 ms.
TpTrace Information: 0 : 10336, 14, 2022/05/22, 14:01:30.879, 7539801247431, vstest.console.dll, TestRunRequest:SendTestRunMessage: Completed.
TpTrace Verbose: 0 : 10336, 4, 2022/05/22, 14:01:30.879, 7539801247463, vstest.console.dll, MulticastDelegateUtilities.SafeInvoke: InternalTestLoggerEvents.SendTestRunMessage: Invoking callback 1/1 for Microsoft.VisualStudio.TestPlatform.CommandLine.Internal.ConsoleLogger.TestMessageHandler, took 0 ms.
TpTrace Verbose: 0 : 10336, 14, 2022/05/22, 14:01:30.879, 7539801247883, vstest.console.dll, MulticastDelegateUtilities.SafeInvoke: LengthPrefixCommunicationChannel: MessageReceived: Invoking callback 1/1 for Microsoft.VisualStudio.TestPlatform.CommunicationUtilities.TestRequestSender+<>c__DisplayClass29_0.<StartTestRun>b__1, took 0 ms.
TpTrace Verbose: 0 : 10336, 14, 2022/05/22, 14:01:30.879, 7539801249132, vstest.console.dll, TcpClientExtensions.MessageLoopAsync: Polling on remoteEndPoint: 127.0.0.1:64518 localEndPoint: 127.0.0.1:64513
TpTrace Verbose: 0 : 10336, 14, 2022/05/22, 14:01:30.931, 7539801766930, vstest.console.dll, TcpClientExtensions.MessageLoopAsync: NotifyDataAvailable remoteEndPoint: 127.0.0.1:64518 localEndPoint: 127.0.0.1:64513
TpTrace Verbose: 0 : 10336, 14, 2022/05/22, 14:01:30.931, 7539801768524, vstest.console.dll, TestRequestSender.OnExecutionMessageReceived: Received message: {"Version":5,"MessageType":"TestSession.Message","Payload":{"MessageLevel":0,"Message":"[xUnit.net 00:00:00.79]   Discovered:  Tests"}}
TpTrace Verbose: 0 : 10336, 14, 2022/05/22, 14:01:30.931, 7539801770936, vstest.console.dll, TestRunRequest:SendTestRunMessage: Starting.
TpTrace Verbose: 0 : 10336, 14, 2022/05/22, 14:01:30.931, 7539801771727, vstest.console.dll, MulticastDelegateUtilities.SafeInvoke: TestRun.LogMessages: Invoking callback 1/1 for Microsoft.VisualStudio.TestPlatform.CommandLine.TestRunResultAggregator.TestRunMessageHandler, took 0 ms.
TpTrace Information: 0 : 10336, 14, 2022/05/22, 14:01:30.931, 7539801772117, vstest.console.dll, TestRunRequest:SendTestRunMessage: Completed.
TpTrace Verbose: 0 : 10336, 4, 2022/05/22, 14:01:30.931, 7539801772134, vstest.console.dll, MulticastDelegateUtilities.SafeInvoke: InternalTestLoggerEvents.SendTestRunMessage: Invoking callback 1/1 for Microsoft.VisualStudio.TestPlatform.CommandLine.Internal.ConsoleLogger.TestMessageHandler, took 0 ms.
TpTrace Verbose: 0 : 10336, 14, 2022/05/22, 14:01:30.931, 7539801772593, vstest.console.dll, MulticastDelegateUtilities.SafeInvoke: LengthPrefixCommunicationChannel: MessageReceived: Invoking callback 1/1 for Microsoft.VisualStudio.TestPlatform.CommunicationUtilities.TestRequestSender+<>c__DisplayClass29_0.<StartTestRun>b__1, took 0 ms.
TpTrace Verbose: 0 : 10336, 14, 2022/05/22, 14:01:30.931, 7539801773683, vstest.console.dll, TcpClientExtensions.MessageLoopAsync: Polling on remoteEndPoint: 127.0.0.1:64518 localEndPoint: 127.0.0.1:64513
TpTrace Verbose: 0 : 10336, 14, 2022/05/22, 14:01:30.934, 7539801803051, vstest.console.dll, TcpClientExtensions.MessageLoopAsync: NotifyDataAvailable remoteEndPoint: 127.0.0.1:64518 localEndPoint: 127.0.0.1:64513
TpTrace Verbose: 0 : 10336, 14, 2022/05/22, 14:01:30.935, 7539801804315, vstest.console.dll, TestRequestSender.OnExecutionMessageReceived: Received message: {"Version":5,"MessageType":"TestSession.Message","Payload":{"MessageLevel":0,"Message":"[xUnit.net 00:00:00.79]   Starting:    Tests"}}
TpTrace Verbose: 0 : 10336, 14, 2022/05/22, 14:01:30.935, 7539801806686, vstest.console.dll, TestRunRequest:SendTestRunMessage: Starting.
TpTrace Verbose: 0 : 10336, 14, 2022/05/22, 14:01:30.935, 7539801807506, vstest.console.dll, MulticastDelegateUtilities.SafeInvoke: TestRun.LogMessages: Invoking callback 1/1 for Microsoft.VisualStudio.TestPlatform.CommandLine.TestRunResultAggregator.TestRunMessageHandler, took 0 ms.
TpTrace Information: 0 : 10336, 14, 2022/05/22, 14:01:30.935, 7539801807903, vstest.console.dll, TestRunRequest:SendTestRunMessage: Completed.
TpTrace Verbose: 0 : 10336, 4, 2022/05/22, 14:01:30.935, 7539801807907, vstest.console.dll, MulticastDelegateUtilities.SafeInvoke: InternalTestLoggerEvents.SendTestRunMessage: Invoking callback 1/1 for Microsoft.VisualStudio.TestPlatform.CommandLine.Internal.ConsoleLogger.TestMessageHandler, took 0 ms.
TpTrace Verbose: 0 : 10336, 14, 2022/05/22, 14:01:30.935, 7539801808305, vstest.console.dll, MulticastDelegateUtilities.SafeInvoke: LengthPrefixCommunicationChannel: MessageReceived: Invoking callback 1/1 for Microsoft.VisualStudio.TestPlatform.CommunicationUtilities.TestRequestSender+<>c__DisplayClass29_0.<StartTestRun>b__1, took 0 ms.
TpTrace Verbose: 0 : 10336, 14, 2022/05/22, 14:01:30.935, 7539801809628, vstest.console.dll, TcpClientExtensions.MessageLoopAsync: Polling on remoteEndPoint: 127.0.0.1:64518 localEndPoint: 127.0.0.1:64513
TpTrace Verbose: 0 : 10336, 14, 2022/05/22, 14:01:31.073, 7539803192116, vstest.console.dll, TcpClientExtensions.MessageLoopAsync: NotifyDataAvailable remoteEndPoint: 127.0.0.1:64518 localEndPoint: 127.0.0.1:64513
TpTrace Verbose: 0 : 10336, 14, 2022/05/22, 14:01:31.073, 7539803193560, vstest.console.dll, TestRequestSender.OnExecutionMessageReceived: Received message: {"Version":5,"MessageType":"TestSession.Message","Payload":{"MessageLevel":0,"Message":"[xUnit.net 00:00:00.93]   Finished:    Tests"}}
TpTrace Verbose: 0 : 10336, 14, 2022/05/22, 14:01:31.074, 7539803196105, vstest.console.dll, TestRunRequest:SendTestRunMessage: Starting.
TpTrace Verbose: 0 : 10336, 14, 2022/05/22, 14:01:31.074, 7539803197158, vstest.console.dll, MulticastDelegateUtilities.SafeInvoke: TestRun.LogMessages: Invoking callback 1/1 for Microsoft.VisualStudio.TestPlatform.CommandLine.TestRunResultAggregator.TestRunMessageHandler, took 0 ms.
TpTrace Verbose: 0 : 10336, 4, 2022/05/22, 14:01:31.074, 7539803197556, vstest.console.dll, MulticastDelegateUtilities.SafeInvoke: InternalTestLoggerEvents.SendTestRunMessage: Invoking callback 1/1 for Microsoft.VisualStudio.TestPlatform.CommandLine.Internal.ConsoleLogger.TestMessageHandler, took 0 ms.
TpTrace Information: 0 : 10336, 14, 2022/05/22, 14:01:31.074, 7539803197761, vstest.console.dll, TestRunRequest:SendTestRunMessage: Completed.
TpTrace Verbose: 0 : 10336, 14, 2022/05/22, 14:01:31.074, 7539803199396, vstest.console.dll, MulticastDelegateUtilities.SafeInvoke: LengthPrefixCommunicationChannel: MessageReceived: Invoking callback 1/1 for Microsoft.VisualStudio.TestPlatform.CommunicationUtilities.TestRequestSender+<>c__DisplayClass29_0.<StartTestRun>b__1, took 0 ms.
TpTrace Verbose: 0 : 10336, 14, 2022/05/22, 14:01:31.074, 7539803199988, vstest.console.dll, TcpClientExtensions.MessageLoopAsync: Polling on remoteEndPoint: 127.0.0.1:64518 localEndPoint: 127.0.0.1:64513
TpTrace Verbose: 0 : 10336, 14, 2022/05/22, 14:01:31.141, 7539803865451, vstest.console.dll, TcpClientExtensions.MessageLoopAsync: NotifyDataAvailable remoteEndPoint: 127.0.0.1:64518 localEndPoint: 127.0.0.1:64513
TpTrace Verbose: 0 : 10336, 14, 2022/05/22, 14:01:31.141, 7539803867157, vstest.console.dll, TestRequestSender.OnExecutionMessageReceived: Received message: {"Version":5,"MessageType":"TestExecution.Completed","Payload":{"TestRunCompleteArgs":{"TestRunStatistics":{"ExecutedTests":1,"Stats":{"Passed":1}},"IsCanceled":false,"IsAborted":false,"Error":null,"AttachmentSets":[],"ElapsedTimeInRunningTests":"00:00:00.9533342","Metrics":{}},"LastRunTests":{"NewTestResults":[{"TestCase":{"Id":"d4833d70-3172-3830-509f-1962168890af","FullyQualifiedName":"Tests.UnitTest1.Test1","DisplayName":"Tests.UnitTest1.Test1","ExecutorUri":"executor://xunit/VsTestRunner2/netcoreapp","Source":"D:\\MyWorks\\Assignment\\Cognizant\\Tests\\bin\\Debug\\net5.0\\fine-code-coverage\\build-output\\Tests.dll","CodeFilePath":null,"LineNumber":0,"Properties":[]},"Attachments":[],"Outcome":1,"ErrorMessage":null,"ErrorStackTrace":null,"DisplayName":"Tests.UnitTest1.Test1","Messages":[],"ComputerName":"LPTNET064","Duration":"00:00:00.0034332","StartTime":"2022-05-22T11:01:31.0426061+00:00","EndTime":"2022-05-22T11:01:31.042713+00:00","Properties":[]}],"TestRunStatistics":{"ExecutedTests":1,"Stats":{"Passed":1}},"ActiveTests":[]},"RunAttachments":[],"ExecutorUris":["executor://xunit/VsTestRunner2/netcoreapp"]}}
TpTrace Verbose: 0 : 10336, 14, 2022/05/22, 14:01:31.141, 7539803872805, vstest.console.dll, TestRequestSender.EndSession: Sending end session.
TpTrace Verbose: 0 : 10336, 14, 2022/05/22, 14:01:31.142, 7539803874722, vstest.console.dll, ProxyOperationManager.Close: waiting for test host to exit for 100 ms
TpTrace Warning: 0 : 10336, 13, 2022/05/22, 14:01:31.152, 7539803974512, vstest.console.dll, TestHostManagerCallbacks.ErrorReceivedCallback Test host standard error line: 
TpTrace Verbose: 0 : 10336, 8, 2022/05/22, 14:01:31.162, 7539804082212, vstest.console.dll, TestHostProvider.ExitCallBack: Host exited starting callback.
TpTrace Information: 0 : 10336, 8, 2022/05/22, 14:01:31.163, 7539804090381, vstest.console.dll, TestHostManagerCallbacks.ExitCallBack: Testhost processId: 38992 exited with exitcode: 0 error: ''
TpTrace Verbose: 0 : 10336, 8, 2022/05/22, 14:01:31.163, 7539804091279, vstest.console.dll, DotnetTestHostManager.OnHostExited: invoking OnHostExited callback
TpTrace Verbose: 0 : 10336, 8, 2022/05/22, 14:01:31.163, 7539804091830, vstest.console.dll, CrossPlatEngine.TestHostManagerHostExited: calling on client process exit callback.
TpTrace Information: 0 : 10336, 8, 2022/05/22, 14:01:31.163, 7539804092448, vstest.console.dll, TestRequestSender.OnClientProcessExit: Test host process exited. Standard error: 
TpTrace Information: 0 : 10336, 8, 2022/05/22, 14:01:31.163, 7539804092906, vstest.console.dll, SocketServer.Stop: Stop server endPoint: 127.0.0.1:64513
TpTrace Information: 0 : 10336, 8, 2022/05/22, 14:01:31.163, 7539804093206, vstest.console.dll, SocketServer.Stop: Cancellation requested. Stopping message loop.
TpTrace Information: 0 : 10336, 14, 2022/05/22, 14:01:31.163, 7539804093346, vstest.console.dll, SocketServer.Stop: Stop server endPoint: 127.0.0.1:64513
TpTrace Information: 0 : 10336, 14, 2022/05/22, 14:01:31.163, 7539804094059, vstest.console.dll, SocketServer.Stop: Cancellation requested. Stopping message loop.
TpTrace Verbose: 0 : 10336, 8, 2022/05/22, 14:01:31.164, 7539804094490, vstest.console.dll, MulticastDelegateUtilities.SafeInvoke: HostProviderEvents.OnHostExited: Invoking callback 1/1 for Microsoft.VisualStudio.TestPlatform.CrossPlatEngine.Client.ProxyOperationManager.TestHostManagerHostExited, took 0 ms.
TpTrace Information: 0 : 10336, 14, 2022/05/22, 14:01:31.164, 7539804094568, vstest.console.dll, Closing the connection
TpTrace Verbose: 0 : 10336, 14, 2022/05/22, 14:01:31.164, 7539804099100, vstest.console.dll, ProxyDataCollectionManager.InvokeDataCollectionServiceAction: Starting.
TpTrace Information: 0 : 10336, 14, 2022/05/22, 14:01:31.164, 7539804099679, vstest.console.dll, ProxyDataCollectionManager.AfterTestRunEnd: Get attachment set and invoked data collectors processId: 38584 port: 64507
TpTrace Verbose: 0 : 10336, 14, 2022/05/22, 14:01:31.164, 7539804100311, vstest.console.dll, DataCollectionRequestSender.SendAfterTestRunStartAndGetResult : Send AfterTestRunEnd message with isCancelled: False
TpTrace Verbose: 0 : 10336, 14, 2022/05/22, 14:01:31.173, 7539804184415, vstest.console.dll, DataCollectionRequestSender.SendAfterTestRunStartAndGetResult : Received message: (DataCollection.AfterTestRunEndResult) -> {
  "AttachmentSets": [],
  "InvokedDataCollectors": [
    {
      "Uri": "datacollector://Microsoft/TestPlatform/Extensions/Blame/v1",
      "FriendlyName": "Blame",
      "AssemblyQualifiedName": "Microsoft.TestPlatform.Extensions.BlameDataCollector.BlameCollector, Microsoft.TestPlatform.Extensions.BlameDataCollector, Version=15.0.0.0, Culture=neutral, PublicKeyToken=b03f5f7f11d50a3a",
      "FilePath": "C:\\Program Files\\dotnet\\sdk\\6.0.300-preview.22204.3\\Extensions\\Microsoft.TestPlatform.Extensions.BlameDataCollector.dll",
      "HasAttachmentProcessor": false
    }
  ],
  "Metrics": {}
}
TpTrace Warning: 0 : 10336, 10, 2022/05/22, 14:01:31.178, 7539804238631, vstest.console.dll, DataCollectionLauncher.ErrorReceivedCallback datacollector standard error line: 
TpTrace Information: 0 : 10336, 8, 2022/05/22, 14:01:31.185, 7539804312122, vstest.console.dll, DataCollectionLauncher.ExitCallBack: Data collector exited with exitcode: 0 error: ''
TpTrace Information: 0 : 10336, 14, 2022/05/22, 14:01:31.189, 7539804347186, vstest.console.dll, ProxyDataCollectionManager.InvokeDataCollectionServiceAction: Completed.
TpTrace Verbose: 0 : 10336, 14, 2022/05/22, 14:01:31.250, 7539804955747, vstest.console.dll, TestRunRequest:SendTestRunStatsChange: Starting.
TpTrace Verbose: 0 : 10336, 14, 2022/05/22, 14:01:31.250, 7539804958254, vstest.console.dll, MulticastDelegateUtilities.SafeInvoke: TestRun.RunStatsChanged: Invoking callbacks was skipped because there are no subscribers.
TpTrace Information: 0 : 10336, 14, 2022/05/22, 14:01:31.250, 7539804958712, vstest.console.dll, TestRunRequest:SendTestRunStatsChange: Completed.
TpTrace Verbose: 0 : 10336, 14, 2022/05/22, 14:01:31.250, 7539804961122, vstest.console.dll, ParallelProxyExecutionManager: HandlePartialRunComplete: Total completed clients = 1, Run complete = True, Run canceled: False.
TpTrace Verbose: 0 : 10336, 4, 2022/05/22, 14:01:31.253, 7539804986749, vstest.console.dll, MulticastDelegateUtilities.SafeInvoke: InternalTestLoggerEvents.SendTestResult: Invoking callback 1/1 for Microsoft.VisualStudio.TestPlatform.CommandLine.Internal.ConsoleLogger.TestResultHandler, took 2 ms.
TpTrace Verbose: 0 : 10336, 4, 2022/05/22, 14:01:31.261, 7539805071662, vstest.console.dll, MulticastDelegateUtilities.SafeInvoke: InternalTestLoggerEvents.SendTestRunComplete: Invoking callback 1/2 for Microsoft.TestPlatform.Extensions.BlameDataCollector.BlameLogger.TestRunCompleteHandler, took 0 ms.
TpTrace Verbose: 0 : 10336, 4, 2022/05/22, 14:01:31.268, 7539805137941, vstest.console.dll, MulticastDelegateUtilities.SafeInvoke: InternalTestLoggerEvents.SendTestRunComplete: Invoking callback 2/2 for Microsoft.VisualStudio.TestPlatform.CommandLine.Internal.ConsoleLogger.TestRunCompleteHandler, took 6 ms.
TpTrace Verbose: 0 : 10336, 14, 2022/05/22, 14:01:31.268, 7539805143236, vstest.console.dll, TestRunRequest:TestRunComplete: Starting. IsAborted:False IsCanceled:False.
TpTrace Verbose: 0 : 10336, 14, 2022/05/22, 14:01:31.269, 7539805144913, vstest.console.dll, TestLoggerManager.HandleTestRunComplete: Ignoring as the object is disposed.
TpTrace Verbose: 0 : 10336, 14, 2022/05/22, 14:01:31.269, 7539805147239, vstest.console.dll, MulticastDelegateUtilities.SafeInvoke: TestRun.TestRunComplete: Invoking callback 1/2 for Microsoft.VisualStudio.TestPlatform.CommandLine.TestRunResultAggregator.TestRunCompletionHandler, took 0 ms.
TpTrace Verbose: 0 : 10336, 14, 2022/05/22, 14:01:31.269, 7539805148243, vstest.console.dll, MulticastDelegateUtilities.SafeInvoke: TestRun.TestRunComplete: Invoking callback 2/2 for Microsoft.VisualStudio.TestPlatform.CommandLine.Processors.RunTestsArgumentExecutor+TestRunRequestEventsRegistrar.TestRunRequest_OnRunCompletion, took 0 ms.
TpTrace Information: 0 : 10336, 14, 2022/05/22, 14:01:31.269, 7539805149323, vstest.console.dll, TestRunRequest:TestRunComplete: Completed.
TpTrace Verbose: 0 : 10336, 14, 2022/05/22, 14:01:31.269, 7539805149788, vstest.console.dll, TestRequestSender.SetOperationComplete: Setting operation complete.
TpTrace Information: 0 : 10336, 14, 2022/05/22, 14:01:31.269, 7539805150120, vstest.console.dll, SocketServer.Stop: Stop server endPoint: 127.0.0.1:64513
TpTrace Information: 0 : 10336, 14, 2022/05/22, 14:01:31.269, 7539805150424, vstest.console.dll, SocketServer.Stop: Cancellation requested. Stopping message loop.
TpTrace Verbose: 0 : 10336, 1, 2022/05/22, 14:01:31.269, 7539805150111, vstest.console.dll, TestRunRequest.Dispose: Starting.
TpTrace Information: 0 : 10336, 1, 2022/05/22, 14:01:31.269, 7539805151551, vstest.console.dll, TestRunRequest.Dispose: Completed.
TpTrace Verbose: 0 : 10336, 14, 2022/05/22, 14:01:31.269, 7539805150775, vstest.console.dll, MulticastDelegateUtilities.SafeInvoke: LengthPrefixCommunicationChannel: MessageReceived: Invoking callback 1/1 for Microsoft.VisualStudio.TestPlatform.CommunicationUtilities.TestRequestSender+<>c__DisplayClass29_0.<StartTestRun>b__1, took 128 ms.
TpTrace Information: 0 : 10336, 1, 2022/05/22, 14:01:31.269, 7539805152115, vstest.console.dll, TestRequestManager.RunTests: run tests completed.
TpTrace Information: 0 : 10336, 14, 2022/05/22, 14:01:31.269, 7539805153447, vstest.console.dll, SocketServer.PrivateStop: Stopping server endPoint: 127.0.0.1:64513 error: 
TpTrace Information: 0 : 10336, 1, 2022/05/22, 14:01:31.269, 7539805154222, vstest.console.dll, RunTestsArgumentProcessor:Execute: Test run is completed.
TpTrace Verbose: 0 : 10336, 1, 2022/05/22, 14:01:31.270, 7539805156397, vstest.console.dll, Executor.Execute: Exiting with exit code of 0
TpTrace Verbose: 0 : 10336, 14, 2022/05/22, 14:01:31.270, 7539805158651, vstest.console.dll, LengthPrefixCommunicationChannel.Dispose: Dispose reader and writer.
TpTrace Information: 0 : 10336, 14, 2022/05/22, 14:01:31.270, 7539805159468, vstest.console.dll, SocketServer.Stop: Raise disconnected event endPoint: 127.0.0.1:64513 error: 
TpTrace Verbose: 0 : 10336, 14, 2022/05/22, 14:01:31.270, 7539805160210, vstest.console.dll, TestRequestSender: OnTestRunAbort: Operation is already complete. Skip error message.
TpTrace Verbose: 0 : 10336, 14, 2022/05/22, 14:01:31.270, 7539805160789, vstest.console.dll, MulticastDelegateUtilities.SafeInvoke: SocketServer: ClientDisconnected: Invoking callback 1/1 for Microsoft.VisualStudio.TestPlatform.CommunicationUtilities.TestRequestSender.<InitializeCommunication>b__23_1, took 0 ms.
TpTrace Verbose: 0 : 10336, 14, 2022/05/22, 14:01:31.270, 7539805161125, vstest.console.dll, TcpClientExtensions.MessageLoopAsync: exiting MessageLoopAsync remoteEndPoint: 127.0.0.1:64518 localEndPoint: 127.0.0.1:64513
